2022-09-02 16:34:22,626 [INFO] Activator:177 - 


2022-09-02 16:34:22,626 [INFO] Activator:178 - !SESSION log4j initialized
2022-09-02 16:40:55,055 [INFO] McuFinderGlobals:39 - Set McuFinder mode to 2 (CubeIDE integrated)
2022-09-02 16:40:55,363 [INFO] ApplicationProperties:181 - Using Application install path: C:\ST\STM32CubeIDE_1.7.0\STM32CubeIDE\plugins\com.st.stm32cube.common.mx_6.3.0.202107141111
2022-09-02 16:40:55,379 [INFO] DbMcusXml:74 - Set database path to: C:\ST\STM32CubeIDE_1.7.0\STM32CubeIDE\plugins\com.st.stm32cube.common.mx_6.3.0.202107141111\\db\/mcu/
2022-09-02 16:40:55,379 [INFO] DbBoardsPdsc:56 - Set plugin database path to: C:\ST\STM32CubeIDE_1.7.0\STM32CubeIDE\plugins\com.st.stm32cube.common.mx_6.3.0.202107141111\\db\/plugins/boardmanager/
2022-09-02 16:40:55,394 [INFO] DbMcus:258 - Set plugin images path to: C:\ST\STM32CubeIDE_1.7.0\STM32CubeIDE\plugins\com.st.stm32cube.common.mx_6.3.0.202107141111\\db\/plugins/mcufinder/images/
2022-09-02 16:40:55,394 [INFO] DbBoards:264 - Set plugin images path to: C:\ST\STM32CubeIDE_1.7.0\STM32CubeIDE\plugins\com.st.stm32cube.common.mx_6.3.0.202107141111\\db\/plugins/mcufinder/images/
2022-09-02 16:40:55,394 [INFO] DbExamples:333 - Set plugin images path to: C:\ST\STM32CubeIDE_1.7.0\STM32CubeIDE\plugins\com.st.stm32cube.common.mx_6.3.0.202107141111\\db\/plugins/mcufinder/images/
2022-09-02 16:40:55,394 [INFO] DbMcusAds:119 - Set database path to: C:\Users\wq\.stmcufinder\plugins\mcufinder//mcu/
2022-09-02 16:40:55,394 [INFO] DbMcusDocs:110 - Set database path to: C:\Users\wq\.stmcufinder\plugins\mcufinder//mcu/
2022-09-02 16:40:55,394 [INFO] DbMcusJson:64 - Set database path to: C:\Users\wq\.stmcufinder\plugins\mcufinder//mcu/
2022-09-02 16:40:55,394 [INFO] DbBoardsDocs:110 - Set database path to: C:\Users\wq\.stmcufinder\plugins\mcufinder//mcu/
2022-09-02 16:40:55,394 [INFO] DbBoardsJson:57 - Set database path to: C:\Users\wq\.stmcufinder\plugins\mcufinder//mcu/
2022-09-02 16:40:55,410 [INFO] CrossReferenceDbSqlite:196 - Set database path to: C:\Users\wq\.stmcufinder\plugins\mcufinder//mcu/cs/
2022-09-02 16:40:55,410 [INFO] DbExamplesSqlite:767 - Set database path to: C:\Users\wq\.stmcufinder\plugins\mcufinder//mcu/
2022-09-02 16:40:55,503 [INFO] RulesReader:57 - Compatibility file has been processed (242 Rules)
2022-09-02 16:40:55,581 [INFO] DbMcusXml:74 - Set database path to: C:\ST\STM32CubeIDE_1.7.0\STM32CubeIDE\plugins\com.st.stm32cube.common.mx_6.3.0.202107141111\\db\/mcu/
2022-09-02 16:40:55,581 [INFO] DbBoardsPdsc:56 - Set plugin database path to: C:\ST\STM32CubeIDE_1.7.0\STM32CubeIDE\plugins\com.st.stm32cube.common.mx_6.3.0.202107141111\\db\/plugins/boardmanager/
2022-09-02 16:40:55,581 [INFO] DbMcus:258 - Set plugin images path to: C:\ST\STM32CubeIDE_1.7.0\STM32CubeIDE\plugins\com.st.stm32cube.common.mx_6.3.0.202107141111\\db\/plugins/mcufinder/images/
2022-09-02 16:40:55,581 [INFO] DbBoards:264 - Set plugin images path to: C:\ST\STM32CubeIDE_1.7.0\STM32CubeIDE\plugins\com.st.stm32cube.common.mx_6.3.0.202107141111\\db\/plugins/mcufinder/images/
2022-09-02 16:40:55,581 [INFO] DbExamples:333 - Set plugin images path to: C:\ST\STM32CubeIDE_1.7.0\STM32CubeIDE\plugins\com.st.stm32cube.common.mx_6.3.0.202107141111\\db\/plugins/mcufinder/images/
2022-09-02 16:40:55,581 [WARN] DbFile:35 - Overriding database path with different value: C:\Users\wq\.stmcufinder\plugins\mcufinder/ => C:\Users\wq\.stmcufinder\plugins\mcufinder
2022-09-02 16:40:55,581 [INFO] DbMcusAds:119 - Set database path to: C:\Users\wq\.stmcufinder\plugins\mcufinder//mcu/
2022-09-02 16:40:55,581 [WARN] DbFile:35 - Overriding database path with different value: C:\Users\wq\.stmcufinder\plugins\mcufinder/ => C:\Users\wq\.stmcufinder\plugins\mcufinder
2022-09-02 16:40:55,581 [INFO] DbMcusDocs:110 - Set database path to: C:\Users\wq\.stmcufinder\plugins\mcufinder//mcu/
2022-09-02 16:40:55,581 [WARN] DbFile:35 - Overriding database path with different value: C:\Users\wq\.stmcufinder\plugins\mcufinder/ => C:\Users\wq\.stmcufinder\plugins\mcufinder
2022-09-02 16:40:55,581 [INFO] DbMcusJson:64 - Set database path to: C:\Users\wq\.stmcufinder\plugins\mcufinder//mcu/
2022-09-02 16:40:55,581 [WARN] DbFile:35 - Overriding database path with different value: C:\Users\wq\.stmcufinder\plugins\mcufinder/ => C:\Users\wq\.stmcufinder\plugins\mcufinder
2022-09-02 16:40:55,581 [INFO] DbBoardsDocs:110 - Set database path to: C:\Users\wq\.stmcufinder\plugins\mcufinder//mcu/
2022-09-02 16:40:55,581 [WARN] DbFile:35 - Overriding database path with different value: C:\Users\wq\.stmcufinder\plugins\mcufinder/ => C:\Users\wq\.stmcufinder\plugins\mcufinder
2022-09-02 16:40:55,581 [INFO] DbBoardsJson:57 - Set database path to: C:\Users\wq\.stmcufinder\plugins\mcufinder//mcu/
2022-09-02 16:40:55,581 [WARN] DbFile:35 - Overriding database path with different value: C:\Users\wq\.stmcufinder\plugins\mcufinder/ => C:\Users\wq\.stmcufinder\plugins\mcufinder
2022-09-02 16:40:55,581 [WARN] DbFile:35 - Overriding database path with different value: C:\Users\wq\.stmcufinder\plugins\mcufinder/ => C:\Users\wq\.stmcufinder\plugins\mcufinder
2022-09-02 16:40:55,581 [INFO] CrossReferenceDbSqlite:196 - Set database path to: C:\Users\wq\.stmcufinder\plugins\mcufinder//mcu/cs/
2022-09-02 16:40:55,581 [WARN] DbFile:35 - Overriding database path with different value: C:\Users\wq\.stmcufinder\plugins\mcufinder/ => C:\Users\wq\.stmcufinder\plugins\mcufinder
2022-09-02 16:40:55,581 [INFO] DbExamplesSqlite:767 - Set database path to: C:\Users\wq\.stmcufinder\plugins\mcufinder//mcu/
2022-09-02 16:40:55,644 [INFO] MainPanel:214 - HeapMemory: 606076928
2022-09-02 16:40:55,722 [INFO] DbMcusXml:74 - Set database path to: C:\ST\STM32CubeIDE_1.7.0\STM32CubeIDE\plugins\com.st.stm32cube.common.mx_6.3.0.202107141111\\db\/mcu/
2022-09-02 16:40:55,722 [INFO] DbBoardsPdsc:56 - Set plugin database path to: C:\ST\STM32CubeIDE_1.7.0\STM32CubeIDE\plugins\com.st.stm32cube.common.mx_6.3.0.202107141111\\db\/plugins/boardmanager/
2022-09-02 16:40:55,722 [INFO] DbMcus:258 - Set plugin images path to: C:\ST\STM32CubeIDE_1.7.0\STM32CubeIDE\plugins\com.st.stm32cube.common.mx_6.3.0.202107141111\\db\/plugins/mcufinder/images/
2022-09-02 16:40:55,722 [INFO] DbBoards:264 - Set plugin images path to: C:\ST\STM32CubeIDE_1.7.0\STM32CubeIDE\plugins\com.st.stm32cube.common.mx_6.3.0.202107141111\\db\/plugins/mcufinder/images/
2022-09-02 16:40:55,722 [INFO] DbExamples:333 - Set plugin images path to: C:\ST\STM32CubeIDE_1.7.0\STM32CubeIDE\plugins\com.st.stm32cube.common.mx_6.3.0.202107141111\\db\/plugins/mcufinder/images/
2022-09-02 16:40:55,722 [WARN] DbFile:35 - Overriding database path with different value: C:\Users\wq\.stmcufinder\plugins\mcufinder/ => C:\Users\wq\.stmcufinder\plugins\mcufinder
2022-09-02 16:40:55,722 [INFO] DbMcusAds:119 - Set database path to: C:\Users\wq\.stmcufinder\plugins\mcufinder//mcu/
2022-09-02 16:40:55,722 [WARN] DbFile:35 - Overriding database path with different value: C:\Users\wq\.stmcufinder\plugins\mcufinder/ => C:\Users\wq\.stmcufinder\plugins\mcufinder
2022-09-02 16:40:55,722 [INFO] DbMcusDocs:110 - Set database path to: C:\Users\wq\.stmcufinder\plugins\mcufinder//mcu/
2022-09-02 16:40:55,722 [WARN] DbFile:35 - Overriding database path with different value: C:\Users\wq\.stmcufinder\plugins\mcufinder/ => C:\Users\wq\.stmcufinder\plugins\mcufinder
2022-09-02 16:40:55,722 [INFO] DbMcusJson:64 - Set database path to: C:\Users\wq\.stmcufinder\plugins\mcufinder//mcu/
2022-09-02 16:40:55,722 [WARN] DbFile:35 - Overriding database path with different value: C:\Users\wq\.stmcufinder\plugins\mcufinder/ => C:\Users\wq\.stmcufinder\plugins\mcufinder
2022-09-02 16:40:55,722 [INFO] DbBoardsDocs:110 - Set database path to: C:\Users\wq\.stmcufinder\plugins\mcufinder//mcu/
2022-09-02 16:40:55,722 [WARN] DbFile:35 - Overriding database path with different value: C:\Users\wq\.stmcufinder\plugins\mcufinder/ => C:\Users\wq\.stmcufinder\plugins\mcufinder
2022-09-02 16:40:55,722 [INFO] DbBoardsJson:57 - Set database path to: C:\Users\wq\.stmcufinder\plugins\mcufinder//mcu/
2022-09-02 16:40:55,722 [WARN] DbFile:35 - Overriding database path with different value: C:\Users\wq\.stmcufinder\plugins\mcufinder/ => C:\Users\wq\.stmcufinder\plugins\mcufinder
2022-09-02 16:40:55,722 [WARN] DbFile:35 - Overriding database path with different value: C:\Users\wq\.stmcufinder\plugins\mcufinder/ => C:\Users\wq\.stmcufinder\plugins\mcufinder
2022-09-02 16:40:55,722 [INFO] CrossReferenceDbSqlite:196 - Set database path to: C:\Users\wq\.stmcufinder\plugins\mcufinder//mcu/cs/
2022-09-02 16:40:55,722 [WARN] DbFile:35 - Overriding database path with different value: C:\Users\wq\.stmcufinder\plugins\mcufinder/ => C:\Users\wq\.stmcufinder\plugins\mcufinder
2022-09-02 16:40:55,722 [INFO] DbExamplesSqlite:767 - Set database path to: C:\Users\wq\.stmcufinder\plugins\mcufinder//mcu/
2022-09-02 16:40:55,738 [INFO] ApplicationProperties:181 - Using Application install path: C:\ST\STM32CubeIDE_1.7.0\STM32CubeIDE\plugins\com.st.stm32cube.common.mx_6.3.0.202107141111
2022-09-02 16:40:55,738 [INFO] PluginManage:188 - Search for loadable plugins [exclusion list=, ]
2022-09-02 16:40:55,738 [INFO] PluginManage:302 - Check plugin analytics
2022-09-02 16:40:55,925 [INFO] AnalyticsPlugin:257 - Accepted Software Licenses: 
2022-09-02 16:40:55,925 [INFO] AnalyticsPlugin:259 - Accepted CMSIS Pack Licenses: 
2022-09-02 16:40:55,925 [INFO] AnalyticsPlugin:261 - Accepted Firmware Licenses: 
2022-09-02 16:40:55,925 [INFO] PluginManage:352 - Loaded plugin analytics (category:tool,tabindex:-1)
2022-09-02 16:40:55,925 [INFO] PluginManage:302 - Check plugin clock
2022-09-02 16:40:55,942 [INFO] PluginManage:352 - Loaded plugin clock (category:base,tabindex:2)
2022-09-02 16:40:55,942 [INFO] PluginManage:302 - Check plugin ddr
2022-09-02 16:40:55,942 [INFO] PluginManage:352 - Loaded plugin ddr (category:tool,tabindex:6)
2022-09-02 16:40:55,942 [INFO] PluginManage:302 - Check plugin filemanager
2022-09-02 16:40:56,082 [INFO] PluginManage:352 - Loaded plugin filemanager (category:base,tabindex:10)
2022-09-02 16:40:56,082 [INFO] PluginManage:302 - Check plugin ipmanager
2022-09-02 16:40:56,098 [INFO] PluginManage:352 - Loaded plugin ipmanager (category:base,tabindex:5)
2022-09-02 16:40:56,098 [INFO] PluginManage:302 - Check plugin pinoutandconfiguration
2022-09-02 16:40:56,098 [INFO] PluginManage:352 - Loaded plugin pinoutandconfiguration (category:base,tabindex:1)
2022-09-02 16:40:56,098 [INFO] PluginManage:302 - Check plugin pinoutconfig
2022-09-02 16:40:56,167 [INFO] PluginManage:352 - Loaded plugin pinoutconfig (category:base,tabindex:0)
2022-09-02 16:40:56,167 [INFO] PluginManage:302 - Check plugin power
2022-09-02 16:40:56,182 [INFO] PluginManage:352 - Loaded plugin power (category:power,tabindex:4)
2022-09-02 16:40:56,182 [INFO] PluginManage:302 - Check plugin projectmanager
2022-09-02 16:40:56,198 [INFO] PluginManage:352 - Loaded plugin projectmanager (category:projectmanager,tabindex:3)
2022-09-02 16:40:56,198 [INFO] PluginManage:302 - Check plugin thirdparty
2022-09-02 16:40:56,307 [INFO] PluginManage:352 - Loaded plugin thirdparty (category:base,tabindex:-1)
2022-09-02 16:40:56,307 [INFO] PluginManage:302 - Check plugin tools
2022-09-02 16:40:56,307 [WARN] IntegrityCheckThread:78 - waiting for thirdparty lock release [integrity check]
2022-09-02 16:40:56,307 [INFO] IntegrityCheckThread:80 - entering critical section [integrity check]
2022-09-02 16:40:56,307 [INFO] ThirdPartyUpdaterWithRetryManager:66 - Updater plugin not ready yet. [1/15]
2022-09-02 16:40:56,307 [INFO] PluginManage:352 - Loaded plugin tools (category:base,tabindex:7)
2022-09-02 16:40:56,307 [INFO] PluginManage:302 - Check plugin tutovideos
2022-09-02 16:40:56,500 [INFO] PluginManage:352 - Loaded plugin tutovideos (category:base,tabindex:-1)
2022-09-02 16:40:56,500 [INFO] PluginManage:302 - Check plugin updater
2022-09-02 16:40:56,516 [INFO] PluginManage:352 - Loaded plugin updater (category:base,tabindex:12)
2022-09-02 16:40:56,516 [INFO] PluginManage:275 - PluginManage : Loaded plugins [13]
2022-09-02 16:40:56,688 [INFO] PinOutPanel:1463 - setPackage(No Configuration,No Configuration)
2022-09-02 16:40:56,797 [INFO] IPUIPlugin:74 - create IPUIPlugin
2022-09-02 16:40:56,797 [INFO] PluginManager:213 - loadIPPluginJar : add adc
2022-09-02 16:40:56,797 [INFO] IPUIPlugin:74 - create IPUIPlugin
2022-09-02 16:40:56,797 [INFO] PluginManager:213 - loadIPPluginJar : add aes
2022-09-02 16:40:56,797 [INFO] IPUIPlugin:74 - create IPUIPlugin
2022-09-02 16:40:56,797 [INFO] PluginManager:213 - loadIPPluginJar : add can
2022-09-02 16:40:56,797 [INFO] IPUIPlugin:74 - create IPUIPlugin
2022-09-02 16:40:56,797 [INFO] PluginManager:213 - loadIPPluginJar : add comp
2022-09-02 16:40:56,797 [INFO] IPUIPlugin:74 - create IPUIPlugin
2022-09-02 16:40:56,797 [INFO] PluginManager:213 - loadIPPluginJar : add cryp
2022-09-02 16:40:56,813 [INFO] IPUIPlugin:74 - create IPUIPlugin
2022-09-02 16:40:56,813 [INFO] PluginManager:213 - loadIPPluginJar : add dfsdm
2022-09-02 16:40:56,813 [INFO] IPUIPlugin:74 - create IPUIPlugin
2022-09-02 16:40:56,813 [INFO] PluginManager:213 - loadIPPluginJar : add dma
2022-09-02 16:40:56,813 [INFO] IPUIPlugin:74 - create IPUIPlugin
2022-09-02 16:40:56,813 [INFO] PluginManager:213 - loadIPPluginJar : add dma3
2022-09-02 16:40:56,813 [INFO] IPUIPlugin:74 - create IPUIPlugin
2022-09-02 16:40:56,813 [INFO] PluginManager:213 - loadIPPluginJar : add fatfs
2022-09-02 16:40:56,828 [INFO] IPUIPlugin:74 - create IPUIPlugin
2022-09-02 16:40:56,828 [INFO] PluginManager:213 - loadIPPluginJar : add fmc
2022-09-02 16:40:56,828 [INFO] IPUIPlugin:74 - create IPUIPlugin
2022-09-02 16:40:56,828 [INFO] PluginManager:213 - loadIPPluginJar : add freertos
2022-09-02 16:40:56,828 [INFO] IPUIPlugin:74 - create IPUIPlugin
2022-09-02 16:40:56,828 [INFO] PluginManager:213 - loadIPPluginJar : add genericplugin
2022-09-02 16:40:56,844 [INFO] IPUIPlugin:74 - create IPUIPlugin
2022-09-02 16:40:56,844 [INFO] PluginManager:213 - loadIPPluginJar : add gfxmmu
2022-09-02 16:40:56,844 [INFO] IPUIPlugin:74 - create IPUIPlugin
2022-09-02 16:40:56,844 [INFO] PluginManager:213 - loadIPPluginJar : add gic
2022-09-02 16:40:56,844 [INFO] IPUIPlugin:74 - create IPUIPlugin
2022-09-02 16:40:56,844 [INFO] PluginManager:213 - loadIPPluginJar : add gpio
2022-09-02 16:40:56,844 [INFO] IPUIPlugin:74 - create IPUIPlugin
2022-09-02 16:40:56,844 [INFO] PluginManager:213 - loadIPPluginJar : add gtzc
2022-09-02 16:40:56,860 [INFO] IPUIPlugin:74 - create IPUIPlugin
2022-09-02 16:40:56,860 [INFO] PluginManager:213 - loadIPPluginJar : add hash
2022-09-02 16:40:56,860 [INFO] IPUIPlugin:74 - create IPUIPlugin
2022-09-02 16:40:56,860 [INFO] PluginManager:213 - loadIPPluginJar : add i2c
2022-09-02 16:40:56,860 [INFO] IPUIPlugin:74 - create IPUIPlugin
2022-09-02 16:40:56,860 [INFO] PluginManager:213 - loadIPPluginJar : add i2s
2022-09-02 16:40:56,860 [INFO] IPUIPlugin:74 - create IPUIPlugin
2022-09-02 16:40:56,860 [INFO] PluginManager:213 - loadIPPluginJar : add ipddr
2022-09-02 16:40:56,875 [INFO] IPUIPlugin:74 - create IPUIPlugin
2022-09-02 16:40:56,875 [INFO] PluginManager:213 - loadIPPluginJar : add linkedlist
2022-09-02 16:40:56,875 [INFO] IPUIPlugin:74 - create IPUIPlugin
2022-09-02 16:40:56,875 [INFO] PluginManager:213 - loadIPPluginJar : add lorawan
2022-09-02 16:40:56,875 [INFO] IPUIPlugin:74 - create IPUIPlugin
2022-09-02 16:40:56,875 [INFO] PluginManager:213 - loadIPPluginJar : add ltdc
2022-09-02 16:40:56,891 [INFO] IPUIPlugin:74 - create IPUIPlugin
2022-09-02 16:40:56,891 [INFO] PluginManager:213 - loadIPPluginJar : add mdma
2022-09-02 16:40:56,891 [INFO] IPUIPlugin:74 - create IPUIPlugin
2022-09-02 16:40:56,891 [INFO] PluginManager:213 - loadIPPluginJar : add nvic
2022-09-02 16:40:56,891 [INFO] IPUIPlugin:74 - create IPUIPlugin
2022-09-02 16:40:56,891 [INFO] PluginManager:213 - loadIPPluginJar : add opamp
2022-09-02 16:40:56,891 [INFO] IPUIPlugin:74 - create IPUIPlugin
2022-09-02 16:40:56,891 [INFO] PluginManager:213 - loadIPPluginJar : add openamp
2022-09-02 16:40:56,907 [INFO] IPUIPlugin:74 - create IPUIPlugin
2022-09-02 16:40:56,907 [INFO] PluginManager:213 - loadIPPluginJar : add pdm2pcm
2022-09-02 16:40:56,907 [INFO] IPUIPlugin:74 - create IPUIPlugin
2022-09-02 16:40:56,907 [INFO] PluginManager:213 - loadIPPluginJar : add plateformsettings
2022-09-02 16:40:56,922 [INFO] IPUIPlugin:74 - create IPUIPlugin
2022-09-02 16:40:56,922 [INFO] PluginManager:213 - loadIPPluginJar : add quadspi
2022-09-02 16:40:56,939 [INFO] IPUIPlugin:74 - create IPUIPlugin
2022-09-02 16:40:56,939 [INFO] PluginManager:213 - loadIPPluginJar : add resmgrutility
2022-09-02 16:40:56,939 [INFO] IPUIPlugin:74 - create IPUIPlugin
2022-09-02 16:40:56,939 [INFO] PluginManager:213 - loadIPPluginJar : add sai
2022-09-02 16:40:56,939 [INFO] IPUIPlugin:74 - create IPUIPlugin
2022-09-02 16:40:56,939 [INFO] PluginManager:213 - loadIPPluginJar : add spi
2022-09-02 16:40:56,954 [INFO] IPUIPlugin:74 - create IPUIPlugin
2022-09-02 16:40:56,954 [INFO] PluginManager:213 - loadIPPluginJar : add stm32_wpan
2022-09-02 16:40:56,954 [INFO] IPUIPlugin:74 - create IPUIPlugin
2022-09-02 16:40:56,954 [INFO] PluginManager:213 - loadIPPluginJar : add tim
2022-09-02 16:40:56,954 [INFO] IPUIPlugin:74 - create IPUIPlugin
2022-09-02 16:40:56,954 [INFO] PluginManager:213 - loadIPPluginJar : add touchsensing
2022-09-02 16:40:56,970 [INFO] IPUIPlugin:74 - create IPUIPlugin
2022-09-02 16:40:56,970 [INFO] PluginManager:213 - loadIPPluginJar : add tracer_emb
2022-09-02 16:40:56,970 [INFO] IPUIPlugin:74 - create IPUIPlugin
2022-09-02 16:40:56,970 [INFO] PluginManager:213 - loadIPPluginJar : add ts
2022-09-02 16:40:56,970 [INFO] IPUIPlugin:74 - create IPUIPlugin
2022-09-02 16:40:56,970 [INFO] PluginManager:213 - loadIPPluginJar : add tsc
2022-09-02 16:40:56,970 [INFO] IPUIPlugin:74 - create IPUIPlugin
2022-09-02 16:40:56,970 [INFO] PluginManager:213 - loadIPPluginJar : add ucpd
2022-09-02 16:40:56,970 [INFO] IPUIPlugin:74 - create IPUIPlugin
2022-09-02 16:40:56,970 [INFO] PluginManager:213 - loadIPPluginJar : add usart
2022-09-02 16:40:56,986 [INFO] IPUIPlugin:74 - create IPUIPlugin
2022-09-02 16:40:56,986 [INFO] PluginManager:213 - loadIPPluginJar : add usbx
2022-09-02 16:40:57,282 [FATAL] Updater:294 - Updater called before beeing initialized
2022-09-02 16:40:57,376 [FATAL] Updater:294 - Updater called before beeing initialized
2022-09-02 16:40:57,376 [INFO] DbMcusAds:47 - JSON generation date=Tue Aug 30 22:41:37 CST 2022 (1661870497387)
2022-09-02 16:40:57,376 [FATAL] Updater:294 - Updater called before beeing initialized
2022-09-02 16:40:57,407 [WARN] DetailPanel:314 - Failed to get advertising image, set to default
2022-09-02 16:40:57,502 [FATAL] Updater:294 - Updater called before beeing initialized
2022-09-02 16:40:57,502 [FATAL] Updater:294 - Updater called before beeing initialized
2022-09-02 16:40:57,502 [FATAL] Updater:294 - Updater called before beeing initialized
2022-09-02 16:40:57,502 [WARN] DetailPanel:314 - Failed to get advertising image, set to default
2022-09-02 16:40:57,502 [FATAL] Updater:294 - Updater called before beeing initialized
2022-09-02 16:40:57,549 [ERROR] Updater:1075 - MainUpdater not yet initialized. External WinMGr cannot be set.
2022-09-02 16:40:57,549 [INFO] Updater:1012 - Updater Version found : 6.3.0
2022-09-02 16:40:57,580 [INFO] ApplicationProperties:181 - Using Application install path: C:\ST\STM32CubeIDE_1.7.0\STM32CubeIDE\plugins\com.st.stm32cube.common.mx_6.3.0.202107141111
2022-09-02 16:40:57,865 [INFO] MainUpdater:2671 - connection check result : 10
2022-09-02 16:40:57,865 [INFO] MainUpdater:265 - Updater Check For Update Now.
2022-09-02 16:40:57,865 [INFO] MicroXplorer:478 - Change Database Version : DB.6.0.30
2022-09-02 16:40:58,023 [INFO] CheckServerUpdateThread:112 - End of CheckServer Thread
2022-09-02 16:40:58,101 [INFO] MainUpdater:2671 - connection check result : 10
2022-09-02 16:40:58,303 [INFO] McuFinderGlobals:52 - Set McuFinderConnectedMode to false
2022-09-02 16:40:58,414 [INFO] CrossSelectorPresenter:1330 - Cross Selector saved comparison directory: C:\Users\wq\.stmcufinder\plugins\mcufinder\mcu\cs_comparisons_mx
2022-09-02 16:40:58,418 [INFO] MultiScanPanel:197 - Auto-refresh data requested => check proxy status ongoing
2022-09-02 16:40:58,419 [INFO] MultiScanPanel:201 - Proxy status is invalid
2022-09-02 16:40:58,424 [INFO] FinderPluginLoader:87 - Searching for filters in installed packs
2022-09-02 16:40:58,425 [INFO] DbMcusXml:100 - Load MCU database from C:\ST\STM32CubeIDE_1.7.0\STM32CubeIDE\plugins\com.st.stm32cube.common.mx_6.3.0.202107141111\\db\/mcu/families.xml
2022-09-02 16:40:59,324 [INFO] DbMcusJson:93 - JSON generation date=Wed Nov 17 00:17:54 CST 2021 (1637079474)
2022-09-02 16:40:59,718 [WARN] PackLoader:238 - Cannot read IP mode file for STMicroelectronics.X-CUBE-GNSS1.6.0.0
2022-09-02 16:40:59,762 [WARN] PackLoader:238 - Cannot read IP mode file for STMicroelectronics.X-CUBE-AZRTOS-F4.1.1.0
2022-09-02 16:40:59,803 [WARN] PackLoader:238 - Cannot read IP mode file for STMicroelectronics.X-CUBE-AZRTOS-F7.1.1.0
2022-09-02 16:40:59,818 [WARN] PackLoader:238 - Cannot read IP mode file for STMicroelectronics.X-CUBE-BLE1.6.2.3
2022-09-02 16:40:59,818 [WARN] PackLoader:238 - Cannot read IP mode file for STMicroelectronics.X-CUBE-BLE1.6.2.1
2022-09-02 16:40:59,834 [WARN] PackLoader:238 - Cannot read IP mode file for STMicroelectronics.X-CUBE-BLE1.6.2.2
2022-09-02 16:40:59,852 [WARN] PackLoader:238 - Cannot read IP mode file for STMicroelectronics.X-CUBE-BLE2.3.2.1
2022-09-02 16:40:59,860 [WARN] PackLoader:238 - Cannot read IP mode file for STMicroelectronics.X-CUBE-NFC4.2.0.4
2022-09-02 16:40:59,866 [WARN] PackLoader:238 - Cannot read IP mode file for STMicroelectronics.X-CUBE-BLE2.3.2.2
2022-09-02 16:40:59,866 [WARN] PackLoader:238 - Cannot read IP mode file for STMicroelectronics.X-CUBE-NFC4.2.0.3
2022-09-02 16:40:59,866 [WARN] PackLoader:238 - Cannot read IP mode file for wolfSSL.I-CUBE-wolfSSL.4.8.0
2022-09-02 16:40:59,890 [WARN] PackLoader:238 - Cannot read IP mode file for STMicroelectronics.X-CUBE-TOF1.3.1.0
2022-09-02 16:40:59,902 [WARN] PackLoader:238 - Cannot read IP mode file for STMicroelectronics.X-CUBE-SFXS2LP1.3.1.0
2022-09-02 16:40:59,942 [WARN] PackLoader:238 - Cannot read IP mode file for STMicroelectronics.X-CUBE-AZRTOS-F4.1.0.0
2022-09-02 16:40:59,944 [WARN] PackLoader:238 - Cannot read IP mode file for STMicroelectronics.X-CUBE-TOF1.2.0.0
2022-09-02 16:40:59,959 [WARN] PackLoader:238 - Cannot read IP mode file for STMicroelectronics.X-CUBE-NFC7.1.0.0
2022-09-02 16:40:59,975 [WARN] PackLoader:238 - Cannot read IP mode file for STMicroelectronics.X-CUBE-SUBG2.4.2.0
2022-09-02 16:41:00,068 [WARN] PackLoader:238 - Cannot read IP mode file for STMicroelectronics.X-CUBE-MEMS1.9.3.0
2022-09-02 16:41:00,222 [INFO] DbMcus:175 - Found 1951 MCUs (1903 are supported by CubeMX, 1914 are visible in CubeMX)
2022-09-02 16:41:00,223 [INFO] ApiDb:251 - Load user favorites file C:\Users\wq/.stm32cubeide/favorites.mcus.txt: 0 item(s)
2022-09-02 16:41:00,224 [INFO] ApiDb:255 - User favorites MCUs=[]
2022-09-02 16:41:00,224 [INFO] DbMcus:187 - Set 0 / 0 favorites MCUs
2022-09-02 16:41:00,320 [WARN] PackLoader:238 - Cannot read IP mode file for STMicroelectronics.X-CUBE-AI.7.2.0
2022-09-02 16:41:00,329 [WARN] PackLoader:238 - Cannot read IP mode file for STMicroelectronics.X-CUBE-ALGOBUILD.1.2.1
2022-09-02 16:41:00,334 [WARN] PackLoader:238 - Cannot read IP mode file for STMicroelectronics.X-CUBE-DISPLAY.1.0.0
2022-09-02 16:41:00,344 [WARN] PackLoader:238 - Cannot read IP mode file for STMicroelectronics.X-CUBE-SFXS2LP1.4.0.0
2022-09-02 16:41:00,344 [WARN] PackLoader:238 - Cannot read IP mode file for STMicroelectronics.X-CUBE-BLE2.3.3.0
2022-09-02 16:41:00,354 [WARN] PackLoader:238 - Cannot read IP mode file for STMicroelectronics.X-CUBE-DISPLAY.2.2.0
2022-09-02 16:41:00,369 [WARN] PackLoader:238 - Cannot read IP mode file for STMicroelectronics.X-CUBE-TOUCHGFX.4.18.1
2022-09-02 16:41:00,373 [WARN] PackLoader:238 - Cannot read IP mode file for STMicroelectronics.X-CUBE-TOUCHGFX.4.18.0
2022-09-02 16:41:00,382 [WARN] PackLoader:238 - Cannot read IP mode file for STMicroelectronics.X-CUBE-ISPU.1.0.0
2022-09-02 16:41:00,398 [WARN] PackLoader:238 - Cannot read IP mode file for RoweBots.I-CUBE-UNISONRTOS.5.5.0-4
2022-09-02 16:41:00,444 [WARN] PackLoader:238 - Cannot read IP mode file for STMicroelectronics.X-CUBE-AZRTOS-H7.2.1.0
2022-09-02 16:41:00,458 [WARN] PackLoader:238 - Cannot read IP mode file for STMicroelectronics.X-CUBE-BLEMGR.1.0.0
2022-09-02 16:41:00,509 [WARN] PackLoader:238 - Cannot read IP mode file for STMicroelectronics.X-CUBE-MEMS1.9.0.0
2022-09-02 16:41:00,721 [WARN] PackLoader:238 - Cannot read IP mode file for STMicroelectronics.X-CUBE-ALGOBUILD.1.3.0
2022-09-02 16:41:00,753 [WARN] PackLoader:238 - Cannot read IP mode file for STMicroelectronics.X-CUBE-AZRTOS-G0.1.1.0
2022-09-02 16:41:00,763 [WARN] PackLoader:238 - Cannot read IP mode file for STMicroelectronics.X-CUBE-SUBG2.5.0.0
2022-09-02 16:41:00,815 [WARN] PackLoader:238 - Cannot read IP mode file for SEGGER.I-CUBE-embOS.1.2.0
2022-09-02 16:41:00,873 [WARN] PackLoader:238 - Cannot read IP mode file for STMicroelectronics.X-CUBE-TOUCHGFX.4.17.0
2022-09-02 16:41:00,881 [WARN] PackLoader:238 - Cannot read IP mode file for STMicroelectronics.FP-ATR-ASTRA1.1.1.1
2022-09-02 16:41:00,897 [WARN] PackLoader:238 - Cannot read IP mode file for STMicroelectronics.X-CUBE-AZRTOS-H7.2.0.0
2022-09-02 16:41:00,903 [INFO] DetailPanel:309 - Set advertising image to C:/Users/wq/STM32Cube/Repository/\en.Subbrand-STUSB-w.png
2022-09-02 16:41:00,913 [WARN] PackLoader:238 - Cannot read IP mode file for STMicroelectronics.X-CUBE-AZRTOS-G4.1.0.0
2022-09-02 16:41:00,953 [WARN] PackLoader:238 - Cannot read IP mode file for STMicroelectronics.X-CUBE-AZRTOS-L4.1.0.0
2022-09-02 16:41:00,953 [WARN] PackLoader:238 - Cannot read IP mode file for STMicroelectronics.X-CUBE-TOUCHGFX.4.20.0
2022-09-02 16:41:00,973 [WARN] PackLoader:238 - Cannot read IP mode file for STMicroelectronics.X-CUBE-AZRTOS-F7.1.0.0
2022-09-02 16:41:01,033 [WARN] PackLoader:238 - Cannot read IP mode file for STMicroelectronics.X-CUBE-AZRTOS-WL.1.0.0
2022-09-02 16:41:01,114 [WARN] PackLoader:238 - Cannot read IP mode file for STMicroelectronics.X-CUBE-MEMS1.9.1.0
2022-09-02 16:41:01,347 [WARN] PackLoader:238 - Cannot read IP mode file for portGmbH.I-Cube-SoM-uGOAL.1.1.0
2022-09-02 16:41:01,354 [WARN] PackLoader:238 - Cannot read IP mode file for STMicroelectronics.X-CUBE-ALS.1.0.1
2022-09-02 16:41:01,363 [WARN] PackLoader:238 - Cannot read IP mode file for STMicroelectronics.X-CUBE-AI.7.0.0
2022-09-02 16:41:01,386 [WARN] PackLoader:238 - Cannot read IP mode file for STMicroelectronics.X-CUBE-AZRTOS-L5.1.0.0
2022-09-02 16:41:01,393 [WARN] PackLoader:238 - Cannot read IP mode file for STMicroelectronics.X-CUBE-EEPRMA1.3.1.0
2022-09-02 16:41:01,403 [WARN] PackLoader:238 - Cannot read IP mode file for STMicroelectronics.X-CUBE-EEPRMA1.3.1.1
2022-09-02 16:41:01,413 [WARN] PackLoader:238 - Cannot read IP mode file for STMicroelectronics.X-CUBE-GNSS1.5.2.0
2022-09-02 16:41:01,432 [WARN] PackLoader:238 - Cannot read IP mode file for STMicroelectronics.X-CUBE-DISPLAY.2.0.0
2022-09-02 16:41:01,433 [INFO] ThirdParty:915 - Integrity check success = true
2022-09-02 16:41:01,433 [INFO] IntegrityCheckThread:94 - exiting critical section [integrity check]
2022-09-02 16:41:01,433 [INFO] IntegrityCheckThread:97 - End integrity checks thread
2022-09-02 16:41:01,523 [INFO] DbBoardsPdsc:90 - Found 25 items
2022-09-02 16:41:01,523 [INFO] DbBoardsPdsc:90 - Found 9 items
2022-09-02 16:41:01,533 [INFO] DbBoardsPdsc:90 - Found 33 items
2022-09-02 16:41:01,533 [INFO] DbBoardsPdsc:90 - Found 1 items
2022-09-02 16:41:01,545 [INFO] DbBoardsPdsc:90 - Found 48 items
2022-09-02 16:41:01,556 [INFO] DbBoardsPdsc:90 - Found 43 items
2022-09-02 16:41:01,558 [INFO] DbBoardsPdsc:90 - Found 2 items
2022-09-02 16:41:01,558 [INFO] DbBoardsPdsc:90 - Found 5 items
2022-09-02 16:41:01,563 [WARN] DbBoardsPdsc:254 - Board STM32H7B3I-DK: unknown feature type=Audio, name=, username=Audio stereo codec with Headphone Amp (CS42L51-CNZ), n=1
2022-09-02 16:41:01,563 [WARN] DbBoardsPdsc:254 - Board STM32H735G-DK: unknown feature type=Audio, name=, username=Audio stereo codec with Headphone Amp (WM8994ECS/R), n=1
2022-09-02 16:41:01,563 [WARN] DbBoardsPdsc:254 - Board STM32H7B3I-EVAL: unknown feature type=Audio, name=, username=Multi-Channel Audio Codec (CS42L51-CNZ), n=1
2022-09-02 16:41:01,563 [WARN] DbBoardsPdsc:254 - Board STM32H7B3I-EVAL: unknown feature type=Meter, name=, username=Power-metering and Temperature-monitoring with sigma-delta modulators, n=1
2022-09-02 16:41:01,563 [WARN] DbBoardsPdsc:254 - Board STM32H7B3I-EVAL: unknown feature type=Motor, name=, username=Motor Control, n=1
2022-09-02 16:41:01,563 [WARN] DbBoardsPdsc:254 - Board STM32U575I-EV: unknown feature type=joystick, name=, username=4-direction joystick with selection button, n=1
2022-09-02 16:41:01,594 [INFO] DbBoardsJson:86 - JSON generation date=Wed Nov 17 00:17:54 CST 2021 (1637079474)
2022-09-02 16:41:01,603 [INFO] DbBoards:117 - Found 167 boards (163 are supported by CubeMX)
2022-09-02 16:41:01,603 [INFO] DbBoardsDocs:143 - JSON generation date=Wed Nov 17 00:17:54 CST 2021 (1637079474)
2022-09-02 16:41:01,608 [INFO] DbBoardsDocs:79 - Found 209 boards documents
2022-09-02 16:41:01,608 [WARN] DbBoards:127 - board B-L475E-IOT01A2 has no document id list !
2022-09-02 16:41:01,608 [WARN] DbBoards:127 - board NUCLEO-H743ZI has no document id list !
2022-09-02 16:41:01,608 [WARN] DbBoards:127 - board NUCLEO-WL55JC2 has no document id list !
2022-09-02 16:41:01,608 [WARN] DbBoards:127 - board P-NUCLEO-WB55-Nucleo has no document id list !
2022-09-02 16:41:01,608 [WARN] DbBoards:127 - board P-NUCLEO-WB55-USBDongle has no document id list !
2022-09-02 16:41:01,608 [WARN] DbBoards:127 - board STEVAL-BFA001V1B has no document id list !
2022-09-02 16:41:01,608 [WARN] DbBoards:127 - board STEVAL-BFA001V2B has no document id list !
2022-09-02 16:41:01,608 [WARN] DbBoards:127 - board STEVAL-IDP005V1 has no document id list !
2022-09-02 16:41:01,608 [WARN] DbBoards:127 - board STEVAL-IDP005V2 has no document id list !
2022-09-02 16:41:01,608 [WARN] DbBoards:127 - board STEVAL-MKSBOX1V1 has no document id list !
2022-09-02 16:41:01,608 [WARN] DbBoards:127 - board STEVAL-STWINKT1 has no document id list !
2022-09-02 16:41:01,608 [WARN] DbBoards:127 - board STEVAL-STWINKT1B has no document id list !
2022-09-02 16:41:01,608 [WARN] DbBoards:127 - board STM32439I-EVAL2 has no document id list !
2022-09-02 16:41:01,608 [WARN] DbBoards:127 - board STM32F401C-DISCO has no document id list !
2022-09-02 16:41:01,613 [WARN] DbBoards:127 - board STM32F769I-DISC1 has no document id list !
2022-09-02 16:41:01,613 [WARN] DbBoards:127 - board STM32G474E-EVAL1 has no document id list !
2022-09-02 16:41:01,613 [WARN] DbBoards:127 - board STM32H743I-EVAL2 has no document id list !
2022-09-02 16:41:01,613 [WARN] DbBoards:127 - board STM32H747I-DISC1 has no document id list !
2022-09-02 16:41:01,613 [WARN] DbBoards:127 - board STM32H753I-EVAL2 has no document id list !
2022-09-02 16:41:01,613 [WARN] DbBoards:127 - board STM32L-DISCOVERY has no document id list !
2022-09-02 16:41:01,743 [ERROR] DbBoards:189 - Image file not found for board B-U585I-IOT02A: C:\ST\STM32CubeIDE_1.7.0\STM32CubeIDE\plugins\com.st.stm32cube.common.mx_6.3.0.202107141111\\db\/plugins/mcufinder/images/boards/B-U585I-IOT02A_small.jpg
2022-09-02 16:41:01,835 [ERROR] DbBoards:189 - Image file not found for board NUCLEO-F413ZH: C:\ST\STM32CubeIDE_1.7.0\STM32CubeIDE\plugins\com.st.stm32cube.common.mx_6.3.0.202107141111\\db\/plugins/mcufinder/images/boards/nucleo-f413zh_small.jpg
2022-09-02 16:41:02,003 [ERROR] DbBoards:189 - Image file not found for board NUCLEO-L552ZE-Q: C:\ST\STM32CubeIDE_1.7.0\STM32CubeIDE\plugins\com.st.stm32cube.common.mx_6.3.0.202107141111\\db\/plugins/mcufinder/images/boards/nucleo_l552ze_q_small.jpg
2022-09-02 16:41:02,003 [ERROR] DbBoards:189 - Image file not found for board NUCLEO-U575ZI-Q: C:\ST\STM32CubeIDE_1.7.0\STM32CubeIDE\plugins\com.st.stm32cube.common.mx_6.3.0.202107141111\\db\/plugins/mcufinder/images/boards/nucleo-u575zi-q_small.jpg
2022-09-02 16:41:02,003 [ERROR] DbBoards:189 - Image file not found for board NUCLEO-WB15CC: C:\ST\STM32CubeIDE_1.7.0\STM32CubeIDE\plugins\com.st.stm32cube.common.mx_6.3.0.202107141111\\db\/plugins/mcufinder/images/boards/nucleo-wb15cc_small.jpg
2022-09-02 16:41:02,003 [ERROR] DbBoards:189 - Image file not found for board NUCLEO-WB55RG: C:\ST\STM32CubeIDE_1.7.0\STM32CubeIDE\plugins\com.st.stm32cube.common.mx_6.3.0.202107141111\\db\/plugins/mcufinder/images/boards/nucleo-wb55rg_small.jpg
2022-09-02 16:41:02,964 [INFO] ApiDb:251 - Load user favorites file C:\Users\wq/.stm32cubeide/favorites.boards.txt: 0 item(s)
2022-09-02 16:41:02,964 [INFO] ApiDb:255 - User favorites Boards=[]
2022-09-02 16:41:02,964 [INFO] DbBoards:206 - Set 0 / 0 favorites Boards
2022-09-02 16:41:29,069 [INFO] DbMcusDocs:143 - JSON generation date=Wed Nov 17 00:17:54 CST 2021 (1637079474)
2022-09-02 16:41:29,305 [INFO] DbMcusDocs:79 - Found 682 MCUs documents
2022-09-02 16:44:34,097 [INFO] MainUpdater:2671 - connection check result : 10
2022-09-02 16:44:34,097 [INFO] MainUpdater:2671 - connection check result : 10
2022-09-02 16:44:34,142 [INFO] MicroXplorer:448 - Change Database Path : 
2022-09-02 16:44:34,142 [INFO] MicroXplorer:478 - Change Database Version : DB.6.0.30
2022-09-02 16:44:34,143 [WARN] ThirdParty:813 - waiting for thirdparty lock release [close project]
2022-09-02 16:44:34,144 [INFO] ThirdParty:815 - entering critical section [close project]
2022-09-02 16:44:34,145 [INFO] ThirdParty:825 - exiting critical section [close project]
2022-09-02 16:44:34,150 [INFO] PinOutPanel:1463 - setPackage(No Configuration,No Configuration)
2022-09-02 16:44:34,150 [INFO] UtilMem:74 - Begin LoadConfig() Used Memory: 651632040 Bytes (943718400)
2022-09-02 16:44:34,150 [INFO] MicroXplorer:448 - Change Database Path : 
2022-09-02 16:44:34,150 [INFO] MicroXplorer:478 - Change Database Version : DB.6.0.30
2022-09-02 16:44:34,150 [INFO] OpenFileManager:313 - Change cursor
2022-09-02 16:44:35,776 [INFO] Context:592 - Trying to add GPIOservice into a context  which must be forbidden
2022-09-02 16:44:36,054 [INFO] ImportTextPane:167 - (OptionalMessage_ERROR) Unable to find key (Mcu.ThirdPartyNb) in loaded IOC file
2022-09-02 16:44:36,054 [INFO] ImportTextPane:167 - (OptionalMessage_ERROR) Unable to find key (Mcu.PinsNb) in loaded IOC file
2022-09-02 16:44:36,054 [INFO] ImportTextPane:167 - (OptionalMessage_ERROR) Unable to find key (Mcu.IPNb) in loaded IOC file
2022-09-02 16:44:36,130 [WARN] ApiManager:304 - Cannot register API 'Board Extension:GNSS1A1' from pack STMicroelectronics.X-CUBE-GNSS1.6.0.0: no header file found
2022-09-02 16:44:36,130 [WARN] ApiManager:304 - Cannot register API 'Board Support:Custom' from pack STMicroelectronics.X-CUBE-GNSS1.6.0.0: no header file found
2022-09-02 16:44:36,130 [WARN] ApiManager:304 - Cannot register API 'Data Exchange:lib_gnss' from pack STMicroelectronics.X-CUBE-GNSS1.6.0.0: no header file found
2022-09-02 16:44:36,304 [WARN] ApiManager:304 - Cannot register API 'Board Extension:IKS01A3' from pack STMicroelectronics.X-CUBE-MEMS1.9.0.0: no header file found
2022-09-02 16:44:36,304 [WARN] ApiManager:304 - Cannot register API 'Board Extension:IKS01A2' from pack STMicroelectronics.X-CUBE-MEMS1.9.0.0: no header file found
2022-09-02 16:44:36,304 [WARN] ApiManager:304 - Cannot register API 'Board Extension:IKS02A1' from pack STMicroelectronics.X-CUBE-MEMS1.9.0.0: no header file found
2022-09-02 16:44:36,325 [WARN] ApiManager:304 - Cannot register API 'Wireless:BlueNRG-MS' from pack STMicroelectronics.X-CUBE-BLE1.6.2.3: no header file found
2022-09-02 16:44:36,326 [INFO] RtosManager:484 - Registered RTOS mode: class=CMSIS, group=RTOS, mode=CMSIS_V1, owner=FREERTOS
2022-09-02 16:44:36,326 [INFO] RtosManager:484 - Registered RTOS mode: class=CMSIS, group=RTOS2, mode=CMSIS_V2, owner=FREERTOS
2022-09-02 16:44:36,327 [INFO] RtosManager:484 - Registered RTOS mode: class=RTOS, group=Core, mode=CMSIS_V1, owner=FREERTOS
2022-09-02 16:44:36,327 [INFO] RtosManager:484 - Registered RTOS mode: class=RTOS, group=Core, mode=CMSIS_V2, owner=FREERTOS
2022-09-02 16:44:36,327 [WARN] ModelIntegratedComponent:181 - Missing modes for component STMicroelectronics:FreeRTOS:0.0.1:STMicroelectronics:RTOS:FreeRTOS:Core:::10.2.0:
2022-09-02 16:44:36,331 [WARN] ApiManager:304 - Cannot register API 'Board Extension:S2868A1' from pack STMicroelectronics.X-CUBE-SUBG2.5.0.0: no header file found
2022-09-02 16:44:36,331 [WARN] ApiManager:304 - Cannot register API 'Board Extension:S2868A2' from pack STMicroelectronics.X-CUBE-SUBG2.5.0.0: no header file found
2022-09-02 16:44:36,331 [WARN] ApiManager:304 - Cannot register API 'Board Extension:S2915A1' from pack STMicroelectronics.X-CUBE-SUBG2.5.0.0: no header file found
2022-09-02 16:44:36,336 [WARN] ApiManager:304 - Cannot register API 'Wireless:BlueNRG-MS' from pack STMicroelectronics.X-CUBE-BLE1.6.2.1: no header file found
2022-09-02 16:44:36,337 [WARN] ApiManager:304 - Cannot register API 'Wireless:BlueNRG-MS' from pack STMicroelectronics.X-CUBE-BLE1.6.2.2: no header file found
2022-09-02 16:44:36,338 [WARN] ApiManager:304 - Cannot register API 'Wireless:BlueNRG-2' from pack STMicroelectronics.X-CUBE-BLE2.3.2.1: no header file found
2022-09-02 16:44:36,338 [WARN] ApiManager:304 - Cannot register API 'Board Extension:NFC04A1' from pack STMicroelectronics.X-CUBE-NFC4.2.0.4: no header file found
2022-09-02 16:44:36,339 [WARN] ApiManager:304 - Cannot register API 'Wireless:BlueNRG-2' from pack STMicroelectronics.X-CUBE-BLE2.3.2.2: no header file found
2022-09-02 16:44:36,341 [WARN] ApiManager:304 - Cannot register API 'Board Extension:NFC04A1' from pack STMicroelectronics.X-CUBE-NFC4.2.0.3: no header file found
2022-09-02 16:44:36,341 [WARN] ApiManager:304 - Cannot register API 'Board Extension:S2868A1' from pack STMicroelectronics.X-CUBE-SFXS2LP1.3.1.0: no header file found
2022-09-02 16:44:36,341 [WARN] ApiManager:304 - Cannot register API 'Board Extension:S2868A2' from pack STMicroelectronics.X-CUBE-SFXS2LP1.3.1.0: no header file found
2022-09-02 16:44:36,341 [WARN] ApiManager:304 - Cannot register API 'Board Extension:S2915A1' from pack STMicroelectronics.X-CUBE-SFXS2LP1.3.1.0: no header file found
2022-09-02 16:44:36,341 [WARN] ModelIntegratedComponent:60 - No mode defined for component null
2022-09-02 16:44:36,341 [WARN] ModelIntegratedComponent:60 - No mode defined for component null
2022-09-02 16:44:36,341 [WARN] ModelIntegratedComponent:60 - No mode defined for component null
2022-09-02 16:44:36,341 [WARN] ModelIntegratedComponent:60 - No mode defined for component null
2022-09-02 16:44:36,341 [WARN] ModelIntegratedComponent:60 - No mode defined for component null
2022-09-02 16:44:36,341 [WARN] ModelIntegratedComponent:60 - No mode defined for component null
2022-09-02 16:44:36,341 [WARN] ModelIntegratedComponent:60 - No mode defined for component null
2022-09-02 16:44:36,341 [WARN] ModelIntegratedComponent:60 - No mode defined for component null
2022-09-02 16:44:36,341 [WARN] ModelIntegratedComponent:60 - No mode defined for component null
2022-09-02 16:44:36,341 [WARN] ModelIntegratedComponent:60 - No mode defined for component null
2022-09-02 16:44:36,341 [WARN] ModelIntegratedComponent:60 - No mode defined for component null
2022-09-02 16:44:36,341 [WARN] ModelIntegratedComponent:60 - No mode defined for component null
2022-09-02 16:44:36,341 [WARN] ModelIntegratedComponent:60 - No mode defined for component null
2022-09-02 16:44:36,341 [WARN] ModelIntegratedComponent:60 - No mode defined for component null
2022-09-02 16:44:36,341 [WARN] ModelIntegratedComponent:60 - No mode defined for component null
2022-09-02 16:44:36,341 [WARN] ModelIntegratedComponent:60 - No mode defined for component null
2022-09-02 16:44:36,341 [WARN] ModelIntegratedComponent:60 - No mode defined for component null
2022-09-02 16:44:36,341 [WARN] ModelIntegratedComponent:60 - No mode defined for component null
2022-09-02 16:44:36,341 [WARN] ModelIntegratedComponent:60 - No mode defined for component null
2022-09-02 16:44:36,341 [WARN] ModelIntegratedComponent:60 - No mode defined for component null
2022-09-02 16:44:36,341 [WARN] ModelIntegratedComponent:60 - No mode defined for component null
2022-09-02 16:44:36,341 [WARN] ModelIntegratedComponent:60 - No mode defined for component null
2022-09-02 16:44:36,341 [WARN] ModelIntegratedComponent:60 - No mode defined for component null
2022-09-02 16:44:36,341 [WARN] ModelIntegratedComponent:60 - No mode defined for component null
2022-09-02 16:44:36,341 [WARN] ModelIntegratedComponent:60 - No mode defined for component null
2022-09-02 16:44:36,341 [WARN] ModelIntegratedComponent:60 - No mode defined for component null
2022-09-02 16:44:36,341 [WARN] ModelIntegratedComponent:60 - No mode defined for component null
2022-09-02 16:44:36,341 [WARN] ModelIntegratedComponent:60 - No mode defined for component null
2022-09-02 16:44:36,341 [WARN] ModelIntegratedComponent:60 - No mode defined for component null
2022-09-02 16:44:36,341 [WARN] ModelIntegratedComponent:60 - No mode defined for component null
2022-09-02 16:44:36,341 [WARN] ModelIntegratedComponent:60 - No mode defined for component null
2022-09-02 16:44:36,356 [WARN] ApiManager:304 - Cannot register API 'Board Extension:NFC07A1' from pack STMicroelectronics.X-CUBE-NFC7.1.0.0: no header file found
2022-09-02 16:44:36,360 [WARN] ApiManager:304 - Cannot register API 'Board Extension:S2868A1' from pack STMicroelectronics.X-CUBE-SUBG2.4.2.0: no header file found
2022-09-02 16:44:36,360 [WARN] ApiManager:304 - Cannot register API 'Board Extension:S2868A2' from pack STMicroelectronics.X-CUBE-SUBG2.4.2.0: no header file found
2022-09-02 16:44:36,360 [WARN] ApiManager:304 - Cannot register API 'Board Extension:S2915A1' from pack STMicroelectronics.X-CUBE-SUBG2.4.2.0: no header file found
2022-09-02 16:44:36,516 [WARN] ApiManager:304 - Cannot register API 'Board Extension:IKS01A3' from pack STMicroelectronics.X-CUBE-MEMS1.9.1.0: no header file found
2022-09-02 16:44:36,516 [WARN] ApiManager:304 - Cannot register API 'Board Extension:IKS01A2' from pack STMicroelectronics.X-CUBE-MEMS1.9.1.0: no header file found
2022-09-02 16:44:36,516 [WARN] ApiManager:304 - Cannot register API 'Board Extension:IKS02A1' from pack STMicroelectronics.X-CUBE-MEMS1.9.1.0: no header file found
2022-09-02 16:44:36,657 [WARN] ApiManager:304 - Cannot register API 'Board Extension:IKS01A3' from pack STMicroelectronics.X-CUBE-MEMS1.9.3.0: no header file found
2022-09-02 16:44:36,657 [WARN] ApiManager:304 - Cannot register API 'Board Extension:IKS01A2' from pack STMicroelectronics.X-CUBE-MEMS1.9.3.0: no header file found
2022-09-02 16:44:36,657 [WARN] ApiManager:304 - Cannot register API 'Board Extension:IKS02A1' from pack STMicroelectronics.X-CUBE-MEMS1.9.3.0: no header file found
2022-09-02 16:44:36,672 [WARN] ApiManager:304 - Cannot register API 'Board Extension:EEPRMA1' from pack STMicroelectronics.X-CUBE-EEPRMA1.3.1.0: no header file found
2022-09-02 16:44:36,672 [WARN] ApiManager:304 - Cannot register API 'Board Extension:EEPRMA2' from pack STMicroelectronics.X-CUBE-EEPRMA1.3.1.0: no header file found
2022-09-02 16:44:36,672 [WARN] ApiManager:304 - Cannot register API 'Board Extension:EEPRMA1' from pack STMicroelectronics.X-CUBE-EEPRMA1.3.1.1: no header file found
2022-09-02 16:44:36,672 [WARN] ApiManager:304 - Cannot register API 'Board Extension:EEPRMA2' from pack STMicroelectronics.X-CUBE-EEPRMA1.3.1.1: no header file found
2022-09-02 16:44:36,672 [WARN] ApiManager:304 - Cannot register API 'Board Extension:GNSS1A1' from pack STMicroelectronics.X-CUBE-GNSS1.5.2.0: no header file found
2022-09-02 16:44:36,672 [WARN] ApiManager:304 - Cannot register API 'Board Support:Custom' from pack STMicroelectronics.X-CUBE-GNSS1.5.2.0: no header file found
2022-09-02 16:44:36,672 [WARN] ApiManager:304 - Cannot register API 'Data Exchange:lib_gnss' from pack STMicroelectronics.X-CUBE-GNSS1.5.2.0: no header file found
2022-09-02 16:44:36,672 [WARN] ApiManager:304 - Cannot register API 'Board Extension:S2868A1' from pack STMicroelectronics.X-CUBE-SFXS2LP1.4.0.0: no header file found
2022-09-02 16:44:36,672 [WARN] ApiManager:304 - Cannot register API 'Board Extension:S2868A2' from pack STMicroelectronics.X-CUBE-SFXS2LP1.4.0.0: no header file found
2022-09-02 16:44:36,672 [WARN] ApiManager:304 - Cannot register API 'Board Extension:S2915A1' from pack STMicroelectronics.X-CUBE-SFXS2LP1.4.0.0: no header file found
2022-09-02 16:44:36,672 [WARN] ApiManager:304 - Cannot register API 'Wireless:BlueNRG-2' from pack STMicroelectronics.X-CUBE-BLE2.3.3.0: no header file found
2022-09-02 16:44:42,771 [INFO] UtilMem:74 - End LoadConfig() Used Memory: 773811528 Bytes (943718400)
2022-09-02 16:44:42,772 [WARN] ThirdParty:779 - waiting for thirdparty lock release [change project]
2022-09-02 16:44:42,772 [INFO] ThirdParty:781 - entering critical section [change project]
2022-09-02 16:44:42,772 [INFO] ThirdParty:967 - CMSIS Pack Vendor :RoweBots I-CUBE-UNISONRTOS 5.5.0-4
2022-09-02 16:44:42,772 [INFO] ThirdParty:967 - CMSIS Pack Vendor :STMicroelectronics X-CUBE-GNSS1 6.0.0
2022-09-02 16:44:42,772 [INFO] ThirdParty:967 - CMSIS Pack Vendor :STMicroelectronics X-CUBE-AZRTOS-H7 2.1.0
2022-09-02 16:44:42,772 [INFO] ThirdParty:967 - CMSIS Pack Vendor :STMicroelectronics USB_HOST 2.0.0
2022-09-02 16:44:42,772 [INFO] ThirdParty:967 - CMSIS Pack Vendor :STMicroelectronics X-CUBE-AZRTOS-F4 1.1.0
2022-09-02 16:44:42,772 [INFO] ThirdParty:967 - CMSIS Pack Vendor :STMicroelectronics USB_DEVICE 3.0.0
2022-09-02 16:44:42,772 [INFO] ThirdParty:967 - CMSIS Pack Vendor :STMicroelectronics X-CUBE-BLEMGR 1.0.0
2022-09-02 16:44:42,772 [INFO] ThirdParty:967 - CMSIS Pack Vendor :STMicroelectronics X-CUBE-MEMS1 9.0.0
2022-09-02 16:44:42,773 [INFO] ThirdParty:967 - CMSIS Pack Vendor :STMicroelectronics X-CUBE-AZRTOS-F7 1.1.0
2022-09-02 16:44:42,773 [INFO] ThirdParty:967 - CMSIS Pack Vendor :STMicroelectronics USB_DEVICE 2.0.0
2022-09-02 16:44:42,773 [INFO] ThirdParty:967 - CMSIS Pack Vendor :STMicroelectronics X-CUBE-BLE1 6.2.3
2022-09-02 16:44:42,773 [INFO] ThirdParty:967 - CMSIS Pack Vendor :STMicroelectronics X-CUBE-ALGOBUILD 1.3.0
2022-09-02 16:44:42,773 [INFO] ThirdParty:967 - CMSIS Pack Vendor :STMicroelectronics FreeRTOS 0.0.1
2022-09-02 16:44:42,773 [INFO] ThirdParty:967 - CMSIS Pack Vendor :STMicroelectronics X-CUBE-AZRTOS-G0 1.1.0
2022-09-02 16:44:42,773 [INFO] ThirdParty:967 - CMSIS Pack Vendor :STMicroelectronics X-CUBE-SUBG2 5.0.0
2022-09-02 16:44:42,773 [INFO] ThirdParty:967 - CMSIS Pack Vendor :SEGGER I-CUBE-embOS 1.2.0
2022-09-02 16:44:42,773 [INFO] ThirdParty:967 - CMSIS Pack Vendor :STMicroelectronics lwIP 2.0.3
2022-09-02 16:44:42,773 [INFO] ThirdParty:967 - CMSIS Pack Vendor :STMicroelectronics X-CUBE-BLE1 6.2.1
2022-09-02 16:44:42,773 [INFO] ThirdParty:967 - CMSIS Pack Vendor :STMicroelectronics X-CUBE-BLE1 6.2.2
2022-09-02 16:44:42,773 [INFO] ThirdParty:967 - CMSIS Pack Vendor :STMicroelectronics X-CUBE-BLE2 3.2.1
2022-09-02 16:44:42,773 [INFO] ThirdParty:967 - CMSIS Pack Vendor :STMicroelectronics X-CUBE-NFC4 2.0.4
2022-09-02 16:44:42,773 [INFO] ThirdParty:967 - CMSIS Pack Vendor :STMicroelectronics X-CUBE-BLE2 3.2.2
2022-09-02 16:44:42,773 [INFO] ThirdParty:967 - CMSIS Pack Vendor :STMicroelectronics USB_HOST 1.0.0
2022-09-02 16:44:42,774 [INFO] ThirdParty:967 - CMSIS Pack Vendor :STMicroelectronics X-CUBE-NFC4 2.0.3
2022-09-02 16:44:42,774 [INFO] ThirdParty:967 - CMSIS Pack Vendor :wolfSSL I-CUBE-wolfSSL 4.8.0
2022-09-02 16:44:42,774 [INFO] ThirdParty:967 - CMSIS Pack Vendor :STMicroelectronics X-CUBE-TOUCHGFX 4.17.0
2022-09-02 16:44:42,774 [INFO] ThirdParty:967 - CMSIS Pack Vendor :STMicroelectronics PDM2PCM 3.1.0
2022-09-02 16:44:42,774 [INFO] ThirdParty:967 - CMSIS Pack Vendor :STMicroelectronics FP-ATR-ASTRA1 1.1.1
2022-09-02 16:44:42,774 [INFO] ThirdParty:967 - CMSIS Pack Vendor :STMicroelectronics PDM2PCM 3.3.0
2022-09-02 16:44:42,774 [INFO] ThirdParty:967 - CMSIS Pack Vendor :STMicroelectronics X-CUBE-TOF1 3.1.0
2022-09-02 16:44:42,774 [INFO] ThirdParty:967 - CMSIS Pack Vendor :STMicroelectronics X-CUBE-SFXS2LP1 3.1.0
2022-09-02 16:44:42,774 [INFO] ThirdParty:967 - CMSIS Pack Vendor :STMicroelectronics X-CUBE-AZRTOS-F4 1.0.0
2022-09-02 16:44:42,774 [INFO] ThirdParty:967 - CMSIS Pack Vendor :STMicroelectronics X-CUBE-AZRTOS-H7 2.0.0
2022-09-02 16:44:42,774 [INFO] ThirdParty:967 - CMSIS Pack Vendor :STMicroelectronics X-CUBE-AZRTOS-G4 1.0.0
2022-09-02 16:44:42,774 [INFO] ThirdParty:967 - CMSIS Pack Vendor :STMicroelectronics X-CUBE-AZRTOS-L4 1.0.0
2022-09-02 16:44:42,774 [INFO] ThirdParty:967 - CMSIS Pack Vendor :STMicroelectronics X-CUBE-TOF1 2.0.0
2022-09-02 16:44:42,774 [INFO] ThirdParty:967 - CMSIS Pack Vendor :STMicroelectronics HAL Drivers 0.0.0
2022-09-02 16:44:42,774 [INFO] ThirdParty:967 - CMSIS Pack Vendor :STMicroelectronics MBEDTLS 2.16.2
2022-09-02 16:44:42,775 [INFO] ThirdParty:967 - CMSIS Pack Vendor :STMicroelectronics X-CUBE-TOUCHGFX 4.20.0
2022-09-02 16:44:42,775 [INFO] ThirdParty:967 - CMSIS Pack Vendor :STMicroelectronics MBEDTLS 2.14.1
2022-09-02 16:44:42,775 [INFO] ThirdParty:967 - CMSIS Pack Vendor :STMicroelectronics X-CUBE-NFC7 1.0.0
2022-09-02 16:44:42,775 [INFO] ThirdParty:967 - CMSIS Pack Vendor :STMicroelectronics X-CUBE-AZRTOS-F7 1.0.0
2022-09-02 16:44:42,775 [INFO] ThirdParty:967 - CMSIS Pack Vendor :STMicroelectronics X-CUBE-AZRTOS-WL 1.0.0
2022-09-02 16:44:42,775 [INFO] ThirdParty:967 - CMSIS Pack Vendor :STMicroelectronics X-CUBE-SUBG2 4.2.0
2022-09-02 16:44:42,775 [INFO] ThirdParty:967 - CMSIS Pack Vendor :STMicroelectronics X-CUBE-MEMS1 9.1.0
2022-09-02 16:44:42,775 [INFO] ThirdParty:967 - CMSIS Pack Vendor :STMicroelectronics X-CUBE-MEMS1 9.3.0
2022-09-02 16:44:42,775 [INFO] ThirdParty:967 - CMSIS Pack Vendor :portGmbH I-Cube-SoM-uGOAL 1.1.0
2022-09-02 16:44:42,775 [INFO] ThirdParty:967 - CMSIS Pack Vendor :STMicroelectronics X-CUBE-ALS 1.0.1
2022-09-02 16:44:42,775 [INFO] ThirdParty:967 - CMSIS Pack Vendor :STMicroelectronics X-CUBE-AI 7.2.0
2022-09-02 16:44:42,775 [INFO] ThirdParty:967 - CMSIS Pack Vendor :STMicroelectronics X-CUBE-AI 7.0.0
2022-09-02 16:44:42,775 [INFO] ThirdParty:967 - CMSIS Pack Vendor :STMicroelectronics X-CUBE-ALGOBUILD 1.2.1
2022-09-02 16:44:42,775 [INFO] ThirdParty:967 - CMSIS Pack Vendor :STMicroelectronics X-CUBE-DISPLAY 1.0.0
2022-09-02 16:44:42,775 [INFO] ThirdParty:967 - CMSIS Pack Vendor :STMicroelectronics X-CUBE-AZRTOS-L5 1.0.0
2022-09-02 16:44:42,775 [INFO] ThirdParty:967 - CMSIS Pack Vendor :STMicroelectronics USB_DEVICE 1.0.0
2022-09-02 16:44:42,775 [INFO] ThirdParty:967 - CMSIS Pack Vendor :STMicroelectronics X-CUBE-EEPRMA1 3.1.0
2022-09-02 16:44:42,776 [INFO] ThirdParty:967 - CMSIS Pack Vendor :STMicroelectronics X-CUBE-EEPRMA1 3.1.1
2022-09-02 16:44:42,776 [INFO] ThirdParty:967 - CMSIS Pack Vendor :STMicroelectronics X-CUBE-GNSS1 5.2.0
2022-09-02 16:44:42,776 [INFO] ThirdParty:967 - CMSIS Pack Vendor :STMicroelectronics ThreadX 0.0.2
2022-09-02 16:44:42,776 [INFO] ThirdParty:967 - CMSIS Pack Vendor :STMicroelectronics lwIP 2.1.2
2022-09-02 16:44:42,776 [INFO] ThirdParty:967 - CMSIS Pack Vendor :STMicroelectronics X-CUBE-SFXS2LP1 4.0.0
2022-09-02 16:44:42,776 [INFO] ThirdParty:967 - CMSIS Pack Vendor :STMicroelectronics X-CUBE-BLE2 3.3.0
2022-09-02 16:44:42,776 [INFO] ThirdParty:967 - CMSIS Pack Vendor :STMicroelectronics X-CUBE-DISPLAY 2.0.0
2022-09-02 16:44:42,776 [INFO] ThirdParty:967 - CMSIS Pack Vendor :STMicroelectronics X-CUBE-DISPLAY 2.2.0
2022-09-02 16:44:42,776 [INFO] ThirdParty:967 - CMSIS Pack Vendor :STMicroelectronics PDM2PCM 3.2.0
2022-09-02 16:44:42,776 [INFO] ThirdParty:967 - CMSIS Pack Vendor :STMicroelectronics X-CUBE-TOUCHGFX 4.18.1
2022-09-02 16:44:42,776 [INFO] ThirdParty:967 - CMSIS Pack Vendor :STMicroelectronics X-CUBE-TOUCHGFX 4.18.0
2022-09-02 16:44:42,776 [INFO] ThirdParty:967 - CMSIS Pack Vendor :STMicroelectronics X-CUBE-ISPU 1.0.0
2022-09-02 16:44:42,776 [INFO] ThirdParty:787 - exiting critical section [change project]
2022-09-02 16:44:43,097 [INFO] PinOutPanel:1463 - setPackage(No Configuration,No Configuration)
2022-09-02 16:44:43,099 [INFO] PinOutPanel:1463 - setPackage(STM32F103RCTx,LQFP64)
2022-09-02 16:44:43,570 [INFO] UtilMem:74 - Before build in PCC Used Memory: 795689440 Bytes (943718400)
2022-09-02 16:44:44,084 [INFO] UtilMem:74 - After build in PCC Used Memory: 697482208 Bytes (943718400)
2022-09-02 16:44:44,120 [INFO] IPUIPlugin:74 - create IPUIPlugin
2022-09-02 16:44:44,120 [INFO] IPUIPlugin:74 - create IPUIPlugin
2022-09-02 16:44:44,120 [INFO] IPUIPlugin:74 - create IPUIPlugin
2022-09-02 16:44:44,120 [INFO] IPUIPlugin:74 - create IPUIPlugin
2022-09-02 16:44:44,121 [INFO] IPUIPlugin:74 - create IPUIPlugin
2022-09-02 16:44:44,121 [INFO] IPUIPlugin:74 - create IPUIPlugin
2022-09-02 16:44:44,121 [INFO] IPUIPlugin:74 - create IPUIPlugin
2022-09-02 16:44:44,121 [INFO] IPUIPlugin:74 - create IPUIPlugin
2022-09-02 16:44:44,121 [INFO] IPUIPlugin:74 - create IPUIPlugin
2022-09-02 16:44:44,121 [INFO] IPUIPlugin:74 - create IPUIPlugin
2022-09-02 16:44:44,121 [INFO] IPUIPlugin:74 - create IPUIPlugin
2022-09-02 16:44:44,121 [INFO] IPUIPlugin:74 - create IPUIPlugin
2022-09-02 16:44:44,122 [INFO] IPUIPlugin:74 - create IPUIPlugin
2022-09-02 16:44:44,122 [INFO] IPUIPlugin:74 - create IPUIPlugin
2022-09-02 16:44:44,122 [INFO] IPUIPlugin:74 - create IPUIPlugin
2022-09-02 16:44:44,122 [INFO] IPUIPlugin:74 - create IPUIPlugin
2022-09-02 16:44:44,122 [INFO] IPUIPlugin:74 - create IPUIPlugin
2022-09-02 16:44:44,123 [INFO] IPUIPlugin:74 - create IPUIPlugin
2022-09-02 16:44:44,123 [INFO] IPUIPlugin:74 - create IPUIPlugin
2022-09-02 16:44:44,123 [INFO] IPUIPlugin:74 - create IPUIPlugin
2022-09-02 16:44:44,123 [INFO] IPUIPlugin:74 - create IPUIPlugin
2022-09-02 16:44:44,123 [INFO] IPUIPlugin:74 - create IPUIPlugin
2022-09-02 16:44:44,124 [INFO] IPUIPlugin:74 - create IPUIPlugin
2022-09-02 16:44:44,124 [INFO] IPUIPlugin:74 - create IPUIPlugin
2022-09-02 16:44:44,124 [INFO] IPUIPlugin:74 - create IPUIPlugin
2022-09-02 16:44:44,124 [INFO] IPUIPlugin:74 - create IPUIPlugin
2022-09-02 16:44:44,125 [INFO] IPUIPlugin:74 - create IPUIPlugin
2022-09-02 16:44:44,125 [INFO] IPUIPlugin:74 - create IPUIPlugin
2022-09-02 16:44:44,125 [INFO] IPUIPlugin:74 - create IPUIPlugin
2022-09-02 16:44:44,126 [INFO] IPUIPlugin:74 - create IPUIPlugin
2022-09-02 16:44:44,126 [INFO] IPUIPlugin:74 - create IPUIPlugin
2022-09-02 16:44:44,126 [INFO] IPUIPlugin:74 - create IPUIPlugin
2022-09-02 16:44:44,126 [INFO] IPUIPlugin:74 - create IPUIPlugin
2022-09-02 16:44:44,127 [INFO] IPUIPlugin:74 - create IPUIPlugin
2022-09-02 16:44:44,127 [INFO] IPUIPlugin:74 - create IPUIPlugin
2022-09-02 16:44:44,128 [INFO] IPUIPlugin:74 - create IPUIPlugin
2022-09-02 16:44:44,128 [INFO] IPUIPlugin:74 - create IPUIPlugin
2022-09-02 16:44:44,128 [INFO] IPUIPlugin:74 - create IPUIPlugin
2022-09-02 16:44:44,129 [INFO] IPUIPlugin:74 - create IPUIPlugin
2022-09-02 16:44:44,241 [INFO] OpenFileManager:333 - Restore cursor
2022-09-02 16:44:44,575 [INFO] UtilMem:74 - End SaveConfig() Used Memory: 694507752 Bytes (943718400)
2022-09-02 16:44:44,653 [INFO] UtilMem:74 - End SaveConfig() Used Memory: 715160576 Bytes (943718400)
2022-09-02 16:44:44,910 [INFO] BlockDiagram:2740 - set Specific Code input for plugin: NVIC
2022-09-02 16:44:44,910 [INFO] BlockDiagram:2740 - set Specific Code input for plugin: SYS
2022-09-02 16:44:44,910 [INFO] BlockDiagram:2740 - set Specific Code input for plugin: RCC
2022-09-02 16:44:44,910 [INFO] CodeGenerator:663 - code generatio: config db path: C:\ST\STM32CubeIDE_1.7.0\STM32CubeIDE\plugins\com.st.stm32cube.common.mx_6.3.0.202107141111\\db\
2022-09-02 16:44:45,316 [INFO] CodeEngine:239 - oldGeneratedFile, D:\wangqing\embedded_system\demo_for_lab\MXTmpFiles\license.tmp_save
2022-09-02 16:44:45,738 [INFO] CodeEngine:257 - Generated code: D:\wangqing\embedded_system\demo_for_lab\MXTmpFiles\license.tmp
2022-09-02 16:44:45,847 [INFO] CodeEngine:239 - oldGeneratedFile, D:\wangqing\embedded_system\demo_for_lab\Core\Src\stm32f1xx_it.c_save
2022-09-02 16:44:45,972 [INFO] CodeEngine:257 - Generated code: D:\wangqing\embedded_system\demo_for_lab\Core\Src\stm32f1xx_it.c
2022-09-02 16:44:45,972 [INFO] CodeEngine:239 - oldGeneratedFile, D:\wangqing\embedded_system\demo_for_lab\Core\Inc\stm32f1xx_it.h_save
2022-09-02 16:44:46,019 [INFO] CodeEngine:257 - Generated code: D:\wangqing\embedded_system\demo_for_lab\Core\Inc\stm32f1xx_it.h
2022-09-02 16:44:46,035 [INFO] CodeEngine:239 - oldGeneratedFile, D:\wangqing\embedded_system\demo_for_lab\Core\Src\stm32f1xx_hal_msp.c_save
2022-09-02 16:44:46,144 [INFO] CodeEngine:257 - Generated code: D:\wangqing\embedded_system\demo_for_lab\Core\Src\stm32f1xx_hal_msp.c
2022-09-02 16:44:46,160 [INFO] CodeEngine:239 - oldGeneratedFile, D:\wangqing\embedded_system\demo_for_lab\MXTmpFiles\system.tmp_save
2022-09-02 16:44:46,191 [INFO] CodeEngine:257 - Generated code: D:\wangqing\embedded_system\demo_for_lab\MXTmpFiles\system.tmp
2022-09-02 16:44:46,207 [INFO] CodeEngine:239 - oldGeneratedFile, D:\wangqing\embedded_system\demo_for_lab\Core\Inc\stm32f1xx_hal_conf.h_save
2022-09-02 16:44:46,253 [INFO] CodeEngine:257 - Generated code: D:\wangqing\embedded_system\demo_for_lab\Core\Inc\stm32f1xx_hal_conf.h
2022-09-02 16:44:46,300 [INFO] CodeEngine:239 - oldGeneratedFile, D:\wangqing\embedded_system\demo_for_lab\Core\Inc\main.h_save
2022-09-02 16:44:46,347 [INFO] CodeEngine:257 - Generated code: D:\wangqing\embedded_system\demo_for_lab\Core\Inc\main.h
2022-09-02 16:44:46,363 [INFO] CodeEngine:239 - oldGeneratedFile, D:\wangqing\embedded_system\demo_for_lab\Core\Src\main.c_save
2022-09-02 16:44:46,441 [INFO] CodeEngine:257 - Generated code: D:\wangqing\embedded_system\demo_for_lab\Core\Src\main.c
2022-09-02 16:44:47,369 [INFO] ProjectBuilder:2578 - Time for Copy HAL[1] : 107mS.
2022-09-02 16:44:47,369 [INFO] ProjectBuilder:3622 - Project Generator version: 3.14.1
2022-09-02 16:44:47,776 [INFO] ConfigFileManager:1271 - The Die is : DIE414
2022-09-02 16:44:47,813 [INFO] ApiDbMcu:468 - Load IP Config File for FATFS
2022-09-02 16:44:47,845 [INFO] ApiDbMcu:468 - Load IP Config File for FREERTOS
2022-09-02 16:44:47,876 [INFO] ApiDbMcu:468 - Load IP Config File for USB_DEVICE
2022-09-02 16:44:51,557 [INFO] ProjectBuilder:3789 - Time for Generating toolchain IDE Files: 4188mS.
2022-09-02 16:44:51,557 [INFO] ProjectBuilder:2457 - Time for Copy CMSIS : 0mS.
2022-09-02 16:44:51,557 [INFO] ProjectBuilder:2457 - Time for Copy CMSIS : 0mS.
2022-09-02 16:44:51,873 [INFO] McuFinderGlobals:52 - Set McuFinderConnectedMode to true
2022-09-02 16:44:51,873 [INFO] ApiDb:276 - Save user favorites file C:\Users\wq/.stm32cubeide/favorites.mcus.txt: 0 item(s)
2022-09-02 16:44:51,873 [INFO] ApiDb:280 - User favorites MCUs=[]
2022-09-02 16:47:02,102 [INFO] Gpio:254 - dependency for GPIO [RCC, SYS]
2022-09-02 16:47:52,207 [INFO] Gpio:254 - dependency for GPIO [RCC, SYS]
2022-09-02 16:48:23,614 [INFO] Gpio:254 - dependency for GPIO [RCC, SYS]
2022-09-02 16:50:15,425 [INFO] UtilMem:74 - End SaveConfig() Used Memory: 751003328 Bytes (994050048)
2022-09-02 16:50:17,178 [INFO] UtilMem:74 - End SaveConfig() Used Memory: 775120576 Bytes (994050048)
2022-09-02 16:50:19,486 [INFO] UtilMem:74 - End SaveConfig() Used Memory: 704508312 Bytes (994050048)
2022-09-02 16:50:19,836 [INFO] BlockDiagram:2740 - set Specific Code input for plugin: NVIC
2022-09-02 16:50:19,836 [INFO] BlockDiagram:2740 - set Specific Code input for plugin: SYS
2022-09-02 16:50:19,836 [INFO] BlockDiagram:2740 - set Specific Code input for plugin: GPIO
2022-09-02 16:50:19,836 [INFO] BlockDiagram:2740 - set Specific Code input for plugin: RCC
2022-09-02 16:50:19,836 [INFO] CodeGenerator:663 - code generatio: config db path: C:\ST\STM32CubeIDE_1.7.0\STM32CubeIDE\plugins\com.st.stm32cube.common.mx_6.3.0.202107141111\\db\
2022-09-02 16:50:20,148 [INFO] CodeEngine:239 - oldGeneratedFile, D:\wangqing\embedded_system\demo_for_lab\MXTmpFiles\license.tmp_save
2022-09-02 16:50:20,211 [INFO] CodeEngine:257 - Generated code: D:\wangqing\embedded_system\demo_for_lab\MXTmpFiles\license.tmp
2022-09-02 16:50:20,270 [INFO] CodeEngine:239 - oldGeneratedFile, D:\wangqing\embedded_system\demo_for_lab\Core\Src\gpio.c_save
2022-09-02 16:50:20,364 [INFO] CodeEngine:257 - Generated code: D:\wangqing\embedded_system\demo_for_lab\Core\Src\gpio.c
2022-09-02 16:50:20,364 [INFO] CodeEngine:239 - oldGeneratedFile, D:\wangqing\embedded_system\demo_for_lab\Core\Inc\gpio.h_save
2022-09-02 16:50:20,442 [INFO] CodeEngine:257 - Generated code: D:\wangqing\embedded_system\demo_for_lab\Core\Inc\gpio.h
2022-09-02 16:50:20,504 [INFO] CodeEngine:239 - oldGeneratedFile, D:\wangqing\embedded_system\demo_for_lab\Core\Src\stm32f1xx_it.c_save
2022-09-02 16:50:20,583 [INFO] CodeEngine:257 - Generated code: D:\wangqing\embedded_system\demo_for_lab\Core\Src\stm32f1xx_it.c
2022-09-02 16:50:20,599 [INFO] CodeEngine:239 - oldGeneratedFile, D:\wangqing\embedded_system\demo_for_lab\Core\Inc\stm32f1xx_it.h_save
2022-09-02 16:50:20,661 [INFO] CodeEngine:257 - Generated code: D:\wangqing\embedded_system\demo_for_lab\Core\Inc\stm32f1xx_it.h
2022-09-02 16:50:20,677 [INFO] CodeEngine:239 - oldGeneratedFile, D:\wangqing\embedded_system\demo_for_lab\Core\Src\stm32f1xx_hal_msp.c_save
2022-09-02 16:50:20,802 [INFO] CodeEngine:257 - Generated code: D:\wangqing\embedded_system\demo_for_lab\Core\Src\stm32f1xx_hal_msp.c
2022-09-02 16:50:20,818 [INFO] CodeEngine:239 - oldGeneratedFile, D:\wangqing\embedded_system\demo_for_lab\MXTmpFiles\system.tmp_save
2022-09-02 16:50:20,865 [INFO] CodeEngine:257 - Generated code: D:\wangqing\embedded_system\demo_for_lab\MXTmpFiles\system.tmp
2022-09-02 16:50:20,865 [INFO] CodeEngine:239 - oldGeneratedFile, D:\wangqing\embedded_system\demo_for_lab\Core\Inc\stm32f1xx_hal_conf.h_save
2022-09-02 16:50:20,927 [INFO] CodeEngine:257 - Generated code: D:\wangqing\embedded_system\demo_for_lab\Core\Inc\stm32f1xx_hal_conf.h
2022-09-02 16:50:20,996 [INFO] CodeEngine:239 - oldGeneratedFile, D:\wangqing\embedded_system\demo_for_lab\Core\Inc\main.h_save
2022-09-02 16:50:21,046 [INFO] CodeEngine:257 - Generated code: D:\wangqing\embedded_system\demo_for_lab\Core\Inc\main.h
2022-09-02 16:50:21,062 [INFO] CodeEngine:239 - oldGeneratedFile, D:\wangqing\embedded_system\demo_for_lab\Core\Src\main.c_save
2022-09-02 16:50:21,140 [INFO] CodeEngine:257 - Generated code: D:\wangqing\embedded_system\demo_for_lab\Core\Src\main.c
2022-09-02 16:50:22,098 [INFO] ProjectBuilder:2578 - Time for Copy HAL[1] : 131mS.
2022-09-02 16:50:22,105 [INFO] ProjectBuilder:3622 - Project Generator version: 3.14.1
2022-09-02 16:50:22,662 [INFO] ConfigFileManager:1271 - The Die is : DIE414
2022-09-02 16:50:24,476 [INFO] ProjectBuilder:3789 - Time for Generating toolchain IDE Files: 2371mS.
2022-09-02 16:50:24,477 [INFO] ProjectBuilder:2457 - Time for Copy CMSIS : 0mS.
2022-09-02 16:50:24,480 [INFO] ProjectBuilder:2457 - Time for Copy CMSIS : 0mS.
