2023-12-12 16:10:04,262 [INFO] Activator:176 - 


2023-12-12 16:10:04,267 [INFO] Activator:177 - !SESSION log4j initialized
2023-12-12 16:10:11,164 [INFO] LogOutputStream:77 - [STDOUT_REDIRECT] 
2023-12-12 16:10:13,185 [INFO] ApplicationProperties:184 - Using Application install path: D:\software\STM32CubeIDE_1.13.2\STM32CubeIDE\plugins\com.st.stm32cube.common.mx_6.9.2.202309101412
2023-12-12 16:10:13,206 [INFO] DbMcusXml:78 - Set database path to: D:\software\STM32CubeIDE_1.13.2\STM32CubeIDE\plugins\com.st.stm32cube.common.mx_6.9.2.202309101412\\db\/mcu/
2023-12-12 16:10:13,206 [INFO] ApiDb:274 - Set plugin database path to: D:\software\STM32CubeIDE_1.13.2\STM32CubeIDE\plugins\com.st.stm32cube.common.mx_6.9.2.202309101412\\db\/plugins/boardmanager/
2023-12-12 16:10:13,207 [WARN] ApiDb:259 - Overriding images path with different value:  => D:\software\STM32CubeIDE_1.13.2\STM32CubeIDE\plugins\com.st.stm32cube.common.mx_6.9.2.202309101412\\db\/plugins/mcufinder/images/
2023-12-12 16:10:13,223 [INFO] ApiDb:250 - Set database path to: C:\Users\lenovo\.stmcufinder\plugins\mcufinder//mcu/
2023-12-12 16:10:13,224 [INFO] DbMcusAds:125 - Set database path to: C:\Users\lenovo\.stmcufinder\plugins\mcufinder//mcu/
2023-12-12 16:10:13,226 [INFO] CrossReferenceDbSqlite:203 - Set database path to: C:\Users\lenovo\.stmcufinder\plugins\mcufinder//mcu/cs/
2023-12-12 16:10:13,368 [INFO] RulesReader:64 - Compatibility file has been processed (293 Rules)
2023-12-12 16:10:13,513 [INFO] DbMcusXml:78 - Set database path to: D:\software\STM32CubeIDE_1.13.2\STM32CubeIDE\plugins\com.st.stm32cube.common.mx_6.9.2.202309101412\\db\/mcu/
2023-12-12 16:10:13,513 [INFO] ApiDb:274 - Set plugin database path to: D:\software\STM32CubeIDE_1.13.2\STM32CubeIDE\plugins\com.st.stm32cube.common.mx_6.9.2.202309101412\\db\/plugins/boardmanager/
2023-12-12 16:10:13,514 [INFO] ApiDb:261 - Set plugin images path to: D:\software\STM32CubeIDE_1.13.2\STM32CubeIDE\plugins\com.st.stm32cube.common.mx_6.9.2.202309101412\\db\/plugins/mcufinder/images/
2023-12-12 16:10:13,514 [WARN] DbFile:41 - Overriding database path with different value: C:\Users\lenovo\.stmcufinder\plugins\mcufinder/ => C:\Users\lenovo\.stmcufinder\plugins\mcufinder
2023-12-12 16:10:13,514 [INFO] ApiDb:250 - Set database path to: C:\Users\lenovo\.stmcufinder\plugins\mcufinder//mcu/
2023-12-12 16:10:13,514 [WARN] DbFile:41 - Overriding database path with different value: C:\Users\lenovo\.stmcufinder\plugins\mcufinder/ => C:\Users\lenovo\.stmcufinder\plugins\mcufinder
2023-12-12 16:10:13,514 [INFO] DbMcusAds:125 - Set database path to: C:\Users\lenovo\.stmcufinder\plugins\mcufinder//mcu/
2023-12-12 16:10:13,514 [WARN] DbFile:41 - Overriding database path with different value: C:\Users\lenovo\.stmcufinder\plugins\mcufinder/ => C:\Users\lenovo\.stmcufinder\plugins\mcufinder
2023-12-12 16:10:13,514 [WARN] DbFile:41 - Overriding database path with different value: C:\Users\lenovo\.stmcufinder\plugins\mcufinder/ => C:\Users\lenovo\.stmcufinder\plugins\mcufinder
2023-12-12 16:10:13,514 [INFO] CrossReferenceDbSqlite:203 - Set database path to: C:\Users\lenovo\.stmcufinder\plugins\mcufinder//mcu/cs/
2023-12-12 16:10:13,603 [INFO] MainPanel:262 - HeapMemory: 268435456
2023-12-12 16:10:13,699 [INFO] DbMcusXml:78 - Set database path to: D:\software\STM32CubeIDE_1.13.2\STM32CubeIDE\plugins\com.st.stm32cube.common.mx_6.9.2.202309101412\\db\/mcu/
2023-12-12 16:10:13,699 [INFO] ApiDb:274 - Set plugin database path to: D:\software\STM32CubeIDE_1.13.2\STM32CubeIDE\plugins\com.st.stm32cube.common.mx_6.9.2.202309101412\\db\/plugins/boardmanager/
2023-12-12 16:10:13,699 [INFO] ApiDb:261 - Set plugin images path to: D:\software\STM32CubeIDE_1.13.2\STM32CubeIDE\plugins\com.st.stm32cube.common.mx_6.9.2.202309101412\\db\/plugins/mcufinder/images/
2023-12-12 16:10:13,700 [WARN] DbFile:41 - Overriding database path with different value: C:\Users\lenovo\.stmcufinder\plugins\mcufinder/ => C:\Users\lenovo\.stmcufinder\plugins\mcufinder
2023-12-12 16:10:13,700 [INFO] ApiDb:250 - Set database path to: C:\Users\lenovo\.stmcufinder\plugins\mcufinder//mcu/
2023-12-12 16:10:13,700 [WARN] DbFile:41 - Overriding database path with different value: C:\Users\lenovo\.stmcufinder\plugins\mcufinder/ => C:\Users\lenovo\.stmcufinder\plugins\mcufinder
2023-12-12 16:10:13,700 [INFO] DbMcusAds:125 - Set database path to: C:\Users\lenovo\.stmcufinder\plugins\mcufinder//mcu/
2023-12-12 16:10:13,700 [WARN] DbFile:41 - Overriding database path with different value: C:\Users\lenovo\.stmcufinder\plugins\mcufinder/ => C:\Users\lenovo\.stmcufinder\plugins\mcufinder
2023-12-12 16:10:13,700 [WARN] DbFile:41 - Overriding database path with different value: C:\Users\lenovo\.stmcufinder\plugins\mcufinder/ => C:\Users\lenovo\.stmcufinder\plugins\mcufinder
2023-12-12 16:10:13,700 [INFO] CrossReferenceDbSqlite:203 - Set database path to: C:\Users\lenovo\.stmcufinder\plugins\mcufinder//mcu/cs/
2023-12-12 16:10:13,720 [INFO] ApplicationProperties:184 - Using Application install path: D:\software\STM32CubeIDE_1.13.2\STM32CubeIDE\plugins\com.st.stm32cube.common.mx_6.9.2.202309101412
2023-12-12 16:10:13,721 [INFO] PluginManage:196 - Search for loadable plugins [exclusion list=, ]
2023-12-12 16:10:13,722 [INFO] PluginManage:310 - Check plugin analytics
2023-12-12 16:10:13,872 [INFO] AnalyticsPlugin:253 - Accepted Software Licenses: STM32CubeMX.6.9.2
2023-12-12 16:10:13,872 [INFO] AnalyticsPlugin:255 - Accepted CMSIS Pack Licenses: 
2023-12-12 16:10:13,872 [INFO] AnalyticsPlugin:257 - Accepted Firmware Licenses: 
2023-12-12 16:10:13,875 [INFO] PluginManage:359 - Loaded plugin analytics (category:tool,tabindex:-1)
2023-12-12 16:10:13,876 [INFO] PluginManage:310 - Check plugin cadmodel
2023-12-12 16:10:13,883 [INFO] CADModel:105 - Init CAD model plugin
2023-12-12 16:10:13,883 [INFO] PluginManage:359 - Loaded plugin cadmodel (category:power,tabindex:5)
2023-12-12 16:10:13,884 [INFO] PluginManage:310 - Check plugin clock
2023-12-12 16:10:13,895 [INFO] PluginManage:359 - Loaded plugin clock (category:base,tabindex:2)
2023-12-12 16:10:13,896 [INFO] PluginManage:310 - Check plugin ddr
2023-12-12 16:10:13,899 [INFO] PluginManage:359 - Loaded plugin ddr (category:tool,tabindex:6)
2023-12-12 16:10:13,899 [INFO] PluginManage:310 - Check plugin filemanager
2023-12-12 16:10:14,018 [INFO] PluginManage:359 - Loaded plugin filemanager (category:base,tabindex:10)
2023-12-12 16:10:14,018 [INFO] PluginManage:310 - Check plugin ipmanager
2023-12-12 16:10:14,027 [INFO] PluginManage:359 - Loaded plugin ipmanager (category:base,tabindex:5)
2023-12-12 16:10:14,027 [INFO] PluginManage:310 - Check plugin lpbam
2023-12-12 16:10:14,035 [INFO] PluginManage:359 - Loaded plugin lpbam (category:base,tabindex:0)
2023-12-12 16:10:14,036 [INFO] PluginManage:310 - Check plugin memorymap
2023-12-12 16:10:14,049 [INFO] PluginManage:359 - Loaded plugin memorymap (category:base,tabindex:4)
2023-12-12 16:10:14,050 [INFO] PluginManage:310 - Check plugin pinoutandconfiguration
2023-12-12 16:10:14,058 [INFO] PluginManage:359 - Loaded plugin pinoutandconfiguration (category:base,tabindex:1)
2023-12-12 16:10:14,058 [INFO] PluginManage:310 - Check plugin pinoutconfig
2023-12-12 16:10:14,173 [WARN] SupportedApi:132 - Cannot load RTOS API schema: s4s-elt-must-match.1: The content of 'definitions' must match (annotation?, (simpleType | complexType)?, (unique | key | keyref)*)). A problem was found starting at: attribute.
2023-12-12 16:10:14,342 [INFO] PluginManage:359 - Loaded plugin pinoutconfig (category:base,tabindex:0)
2023-12-12 16:10:14,342 [INFO] PluginManage:310 - Check plugin power
2023-12-12 16:10:14,353 [INFO] PluginManage:359 - Loaded plugin power (category:power,tabindex:4)
2023-12-12 16:10:14,353 [INFO] PluginManage:310 - Check plugin projectmanager
2023-12-12 16:10:14,367 [INFO] PluginManage:359 - Loaded plugin projectmanager (category:projectmanager,tabindex:3)
2023-12-12 16:10:14,367 [INFO] PluginManage:310 - Check plugin thirdparty
2023-12-12 16:10:14,535 [INFO] PluginManage:359 - Loaded plugin thirdparty (category:base,tabindex:-1)
2023-12-12 16:10:14,535 [INFO] PluginManage:310 - Check plugin tools
2023-12-12 16:10:14,535 [WARN] IntegrityCheckThread:84 - waiting for thirdparty lock release [integrity check]
2023-12-12 16:10:14,536 [INFO] IntegrityCheckThread:86 - entering critical section [integrity check]
2023-12-12 16:10:14,536 [INFO] ThirdPartyUpdaterWithRetryManager:70 - Updater plugin not ready yet. [1/15]
2023-12-12 16:10:14,537 [INFO] PluginManage:359 - Loaded plugin tools (category:base,tabindex:7)
2023-12-12 16:10:14,537 [INFO] PluginManage:310 - Check plugin tutovideos
2023-12-12 16:10:14,714 [INFO] PluginManage:359 - Loaded plugin tutovideos (category:base,tabindex:-1)
2023-12-12 16:10:14,714 [INFO] PluginManage:310 - Check plugin updater
2023-12-12 16:10:14,724 [INFO] PluginManage:359 - Loaded plugin updater (category:base,tabindex:12)
2023-12-12 16:10:14,724 [INFO] PluginManage:310 - Check plugin userauth
2023-12-12 16:10:14,728 [INFO] UserAuth:113 - Init User Auth plugin
2023-12-12 16:10:14,728 [INFO] PluginManage:359 - Loaded plugin userauth (category:base,tabindex:14)
2023-12-12 16:10:14,729 [INFO] PluginManage:283 - PluginManage : Loaded plugins [17]
2023-12-12 16:10:14,940 [INFO] PinOutPanel:1499 - setPackage(No Configuration,No Configuration)
2023-12-12 16:10:15,054 [INFO] CADModel:165 - CPN selected for project level
2023-12-12 16:10:15,055 [INFO] CADModel:114 - Register for checkConnection events
2023-12-12 16:10:15,068 [INFO] IPUIPlugin:80 - create IPUIPlugin
2023-12-12 16:10:15,068 [INFO] PluginManager:220 - loadIPPluginJar : add adc
2023-12-12 16:10:15,070 [INFO] IPUIPlugin:80 - create IPUIPlugin
2023-12-12 16:10:15,071 [INFO] PluginManager:220 - loadIPPluginJar : add aes
2023-12-12 16:10:15,072 [INFO] IPUIPlugin:80 - create IPUIPlugin
2023-12-12 16:10:15,073 [INFO] PluginManager:220 - loadIPPluginJar : add can
2023-12-12 16:10:15,073 [INFO] IPUIPlugin:80 - create IPUIPlugin
2023-12-12 16:10:15,074 [INFO] PluginManager:220 - loadIPPluginJar : add comp
2023-12-12 16:10:15,075 [INFO] IPUIPlugin:80 - create IPUIPlugin
2023-12-12 16:10:15,075 [INFO] PluginManager:220 - loadIPPluginJar : add cryp
2023-12-12 16:10:15,077 [INFO] IPUIPlugin:80 - create IPUIPlugin
2023-12-12 16:10:15,077 [INFO] PluginManager:220 - loadIPPluginJar : add dfsdm
2023-12-12 16:10:15,082 [INFO] IPUIPlugin:80 - create IPUIPlugin
2023-12-12 16:10:15,082 [INFO] PluginManager:220 - loadIPPluginJar : add dma
2023-12-12 16:10:15,084 [INFO] IPUIPlugin:80 - create IPUIPlugin
2023-12-12 16:10:15,085 [INFO] PluginManager:220 - loadIPPluginJar : add dma3
2023-12-12 16:10:15,086 [INFO] IPUIPlugin:80 - create IPUIPlugin
2023-12-12 16:10:15,086 [INFO] PluginManager:220 - loadIPPluginJar : add fatfs
2023-12-12 16:10:15,089 [INFO] IPUIPlugin:80 - create IPUIPlugin
2023-12-12 16:10:15,089 [INFO] PluginManager:220 - loadIPPluginJar : add fmc
2023-12-12 16:10:15,092 [INFO] IPUIPlugin:80 - create IPUIPlugin
2023-12-12 16:10:15,093 [INFO] PluginManager:220 - loadIPPluginJar : add freertos
2023-12-12 16:10:15,094 [INFO] IPUIPlugin:80 - create IPUIPlugin
2023-12-12 16:10:15,094 [INFO] PluginManager:220 - loadIPPluginJar : add genericplugin
2023-12-12 16:10:15,095 [INFO] IPUIPlugin:80 - create IPUIPlugin
2023-12-12 16:10:15,095 [INFO] PluginManager:220 - loadIPPluginJar : add gfxmmu
2023-12-12 16:10:15,099 [INFO] IPUIPlugin:80 - create IPUIPlugin
2023-12-12 16:10:15,100 [INFO] PluginManager:220 - loadIPPluginJar : add gic
2023-12-12 16:10:15,103 [INFO] IPUIPlugin:80 - create IPUIPlugin
2023-12-12 16:10:15,103 [INFO] PluginManager:220 - loadIPPluginJar : add gpio
2023-12-12 16:10:15,105 [INFO] IPUIPlugin:80 - create IPUIPlugin
2023-12-12 16:10:15,105 [INFO] PluginManager:220 - loadIPPluginJar : add gtzc
2023-12-12 16:10:15,107 [INFO] IPUIPlugin:80 - create IPUIPlugin
2023-12-12 16:10:15,107 [INFO] PluginManager:220 - loadIPPluginJar : add hash
2023-12-12 16:10:15,109 [INFO] IPUIPlugin:80 - create IPUIPlugin
2023-12-12 16:10:15,110 [INFO] PluginManager:220 - loadIPPluginJar : add i2c
2023-12-12 16:10:15,112 [INFO] IPUIPlugin:80 - create IPUIPlugin
2023-12-12 16:10:15,112 [INFO] PluginManager:220 - loadIPPluginJar : add i2s
2023-12-12 16:10:15,114 [INFO] IPUIPlugin:80 - create IPUIPlugin
2023-12-12 16:10:15,114 [INFO] PluginManager:220 - loadIPPluginJar : add i3c
2023-12-12 16:10:15,117 [INFO] IPUIPlugin:80 - create IPUIPlugin
2023-12-12 16:10:15,117 [INFO] PluginManager:220 - loadIPPluginJar : add ipddr
2023-12-12 16:10:15,123 [INFO] IPUIPlugin:80 - create IPUIPlugin
2023-12-12 16:10:15,123 [INFO] PluginManager:220 - loadIPPluginJar : add linkedlist
2023-12-12 16:10:15,125 [INFO] IPUIPlugin:80 - create IPUIPlugin
2023-12-12 16:10:15,125 [INFO] PluginManager:220 - loadIPPluginJar : add lorawan
2023-12-12 16:10:15,126 [INFO] IPUIPlugin:80 - create IPUIPlugin
2023-12-12 16:10:15,127 [INFO] PluginManager:220 - loadIPPluginJar : add ltdc
2023-12-12 16:10:15,132 [INFO] IPUIPlugin:80 - create IPUIPlugin
2023-12-12 16:10:15,132 [INFO] PluginManager:220 - loadIPPluginJar : add mdma
2023-12-12 16:10:15,136 [INFO] IPUIPlugin:80 - create IPUIPlugin
2023-12-12 16:10:15,136 [INFO] PluginManager:220 - loadIPPluginJar : add nvic
2023-12-12 16:10:15,139 [INFO] IPUIPlugin:80 - create IPUIPlugin
2023-12-12 16:10:15,139 [INFO] PluginManager:220 - loadIPPluginJar : add opamp
2023-12-12 16:10:15,141 [INFO] IPUIPlugin:80 - create IPUIPlugin
2023-12-12 16:10:15,141 [INFO] PluginManager:220 - loadIPPluginJar : add openamp
2023-12-12 16:10:15,143 [INFO] IPUIPlugin:80 - create IPUIPlugin
2023-12-12 16:10:15,144 [INFO] PluginManager:220 - loadIPPluginJar : add pdm2pcm
2023-12-12 16:10:15,149 [INFO] IPUIPlugin:80 - create IPUIPlugin
2023-12-12 16:10:15,151 [INFO] PluginManager:220 - loadIPPluginJar : add plateformsettings
2023-12-12 16:10:15,152 [INFO] IPUIPlugin:80 - create IPUIPlugin
2023-12-12 16:10:15,152 [INFO] PluginManager:220 - loadIPPluginJar : add quadspi
2023-12-12 16:10:15,156 [INFO] IPUIPlugin:80 - create IPUIPlugin
2023-12-12 16:10:15,156 [INFO] PluginManager:220 - loadIPPluginJar : add resmgrutility
2023-12-12 16:10:15,158 [INFO] IPUIPlugin:80 - create IPUIPlugin
2023-12-12 16:10:15,159 [INFO] PluginManager:220 - loadIPPluginJar : add sai
2023-12-12 16:10:15,161 [INFO] IPUIPlugin:80 - create IPUIPlugin
2023-12-12 16:10:15,161 [INFO] PluginManager:220 - loadIPPluginJar : add spi
2023-12-12 16:10:15,165 [INFO] IPUIPlugin:80 - create IPUIPlugin
2023-12-12 16:10:15,165 [INFO] PluginManager:220 - loadIPPluginJar : add stm32_wpan
2023-12-12 16:10:15,166 [INFO] IPUIPlugin:80 - create IPUIPlugin
2023-12-12 16:10:15,167 [INFO] PluginManager:220 - loadIPPluginJar : add tim
2023-12-12 16:10:15,169 [INFO] IPUIPlugin:80 - create IPUIPlugin
2023-12-12 16:10:15,169 [INFO] PluginManager:220 - loadIPPluginJar : add touchsensing
2023-12-12 16:10:15,170 [INFO] IPUIPlugin:80 - create IPUIPlugin
2023-12-12 16:10:15,171 [INFO] PluginManager:220 - loadIPPluginJar : add tracer_emb
2023-12-12 16:10:15,172 [INFO] IPUIPlugin:80 - create IPUIPlugin
2023-12-12 16:10:15,172 [INFO] PluginManager:220 - loadIPPluginJar : add ts
2023-12-12 16:10:15,173 [INFO] IPUIPlugin:80 - create IPUIPlugin
2023-12-12 16:10:15,173 [INFO] PluginManager:220 - loadIPPluginJar : add tsc
2023-12-12 16:10:15,175 [INFO] IPUIPlugin:80 - create IPUIPlugin
2023-12-12 16:10:15,175 [INFO] PluginManager:220 - loadIPPluginJar : add ucpd
2023-12-12 16:10:15,177 [INFO] IPUIPlugin:80 - create IPUIPlugin
2023-12-12 16:10:15,177 [INFO] PluginManager:220 - loadIPPluginJar : add usart
2023-12-12 16:10:15,180 [INFO] IPUIPlugin:80 - create IPUIPlugin
2023-12-12 16:10:15,180 [INFO] PluginManager:220 - loadIPPluginJar : add usbx
2023-12-12 16:10:15,315 [INFO] CADModel:165 - CPN selected for project level
2023-12-12 16:10:15,315 [INFO] CADModel:114 - Register for checkConnection events
2023-12-12 16:10:15,316 [FATAL] Updater:308 - Updater called before beeing initialized
2023-12-12 16:10:15,316 [ERROR] CADModel:125 - Updater not yet initialized, retry later 
2023-12-12 16:10:15,449 [INFO] CADModel:165 - CPN selected for project level
2023-12-12 16:10:15,449 [INFO] CADModel:114 - Register for checkConnection events
2023-12-12 16:10:15,449 [FATAL] Updater:308 - Updater called before beeing initialized
2023-12-12 16:10:15,449 [ERROR] CADModel:125 - Updater not yet initialized, retry later 
2023-12-12 16:10:15,452 [FATAL] Updater:308 - Updater called before beeing initialized
2023-12-12 16:10:15,554 [FATAL] Updater:308 - Updater called before beeing initialized
2023-12-12 16:10:15,558 [INFO] DbMcusAds:53 - JSON generation date=Wed Nov 29 18:52:38 CST 2023 (1701255158764)
2023-12-12 16:10:15,558 [FATAL] Updater:308 - Updater called before beeing initialized
2023-12-12 16:10:15,591 [WARN] DetailPanel:346 - Failed to get advertising image, set to default
2023-12-12 16:10:15,708 [FATAL] Updater:308 - Updater called before beeing initialized
2023-12-12 16:10:15,716 [FATAL] Updater:308 - Updater called before beeing initialized
2023-12-12 16:10:15,730 [FATAL] Updater:308 - Updater called before beeing initialized
2023-12-12 16:10:15,730 [WARN] DetailPanel:346 - Failed to get advertising image, set to default
2023-12-12 16:10:15,735 [FATAL] Updater:308 - Updater called before beeing initialized
2023-12-12 16:10:15,781 [ERROR] Updater:1120 - MainUpdater not yet initialized. External WinMGr cannot be set.
2023-12-12 16:10:15,783 [INFO] Updater:1056 - Updater Version found : 6.9.2
2023-12-12 16:10:15,802 [INFO] ApplicationProperties:184 - Using Application install path: D:\software\STM32CubeIDE_1.13.2\STM32CubeIDE\plugins\com.st.stm32cube.common.mx_6.9.2.202309101412
2023-12-12 16:10:15,995 [INFO] MainUpdater:2868 - connection check result : 10
2023-12-12 16:10:15,996 [INFO] MainUpdater:285 - Updater Check For Update Now.
2023-12-12 16:10:15,998 [INFO] MicroXplorer:498 - Change Database Version : DB.6.0.92
2023-12-12 16:10:16,006 [INFO] McuFinderGlobals:63 - Set McuFinder mode to 2 (CubeIDE integrated)
2023-12-12 16:10:16,181 [INFO] CheckServerUpdateThread:120 - End of CheckServer Thread
2023-12-12 16:10:18,041 [WARN] PackLoader:240 - Cannot read IP mode file for STMicroelectronics.X-CUBE-SMBUS.2.1.0
2023-12-12 16:10:18,150 [WARN] PackLoader:240 - Cannot read IP mode file for STMicroelectronics.X-CUBE-AZRTOS-F7.1.1.0
2023-12-12 16:10:18,172 [WARN] PackLoader:240 - Cannot read IP mode file for STMicroelectronics.FP-SNS-MOTENV1.4.3.2
2023-12-12 16:10:18,188 [WARN] PackLoader:240 - Cannot read IP mode file for STMicroelectronics.FP-SNS-FLIGHT1.5.0.2
2023-12-12 16:10:18,212 [WARN] PackLoader:240 - Cannot read IP mode file for STMicroelectronics.X-CUBE-DISPLAY.3.0.0
2023-12-12 16:10:18,250 [WARN] PackLoader:240 - Cannot read IP mode file for STMicroelectronics.X-CUBE-BLE1.7.0.0
2023-12-12 16:10:18,264 [WARN] PackLoader:240 - Cannot read IP mode file for emotas.I-CUBE-CANOPEN.1.3.0
2023-12-12 16:10:18,279 [WARN] PackLoader:240 - Cannot read IP mode file for STMicroelectronics.X-CUBE-TOUCHGFX.4.22.0
2023-12-12 16:10:18,284 [WARN] PackLoader:240 - Cannot read IP mode file for STMicroelectronics.X-CUBE-TOUCHGFX.4.22.1
2023-12-12 16:10:18,296 [WARN] PackLoader:240 - Cannot read IP mode file for STMicroelectronics.FP-SNS-SMARTAG2.1.2.0
2023-12-12 16:10:18,333 [INFO] LogOutputStream:77 - [STDOUT_REDIRECT] 1 : Invalid condition id : UX_CORESTACK_Condition cause : null
2023-12-12 16:10:18,334 [INFO] LogOutputStream:77 - [STDOUT_REDIRECT] 1 : Invalid condition id : UX_CORESTACK_Condition cause : null
2023-12-12 16:10:18,338 [INFO] LogOutputStream:77 - [STDOUT_REDIRECT] 1 : Invalid condition id : UX_CORESTACK_Condition cause : null
2023-12-12 16:10:18,341 [INFO] LogOutputStream:77 - [STDOUT_REDIRECT] 1 : Invalid condition id : UX_CORESTACK_Condition cause : null
2023-12-12 16:10:18,344 [INFO] LogOutputStream:77 - [STDOUT_REDIRECT] 1 : Invalid condition id : UX_CORESTACK_Condition cause : null
2023-12-12 16:10:18,355 [WARN] PackLoader:240 - Cannot read IP mode file for STMicroelectronics.X-CUBE-AZRTOS-WL.2.0.0
2023-12-12 16:10:18,384 [WARN] PackLoader:240 - Cannot read IP mode file for WES.I-CUBE-Cesium.1.3.0
2023-12-12 16:10:18,401 [WARN] PackLoader:240 - Cannot read IP mode file for STMicroelectronics.X-CUBE-BLE2.3.3.0
2023-12-12 16:10:18,423 [WARN] PackLoader:240 - Cannot read IP mode file for STMicroelectronics.X-CUBE-ALGOBUILD.1.3.0
2023-12-12 16:10:18,463 [WARN] PackLoader:240 - Cannot read IP mode file for STMicroelectronics.X-CUBE-AZRTOS-G0.1.1.0
2023-12-12 16:10:18,480 [WARN] PackLoader:240 - Cannot read IP mode file for STMicroelectronics.X-CUBE-NFC4.3.0.0
2023-12-12 16:10:18,513 [WARN] PackLoader:240 - Cannot read IP mode file for STMicroelectronics.X-CUBE-BLEMGR.3.0.0
2023-12-12 16:10:18,536 [WARN] PackLoader:240 - Cannot read IP mode file for STMicroelectronics.FP-ATR-SIGFOX1.3.2.0
2023-12-12 16:10:18,626 [WARN] PackLoader:240 - Cannot read IP mode file for SEGGER.I-CUBE-embOS.1.3.1
2023-12-12 16:10:18,722 [WARN] PackLoader:240 - Cannot read IP mode file for STMicroelectronics.X-CUBE-GNSS1.6.0.0
2023-12-12 16:10:18,768 [WARN] PackLoader:240 - Cannot read IP mode file for STMicroelectronics.X-CUBE-AZRTOS-F4.1.1.0
2023-12-12 16:10:18,785 [WARN] PackLoader:240 - Cannot read IP mode file for wolfSSL.I-CUBE-wolfSSL.5.6.3
2023-12-12 16:10:18,813 [WARN] PackLoader:240 - Cannot read IP mode file for STMicroelectronics.X-CUBE-AZRTOS-L5.2.0.0
2023-12-12 16:10:18,896 [WARN] PackLoader:240 - Cannot read IP mode file for STMicroelectronics.X-CUBE-MEMS1.9.6.0
2023-12-12 16:10:19,347 [WARN] PackLoader:240 - Cannot read IP mode file for STMicroelectronics.X-CUBE-EEPRMA1.4.2.0
2023-12-12 16:10:19,366 [WARN] PackLoader:240 - Cannot read IP mode file for ITTIA_DB.I-CUBE-ITTIADB.8.8.0
2023-12-12 16:10:19,382 [WARN] PackLoader:240 - Cannot read IP mode file for STMicroelectronics.X-CUBE-BLEMGR.2.0.0
2023-12-12 16:10:19,421 [WARN] ConditionMgr:438 - getConditionDescription Invalid condition id : UX DEVICE CLASS RTOS Condition cause : null
2023-12-12 16:10:19,421 [WARN] ConditionMgr:438 - getConditionDescription Invalid condition id : UX DEVICE CLASS RTOS Condition cause : null
2023-12-12 16:10:19,430 [WARN] PackLoader:240 - Cannot read IP mode file for STMicroelectronics.X-CUBE-AZRTOS-H7.3.1.0
2023-12-12 16:10:19,432 [WARN] ConditionMgr:1039 - genDependencies : Invalid condition id : UX DEVICE CLASS RTOS Condition cause : null
2023-12-12 16:10:19,434 [WARN] ConditionMgr:1039 - genDependencies : Invalid condition id : UX DEVICE CLASS RTOS Condition cause : null
2023-12-12 16:10:19,435 [WARN] ConditionMgr:1039 - genDependencies : Invalid condition id : UX DEVICE CLASS RTOS Condition cause : null
2023-12-12 16:10:19,436 [WARN] ConditionMgr:1039 - genDependencies : Invalid condition id : UX DEVICE CLASS RTOS Condition cause : null
2023-12-12 16:10:19,437 [WARN] ConditionMgr:1039 - genDependencies : Invalid condition id : UX DEVICE CLASS RTOS Condition cause : null
2023-12-12 16:10:19,459 [WARN] PackLoader:240 - Cannot read IP mode file for STMicroelectronics.X-CUBE-NFC7.1.0.1
2023-12-12 16:10:19,482 [WARN] PackLoader:240 - Cannot read IP mode file for STMicroelectronics.X-CUBE-NFC6.3.0.0
2023-12-12 16:10:19,498 [WARN] PackLoader:240 - Cannot read IP mode file for STMicroelectronics.X-CUBE-EEPRMA1.4.1.0
2023-12-12 16:10:19,514 [WARN] PackLoader:240 - Cannot read IP mode file for STMicroelectronics.X-CUBE-AI.8.1.0
2023-12-12 16:10:19,540 [WARN] ConditionMgr:438 - getConditionDescription Invalid condition id : LAN8742 Phy interface Condition cause : null
2023-12-12 16:10:19,541 [WARN] PackLoader:240 - Cannot read IP mode file for STMicroelectronics.X-CUBE-AZRTOS-L4.2.0.0
2023-12-12 16:10:19,543 [WARN] ConditionMgr:1039 - genDependencies : Invalid condition id : LAN8742 Phy interface Condition cause : null
2023-12-12 16:10:19,544 [WARN] ConditionMgr:1039 - genDependencies : Invalid condition id : LAN8742 Phy interface Condition cause : null
2023-12-12 16:10:19,546 [WARN] ConditionMgr:1039 - genDependencies : Invalid condition id : LAN8742 Phy interface Condition cause : null
2023-12-12 16:10:19,572 [WARN] PackLoader:240 - Cannot read IP mode file for STMicroelectronics.X-CUBE-SFXS2LP1.4.0.0
2023-12-12 16:10:19,586 [WARN] PackLoader:240 - Cannot read IP mode file for STMicroelectronics.X-CUBE-ISPU.1.1.0
2023-12-12 16:10:19,605 [WARN] ConditionMgr:438 - getConditionDescription Invalid condition id : UX DEVICE CLASS RTOS Condition cause : null
2023-12-12 16:10:19,606 [WARN] ConditionMgr:438 - getConditionDescription Invalid condition id : UX DEVICE CLASS RTOS Condition cause : null
2023-12-12 16:10:19,613 [WARN] PackLoader:240 - Cannot read IP mode file for STMicroelectronics.X-CUBE-AZRTOS-WB.2.0.0
2023-12-12 16:10:19,614 [WARN] ConditionMgr:1039 - genDependencies : Invalid condition id : UX DEVICE CLASS RTOS Condition cause : null
2023-12-12 16:10:19,615 [WARN] ConditionMgr:1039 - genDependencies : Invalid condition id : UX DEVICE CLASS RTOS Condition cause : null
2023-12-12 16:10:19,616 [WARN] ConditionMgr:1039 - genDependencies : Invalid condition id : UX DEVICE CLASS RTOS Condition cause : null
2023-12-12 16:10:19,616 [WARN] ConditionMgr:1039 - genDependencies : Invalid condition id : UX DEVICE CLASS RTOS Condition cause : null
2023-12-12 16:10:19,617 [WARN] ConditionMgr:1039 - genDependencies : Invalid condition id : UX DEVICE CLASS RTOS Condition cause : null
2023-12-12 16:10:19,640 [WARN] PackLoader:240 - Cannot read IP mode file for STMicroelectronics.X-CUBE-SUBG2.5.0.0
2023-12-12 16:10:19,669 [WARN] PackLoader:240 - Cannot read IP mode file for STMicroelectronics.X-CUBE-TOF1.3.3.1
2023-12-12 16:10:19,715 [WARN] PackLoader:240 - Cannot read IP mode file for STMicroelectronics.X-CUBE-AZRTOS-G4.2.0.0
2023-12-12 16:10:19,750 [WARN] PackLoader:240 - Cannot read IP mode file for Infineon.AIROC-Wi-Fi-Bluetooth-STM32.1.5.1
2023-12-12 16:10:19,767 [WARN] PackLoader:240 - Cannot read IP mode file for STMicroelectronics.FP-SNS-MOTENVWB1.1.3.0
2023-12-12 16:10:19,778 [WARN] PackLoader:240 - Cannot read IP mode file for STMicroelectronics.FP-SNS-MOTENVWB1.1.3.1
2023-12-12 16:10:19,785 [WARN] PackLoader:240 - Cannot read IP mode file for STMicroelectronics.X-CUBE-ISPU.2.0.0
2023-12-12 16:10:19,853 [WARN] PackLoader:240 - Cannot read IP mode file for STMicroelectronics.X-CUBE-MEMS1.10.0.0
2023-12-12 16:10:20,103 [WARN] PackLoader:240 - Cannot read IP mode file for STMicroelectronics.X-CUBE-FREERTOS.1.1.0
2023-12-12 16:10:20,118 [WARN] PackLoader:240 - Cannot read IP mode file for portGmbH.I-Cube-SoM-uGOAL.1.1.0
2023-12-12 16:10:20,132 [WARN] PackLoader:240 - Cannot read IP mode file for STMicroelectronics.X-CUBE-ALS.1.0.1
2023-12-12 16:10:20,145 [WARN] PackLoader:240 - Cannot read IP mode file for STMicroelectronics.FP-ATR-ASTRA1.2.0.0
2023-12-12 16:10:20,170 [WARN] PackLoader:240 - Cannot read IP mode file for STMicroelectronics.X-CUBE-TOF1.3.4.0
2023-12-12 16:10:20,233 [WARN] PackLoader:240 - Cannot read IP mode file for STMicroelectronics.X-CUBE-AZRTOS-H7.3.2.0
2023-12-12 16:10:20,246 [INFO] ThirdParty:978 - Integrity check success = true
2023-12-12 16:10:20,247 [INFO] IntegrityCheckThread:100 - exiting critical section [integrity check]
2023-12-12 16:10:20,247 [INFO] IntegrityCheckThread:103 - End integrity checks thread
2023-12-12 16:10:38,225 [ERROR] LogOutputStream:75 - [STDERR_REDIRECT] SLF4J: Failed to load class "org.slf4j.impl.StaticLoggerBinder".
2023-12-12 16:10:38,225 [ERROR] LogOutputStream:75 - [STDERR_REDIRECT] SLF4J: Defaulting to no-operation (NOP) logger implementation
2023-12-12 16:10:38,241 [ERROR] LogOutputStream:75 - [STDERR_REDIRECT] SLF4J: See http://www.slf4j.org/codes.html#StaticLoggerBinder for further details.
2023-12-12 16:16:39,955 [INFO] McuFinderGlobals:63 - Set McuFinder mode to 2 (CubeIDE integrated)
2023-12-12 16:16:39,955 [INFO] MainUpdater:2868 - connection check result : 10
2023-12-12 16:16:39,970 [INFO] McuFinderGlobals:76 - Set McuFinderConnectedMode to true
2023-12-12 16:16:40,270 [INFO] ServerAccessManage:473 - Download File mcusAds.json._tmp_
2023-12-12 16:16:40,398 [INFO] LoadUrlFilesThread:156 - End of LoadUrlFiles Thread
2023-12-12 16:16:40,596 [INFO] ServerAccessManage:473 - Download File cube-finder-db.zip
2023-12-12 16:16:41,807 [INFO] FileExtend:240 - Unzip File : cube-finder-db.zip
2023-12-12 16:16:41,807 [INFO] FileExtend:255 - Standard Zip Deflate
2023-12-12 16:16:42,908 [INFO] LoadUrlFilesThread:156 - End of LoadUrlFiles Thread
2023-12-12 16:16:44,449 [INFO] ServerAccessManage:473 - Download File crdb.zip
2023-12-12 16:16:46,441 [INFO] FileExtend:240 - Unzip File : crdb.zip
2023-12-12 16:16:46,441 [INFO] FileExtend:255 - Standard Zip Deflate
2023-12-12 16:16:46,617 [INFO] LoadUrlFilesThread:156 - End of LoadUrlFiles Thread
2023-12-12 16:16:46,706 [INFO] ServerAccessManage:473 - Download File tutoVideoDB.zip
2023-12-12 16:16:46,713 [INFO] FileExtend:240 - Unzip File : tutoVideoDB.zip
2023-12-12 16:16:46,714 [INFO] FileExtend:255 - Standard Zip Deflate
2023-12-12 16:16:46,833 [INFO] LoadUrlFilesThread:156 - End of LoadUrlFiles Thread
2023-12-12 16:16:46,846 [WARN] DbFile:41 - Overriding database path with different value: C:\Users\lenovo\.stmcufinder\plugins\mcufinder/ => C:\Users\lenovo\.stmcufinder\plugins\mcufinder
2023-12-12 16:16:46,940 [INFO] ServerAccessManage:473 - Download File api_config.json
2023-12-12 16:16:47,056 [INFO] LoadUrlFilesThread:156 - End of LoadUrlFiles Thread
2023-12-12 16:16:47,064 [INFO] DbMcusAds:53 - JSON generation date=Wed Nov 29 18:52:38 CST 2023 (1701255158764)
2023-12-12 16:16:47,128 [INFO] LoadUrlFilesThread:185 - End of LoadServerUrlFiles without Thread
2023-12-12 16:16:47,129 [INFO] TargetSelectorAdapter:259 - Refresh data is successful
2023-12-12 16:16:47,322 [INFO] ApiDb:581 - Connected to CubeFinder SQLite database (C:\Users\lenovo\.stmcufinder\plugins\mcufinder\mcu\cube-finder-db.db)
2023-12-12 16:16:47,408 [INFO] ApiDb:668 - CubeFinder database Data Model version=2.1
2023-12-12 16:16:47,409 [INFO] ApiDb:669 - CubeFinder database Configuration version=3.0.39
2023-12-12 16:16:47,409 [INFO] ApiDb:670 - CubeFinder database generation date=2023-11-06 (1699269565)
2023-12-12 16:16:47,409 [INFO] ApiDb:671 - CubeFinder database FW Pack versions=[FP-ATR-ASTRA1_V2.0.0, FP-SNS-FLIGHT1_V5.0.1, FP-SNS-FLIGHT1_V5.0.2, FP-SNS-MOTENV1_V4.3.1, FP-SNS-MOTENV1_V4.3.2, FP-SNS-MOTENVWB1_V1.3.0, FP-SNS-SMARTAG2_V1.2.0, STM32Cube_FW_C0_V1.1.0, STM32Cube_FW_F4_V1.28.0, STM32Cube_FW_F7_V1.17.0, STM32Cube_FW_G0_V1.6.1, STM32Cube_FW_G4_V1.5.1, STM32Cube_FW_H5_V0.5.1, STM32Cube_FW_H5_V1.1.1, STM32Cube_FW_H5_V1.2.0RC2, STM32Cube_FW_H7_V1.11.0, STM32Cube_FW_L0_V1.12.2, STM32Cube_FW_L5_V1.5.0, STM32Cube_FW_U5_V1.3.0RC4, STM32Cube_FW_U5_V1.4.0, STM32Cube_FW_WBA_V1.0.0RC1, STM32Cube_FW_WBA_V1.1.0RC1, STM32Cube_FW_WBA_V1.2.0, STM32Cube_FW_WBA_V1.2.0RC2, STM32Cube_FW_WB_V1.15.0RC1, STM32Cube_FW_WB_V1.16.0, STM32Cube_FW_WB_V1.16.0RC2, STM32Cube_FW_WB_V1.18.0, STM32Cube_FW_WL_V1.3.0, X-CUBE-ALGOBUILD_V1.3.0, X-CUBE-ALS_V1.0.1, X-CUBE-AZRTOS-F4_V1.1.0, X-CUBE-AZRTOS-F7_V1.1.0, X-CUBE-AZRTOS-G0_V1.1.0, X-CUBE-AZRTOS-G4_V2.0.0, X-CUBE-AZRTOS-H7_V3.1.0, X-CUBE-AZRTOS-L4_V1.0.0, X-CUBE-AZRTOS-L4_V2.0.0, X-CUBE-AZRTOS-L5_V1.1.0, X-CUBE-AZRTOS-WB_V2.0.0, X-CUBE-AZRTOS-WL_V2.0.0, X-CUBE-BLE1_V7.0.0, X-CUBE-BLE2_V3.3.0, X-CUBE-BLEMGR_V2.0.0, X-CUBE-EEPRMA1_V4.1.0, X-CUBE-EEPRMA1_V4.2.0, X-CUBE-FREERTOS_V1.1.0, X-CUBE-GNSS1_V6.0.0, X-CUBE-MEMS1_V10.0.0, X-CUBE-MEMS1_V9.1.0, X-CUBE-MEMS1_V9.4.0, X-CUBE-MEMS1_V9.6.0, X-CUBE-NFC4_V3.0.0, X-CUBE-NFC7_V1.0.1, X-CUBE-SFXS2LP1_V4.0.0, X-CUBE-SUBG2_V5.0.0, X-CUBE-TOF1_V3.3.1]
2023-12-12 16:16:49,877 [INFO] ApiDb:240 - Found 323 in-development CPN: [B-G473E-ZEST1S, B-WB1M-WPAN1, B-WL5M-SUBG1, NUCLEO-C031C6, NUCLEO-H503RB, NUCLEO-H563ZI, NUCLEO-U545RE-Q, NUCLEO-U5A5ZJ-Q, NUCLEO-WBA52CG, STEVAL-PROTEUS1, STEVAL-SMARTAG2, STEVAL-STWINBX1, STM320518-EVAL, STM32C0116-DK, STM32C011D6Y3TR, STM32C011D6Y6TR, STM32C011F4P3, STM32C011F4P6, STM32C011F4U3, STM32C011F4U6TR, STM32C011F6P3, STM32C011F6P6, STM32C011F6U3, STM32C011F6U6TR, STM32C011J4M3, STM32C011J4M6, STM32C011J6M3, STM32C011J6M6, STM32C0316-DK, STM32C031C4T3, STM32C031C4T6, STM32C031C4U3, STM32C031C4U6, STM32C031C6T3, STM32C031C6T6, STM32C031C6U3, STM32C031C6U6, STM32C031F4P3, STM32C031F4P6, STM32C031F6P3, STM32C031F6P6, STM32C031G4U3, STM32C031G4U6, STM32C031G6U3, STM32C031G6U6, STM32C031K4T3, STM32C031K4T6, STM32C031K4U3, STM32C031K4U6, STM32C031K6T3, STM32C031K6T6, STM32C031K6U3, STM32C031K6U6, STM32G071K8TXN, STM32G071K8UXN, STM32G081GBU6N, STM32G081KBT6N, STM32G081KBUXN, STM32G0B1CCT6N, STM32G0B1KCT6, STM32G0B1NEY6TR, STM32G0B1RCT6N, STM32G0C1CCT6, STM32G0C1CCT6N, STM32G0C1CCU6N, STM32G0C1CET6N, STM32G0C1CEU6N, STM32G0C1KCT6, STM32G0C1NEY6TR, STM32G0C1RCI6N, STM32G0C1RCT6N, STM32G0C1REI6N, STM32G0C1RET6N, STM32G0C1VCI6, STM32G0C1VEI6, STM32G471CCT6, STM32G471CCU6, STM32G471CET3, STM32G471CET6, STM32G471CEU3, STM32G471CEU6, STM32G471MCT6, STM32G471MET3, STM32G471MET6, STM32G471MEY6TR, STM32G471QCT6, STM32G471QET3, STM32G471RCT6, STM32G471RET3, STM32G471RET6, STM32G471VCH6, STM32G471VCI6, STM32G471VCT6, STM32G471VEH3, STM32G471VEH6, STM32G471VEI3, STM32G471VEI6, STM32G471VET3, STM32G471VET6, STM32G474CCT6, STM32H503CBT6, STM32H503CBU6, STM32H503EBY6TR, STM32H503KBU6, STM32H503RBT6, STM32H562AGI6, STM32H562AII6, STM32H562IGK6, STM32H562IGT6, STM32H562IIK6, STM32H562IIT6, STM32H562RGT6, STM32H562RGV6, STM32H562RIT6, STM32H562RIV6, STM32H562VGT6, STM32H562VIT6, STM32H562ZGT6, STM32H562ZIT6, STM32H563AGI6, STM32H563AII3Q, STM32H563AII6, STM32H563IGK6, STM32H563IGT6, STM32H563IIK3Q, STM32H563IIK6, STM32H563IIT3Q, STM32H563IIT6, STM32H563MIY3QTR, STM32H563RGT6, STM32H563RGV6, STM32H563RIT6, STM32H563RIV6, STM32H563VGT6, STM32H563VIT3Q, STM32H563VIT6, STM32H563ZGT6, STM32H563ZIT3Q, STM32H563ZIT6, STM32H573AII3Q, STM32H573AII6, STM32H573I-DK, STM32H573IIK3Q, STM32H573IIK6, STM32H573IIT3Q, STM32H573IIT6, STM32H573MIY3QTR, STM32H573RIT6, STM32H573RIV6, STM32H573VIT3Q, STM32H573VIT6, STM32H573ZIT3Q, STM32H573ZIT6, STM32L4R5QGI6STR, STM32MP131AAE3, STM32MP131AAF3, STM32MP131AAG3, STM32MP131CAE3, STM32MP131CAF3, STM32MP131CAG3, STM32MP131DAE7, STM32MP131DAF7, STM32MP131DAG7, STM32MP131FAE7, STM32MP131FAF7, STM32MP131FAG7, STM32MP133AAE3, STM32MP133AAF3, STM32MP133AAG3, STM32MP133CAE3, STM32MP133CAF3, STM32MP133CAG3, STM32MP133DAE7, STM32MP133DAF7, STM32MP133DAG7, STM32MP133FAE7, STM32MP133FAF7, STM32MP133FAG7, STM32MP135AAE3, STM32MP135AAF3, STM32MP135AAG3, STM32MP135CAE3, STM32MP135CAF3, STM32MP135CAG3, STM32MP135DAE7, STM32MP135DAF7, STM32MP135DAG7, STM32MP135F-DK, STM32MP135FAE7, STM32MP135FAF7, STM32MP135FAF7T, STM32MP135FAF7U, STM32MP135FAG7, STM32U535CBT6, STM32U535CBT6Q, STM32U535CBU6, STM32U535CBU6Q, STM32U535CCT6, STM32U535CCT6Q, STM32U535CCU6, STM32U535CCU6Q, STM32U535CET6, STM32U535CET6Q, STM32U535CEU6, STM32U535CEU6Q, STM32U535JEY6QTR, STM32U535NCY6QTR, STM32U535NEY6QTR, STM32U535RBI6, STM32U535RBI6Q, STM32U535RBT6, STM32U535RBT6Q, STM32U535RCI6, STM32U535RCI6Q, STM32U535RCT6, STM32U535RCT6Q, STM32U535REI6, STM32U535REI6Q, STM32U535RET6, STM32U535RET6Q, STM32U535VCI6, STM32U535VCI6Q, STM32U535VCT6, STM32U535VCT6Q, STM32U535VEI6, STM32U535VEI6Q, STM32U535VET6, STM32U535VET6Q, STM32U545CET6, STM32U545CET6Q, STM32U545CEU6, STM32U545CEU6Q, STM32U545JEY6QTR, STM32U545NEY6QTR, STM32U545REI6, STM32U545REI6Q, STM32U545RET6, STM32U545RET6Q, STM32U545VEI6, STM32U545VEI6Q, STM32U545VET6, STM32U545VET6Q, STM32U595AIH6, STM32U595AIH6Q, STM32U595AJH6, STM32U595AJH6Q, STM32U595QII6, STM32U595QII6Q, STM32U595QJI6, STM32U595QJI6Q, STM32U595RIT6, STM32U595RIT6Q, STM32U595RJT6, STM32U595RJT6Q, STM32U595VIT6, STM32U595VIT6Q, STM32U595VJT6, STM32U595VJT6Q, STM32U595ZIT6, STM32U595ZIT6Q, STM32U595ZIY6QTR, STM32U595ZJT6, STM32U595ZJT6Q, STM32U595ZJY6QTR, STM32U599BJY6QTR, STM32U599NIH6Q, STM32U599NJH6Q, STM32U599VIT6Q, STM32U599VJT6, STM32U599VJT6Q, STM32U599ZIT6Q, STM32U599ZIY6QTR, STM32U599ZJT6Q, STM32U599ZJY6QTR, STM32U5A5AJH6, STM32U5A5AJH6Q, STM32U5A5QJI6, STM32U5A5QJI6Q, STM32U5A5RJT6, STM32U5A5RJT6Q, STM32U5A5VJT6, STM32U5A5VJT6Q, STM32U5A5ZJT6, STM32U5A5ZJT6Q, STM32U5A5ZJY6QTR, STM32U5A9BJY6QTR, STM32U5A9J-DK, STM32U5A9NJH6Q, STM32U5A9VJT6Q, STM32U5A9ZJT6Q, STM32U5A9ZJY6QTR, STM32U5F7VIT6, STM32U5F7VIT6Q, STM32U5F7VJT6, STM32U5F7VJT6Q, STM32U5F9BJY6QTR, STM32U5F9NJH6Q, STM32U5F9VIT6Q, STM32U5F9VJT6Q, STM32U5F9ZIJ6QTR, STM32U5F9ZIT6Q, STM32U5F9ZJJ6QTR, STM32U5F9ZJT6Q, STM32U5G7VJT6, STM32U5G7VJT6Q, STM32U5G9BJY6QTR, STM32U5G9J-DK1, STM32U5G9J-DK2, STM32U5G9NJH6Q, STM32U5G9VJT6Q, STM32U5G9ZJJ6QTR, STM32U5G9ZJT6Q, STM32WB1MMCH6, STM32WBA52CEU6, STM32WBA52CEU6T, STM32WBA52CGU6, STM32WBA52CGU6T, STM32WBA52KEU6, STM32WBA52KEU6T, STM32WBA52KGU6, STM32WBA52KGU6T, STM32WL5MOCH6, STM32WL5MOCH6TR]
2023-12-12 16:16:49,887 [INFO] DbMcus:217 - Found 3882 MCUs, 3882 are supported
2023-12-12 16:16:49,901 [INFO] ApiDb:423 - Load user favorites file C:\Users\lenovo/.stm32cubeide/favorites.mcus.txt: 1 item(s)
2023-12-12 16:16:49,904 [INFO] ApiDb:427 - User favorites MCUs=[STM32F103RCT6]
2023-12-12 16:16:49,904 [INFO] DbMcus:223 - Set 1 / 1 favorites MCUs
2023-12-12 16:16:50,212 [INFO] ApiDb:668 - CubeFinder database Data Model version=2.1
2023-12-12 16:16:50,212 [INFO] ApiDb:669 - CubeFinder database Configuration version=3.0.39
2023-12-12 16:16:50,213 [INFO] ApiDb:670 - CubeFinder database generation date=2023-11-06 (1699269565)
2023-12-12 16:16:50,213 [INFO] ApiDb:671 - CubeFinder database FW Pack versions=[FP-ATR-ASTRA1_V2.0.0, FP-SNS-FLIGHT1_V5.0.1, FP-SNS-FLIGHT1_V5.0.2, FP-SNS-MOTENV1_V4.3.1, FP-SNS-MOTENV1_V4.3.2, FP-SNS-MOTENVWB1_V1.3.0, FP-SNS-SMARTAG2_V1.2.0, STM32Cube_FW_C0_V1.1.0, STM32Cube_FW_F4_V1.28.0, STM32Cube_FW_F7_V1.17.0, STM32Cube_FW_G0_V1.6.1, STM32Cube_FW_G4_V1.5.1, STM32Cube_FW_H5_V0.5.1, STM32Cube_FW_H5_V1.1.1, STM32Cube_FW_H5_V1.2.0RC2, STM32Cube_FW_H7_V1.11.0, STM32Cube_FW_L0_V1.12.2, STM32Cube_FW_L5_V1.5.0, STM32Cube_FW_U5_V1.3.0RC4, STM32Cube_FW_U5_V1.4.0, STM32Cube_FW_WBA_V1.0.0RC1, STM32Cube_FW_WBA_V1.1.0RC1, STM32Cube_FW_WBA_V1.2.0, STM32Cube_FW_WBA_V1.2.0RC2, STM32Cube_FW_WB_V1.15.0RC1, STM32Cube_FW_WB_V1.16.0, STM32Cube_FW_WB_V1.16.0RC2, STM32Cube_FW_WB_V1.18.0, STM32Cube_FW_WL_V1.3.0, X-CUBE-ALGOBUILD_V1.3.0, X-CUBE-ALS_V1.0.1, X-CUBE-AZRTOS-F4_V1.1.0, X-CUBE-AZRTOS-F7_V1.1.0, X-CUBE-AZRTOS-G0_V1.1.0, X-CUBE-AZRTOS-G4_V2.0.0, X-CUBE-AZRTOS-H7_V3.1.0, X-CUBE-AZRTOS-L4_V1.0.0, X-CUBE-AZRTOS-L4_V2.0.0, X-CUBE-AZRTOS-L5_V1.1.0, X-CUBE-AZRTOS-WB_V2.0.0, X-CUBE-AZRTOS-WL_V2.0.0, X-CUBE-BLE1_V7.0.0, X-CUBE-BLE2_V3.3.0, X-CUBE-BLEMGR_V2.0.0, X-CUBE-EEPRMA1_V4.1.0, X-CUBE-EEPRMA1_V4.2.0, X-CUBE-FREERTOS_V1.1.0, X-CUBE-GNSS1_V6.0.0, X-CUBE-MEMS1_V10.0.0, X-CUBE-MEMS1_V9.1.0, X-CUBE-MEMS1_V9.4.0, X-CUBE-MEMS1_V9.6.0, X-CUBE-NFC4_V3.0.0, X-CUBE-NFC7_V1.0.1, X-CUBE-SFXS2LP1_V4.0.0, X-CUBE-SUBG2_V5.0.0, X-CUBE-TOF1_V3.3.1]
2023-12-12 16:16:50,273 [INFO] DbBoardsSqlite:226 - include board P-NUCLEO-WB55-NUCLEO as a kit item of type 'Nucleo-64'
2023-12-12 16:16:50,273 [INFO] DbBoardsSqlite:226 - include board P-NUCLEO-WB55-USBDONGLE as a kit item of type 'Nucleo USB Dongle'
2023-12-12 16:16:50,273 [INFO] DbBoardsSqlite:226 - include board STEVAL-IDP005V1 as a kit item of type 'Evaluation Board'
2023-12-12 16:16:50,273 [INFO] DbBoardsSqlite:226 - include board STEVAL-IDP005V2 as a kit item of type 'Evaluation Board'
2023-12-12 16:16:50,353 [INFO] ApiDb:240 - Found 323 in-development CPN: [B-G473E-ZEST1S, B-WB1M-WPAN1, B-WL5M-SUBG1, NUCLEO-C031C6, NUCLEO-H503RB, NUCLEO-H563ZI, NUCLEO-U545RE-Q, NUCLEO-U5A5ZJ-Q, NUCLEO-WBA52CG, STEVAL-PROTEUS1, STEVAL-SMARTAG2, STEVAL-STWINBX1, STM320518-EVAL, STM32C0116-DK, STM32C011D6Y3TR, STM32C011D6Y6TR, STM32C011F4P3, STM32C011F4P6, STM32C011F4U3, STM32C011F4U6TR, STM32C011F6P3, STM32C011F6P6, STM32C011F6U3, STM32C011F6U6TR, STM32C011J4M3, STM32C011J4M6, STM32C011J6M3, STM32C011J6M6, STM32C0316-DK, STM32C031C4T3, STM32C031C4T6, STM32C031C4U3, STM32C031C4U6, STM32C031C6T3, STM32C031C6T6, STM32C031C6U3, STM32C031C6U6, STM32C031F4P3, STM32C031F4P6, STM32C031F6P3, STM32C031F6P6, STM32C031G4U3, STM32C031G4U6, STM32C031G6U3, STM32C031G6U6, STM32C031K4T3, STM32C031K4T6, STM32C031K4U3, STM32C031K4U6, STM32C031K6T3, STM32C031K6T6, STM32C031K6U3, STM32C031K6U6, STM32G071K8TXN, STM32G071K8UXN, STM32G081GBU6N, STM32G081KBT6N, STM32G081KBUXN, STM32G0B1CCT6N, STM32G0B1KCT6, STM32G0B1NEY6TR, STM32G0B1RCT6N, STM32G0C1CCT6, STM32G0C1CCT6N, STM32G0C1CCU6N, STM32G0C1CET6N, STM32G0C1CEU6N, STM32G0C1KCT6, STM32G0C1NEY6TR, STM32G0C1RCI6N, STM32G0C1RCT6N, STM32G0C1REI6N, STM32G0C1RET6N, STM32G0C1VCI6, STM32G0C1VEI6, STM32G471CCT6, STM32G471CCU6, STM32G471CET3, STM32G471CET6, STM32G471CEU3, STM32G471CEU6, STM32G471MCT6, STM32G471MET3, STM32G471MET6, STM32G471MEY6TR, STM32G471QCT6, STM32G471QET3, STM32G471RCT6, STM32G471RET3, STM32G471RET6, STM32G471VCH6, STM32G471VCI6, STM32G471VCT6, STM32G471VEH3, STM32G471VEH6, STM32G471VEI3, STM32G471VEI6, STM32G471VET3, STM32G471VET6, STM32G474CCT6, STM32H503CBT6, STM32H503CBU6, STM32H503EBY6TR, STM32H503KBU6, STM32H503RBT6, STM32H562AGI6, STM32H562AII6, STM32H562IGK6, STM32H562IGT6, STM32H562IIK6, STM32H562IIT6, STM32H562RGT6, STM32H562RGV6, STM32H562RIT6, STM32H562RIV6, STM32H562VGT6, STM32H562VIT6, STM32H562ZGT6, STM32H562ZIT6, STM32H563AGI6, STM32H563AII3Q, STM32H563AII6, STM32H563IGK6, STM32H563IGT6, STM32H563IIK3Q, STM32H563IIK6, STM32H563IIT3Q, STM32H563IIT6, STM32H563MIY3QTR, STM32H563RGT6, STM32H563RGV6, STM32H563RIT6, STM32H563RIV6, STM32H563VGT6, STM32H563VIT3Q, STM32H563VIT6, STM32H563ZGT6, STM32H563ZIT3Q, STM32H563ZIT6, STM32H573AII3Q, STM32H573AII6, STM32H573I-DK, STM32H573IIK3Q, STM32H573IIK6, STM32H573IIT3Q, STM32H573IIT6, STM32H573MIY3QTR, STM32H573RIT6, STM32H573RIV6, STM32H573VIT3Q, STM32H573VIT6, STM32H573ZIT3Q, STM32H573ZIT6, STM32L4R5QGI6STR, STM32MP131AAE3, STM32MP131AAF3, STM32MP131AAG3, STM32MP131CAE3, STM32MP131CAF3, STM32MP131CAG3, STM32MP131DAE7, STM32MP131DAF7, STM32MP131DAG7, STM32MP131FAE7, STM32MP131FAF7, STM32MP131FAG7, STM32MP133AAE3, STM32MP133AAF3, STM32MP133AAG3, STM32MP133CAE3, STM32MP133CAF3, STM32MP133CAG3, STM32MP133DAE7, STM32MP133DAF7, STM32MP133DAG7, STM32MP133FAE7, STM32MP133FAF7, STM32MP133FAG7, STM32MP135AAE3, STM32MP135AAF3, STM32MP135AAG3, STM32MP135CAE3, STM32MP135CAF3, STM32MP135CAG3, STM32MP135DAE7, STM32MP135DAF7, STM32MP135DAG7, STM32MP135F-DK, STM32MP135FAE7, STM32MP135FAF7, STM32MP135FAF7T, STM32MP135FAF7U, STM32MP135FAG7, STM32U535CBT6, STM32U535CBT6Q, STM32U535CBU6, STM32U535CBU6Q, STM32U535CCT6, STM32U535CCT6Q, STM32U535CCU6, STM32U535CCU6Q, STM32U535CET6, STM32U535CET6Q, STM32U535CEU6, STM32U535CEU6Q, STM32U535JEY6QTR, STM32U535NCY6QTR, STM32U535NEY6QTR, STM32U535RBI6, STM32U535RBI6Q, STM32U535RBT6, STM32U535RBT6Q, STM32U535RCI6, STM32U535RCI6Q, STM32U535RCT6, STM32U535RCT6Q, STM32U535REI6, STM32U535REI6Q, STM32U535RET6, STM32U535RET6Q, STM32U535VCI6, STM32U535VCI6Q, STM32U535VCT6, STM32U535VCT6Q, STM32U535VEI6, STM32U535VEI6Q, STM32U535VET6, STM32U535VET6Q, STM32U545CET6, STM32U545CET6Q, STM32U545CEU6, STM32U545CEU6Q, STM32U545JEY6QTR, STM32U545NEY6QTR, STM32U545REI6, STM32U545REI6Q, STM32U545RET6, STM32U545RET6Q, STM32U545VEI6, STM32U545VEI6Q, STM32U545VET6, STM32U545VET6Q, STM32U595AIH6, STM32U595AIH6Q, STM32U595AJH6, STM32U595AJH6Q, STM32U595QII6, STM32U595QII6Q, STM32U595QJI6, STM32U595QJI6Q, STM32U595RIT6, STM32U595RIT6Q, STM32U595RJT6, STM32U595RJT6Q, STM32U595VIT6, STM32U595VIT6Q, STM32U595VJT6, STM32U595VJT6Q, STM32U595ZIT6, STM32U595ZIT6Q, STM32U595ZIY6QTR, STM32U595ZJT6, STM32U595ZJT6Q, STM32U595ZJY6QTR, STM32U599BJY6QTR, STM32U599NIH6Q, STM32U599NJH6Q, STM32U599VIT6Q, STM32U599VJT6, STM32U599VJT6Q, STM32U599ZIT6Q, STM32U599ZIY6QTR, STM32U599ZJT6Q, STM32U599ZJY6QTR, STM32U5A5AJH6, STM32U5A5AJH6Q, STM32U5A5QJI6, STM32U5A5QJI6Q, STM32U5A5RJT6, STM32U5A5RJT6Q, STM32U5A5VJT6, STM32U5A5VJT6Q, STM32U5A5ZJT6, STM32U5A5ZJT6Q, STM32U5A5ZJY6QTR, STM32U5A9BJY6QTR, STM32U5A9J-DK, STM32U5A9NJH6Q, STM32U5A9VJT6Q, STM32U5A9ZJT6Q, STM32U5A9ZJY6QTR, STM32U5F7VIT6, STM32U5F7VIT6Q, STM32U5F7VJT6, STM32U5F7VJT6Q, STM32U5F9BJY6QTR, STM32U5F9NJH6Q, STM32U5F9VIT6Q, STM32U5F9VJT6Q, STM32U5F9ZIJ6QTR, STM32U5F9ZIT6Q, STM32U5F9ZJJ6QTR, STM32U5F9ZJT6Q, STM32U5G7VJT6, STM32U5G7VJT6Q, STM32U5G9BJY6QTR, STM32U5G9J-DK1, STM32U5G9J-DK2, STM32U5G9NJH6Q, STM32U5G9VJT6Q, STM32U5G9ZJJ6QTR, STM32U5G9ZJT6Q, STM32WB1MMCH6, STM32WBA52CEU6, STM32WBA52CEU6T, STM32WBA52CGU6, STM32WBA52CGU6T, STM32WBA52KEU6, STM32WBA52KEU6T, STM32WBA52KGU6, STM32WBA52KGU6T, STM32WL5MOCH6, STM32WL5MOCH6TR]
2023-12-12 16:16:50,537 [INFO] BoardInfo:880 - No configuration file found for board P-NUCLEO-WB55
2023-12-12 16:16:50,538 [INFO] DbBoards:157 - Kit is not supported: P-NUCLEO-WB55
2023-12-12 16:16:50,542 [INFO] BoardInfo:880 - No configuration file found for board STEVAL-BFA001V1B
2023-12-12 16:16:50,542 [INFO] DbBoards:157 - Kit is not supported: STEVAL-BFA001V1B
2023-12-12 16:16:50,543 [INFO] BoardInfo:880 - No configuration file found for board STEVAL-BFA001V2B
2023-12-12 16:16:50,543 [INFO] DbBoards:157 - Kit is not supported: STEVAL-BFA001V2B
2023-12-12 16:16:50,547 [INFO] BoardInfo:880 - No configuration file found for board STEVAL-MKBOXPRO
2023-12-12 16:16:50,547 [INFO] DbBoards:157 - Board is not supported: STEVAL-MKBOXPRO
2023-12-12 16:16:50,668 [INFO] DbBoards:161 - Found 191 boards, 187 are supported
2023-12-12 16:16:50,671 [INFO] ApiDb:414 - User favorites file not found: C:\Users\lenovo/.stm32cubeide/favorites.boards.txt
2023-12-12 16:16:50,671 [INFO] DbBoards:190 - Set 0 / 0 favorites Boards
2023-12-12 16:16:50,686 [INFO] ApiDb:668 - CubeFinder database Data Model version=2.1
2023-12-12 16:16:50,686 [INFO] ApiDb:669 - CubeFinder database Configuration version=3.0.39
2023-12-12 16:16:50,686 [INFO] ApiDb:670 - CubeFinder database generation date=2023-11-06 (1699269565)
2023-12-12 16:16:50,686 [INFO] ApiDb:671 - CubeFinder database FW Pack versions=[FP-ATR-ASTRA1_V2.0.0, FP-SNS-FLIGHT1_V5.0.1, FP-SNS-FLIGHT1_V5.0.2, FP-SNS-MOTENV1_V4.3.1, FP-SNS-MOTENV1_V4.3.2, FP-SNS-MOTENVWB1_V1.3.0, FP-SNS-SMARTAG2_V1.2.0, STM32Cube_FW_C0_V1.1.0, STM32Cube_FW_F4_V1.28.0, STM32Cube_FW_F7_V1.17.0, STM32Cube_FW_G0_V1.6.1, STM32Cube_FW_G4_V1.5.1, STM32Cube_FW_H5_V0.5.1, STM32Cube_FW_H5_V1.1.1, STM32Cube_FW_H5_V1.2.0RC2, STM32Cube_FW_H7_V1.11.0, STM32Cube_FW_L0_V1.12.2, STM32Cube_FW_L5_V1.5.0, STM32Cube_FW_U5_V1.3.0RC4, STM32Cube_FW_U5_V1.4.0, STM32Cube_FW_WBA_V1.0.0RC1, STM32Cube_FW_WBA_V1.1.0RC1, STM32Cube_FW_WBA_V1.2.0, STM32Cube_FW_WBA_V1.2.0RC2, STM32Cube_FW_WB_V1.15.0RC1, STM32Cube_FW_WB_V1.16.0, STM32Cube_FW_WB_V1.16.0RC2, STM32Cube_FW_WB_V1.18.0, STM32Cube_FW_WL_V1.3.0, X-CUBE-ALGOBUILD_V1.3.0, X-CUBE-ALS_V1.0.1, X-CUBE-AZRTOS-F4_V1.1.0, X-CUBE-AZRTOS-F7_V1.1.0, X-CUBE-AZRTOS-G0_V1.1.0, X-CUBE-AZRTOS-G4_V2.0.0, X-CUBE-AZRTOS-H7_V3.1.0, X-CUBE-AZRTOS-L4_V1.0.0, X-CUBE-AZRTOS-L4_V2.0.0, X-CUBE-AZRTOS-L5_V1.1.0, X-CUBE-AZRTOS-WB_V2.0.0, X-CUBE-AZRTOS-WL_V2.0.0, X-CUBE-BLE1_V7.0.0, X-CUBE-BLE2_V3.3.0, X-CUBE-BLEMGR_V2.0.0, X-CUBE-EEPRMA1_V4.1.0, X-CUBE-EEPRMA1_V4.2.0, X-CUBE-FREERTOS_V1.1.0, X-CUBE-GNSS1_V6.0.0, X-CUBE-MEMS1_V10.0.0, X-CUBE-MEMS1_V9.1.0, X-CUBE-MEMS1_V9.4.0, X-CUBE-MEMS1_V9.6.0, X-CUBE-NFC4_V3.0.0, X-CUBE-NFC7_V1.0.1, X-CUBE-SFXS2LP1_V4.0.0, X-CUBE-SUBG2_V5.0.0, X-CUBE-TOF1_V3.3.1]
2023-12-12 16:16:51,882 [ERROR] DbExamplesSqlite:437 - Missing JSON key: board_cpn
2023-12-12 16:16:51,882 [ERROR] DbExamplesSqlite:437 - Missing JSON key: board_cpn
2023-12-12 16:16:51,883 [ERROR] DbExamplesSqlite:437 - Missing JSON key: board_cpn
2023-12-12 16:16:51,883 [ERROR] DbExamplesSqlite:437 - Missing JSON key: board_cpn
2023-12-12 16:16:51,939 [INFO] DbExamplesSqlite:395 - Ignored 55 examples not supported by CubeIDE
2023-12-12 16:16:51,939 [INFO] DbExamplesSqlite:396 - Found 7548 examples active
2023-12-12 16:16:51,939 [INFO] DbExamplesSqlite:397 - Found 848 examples obsolete
2023-12-12 16:16:51,939 [INFO] DbExamplesSqlite:398 - Found 0 examples under development
2023-12-12 16:16:51,939 [INFO] DbExamplesSqlite:399 - Found 8 examples not building
2023-12-12 16:16:51,942 [INFO] DbExamples:125 - Found 7501 examples
2023-12-12 16:16:52,072 [ERROR] DbExamples:208 - Found 247 examples with invalid data (board or MCU)
2023-12-12 16:16:52,073 [INFO] DbExamples:222 - Found 93 boards with related examples
2023-12-12 16:16:52,074 [INFO] DbExamples:235 - Found 79 MCUs with related examples
2023-12-12 16:16:52,098 [INFO] ApiDb:414 - User favorites file not found: C:\Users\lenovo/.stm32cubeide/favorites.examples.txt
2023-12-12 16:16:52,098 [INFO] DbExamples:250 - Set 0 / 0 favorites Examples
2023-12-12 16:16:52,346 [INFO] McuFinderGlobals:76 - Set McuFinderConnectedMode to true
2023-12-12 16:16:52,358 [INFO] MultiScanPanel:200 - Auto-refresh data requested => check proxy status ongoing
2023-12-12 16:16:52,364 [INFO] FinderPluginLoader:95 - Searching for filters in installed packs
2023-12-12 16:16:54,249 [INFO] LoadUrlFilesThread:185 - End of LoadServerUrlFiles without Thread
2023-12-12 16:16:54,301 [INFO] DetailPanel:341 - Set advertising image to C:/Users/lenovo/STM32Cube/Repository/\en.prom-stm32wl3-mcu-finder.jpg
2023-12-12 16:18:09,867 [INFO] MainUpdater:2868 - connection check result : 10
2023-12-12 16:18:09,867 [INFO] MainUpdater:2868 - connection check result : 10
2023-12-12 16:18:09,897 [INFO] MicroXplorer:468 - Change Database Path : 
2023-12-12 16:18:09,897 [INFO] MicroXplorer:498 - Change Database Version : DB.6.0.92
2023-12-12 16:18:09,905 [WARN] ThirdParty:871 - waiting for thirdparty lock release [close project]
2023-12-12 16:18:09,905 [INFO] ThirdParty:873 - entering critical section [close project]
2023-12-12 16:18:09,911 [INFO] ThirdParty:883 - exiting critical section [close project]
2023-12-12 16:18:09,916 [INFO] PinOutPanel:1499 - setPackage(No Configuration,No Configuration)
2023-12-12 16:18:09,927 [INFO] UtilMem:75 - Begin LoadConfig() Used Memory: 791453280 Bytes (1053818880)
2023-12-12 16:18:09,929 [INFO] MicroXplorer:468 - Change Database Path : 
2023-12-12 16:18:09,929 [INFO] MicroXplorer:498 - Change Database Version : DB.6.0.92
2023-12-12 16:18:09,929 [INFO] OpenFileManager:308 - Change cursor
2023-12-12 16:18:10,041 [INFO] Mcu:1946 - Initializing MCU STM32F103RCTx STM32F103RCTx STM32F103RCT6
2023-12-12 16:18:11,730 [INFO] Context:659 - Trying to add GPIOservice into a context  which must be forbidden
2023-12-12 16:18:12,112 [INFO] ImportTextPane:194 - (OptionalMessage_ERROR) Unable to find key (Mcu.ThirdPartyNb) in loaded IOC file
2023-12-12 16:18:12,112 [INFO] ImportTextPane:194 - (OptionalMessage_ERROR) Unable to find key (Mcu.PinsNb) in loaded IOC file
2023-12-12 16:18:12,112 [INFO] ImportTextPane:194 - (OptionalMessage_ERROR) Unable to find key (Mcu.IPNb) in loaded IOC file
2023-12-12 16:18:12,569 [INFO] RtosManager:555 - Registered RTOS mode: class=CMSIS, group=RTOS, mode=CMSIS_V1, owner=FREERTOS
2023-12-12 16:18:12,570 [INFO] RtosManager:555 - Registered RTOS mode: class=CMSIS, group=RTOS2, mode=CMSIS_V2, owner=FREERTOS
2023-12-12 16:18:12,570 [INFO] RtosManager:555 - Registered RTOS mode: class=RTOS, group=Core, mode=CMSIS_V1, owner=FREERTOS
2023-12-12 16:18:12,570 [INFO] RtosManager:555 - Registered RTOS mode: class=RTOS, group=Core, mode=CMSIS_V2, owner=FREERTOS
2023-12-12 16:18:12,570 [WARN] ModelIntegratedComponent:184 - Missing modes for component STMicroelectronics:FreeRTOS:0.0.1:STMicroelectronics:RTOS:FreeRTOS:Core:::10.2.0:
2023-12-12 16:18:12,597 [WARN] ModelIntegratedComponent:63 - No mode defined for component null
2023-12-12 16:18:12,597 [WARN] ModelIntegratedComponent:63 - No mode defined for component null
2023-12-12 16:18:12,597 [WARN] ModelIntegratedComponent:63 - No mode defined for component null
2023-12-12 16:18:12,597 [WARN] ModelIntegratedComponent:63 - No mode defined for component null
2023-12-12 16:18:12,597 [WARN] ModelIntegratedComponent:63 - No mode defined for component null
2023-12-12 16:18:12,597 [WARN] ModelIntegratedComponent:63 - No mode defined for component null
2023-12-12 16:18:12,597 [WARN] ModelIntegratedComponent:63 - No mode defined for component null
2023-12-12 16:18:12,598 [WARN] ModelIntegratedComponent:63 - No mode defined for component null
2023-12-12 16:18:12,598 [WARN] ModelIntegratedComponent:63 - No mode defined for component null
2023-12-12 16:18:12,598 [WARN] ModelIntegratedComponent:63 - No mode defined for component null
2023-12-12 16:18:12,598 [WARN] ModelIntegratedComponent:63 - No mode defined for component null
2023-12-12 16:18:12,598 [WARN] ModelIntegratedComponent:63 - No mode defined for component null
2023-12-12 16:18:12,598 [WARN] ModelIntegratedComponent:63 - No mode defined for component null
2023-12-12 16:18:12,598 [WARN] ModelIntegratedComponent:63 - No mode defined for component null
2023-12-12 16:18:12,598 [WARN] ModelIntegratedComponent:63 - No mode defined for component null
2023-12-12 16:18:12,598 [WARN] ModelIntegratedComponent:63 - No mode defined for component null
2023-12-12 16:18:12,598 [WARN] ModelIntegratedComponent:63 - No mode defined for component null
2023-12-12 16:18:12,598 [WARN] ModelIntegratedComponent:63 - No mode defined for component null
2023-12-12 16:18:12,598 [WARN] ModelIntegratedComponent:63 - No mode defined for component null
2023-12-12 16:18:12,598 [WARN] ModelIntegratedComponent:63 - No mode defined for component null
2023-12-12 16:18:12,598 [WARN] ModelIntegratedComponent:63 - No mode defined for component null
2023-12-12 16:18:12,598 [WARN] ModelIntegratedComponent:63 - No mode defined for component null
2023-12-12 16:18:12,599 [WARN] ModelIntegratedComponent:63 - No mode defined for component null
2023-12-12 16:18:12,599 [WARN] ModelIntegratedComponent:63 - No mode defined for component null
2023-12-12 16:18:12,600 [WARN] ModelIntegratedComponent:63 - No mode defined for component null
2023-12-12 16:18:12,600 [WARN] ModelIntegratedComponent:63 - No mode defined for component null
2023-12-12 16:18:12,601 [WARN] ModelIntegratedComponent:63 - No mode defined for component null
2023-12-12 16:18:12,601 [WARN] ModelIntegratedComponent:63 - No mode defined for component null
2023-12-12 16:18:12,601 [WARN] ModelIntegratedComponent:63 - No mode defined for component null
2023-12-12 16:18:12,602 [WARN] ModelIntegratedComponent:63 - No mode defined for component null
2023-12-12 16:18:12,602 [WARN] ModelIntegratedComponent:63 - No mode defined for component null
2023-12-12 16:18:12,602 [WARN] ModelIntegratedComponent:63 - No mode defined for component null
2023-12-12 16:18:12,603 [WARN] ModelIntegratedComponent:63 - No mode defined for component null
2023-12-12 16:18:12,765 [INFO] ThirdPartyModel:298 - Start build external matchings
2023-12-12 16:18:13,848 [INFO] ThirdPartyModel:316 - End build external matchings
2023-12-12 16:18:14,224 [INFO] UtilMem:75 - End LoadConfig() Used Memory: 911945136 Bytes (1073741824)
2023-12-12 16:18:14,263 [WARN] ThirdParty:833 - waiting for thirdparty lock release [change project]
2023-12-12 16:18:14,263 [INFO] ThirdParty:835 - entering critical section [change project]
2023-12-12 16:18:14,264 [INFO] ThirdParty:1030 - CMSIS Pack Vendor :STMicroelectronics X-CUBE-ISPU 1.1.0
2023-12-12 16:18:14,264 [INFO] ThirdParty:1030 - CMSIS Pack Vendor :STMicroelectronics USBPD 4.1
2023-12-12 16:18:14,264 [INFO] ThirdParty:1030 - CMSIS Pack Vendor :STMicroelectronics X-CUBE-GNSS1 6.0.0
2023-12-12 16:18:14,264 [INFO] ThirdParty:1030 - CMSIS Pack Vendor :STMicroelectronics USB_HOST 2.0.0
2023-12-12 16:18:14,264 [INFO] ThirdParty:1030 - CMSIS Pack Vendor :STMicroelectronics X-CUBE-AZRTOS-F4 1.1.0
2023-12-12 16:18:14,264 [INFO] ThirdParty:1030 - CMSIS Pack Vendor :STMicroelectronics LIBJPEG 8.0.0
2023-12-12 16:18:14,264 [INFO] ThirdParty:1030 - CMSIS Pack Vendor :wolfSSL I-CUBE-wolfSSL 5.6.3
2023-12-12 16:18:14,265 [INFO] ThirdParty:1030 - CMSIS Pack Vendor :STMicroelectronics X-CUBE-SMBUS 2.1.0
2023-12-12 16:18:14,265 [INFO] ThirdParty:1030 - CMSIS Pack Vendor :STMicroelectronics USB_DEVICE 3.0.0
2023-12-12 16:18:14,265 [INFO] ThirdParty:1030 - CMSIS Pack Vendor :STMicroelectronics X-CUBE-AZRTOS-WB 2.0.0
2023-12-12 16:18:14,265 [INFO] ThirdParty:1030 - CMSIS Pack Vendor :STMicroelectronics X-CUBE-AZRTOS-F7 1.1.0
2023-12-12 16:18:14,265 [INFO] ThirdParty:1030 - CMSIS Pack Vendor :STMicroelectronics X-CUBE-AZRTOS-L5 2.0.0
2023-12-12 16:18:14,265 [INFO] ThirdParty:1030 - CMSIS Pack Vendor :STMicroelectronics USB_DEVICE 2.0.0
2023-12-12 16:18:14,265 [INFO] ThirdParty:1030 - CMSIS Pack Vendor :STMicroelectronics X-CUBE-MEMS1 9.6.0
2023-12-12 16:18:14,265 [INFO] ThirdParty:1030 - CMSIS Pack Vendor :STMicroelectronics X-CUBE-EEPRMA1 4.2.0
2023-12-12 16:18:14,265 [INFO] ThirdParty:1030 - CMSIS Pack Vendor :ITTIA_DB I-CUBE-ITTIADB 8.8.0
2023-12-12 16:18:14,265 [INFO] ThirdParty:1030 - CMSIS Pack Vendor :STMicroelectronics FP-SNS-MOTENV1 4.3.2
2023-12-12 16:18:14,265 [INFO] ThirdParty:1030 - CMSIS Pack Vendor :STMicroelectronics X-CUBE-ALGOBUILD 1.3.0
2023-12-12 16:18:14,265 [INFO] ThirdParty:1030 - CMSIS Pack Vendor :STMicroelectronics FreeRTOS 0.0.1
2023-12-12 16:18:14,265 [INFO] ThirdParty:1030 - CMSIS Pack Vendor :STMicroelectronics X-CUBE-AZRTOS-G0 1.1.0
2023-12-12 16:18:14,265 [INFO] ThirdParty:1030 - CMSIS Pack Vendor :STMicroelectronics X-CUBE-BLEMGR 2.0.0
2023-12-12 16:18:14,265 [INFO] ThirdParty:1030 - CMSIS Pack Vendor :STMicroelectronics X-CUBE-NFC4 3.0.0
2023-12-12 16:18:14,265 [INFO] ThirdParty:1030 - CMSIS Pack Vendor :STMicroelectronics X-CUBE-SUBG2 5.0.0
2023-12-12 16:18:14,265 [INFO] ThirdParty:1030 - CMSIS Pack Vendor :STMicroelectronics STM32_WPAN 1.0.0
2023-12-12 16:18:14,265 [INFO] ThirdParty:1030 - CMSIS Pack Vendor :STMicroelectronics lwIP 2.0.3
2023-12-12 16:18:14,265 [INFO] ThirdParty:1030 - CMSIS Pack Vendor :STMicroelectronics FP-SNS-FLIGHT1 5.0.2
2023-12-12 16:18:14,267 [INFO] ThirdParty:1030 - CMSIS Pack Vendor :STMicroelectronics USB_HOST 1.0.0
2023-12-12 16:18:14,267 [INFO] ThirdParty:1030 - CMSIS Pack Vendor :STMicroelectronics X-CUBE-TOF1 3.3.1
2023-12-12 16:18:14,267 [INFO] ThirdParty:1030 - CMSIS Pack Vendor :STMicroelectronics X-CUBE-AZRTOS-G4 2.0.0
2023-12-12 16:18:14,267 [INFO] ThirdParty:1030 - CMSIS Pack Vendor :STMicroelectronics PDM2PCM 3.1.0
2023-12-12 16:18:14,267 [INFO] ThirdParty:1030 - CMSIS Pack Vendor :STMicroelectronics X-CUBE-AZRTOS-H7 3.1.0
2023-12-12 16:18:14,267 [INFO] ThirdParty:1030 - CMSIS Pack Vendor :Infineon AIROC-Wi-Fi-Bluetooth-STM32 1.5.1
2023-12-12 16:18:14,268 [INFO] ThirdParty:1030 - CMSIS Pack Vendor :STMicroelectronics X-CUBE-BLEMGR 3.0.0
2023-12-12 16:18:14,268 [INFO] ThirdParty:1030 - CMSIS Pack Vendor :STMicroelectronics PDM2PCM 3.3.0
2023-12-12 16:18:14,268 [INFO] ThirdParty:1030 - CMSIS Pack Vendor :STMicroelectronics X-CUBE-DISPLAY 3.0.0
2023-12-12 16:18:14,268 [INFO] ThirdParty:1030 - CMSIS Pack Vendor :STMicroelectronics FP-SNS-MOTENVWB1 1.3.0
2023-12-12 16:18:14,268 [INFO] ThirdParty:1030 - CMSIS Pack Vendor :STMicroelectronics FP-SNS-MOTENVWB1 1.3.1
2023-12-12 16:18:14,268 [INFO] ThirdParty:1030 - CMSIS Pack Vendor :STMicroelectronics X-CUBE-BLE1 7.0.0
2023-12-12 16:18:14,268 [INFO] ThirdParty:1030 - CMSIS Pack Vendor :STMicroelectronics FP-ATR-SIGFOX1 3.2.0
2023-12-12 16:18:14,268 [INFO] ThirdParty:1030 - CMSIS Pack Vendor :STMicroelectronics X-CUBE-ISPU 2.0.0
2023-12-12 16:18:14,268 [INFO] ThirdParty:1030 - CMSIS Pack Vendor :STMicroelectronics HAL Drivers 0.0.0
2023-12-12 16:18:14,268 [INFO] ThirdParty:1030 - CMSIS Pack Vendor :STMicroelectronics MBEDTLS 2.16.2
2023-12-12 16:18:14,268 [INFO] ThirdParty:1030 - CMSIS Pack Vendor :emotas I-CUBE-CANOPEN 1.3.0
2023-12-12 16:18:14,268 [INFO] ThirdParty:1030 - CMSIS Pack Vendor :STMicroelectronics X-CUBE-MEMS1 10.0.0
2023-12-12 16:18:14,269 [INFO] ThirdParty:1030 - CMSIS Pack Vendor :STMicroelectronics X-CUBE-FREERTOS 1.1.0
2023-12-12 16:18:14,269 [INFO] ThirdParty:1030 - CMSIS Pack Vendor :STMicroelectronics X-CUBE-TOUCHGFX 4.22.0
2023-12-12 16:18:14,269 [INFO] ThirdParty:1030 - CMSIS Pack Vendor :STMicroelectronics X-CUBE-NFC7 1.0.1
2023-12-12 16:18:14,269 [INFO] ThirdParty:1030 - CMSIS Pack Vendor :STMicroelectronics MBEDTLS 2.14.1
2023-12-12 16:18:14,269 [INFO] ThirdParty:1030 - CMSIS Pack Vendor :STMicroelectronics X-CUBE-TOUCHGFX 4.22.1
2023-12-12 16:18:14,269 [INFO] ThirdParty:1030 - CMSIS Pack Vendor :STMicroelectronics X-CUBE-NFC6 3.0.0
2023-12-12 16:18:14,269 [INFO] ThirdParty:1030 - CMSIS Pack Vendor :STMicroelectronics X-CUBE-EEPRMA1 4.1.0
2023-12-12 16:18:14,269 [INFO] ThirdParty:1030 - CMSIS Pack Vendor :portGmbH I-Cube-SoM-uGOAL 1.1.0
2023-12-12 16:18:14,269 [INFO] ThirdParty:1030 - CMSIS Pack Vendor :STMicroelectronics X-CUBE-ALS 1.0.1
2023-12-12 16:18:14,269 [INFO] ThirdParty:1030 - CMSIS Pack Vendor :STMicroelectronics ThreadX 1.0.0
2023-12-12 16:18:14,269 [INFO] ThirdParty:1030 - CMSIS Pack Vendor :STMicroelectronics FP-SNS-SMARTAG2 1.2.0
2023-12-12 16:18:14,269 [INFO] ThirdParty:1030 - CMSIS Pack Vendor :STMicroelectronics X-CUBE-AZRTOS-WL 2.0.0
2023-12-12 16:18:14,269 [INFO] ThirdParty:1030 - CMSIS Pack Vendor :SEGGER I-CUBE-embOS 1.3.1
2023-12-12 16:18:14,269 [INFO] ThirdParty:1030 - CMSIS Pack Vendor :STMicroelectronics USB_DEVICE 1.0.0
2023-12-12 16:18:14,269 [INFO] ThirdParty:1030 - CMSIS Pack Vendor :STMicroelectronics X-CUBE-AI 8.1.0
2023-12-12 16:18:14,270 [INFO] ThirdParty:1030 - CMSIS Pack Vendor :STMicroelectronics X-CUBE-AZRTOS-L4 2.0.0
2023-12-12 16:18:14,270 [INFO] ThirdParty:1030 - CMSIS Pack Vendor :STMicroelectronics ThreadX 0.0.2
2023-12-12 16:18:14,270 [INFO] ThirdParty:1030 - CMSIS Pack Vendor :WES I-CUBE-Cesium 1.3.0
2023-12-12 16:18:14,270 [INFO] ThirdParty:1030 - CMSIS Pack Vendor :STMicroelectronics FP-ATR-ASTRA1 2.0.0
2023-12-12 16:18:14,270 [INFO] ThirdParty:1030 - CMSIS Pack Vendor :STMicroelectronics lwIP 2.1.2
2023-12-12 16:18:14,270 [INFO] ThirdParty:1030 - CMSIS Pack Vendor :STMicroelectronics X-CUBE-SFXS2LP1 4.0.0
2023-12-12 16:18:14,270 [INFO] ThirdParty:1030 - CMSIS Pack Vendor :STMicroelectronics X-CUBE-BLE2 3.3.0
2023-12-12 16:18:14,271 [INFO] ThirdParty:1030 - CMSIS Pack Vendor :STMicroelectronics X-CUBE-TOF1 3.4.0
2023-12-12 16:18:14,271 [INFO] ThirdParty:1030 - CMSIS Pack Vendor :STMicroelectronics X-CUBE-AZRTOS-H7 3.2.0
2023-12-12 16:18:14,271 [INFO] ThirdParty:1030 - CMSIS Pack Vendor :STMicroelectronics PDM2PCM 3.2.0
2023-12-12 16:18:14,271 [INFO] ThirdParty:841 - exiting critical section [change project]
2023-12-12 16:18:14,846 [INFO] PinOutPanel:1499 - setPackage(No Configuration,No Configuration)
2023-12-12 16:18:14,848 [INFO] PinOutPanel:1499 - setPackage(STM32F103RCTx,LQFP64)
2023-12-12 16:18:15,671 [INFO] UtilMem:75 - Before build in PCC Used Memory: 722757384 Bytes (1073741824)
2023-12-12 16:18:17,448 [INFO] UtilMem:75 - After build in PCC Used Memory: 785321080 Bytes (1073741824)
2023-12-12 16:18:17,496 [INFO] IPUIPlugin:80 - create IPUIPlugin
2023-12-12 16:18:17,496 [INFO] IPUIPlugin:80 - create IPUIPlugin
2023-12-12 16:18:17,496 [INFO] IPUIPlugin:80 - create IPUIPlugin
2023-12-12 16:18:17,496 [INFO] IPUIPlugin:80 - create IPUIPlugin
2023-12-12 16:18:17,497 [INFO] IPUIPlugin:80 - create IPUIPlugin
2023-12-12 16:18:17,497 [INFO] IPUIPlugin:80 - create IPUIPlugin
2023-12-12 16:18:17,497 [INFO] IPUIPlugin:80 - create IPUIPlugin
2023-12-12 16:18:17,497 [INFO] IPUIPlugin:80 - create IPUIPlugin
2023-12-12 16:18:17,497 [INFO] IPUIPlugin:80 - create IPUIPlugin
2023-12-12 16:18:17,498 [INFO] IPUIPlugin:80 - create IPUIPlugin
2023-12-12 16:18:17,498 [INFO] IPUIPlugin:80 - create IPUIPlugin
2023-12-12 16:18:17,498 [INFO] IPUIPlugin:80 - create IPUIPlugin
2023-12-12 16:18:17,498 [INFO] IPUIPlugin:80 - create IPUIPlugin
2023-12-12 16:18:17,499 [INFO] IPUIPlugin:80 - create IPUIPlugin
2023-12-12 16:18:17,499 [INFO] IPUIPlugin:80 - create IPUIPlugin
2023-12-12 16:18:17,500 [INFO] IPUIPlugin:80 - create IPUIPlugin
2023-12-12 16:18:17,500 [INFO] IPUIPlugin:80 - create IPUIPlugin
2023-12-12 16:18:17,501 [INFO] IPUIPlugin:80 - create IPUIPlugin
2023-12-12 16:18:17,501 [INFO] IPUIPlugin:80 - create IPUIPlugin
2023-12-12 16:18:17,502 [INFO] IPUIPlugin:80 - create IPUIPlugin
2023-12-12 16:18:17,502 [INFO] IPUIPlugin:80 - create IPUIPlugin
2023-12-12 16:18:17,502 [INFO] IPUIPlugin:80 - create IPUIPlugin
2023-12-12 16:18:17,503 [INFO] IPUIPlugin:80 - create IPUIPlugin
2023-12-12 16:18:17,503 [INFO] IPUIPlugin:80 - create IPUIPlugin
2023-12-12 16:18:17,504 [INFO] IPUIPlugin:80 - create IPUIPlugin
2023-12-12 16:18:17,505 [INFO] IPUIPlugin:80 - create IPUIPlugin
2023-12-12 16:18:17,505 [INFO] IPUIPlugin:80 - create IPUIPlugin
2023-12-12 16:18:17,506 [INFO] IPUIPlugin:80 - create IPUIPlugin
2023-12-12 16:18:17,506 [INFO] IPUIPlugin:80 - create IPUIPlugin
2023-12-12 16:18:17,507 [INFO] IPUIPlugin:80 - create IPUIPlugin
2023-12-12 16:18:17,507 [INFO] IPUIPlugin:80 - create IPUIPlugin
2023-12-12 16:18:17,508 [INFO] IPUIPlugin:80 - create IPUIPlugin
2023-12-12 16:18:17,508 [INFO] IPUIPlugin:80 - create IPUIPlugin
2023-12-12 16:18:17,508 [INFO] IPUIPlugin:80 - create IPUIPlugin
2023-12-12 16:18:17,508 [INFO] IPUIPlugin:80 - create IPUIPlugin
2023-12-12 16:18:17,509 [INFO] IPUIPlugin:80 - create IPUIPlugin
2023-12-12 16:18:17,509 [INFO] IPUIPlugin:80 - create IPUIPlugin
2023-12-12 16:18:17,510 [INFO] IPUIPlugin:80 - create IPUIPlugin
2023-12-12 16:18:17,510 [INFO] IPUIPlugin:80 - create IPUIPlugin
2023-12-12 16:18:17,966 [INFO] CADModel:165 - CPN selected for project levelSTM32F103RCT6
2023-12-12 16:18:17,967 [INFO] CADModel:114 - Register for checkConnection events
2023-12-12 16:18:18,026 [INFO] OpenFileManager:328 - Restore cursor
2023-12-12 16:18:19,102 [INFO] UtilMem:75 - End SaveConfig() Used Memory: 871464912 Bytes (1073741824)
2023-12-12 16:18:19,251 [INFO] UtilMem:75 - End SaveConfig() Used Memory: 888777504 Bytes (1073741824)
2023-12-12 16:18:20,062 [INFO] BlockDiagram:2759 - set Specific Code input for plugin: NVIC
2023-12-12 16:18:20,063 [INFO] BlockDiagram:2759 - set Specific Code input for plugin: RCC
2023-12-12 16:18:20,066 [INFO] CodeGenerator:799 - code generatio: config db path: D:\software\STM32CubeIDE_1.13.2\STM32CubeIDE\plugins\com.st.stm32cube.common.mx_6.9.2.202309101412\\db\
2023-12-12 16:18:20,540 [INFO] CodeEngine:255 - oldGeneratedFile, D:\project\CS301\Lab13\MXTmpFiles\license.tmp_save
2023-12-12 16:18:21,139 [INFO] CodeEngine:279 - Generated code: D:\project\CS301\Lab13\MXTmpFiles\license.tmp
2023-12-12 16:18:21,162 [INFO] CodeEngine:255 - oldGeneratedFile, D:\project\CS301\Lab13\Core\Src\stm32f1xx_it.c_save
2023-12-12 16:18:21,473 [INFO] CodeEngine:279 - Generated code: D:\project\CS301\Lab13\Core\Src\stm32f1xx_it.c
2023-12-12 16:18:21,484 [INFO] CodeEngine:255 - oldGeneratedFile, D:\project\CS301\Lab13\Core\Inc\stm32f1xx_it.h_save
2023-12-12 16:18:21,679 [INFO] CodeEngine:279 - Generated code: D:\project\CS301\Lab13\Core\Inc\stm32f1xx_it.h
2023-12-12 16:18:22,210 [INFO] CodeEngine:255 - oldGeneratedFile, D:\project\CS301\Lab13\Core\Src\stm32f1xx_hal_msp.c_save
2023-12-12 16:18:22,494 [INFO] CodeEngine:279 - Generated code: D:\project\CS301\Lab13\Core\Src\stm32f1xx_hal_msp.c
2023-12-12 16:18:22,509 [INFO] CodeEngine:255 - oldGeneratedFile, D:\project\CS301\Lab13\MXTmpFiles\system.tmp_save
2023-12-12 16:18:22,664 [INFO] CodeEngine:279 - Generated code: D:\project\CS301\Lab13\MXTmpFiles\system.tmp
2023-12-12 16:18:22,689 [INFO] CodeEngine:311 - oldGeneratedFile, D:\project\CS301\Lab13\Core\Inc\stm32f1xx_hal_conf.h_save
2023-12-12 16:18:22,833 [INFO] CodeEngine:335 - Generated code: D:\project\CS301\Lab13\Core\Inc\stm32f1xx_hal_conf.h
2023-12-12 16:18:22,889 [INFO] CodeEngine:255 - oldGeneratedFile, D:\project\CS301\Lab13\Core\Inc\main.h_save
2023-12-12 16:18:23,029 [INFO] CodeEngine:279 - Generated code: D:\project\CS301\Lab13\Core\Inc\main.h
2023-12-12 16:18:23,048 [INFO] CodeEngine:255 - oldGeneratedFile, D:\project\CS301\Lab13\Core\Src\main.c_save
2023-12-12 16:18:23,246 [INFO] CodeEngine:279 - Generated code: D:\project\CS301\Lab13\Core\Src\main.c
2023-12-12 16:18:24,429 [INFO] ProjectBuilder:3064 - Time for Copy HAL[1] : 308mS.
2023-12-12 16:18:24,443 [INFO] ProjectBuilder:4404 - Project Generator version: 4.1.0
2023-12-12 16:18:24,793 [INFO] ConfigFileManager:1457 - The Die is : DIE414
2023-12-12 16:18:24,804 [INFO] ApiDbMcu:507 - Load IP Config File for FATFS
2023-12-12 16:18:24,815 [INFO] ApiDbMcu:507 - Load IP Config File for FREERTOS
2023-12-12 16:18:24,828 [INFO] ApiDbMcu:507 - Load IP Config File for USB_DEVICE
2023-12-12 16:18:25,981 [INFO] LogOutputStream:77 - [STDOUT_REDIRECT] 
2023-12-12 16:18:28,266 [INFO] ProjectBuilder:4626 - Time for Generating toolchain IDE Files: 3821mS.
2023-12-12 16:18:28,268 [INFO] ProjectBuilder:2935 - Time for Copy CMSIS : 0mS.
2023-12-12 16:18:28,271 [INFO] ProjectBuilder:2935 - Time for Copy CMSIS : 1mS.
2023-12-12 16:18:29,884 [INFO] McuFinderGlobals:76 - Set McuFinderConnectedMode to true
2023-12-12 16:18:29,890 [INFO] ApiDb:448 - Save user favorites file C:\Users\lenovo/.stm32cubeide/favorites.mcus.txt: 1 item(s)
2023-12-12 16:18:29,890 [INFO] ApiDb:452 - User favorites MCUs=[STM32F103RCT6]
2023-12-12 16:21:46,000 [INFO] UtilMem:75 - End SaveConfig() Used Memory: 741750256 Bytes (1073741824)
2023-12-12 16:21:46,154 [INFO] UtilMem:75 - End SaveConfig() Used Memory: 763183992 Bytes (1073741824)
2023-12-12 16:21:47,722 [INFO] UtilMem:75 - End SaveConfig() Used Memory: 940736240 Bytes (1073741824)
2023-12-12 16:21:48,523 [INFO] BlockDiagram:2759 - set Specific Code input for plugin: NVIC
2023-12-12 16:21:48,523 [INFO] BlockDiagram:2759 - set Specific Code input for plugin: USART
2023-12-12 16:21:48,523 [INFO] BlockDiagram:2759 - set Specific Code input for plugin: SYS
2023-12-12 16:21:48,524 [INFO] BlockDiagram:2759 - set Specific Code input for plugin: GPIO
2023-12-12 16:21:48,524 [INFO] BlockDiagram:2759 - set Specific Code input for plugin: RCC
2023-12-12 16:21:48,528 [INFO] CodeGenerator:799 - code generatio: config db path: D:\software\STM32CubeIDE_1.13.2\STM32CubeIDE\plugins\com.st.stm32cube.common.mx_6.9.2.202309101412\\db\
2023-12-12 16:21:48,687 [INFO] CodeEngine:255 - oldGeneratedFile, D:\project\CS301\Lab13\MXTmpFiles\license.tmp_save
2023-12-12 16:21:48,786 [INFO] CodeEngine:279 - Generated code: D:\project\CS301\Lab13\MXTmpFiles\license.tmp
2023-12-12 16:21:48,851 [INFO] CodeEngine:255 - oldGeneratedFile, D:\project\CS301\Lab13\Core\Src\gpio.c_save
2023-12-12 16:21:48,982 [INFO] CodeEngine:279 - Generated code: D:\project\CS301\Lab13\Core\Src\gpio.c
2023-12-12 16:21:49,004 [INFO] CodeEngine:255 - oldGeneratedFile, D:\project\CS301\Lab13\Core\Inc\gpio.h_save
2023-12-12 16:21:49,112 [INFO] CodeEngine:279 - Generated code: D:\project\CS301\Lab13\Core\Inc\gpio.h
2023-12-12 16:21:49,206 [INFO] CodeEngine:255 - oldGeneratedFile, D:\project\CS301\Lab13\Core\Src\usart.c_save
2023-12-12 16:21:49,388 [INFO] CodeEngine:279 - Generated code: D:\project\CS301\Lab13\Core\Src\usart.c
2023-12-12 16:21:49,396 [INFO] CodeEngine:255 - oldGeneratedFile, D:\project\CS301\Lab13\Core\Inc\usart.h_save
2023-12-12 16:21:49,512 [INFO] CodeEngine:279 - Generated code: D:\project\CS301\Lab13\Core\Inc\usart.h
2023-12-12 16:21:49,532 [INFO] CodeEngine:255 - oldGeneratedFile, D:\project\CS301\Lab13\Core\Src\stm32f1xx_it.c_save
2023-12-12 16:21:49,649 [INFO] CodeEngine:279 - Generated code: D:\project\CS301\Lab13\Core\Src\stm32f1xx_it.c
2023-12-12 16:21:49,655 [INFO] CodeEngine:255 - oldGeneratedFile, D:\project\CS301\Lab13\Core\Inc\stm32f1xx_it.h_save
2023-12-12 16:21:49,747 [INFO] CodeEngine:279 - Generated code: D:\project\CS301\Lab13\Core\Inc\stm32f1xx_it.h
2023-12-12 16:21:49,766 [INFO] CodeEngine:255 - oldGeneratedFile, D:\project\CS301\Lab13\Core\Src\stm32f1xx_hal_msp.c_save
2023-12-12 16:21:49,891 [INFO] CodeEngine:279 - Generated code: D:\project\CS301\Lab13\Core\Src\stm32f1xx_hal_msp.c
2023-12-12 16:21:49,898 [INFO] CodeEngine:255 - oldGeneratedFile, D:\project\CS301\Lab13\MXTmpFiles\system.tmp_save
2023-12-12 16:21:50,039 [INFO] CodeEngine:279 - Generated code: D:\project\CS301\Lab13\MXTmpFiles\system.tmp
2023-12-12 16:21:50,050 [INFO] CodeEngine:311 - oldGeneratedFile, D:\project\CS301\Lab13\Core\Inc\stm32f1xx_hal_conf.h_save
2023-12-12 16:21:50,128 [INFO] CodeEngine:335 - Generated code: D:\project\CS301\Lab13\Core\Inc\stm32f1xx_hal_conf.h
2023-12-12 16:21:50,222 [INFO] CodeEngine:255 - oldGeneratedFile, D:\project\CS301\Lab13\Core\Inc\main.h_save
2023-12-12 16:21:50,308 [INFO] CodeEngine:279 - Generated code: D:\project\CS301\Lab13\Core\Inc\main.h
2023-12-12 16:21:50,319 [INFO] CodeEngine:255 - oldGeneratedFile, D:\project\CS301\Lab13\Core\Src\main.c_save
2023-12-12 16:21:50,531 [INFO] CodeEngine:279 - Generated code: D:\project\CS301\Lab13\Core\Src\main.c
2023-12-12 16:21:51,385 [INFO] ProjectBuilder:3064 - Time for Copy HAL[1] : 235mS.
2023-12-12 16:21:51,390 [INFO] ProjectBuilder:4404 - Project Generator version: 4.1.0
2023-12-12 16:21:51,684 [INFO] ConfigFileManager:1457 - The Die is : DIE414
2023-12-12 16:21:54,030 [INFO] ProjectBuilder:4626 - Time for Generating toolchain IDE Files: 2641mS.
2023-12-12 16:21:54,037 [INFO] ProjectBuilder:2935 - Time for Copy CMSIS : 3mS.
2023-12-12 16:21:54,045 [INFO] ProjectBuilder:2935 - Time for Copy CMSIS : 0mS.
2023-12-12 16:25:07,938 [INFO] Gpio:273 - dependency for GPIO [RCC, SYS, USART1]
2023-12-12 16:25:11,085 [INFO] Gpio:273 - dependency for GPIO [RCC, SYS, USART1]
2023-12-12 16:25:18,900 [INFO] Gpio:273 - dependency for GPIO [RCC, SYS, USART1]
2023-12-12 16:25:33,854 [INFO] Gpio:273 - dependency for GPIO [RCC, SYS, USART1]
2023-12-12 16:25:49,898 [INFO] Gpio:273 - dependency for GPIO [RCC, SYS, USART1]
2023-12-12 16:25:50,103 [INFO] Gpio:273 - dependency for GPIO [RCC, SYS, USART1]
2023-12-12 16:26:15,679 [INFO] Gpio:273 - dependency for GPIO [RCC, SYS, USART1]
2023-12-12 16:26:15,735 [INFO] NvicIntPanel:101 - NVIC parent = com.st.microxplorer.plugins.ip.nvic.MultiNvicIntPanel[,0,0,0x0,invalid,layout=javax.swing.BoxLayout,alignmentX=0.0,alignmentY=0.0,border=,flags=9,maximumSize=,minimumSize=,preferredSize=]
2023-12-12 16:26:15,828 [INFO] Gpio:273 - dependency for GPIO [RCC, SYS, USART1]
2023-12-12 16:26:15,883 [INFO] NvicIntPanel:101 - NVIC parent = com.st.microxplorer.plugins.ip.nvic.MultiNvicIntPanel[,0,0,0x0,invalid,layout=javax.swing.BoxLayout,alignmentX=0.0,alignmentY=0.0,border=,flags=9,maximumSize=,minimumSize=,preferredSize=]
2023-12-12 16:26:16,121 [INFO] Gpio:273 - dependency for GPIO [RCC, SYS, USART1]
2023-12-12 16:26:16,176 [INFO] NvicIntPanel:101 - NVIC parent = com.st.microxplorer.plugins.ip.nvic.MultiNvicIntPanel[,0,0,0x0,invalid,layout=javax.swing.BoxLayout,alignmentX=0.0,alignmentY=0.0,border=,flags=9,maximumSize=,minimumSize=,preferredSize=]
2023-12-12 16:26:57,029 [INFO] Gpio:273 - dependency for GPIO [RCC, SYS, USART1]
2023-12-12 16:26:57,154 [INFO] Gpio:273 - dependency for GPIO [RCC, SYS, USART1]
2023-12-12 16:26:57,317 [INFO] Gpio:273 - dependency for GPIO [RCC, SYS, USART1]
2023-12-12 16:27:36,090 [INFO] NvicIntPanel:101 - NVIC parent = com.st.microxplorer.plugins.ip.nvic.MultiNvicIntPanel[,0,0,0x0,invalid,layout=javax.swing.BoxLayout,alignmentX=0.0,alignmentY=0.0,border=,flags=9,maximumSize=,minimumSize=,preferredSize=]
2023-12-12 16:27:58,411 [INFO] NvicIntPanel:101 - NVIC parent = com.st.microxplorer.plugins.ip.nvic.MultiNvicIntPanel[,0,0,0x0,invalid,layout=javax.swing.BoxLayout,alignmentX=0.0,alignmentY=0.0,border=,flags=9,maximumSize=,minimumSize=,preferredSize=]
2023-12-12 16:28:10,298 [INFO] Gpio:273 - dependency for GPIO [RCC, SYS, USART1]
2023-12-12 16:28:18,411 [INFO] Gpio:273 - dependency for GPIO [RCC, SYS, USART1]
2023-12-12 16:28:18,687 [INFO] Gpio:273 - dependency for GPIO [RCC, SYS, USART1]
2023-12-12 16:28:50,168 [INFO] Gpio:273 - dependency for GPIO [RCC, SYS, USART1]
2023-12-12 16:29:13,478 [INFO] Gpio:273 - dependency for GPIO [RCC, SYS, USART1]
2023-12-12 16:29:27,605 [INFO] UtilMem:75 - End SaveConfig() Used Memory: 954053800 Bytes (1073741824)
2023-12-12 16:29:27,800 [INFO] UtilMem:75 - End SaveConfig() Used Memory: 626096184 Bytes (1073741824)
2023-12-12 16:29:28,877 [INFO] UtilMem:75 - End SaveConfig() Used Memory: 721378712 Bytes (1073741824)
2023-12-12 16:29:29,314 [INFO] BlockDiagram:2759 - set Specific Code input for plugin: NVIC
2023-12-12 16:29:29,314 [INFO] BlockDiagram:2759 - set Specific Code input for plugin: USART
2023-12-12 16:29:29,314 [INFO] BlockDiagram:2759 - set Specific Code input for plugin: DMA
2023-12-12 16:29:29,314 [INFO] BlockDiagram:2759 - set Specific Code input for plugin: SYS
2023-12-12 16:29:29,315 [INFO] BlockDiagram:2759 - set Specific Code input for plugin: GPIO
2023-12-12 16:29:29,315 [INFO] BlockDiagram:2759 - set Specific Code input for plugin: RCC
2023-12-12 16:29:29,316 [INFO] CodeGenerator:799 - code generatio: config db path: D:\software\STM32CubeIDE_1.13.2\STM32CubeIDE\plugins\com.st.stm32cube.common.mx_6.9.2.202309101412\\db\
2023-12-12 16:29:29,457 [INFO] CodeEngine:255 - oldGeneratedFile, D:\project\CS301\Lab13\MXTmpFiles\license.tmp_save
2023-12-12 16:29:29,715 [INFO] CodeEngine:279 - Generated code: D:\project\CS301\Lab13\MXTmpFiles\license.tmp
2023-12-12 16:29:29,756 [INFO] CodeEngine:255 - oldGeneratedFile, D:\project\CS301\Lab13\Core\Src\gpio.c_save
2023-12-12 16:29:29,864 [INFO] CodeEngine:279 - Generated code: D:\project\CS301\Lab13\Core\Src\gpio.c
2023-12-12 16:29:29,875 [INFO] CodeEngine:255 - oldGeneratedFile, D:\project\CS301\Lab13\Core\Inc\gpio.h_save
2023-12-12 16:29:29,962 [INFO] CodeEngine:279 - Generated code: D:\project\CS301\Lab13\Core\Inc\gpio.h
2023-12-12 16:29:30,039 [INFO] CodeEngine:255 - oldGeneratedFile, D:\project\CS301\Lab13\Core\Src\dma.c_save
2023-12-12 16:29:30,127 [INFO] CodeEngine:279 - Generated code: D:\project\CS301\Lab13\Core\Src\dma.c
2023-12-12 16:29:30,133 [INFO] CodeEngine:255 - oldGeneratedFile, D:\project\CS301\Lab13\Core\Inc\dma.h_save
2023-12-12 16:29:30,214 [INFO] CodeEngine:279 - Generated code: D:\project\CS301\Lab13\Core\Inc\dma.h
2023-12-12 16:29:30,226 [INFO] CodeEngine:255 - oldGeneratedFile, D:\project\CS301\Lab13\Core\Src\usart.c_save
2023-12-12 16:29:30,415 [INFO] CodeEngine:279 - Generated code: D:\project\CS301\Lab13\Core\Src\usart.c
2023-12-12 16:29:30,422 [INFO] CodeEngine:255 - oldGeneratedFile, D:\project\CS301\Lab13\Core\Inc\usart.h_save
2023-12-12 16:29:30,563 [INFO] CodeEngine:279 - Generated code: D:\project\CS301\Lab13\Core\Inc\usart.h
2023-12-12 16:29:30,578 [INFO] CodeEngine:255 - oldGeneratedFile, D:\project\CS301\Lab13\Core\Src\stm32f1xx_it.c_save
2023-12-12 16:29:30,845 [INFO] CodeEngine:279 - Generated code: D:\project\CS301\Lab13\Core\Src\stm32f1xx_it.c
2023-12-12 16:29:30,851 [INFO] CodeEngine:255 - oldGeneratedFile, D:\project\CS301\Lab13\Core\Inc\stm32f1xx_it.h_save
2023-12-12 16:29:30,928 [INFO] CodeEngine:279 - Generated code: D:\project\CS301\Lab13\Core\Inc\stm32f1xx_it.h
2023-12-12 16:29:30,939 [INFO] CodeEngine:255 - oldGeneratedFile, D:\project\CS301\Lab13\Core\Src\stm32f1xx_hal_msp.c_save
2023-12-12 16:29:31,042 [INFO] CodeEngine:279 - Generated code: D:\project\CS301\Lab13\Core\Src\stm32f1xx_hal_msp.c
2023-12-12 16:29:31,047 [INFO] CodeEngine:255 - oldGeneratedFile, D:\project\CS301\Lab13\MXTmpFiles\system.tmp_save
2023-12-12 16:29:31,123 [INFO] CodeEngine:279 - Generated code: D:\project\CS301\Lab13\MXTmpFiles\system.tmp
2023-12-12 16:29:31,135 [INFO] CodeEngine:311 - oldGeneratedFile, D:\project\CS301\Lab13\Core\Inc\stm32f1xx_hal_conf.h_save
2023-12-12 16:29:31,210 [INFO] CodeEngine:335 - Generated code: D:\project\CS301\Lab13\Core\Inc\stm32f1xx_hal_conf.h
2023-12-12 16:29:31,232 [INFO] CodeEngine:255 - oldGeneratedFile, D:\project\CS301\Lab13\Core\Inc\main.h_save
2023-12-12 16:29:31,352 [INFO] CodeEngine:279 - Generated code: D:\project\CS301\Lab13\Core\Inc\main.h
2023-12-12 16:29:31,361 [INFO] CodeEngine:255 - oldGeneratedFile, D:\project\CS301\Lab13\Core\Src\main.c_save
2023-12-12 16:29:31,465 [INFO] CodeEngine:279 - Generated code: D:\project\CS301\Lab13\Core\Src\main.c
2023-12-12 16:29:32,292 [INFO] ProjectBuilder:3064 - Time for Copy HAL[1] : 200mS.
2023-12-12 16:29:32,295 [INFO] ProjectBuilder:4404 - Project Generator version: 4.1.0
2023-12-12 16:29:32,622 [INFO] ConfigFileManager:1457 - The Die is : DIE414
2023-12-12 16:29:34,432 [INFO] ProjectBuilder:4626 - Time for Generating toolchain IDE Files: 2136mS.
2023-12-12 16:29:34,432 [INFO] ProjectBuilder:2935 - Time for Copy CMSIS : 0mS.
2023-12-12 16:29:34,434 [INFO] ProjectBuilder:2935 - Time for Copy CMSIS : 0mS.
2023-12-12 16:39:55,238 [INFO] Gpio:273 - dependency for GPIO [RCC, SYS, USART1]
2023-12-12 16:40:04,327 [INFO] NvicIntPanel:101 - NVIC parent = com.st.microxplorer.plugins.ip.nvic.MultiNvicIntPanel[,0,0,0x0,invalid,layout=javax.swing.BoxLayout,alignmentX=0.0,alignmentY=0.0,border=,flags=9,maximumSize=,minimumSize=,preferredSize=]
2023-12-12 16:40:10,335 [INFO] NvicIntPanel:101 - NVIC parent = com.st.microxplorer.plugins.ip.nvic.MultiNvicIntPanel[,0,0,0x0,invalid,layout=javax.swing.BoxLayout,alignmentX=0.0,alignmentY=0.0,border=,flags=9,maximumSize=,minimumSize=,preferredSize=]
2023-12-12 16:40:28,248 [INFO] UtilMem:75 - End SaveConfig() Used Memory: 661601176 Bytes (1073741824)
2023-12-12 16:40:28,418 [INFO] UtilMem:75 - End SaveConfig() Used Memory: 679949208 Bytes (1073741824)
2023-12-12 16:40:29,414 [INFO] UtilMem:75 - End SaveConfig() Used Memory: 750730136 Bytes (1073741824)
2023-12-12 16:40:29,781 [INFO] BlockDiagram:2759 - set Specific Code input for plugin: NVIC
2023-12-12 16:40:29,781 [INFO] BlockDiagram:2759 - set Specific Code input for plugin: USART
2023-12-12 16:40:29,781 [INFO] BlockDiagram:2759 - set Specific Code input for plugin: DMA
2023-12-12 16:40:29,781 [INFO] BlockDiagram:2759 - set Specific Code input for plugin: SYS
2023-12-12 16:40:29,781 [INFO] BlockDiagram:2759 - set Specific Code input for plugin: GPIO
2023-12-12 16:40:29,781 [INFO] BlockDiagram:2759 - set Specific Code input for plugin: RCC
2023-12-12 16:40:29,782 [INFO] CodeGenerator:799 - code generatio: config db path: D:\software\STM32CubeIDE_1.13.2\STM32CubeIDE\plugins\com.st.stm32cube.common.mx_6.9.2.202309101412\\db\
2023-12-12 16:40:29,790 [INFO] Argument:319 - Argument : hdmavalue: null
2023-12-12 16:40:29,790 [INFO] Argument:321 - 	 sub Args: 
2023-12-12 16:40:29,790 [INFO] Argument:319 - Argument : Instancevalue: DMA1_Channel4
2023-12-12 16:40:29,791 [INFO] Argument:329 - Argument : Instancevalue: DMA1_Channel4
2023-12-12 16:40:29,791 [INFO] Argument:319 - Argument : Initvalue: null
2023-12-12 16:40:29,791 [INFO] Argument:321 - 	 sub Args: 
2023-12-12 16:40:29,791 [INFO] Argument:319 - Argument : Directionvalue: DMA_MEMORY_TO_PERIPH
2023-12-12 16:40:29,791 [INFO] Argument:329 - Argument : Directionvalue: DMA_MEMORY_TO_PERIPH
2023-12-12 16:40:29,791 [INFO] Argument:319 - Argument : PeriphIncvalue: DMA_PINC_DISABLE
2023-12-12 16:40:29,791 [INFO] Argument:329 - Argument : PeriphIncvalue: DMA_PINC_DISABLE
2023-12-12 16:40:29,791 [INFO] Argument:319 - Argument : MemIncvalue: DMA_MINC_ENABLE
2023-12-12 16:40:29,791 [INFO] Argument:329 - Argument : MemIncvalue: DMA_MINC_ENABLE
2023-12-12 16:40:29,791 [INFO] Argument:319 - Argument : PeriphDataAlignmentvalue: DMA_PDATAALIGN_BYTE
2023-12-12 16:40:29,791 [INFO] Argument:329 - Argument : PeriphDataAlignmentvalue: DMA_PDATAALIGN_BYTE
2023-12-12 16:40:29,791 [INFO] Argument:319 - Argument : MemDataAlignmentvalue: DMA_MDATAALIGN_BYTE
2023-12-12 16:40:29,791 [INFO] Argument:329 - Argument : MemDataAlignmentvalue: DMA_MDATAALIGN_BYTE
2023-12-12 16:40:29,791 [INFO] Argument:319 - Argument : Modevalue: DMA_NORMAL
2023-12-12 16:40:29,791 [INFO] Argument:329 - Argument : Modevalue: DMA_NORMAL
2023-12-12 16:40:29,791 [INFO] Argument:319 - Argument : Priorityvalue: DMA_PRIORITY_MEDIUM
2023-12-12 16:40:29,791 [INFO] Argument:329 - Argument : Priorityvalue: DMA_PRIORITY_MEDIUM
2023-12-12 16:40:29,791 [INFO] Argument:319 - Argument : Lockvalue: null
2023-12-12 16:40:29,791 [INFO] Argument:329 - Argument : Lockvalue: null
2023-12-12 16:40:29,791 [INFO] Argument:319 - Argument : Statevalue: null
2023-12-12 16:40:29,791 [INFO] Argument:329 - Argument : Statevalue: null
2023-12-12 16:40:29,791 [INFO] Argument:319 - Argument : Parentvalue: null
2023-12-12 16:40:29,791 [INFO] Argument:329 - Argument : Parentvalue: null
2023-12-12 16:40:29,791 [INFO] Argument:319 - Argument : XferCpltCallbackvalue: null
2023-12-12 16:40:29,791 [INFO] Argument:329 - Argument : XferCpltCallbackvalue: null
2023-12-12 16:40:29,791 [INFO] Argument:319 - Argument : XferHalfCpltCallbackvalue: null
2023-12-12 16:40:29,791 [INFO] Argument:329 - Argument : XferHalfCpltCallbackvalue: null
2023-12-12 16:40:29,791 [INFO] Argument:319 - Argument : XferErrorCallbackvalue: null
2023-12-12 16:40:29,791 [INFO] Argument:329 - Argument : XferErrorCallbackvalue: null
2023-12-12 16:40:29,791 [INFO] Argument:319 - Argument : ErrorCodevalue: null
2023-12-12 16:40:29,791 [INFO] Argument:329 - Argument : ErrorCodevalue: null
2023-12-12 16:40:29,925 [INFO] CodeEngine:255 - oldGeneratedFile, D:\project\CS301\Lab13\MXTmpFiles\license.tmp_save
2023-12-12 16:40:30,019 [INFO] CodeEngine:279 - Generated code: D:\project\CS301\Lab13\MXTmpFiles\license.tmp
2023-12-12 16:40:30,037 [INFO] CodeEngine:255 - oldGeneratedFile, D:\project\CS301\Lab13\Core\Src\gpio.c_save
2023-12-12 16:40:30,215 [INFO] CodeEngine:279 - Generated code: D:\project\CS301\Lab13\Core\Src\gpio.c
2023-12-12 16:40:30,221 [INFO] CodeEngine:255 - oldGeneratedFile, D:\project\CS301\Lab13\Core\Inc\gpio.h_save
2023-12-12 16:40:30,372 [INFO] CodeEngine:279 - Generated code: D:\project\CS301\Lab13\Core\Inc\gpio.h
2023-12-12 16:40:30,478 [INFO] CodeEngine:255 - oldGeneratedFile, D:\project\CS301\Lab13\Core\Src\dma.c_save
2023-12-12 16:40:30,557 [INFO] CodeEngine:279 - Generated code: D:\project\CS301\Lab13\Core\Src\dma.c
2023-12-12 16:40:30,565 [INFO] CodeEngine:255 - oldGeneratedFile, D:\project\CS301\Lab13\Core\Inc\dma.h_save
2023-12-12 16:40:30,645 [INFO] CodeEngine:279 - Generated code: D:\project\CS301\Lab13\Core\Inc\dma.h
2023-12-12 16:40:30,657 [INFO] CodeEngine:255 - oldGeneratedFile, D:\project\CS301\Lab13\Core\Src\usart.c_save
2023-12-12 16:40:30,799 [INFO] CodeEngine:279 - Generated code: D:\project\CS301\Lab13\Core\Src\usart.c
2023-12-12 16:40:30,806 [INFO] CodeEngine:255 - oldGeneratedFile, D:\project\CS301\Lab13\Core\Inc\usart.h_save
2023-12-12 16:40:30,866 [INFO] CodeEngine:279 - Generated code: D:\project\CS301\Lab13\Core\Inc\usart.h
2023-12-12 16:40:30,883 [INFO] CodeEngine:255 - oldGeneratedFile, D:\project\CS301\Lab13\Core\Src\stm32f1xx_it.c_save
2023-12-12 16:40:31,207 [INFO] CodeEngine:279 - Generated code: D:\project\CS301\Lab13\Core\Src\stm32f1xx_it.c
2023-12-12 16:40:31,216 [INFO] CodeEngine:255 - oldGeneratedFile, D:\project\CS301\Lab13\Core\Inc\stm32f1xx_it.h_save
2023-12-12 16:40:31,319 [INFO] CodeEngine:279 - Generated code: D:\project\CS301\Lab13\Core\Inc\stm32f1xx_it.h
2023-12-12 16:40:31,335 [INFO] CodeEngine:255 - oldGeneratedFile, D:\project\CS301\Lab13\Core\Src\stm32f1xx_hal_msp.c_save
2023-12-12 16:40:31,504 [INFO] CodeEngine:279 - Generated code: D:\project\CS301\Lab13\Core\Src\stm32f1xx_hal_msp.c
2023-12-12 16:40:31,511 [INFO] CodeEngine:255 - oldGeneratedFile, D:\project\CS301\Lab13\MXTmpFiles\system.tmp_save
2023-12-12 16:40:31,601 [INFO] CodeEngine:279 - Generated code: D:\project\CS301\Lab13\MXTmpFiles\system.tmp
2023-12-12 16:40:31,617 [INFO] CodeEngine:311 - oldGeneratedFile, D:\project\CS301\Lab13\Core\Inc\stm32f1xx_hal_conf.h_save
2023-12-12 16:40:31,704 [INFO] CodeEngine:335 - Generated code: D:\project\CS301\Lab13\Core\Inc\stm32f1xx_hal_conf.h
2023-12-12 16:40:31,734 [INFO] CodeEngine:255 - oldGeneratedFile, D:\project\CS301\Lab13\Core\Inc\main.h_save
2023-12-12 16:40:31,848 [INFO] CodeEngine:279 - Generated code: D:\project\CS301\Lab13\Core\Inc\main.h
2023-12-12 16:40:31,857 [INFO] CodeEngine:255 - oldGeneratedFile, D:\project\CS301\Lab13\Core\Src\main.c_save
2023-12-12 16:40:31,973 [INFO] CodeEngine:279 - Generated code: D:\project\CS301\Lab13\Core\Src\main.c
2023-12-12 16:40:32,936 [INFO] ProjectBuilder:3064 - Time for Copy HAL[1] : 311mS.
2023-12-12 16:40:32,939 [INFO] ProjectBuilder:4404 - Project Generator version: 4.1.0
2023-12-12 16:40:33,280 [INFO] ConfigFileManager:1457 - The Die is : DIE414
2023-12-12 16:40:34,876 [INFO] ProjectBuilder:4626 - Time for Generating toolchain IDE Files: 1937mS.
2023-12-12 16:40:34,878 [INFO] ProjectBuilder:2935 - Time for Copy CMSIS : 1mS.
2023-12-12 16:40:34,881 [INFO] ProjectBuilder:2935 - Time for Copy CMSIS : 0mS.
