2023-09-26 17:12:53,520 [INFO] Activator:176 - 


2023-09-26 17:12:53,527 [INFO] Activator:177 - !SESSION log4j initialized
2023-09-26 17:13:02,279 [INFO] LogOutputStream:77 - [STDOUT_REDIRECT] 
2023-09-26 17:13:12,917 [INFO] ApplicationProperties:184 - Using Application install path: D:\software\STM32CubeIDE_1.13.2\STM32CubeIDE\plugins\com.st.stm32cube.common.mx_6.9.2.202309101412
2023-09-26 17:13:12,996 [INFO] DbMcusXml:78 - Set database path to: D:\software\STM32CubeIDE_1.13.2\STM32CubeIDE\plugins\com.st.stm32cube.common.mx_6.9.2.202309101412\\db\/mcu/
2023-09-26 17:13:13,000 [INFO] ApiDb:274 - Set plugin database path to: D:\software\STM32CubeIDE_1.13.2\STM32CubeIDE\plugins\com.st.stm32cube.common.mx_6.9.2.202309101412\\db\/plugins/boardmanager/
2023-09-26 17:13:13,001 [WARN] ApiDb:259 - Overriding images path with different value:  => D:\software\STM32CubeIDE_1.13.2\STM32CubeIDE\plugins\com.st.stm32cube.common.mx_6.9.2.202309101412\\db\/plugins/mcufinder/images/
2023-09-26 17:13:13,035 [INFO] ApiDb:250 - Set database path to: C:\Users\lenovo\.stmcufinder\plugins\mcufinder//mcu/
2023-09-26 17:13:13,039 [INFO] DbMcusAds:125 - Set database path to: C:\Users\lenovo\.stmcufinder\plugins\mcufinder//mcu/
2023-09-26 17:13:13,058 [INFO] CrossReferenceDbSqlite:203 - Set database path to: C:\Users\lenovo\.stmcufinder\plugins\mcufinder//mcu/cs/
2023-09-26 17:13:13,763 [INFO] RulesReader:64 - Compatibility file has been processed (293 Rules)
2023-09-26 17:13:14,132 [INFO] DbMcusXml:78 - Set database path to: D:\software\STM32CubeIDE_1.13.2\STM32CubeIDE\plugins\com.st.stm32cube.common.mx_6.9.2.202309101412\\db\/mcu/
2023-09-26 17:13:14,133 [INFO] ApiDb:274 - Set plugin database path to: D:\software\STM32CubeIDE_1.13.2\STM32CubeIDE\plugins\com.st.stm32cube.common.mx_6.9.2.202309101412\\db\/plugins/boardmanager/
2023-09-26 17:13:14,133 [INFO] ApiDb:261 - Set plugin images path to: D:\software\STM32CubeIDE_1.13.2\STM32CubeIDE\plugins\com.st.stm32cube.common.mx_6.9.2.202309101412\\db\/plugins/mcufinder/images/
2023-09-26 17:13:14,134 [WARN] DbFile:41 - Overriding database path with different value: C:\Users\lenovo\.stmcufinder\plugins\mcufinder/ => C:\Users\lenovo\.stmcufinder\plugins\mcufinder
2023-09-26 17:13:14,135 [INFO] ApiDb:250 - Set database path to: C:\Users\lenovo\.stmcufinder\plugins\mcufinder//mcu/
2023-09-26 17:13:14,136 [WARN] DbFile:41 - Overriding database path with different value: C:\Users\lenovo\.stmcufinder\plugins\mcufinder/ => C:\Users\lenovo\.stmcufinder\plugins\mcufinder
2023-09-26 17:13:14,136 [INFO] DbMcusAds:125 - Set database path to: C:\Users\lenovo\.stmcufinder\plugins\mcufinder//mcu/
2023-09-26 17:13:14,136 [WARN] DbFile:41 - Overriding database path with different value: C:\Users\lenovo\.stmcufinder\plugins\mcufinder/ => C:\Users\lenovo\.stmcufinder\plugins\mcufinder
2023-09-26 17:13:14,138 [WARN] DbFile:41 - Overriding database path with different value: C:\Users\lenovo\.stmcufinder\plugins\mcufinder/ => C:\Users\lenovo\.stmcufinder\plugins\mcufinder
2023-09-26 17:13:14,138 [INFO] CrossReferenceDbSqlite:203 - Set database path to: C:\Users\lenovo\.stmcufinder\plugins\mcufinder//mcu/cs/
2023-09-26 17:13:14,414 [INFO] MainPanel:262 - HeapMemory: 268435456
2023-09-26 17:13:14,691 [INFO] DbMcusXml:78 - Set database path to: D:\software\STM32CubeIDE_1.13.2\STM32CubeIDE\plugins\com.st.stm32cube.common.mx_6.9.2.202309101412\\db\/mcu/
2023-09-26 17:13:14,691 [INFO] ApiDb:274 - Set plugin database path to: D:\software\STM32CubeIDE_1.13.2\STM32CubeIDE\plugins\com.st.stm32cube.common.mx_6.9.2.202309101412\\db\/plugins/boardmanager/
2023-09-26 17:13:14,691 [INFO] ApiDb:261 - Set plugin images path to: D:\software\STM32CubeIDE_1.13.2\STM32CubeIDE\plugins\com.st.stm32cube.common.mx_6.9.2.202309101412\\db\/plugins/mcufinder/images/
2023-09-26 17:13:14,693 [WARN] DbFile:41 - Overriding database path with different value: C:\Users\lenovo\.stmcufinder\plugins\mcufinder/ => C:\Users\lenovo\.stmcufinder\plugins\mcufinder
2023-09-26 17:13:14,693 [INFO] ApiDb:250 - Set database path to: C:\Users\lenovo\.stmcufinder\plugins\mcufinder//mcu/
2023-09-26 17:13:14,694 [WARN] DbFile:41 - Overriding database path with different value: C:\Users\lenovo\.stmcufinder\plugins\mcufinder/ => C:\Users\lenovo\.stmcufinder\plugins\mcufinder
2023-09-26 17:13:14,694 [INFO] DbMcusAds:125 - Set database path to: C:\Users\lenovo\.stmcufinder\plugins\mcufinder//mcu/
2023-09-26 17:13:14,695 [WARN] DbFile:41 - Overriding database path with different value: C:\Users\lenovo\.stmcufinder\plugins\mcufinder/ => C:\Users\lenovo\.stmcufinder\plugins\mcufinder
2023-09-26 17:13:14,695 [WARN] DbFile:41 - Overriding database path with different value: C:\Users\lenovo\.stmcufinder\plugins\mcufinder/ => C:\Users\lenovo\.stmcufinder\plugins\mcufinder
2023-09-26 17:13:14,696 [INFO] CrossReferenceDbSqlite:203 - Set database path to: C:\Users\lenovo\.stmcufinder\plugins\mcufinder//mcu/cs/
2023-09-26 17:13:14,754 [INFO] ApplicationProperties:184 - Using Application install path: D:\software\STM32CubeIDE_1.13.2\STM32CubeIDE\plugins\com.st.stm32cube.common.mx_6.9.2.202309101412
2023-09-26 17:13:14,759 [INFO] PluginManage:196 - Search for loadable plugins [exclusion list=, ]
2023-09-26 17:13:14,763 [INFO] PluginManage:310 - Check plugin analytics
2023-09-26 17:13:15,340 [INFO] AnalyticsPlugin:253 - Accepted Software Licenses: 
2023-09-26 17:13:15,341 [INFO] AnalyticsPlugin:255 - Accepted CMSIS Pack Licenses: 
2023-09-26 17:13:15,342 [INFO] AnalyticsPlugin:257 - Accepted Firmware Licenses: 
2023-09-26 17:13:15,358 [INFO] PluginManage:359 - Loaded plugin analytics (category:tool,tabindex:-1)
2023-09-26 17:13:15,361 [INFO] PluginManage:310 - Check plugin cadmodel
2023-09-26 17:13:15,378 [INFO] CADModel:105 - Init CAD model plugin
2023-09-26 17:13:15,379 [INFO] PluginManage:359 - Loaded plugin cadmodel (category:power,tabindex:5)
2023-09-26 17:13:15,380 [INFO] PluginManage:310 - Check plugin clock
2023-09-26 17:13:15,424 [INFO] PluginManage:359 - Loaded plugin clock (category:base,tabindex:2)
2023-09-26 17:13:15,425 [INFO] PluginManage:310 - Check plugin ddr
2023-09-26 17:13:15,433 [INFO] PluginManage:359 - Loaded plugin ddr (category:tool,tabindex:6)
2023-09-26 17:13:15,434 [INFO] PluginManage:310 - Check plugin filemanager
2023-09-26 17:13:15,874 [INFO] PluginManage:359 - Loaded plugin filemanager (category:base,tabindex:10)
2023-09-26 17:13:15,874 [INFO] PluginManage:310 - Check plugin ipmanager
2023-09-26 17:13:15,898 [INFO] PluginManage:359 - Loaded plugin ipmanager (category:base,tabindex:5)
2023-09-26 17:13:15,900 [INFO] PluginManage:310 - Check plugin lpbam
2023-09-26 17:13:15,930 [INFO] PluginManage:359 - Loaded plugin lpbam (category:base,tabindex:0)
2023-09-26 17:13:15,931 [INFO] PluginManage:310 - Check plugin memorymap
2023-09-26 17:13:15,973 [INFO] PluginManage:359 - Loaded plugin memorymap (category:base,tabindex:4)
2023-09-26 17:13:15,974 [INFO] PluginManage:310 - Check plugin pinoutandconfiguration
2023-09-26 17:13:16,013 [INFO] PluginManage:359 - Loaded plugin pinoutandconfiguration (category:base,tabindex:1)
2023-09-26 17:13:16,014 [INFO] PluginManage:310 - Check plugin pinoutconfig
2023-09-26 17:13:16,291 [WARN] SupportedApi:132 - Cannot load RTOS API schema: s4s-elt-must-match.1: The content of 'definitions' must match (annotation?, (simpleType | complexType)?, (unique | key | keyref)*)). A problem was found starting at: attribute.
2023-09-26 17:13:16,718 [INFO] PluginManage:359 - Loaded plugin pinoutconfig (category:base,tabindex:0)
2023-09-26 17:13:16,719 [INFO] PluginManage:310 - Check plugin power
2023-09-26 17:13:16,780 [INFO] PluginManage:359 - Loaded plugin power (category:power,tabindex:4)
2023-09-26 17:13:16,780 [INFO] PluginManage:310 - Check plugin projectmanager
2023-09-26 17:13:16,823 [INFO] PluginManage:359 - Loaded plugin projectmanager (category:projectmanager,tabindex:3)
2023-09-26 17:13:16,823 [INFO] PluginManage:310 - Check plugin thirdparty
2023-09-26 17:13:17,262 [WARN] IntegrityCheckThread:84 - waiting for thirdparty lock release [integrity check]
2023-09-26 17:13:17,263 [INFO] IntegrityCheckThread:86 - entering critical section [integrity check]
2023-09-26 17:13:17,263 [INFO] PluginManage:359 - Loaded plugin thirdparty (category:base,tabindex:-1)
2023-09-26 17:13:17,265 [INFO] PluginManage:310 - Check plugin tools
2023-09-26 17:13:17,266 [INFO] ThirdPartyUpdaterWithRetryManager:70 - Updater plugin not ready yet. [1/15]
2023-09-26 17:13:17,271 [INFO] PluginManage:359 - Loaded plugin tools (category:base,tabindex:7)
2023-09-26 17:13:17,272 [INFO] PluginManage:310 - Check plugin tutovideos
2023-09-26 17:13:17,823 [INFO] PluginManage:359 - Loaded plugin tutovideos (category:base,tabindex:-1)
2023-09-26 17:13:17,824 [INFO] PluginManage:310 - Check plugin updater
2023-09-26 17:13:17,856 [INFO] PluginManage:359 - Loaded plugin updater (category:base,tabindex:12)
2023-09-26 17:13:17,857 [INFO] PluginManage:310 - Check plugin userauth
2023-09-26 17:13:17,872 [INFO] UserAuth:113 - Init User Auth plugin
2023-09-26 17:13:17,873 [INFO] PluginManage:359 - Loaded plugin userauth (category:base,tabindex:14)
2023-09-26 17:13:17,874 [INFO] PluginManage:283 - PluginManage : Loaded plugins [17]
2023-09-26 17:13:18,564 [INFO] PinOutPanel:1499 - setPackage(No Configuration,No Configuration)
2023-09-26 17:13:18,895 [INFO] CADModel:165 - CPN selected for project level
2023-09-26 17:13:18,896 [INFO] CADModel:114 - Register for checkConnection events
2023-09-26 17:13:18,951 [INFO] IPUIPlugin:80 - create IPUIPlugin
2023-09-26 17:13:18,952 [INFO] PluginManager:220 - loadIPPluginJar : add adc
2023-09-26 17:13:18,958 [INFO] IPUIPlugin:80 - create IPUIPlugin
2023-09-26 17:13:18,959 [INFO] PluginManager:220 - loadIPPluginJar : add aes
2023-09-26 17:13:18,967 [INFO] IPUIPlugin:80 - create IPUIPlugin
2023-09-26 17:13:18,968 [INFO] PluginManager:220 - loadIPPluginJar : add can
2023-09-26 17:13:18,971 [INFO] IPUIPlugin:80 - create IPUIPlugin
2023-09-26 17:13:18,973 [INFO] PluginManager:220 - loadIPPluginJar : add comp
2023-09-26 17:13:18,980 [INFO] IPUIPlugin:80 - create IPUIPlugin
2023-09-26 17:13:18,980 [INFO] PluginManager:220 - loadIPPluginJar : add cryp
2023-09-26 17:13:18,988 [INFO] IPUIPlugin:80 - create IPUIPlugin
2023-09-26 17:13:18,989 [INFO] PluginManager:220 - loadIPPluginJar : add dfsdm
2023-09-26 17:13:19,051 [INFO] IPUIPlugin:80 - create IPUIPlugin
2023-09-26 17:13:19,052 [INFO] PluginManager:220 - loadIPPluginJar : add dma
2023-09-26 17:13:19,058 [INFO] IPUIPlugin:80 - create IPUIPlugin
2023-09-26 17:13:19,058 [INFO] PluginManager:220 - loadIPPluginJar : add dma3
2023-09-26 17:13:19,063 [INFO] IPUIPlugin:80 - create IPUIPlugin
2023-09-26 17:13:19,063 [INFO] PluginManager:220 - loadIPPluginJar : add fatfs
2023-09-26 17:13:19,075 [INFO] IPUIPlugin:80 - create IPUIPlugin
2023-09-26 17:13:19,075 [INFO] PluginManager:220 - loadIPPluginJar : add fmc
2023-09-26 17:13:19,090 [INFO] IPUIPlugin:80 - create IPUIPlugin
2023-09-26 17:13:19,090 [INFO] PluginManager:220 - loadIPPluginJar : add freertos
2023-09-26 17:13:19,094 [INFO] IPUIPlugin:80 - create IPUIPlugin
2023-09-26 17:13:19,095 [INFO] PluginManager:220 - loadIPPluginJar : add genericplugin
2023-09-26 17:13:19,101 [INFO] IPUIPlugin:80 - create IPUIPlugin
2023-09-26 17:13:19,101 [INFO] PluginManager:220 - loadIPPluginJar : add gfxmmu
2023-09-26 17:13:19,130 [INFO] IPUIPlugin:80 - create IPUIPlugin
2023-09-26 17:13:19,131 [INFO] PluginManager:220 - loadIPPluginJar : add gic
2023-09-26 17:13:19,145 [INFO] IPUIPlugin:80 - create IPUIPlugin
2023-09-26 17:13:19,146 [INFO] PluginManager:220 - loadIPPluginJar : add gpio
2023-09-26 17:13:19,152 [INFO] IPUIPlugin:80 - create IPUIPlugin
2023-09-26 17:13:19,153 [INFO] PluginManager:220 - loadIPPluginJar : add gtzc
2023-09-26 17:13:19,160 [INFO] IPUIPlugin:80 - create IPUIPlugin
2023-09-26 17:13:19,161 [INFO] PluginManager:220 - loadIPPluginJar : add hash
2023-09-26 17:13:19,169 [INFO] IPUIPlugin:80 - create IPUIPlugin
2023-09-26 17:13:19,169 [INFO] PluginManager:220 - loadIPPluginJar : add i2c
2023-09-26 17:13:19,178 [INFO] IPUIPlugin:80 - create IPUIPlugin
2023-09-26 17:13:19,178 [INFO] PluginManager:220 - loadIPPluginJar : add i2s
2023-09-26 17:13:19,185 [INFO] IPUIPlugin:80 - create IPUIPlugin
2023-09-26 17:13:19,185 [INFO] PluginManager:220 - loadIPPluginJar : add i3c
2023-09-26 17:13:19,194 [INFO] IPUIPlugin:80 - create IPUIPlugin
2023-09-26 17:13:19,194 [INFO] PluginManager:220 - loadIPPluginJar : add ipddr
2023-09-26 17:13:19,215 [INFO] IPUIPlugin:80 - create IPUIPlugin
2023-09-26 17:13:19,216 [INFO] PluginManager:220 - loadIPPluginJar : add linkedlist
2023-09-26 17:13:19,224 [INFO] IPUIPlugin:80 - create IPUIPlugin
2023-09-26 17:13:19,225 [INFO] PluginManager:220 - loadIPPluginJar : add lorawan
2023-09-26 17:13:19,228 [INFO] IPUIPlugin:80 - create IPUIPlugin
2023-09-26 17:13:19,229 [INFO] PluginManager:220 - loadIPPluginJar : add ltdc
2023-09-26 17:13:19,244 [INFO] IPUIPlugin:80 - create IPUIPlugin
2023-09-26 17:13:19,245 [INFO] PluginManager:220 - loadIPPluginJar : add mdma
2023-09-26 17:13:19,255 [INFO] IPUIPlugin:80 - create IPUIPlugin
2023-09-26 17:13:19,256 [INFO] PluginManager:220 - loadIPPluginJar : add nvic
2023-09-26 17:13:19,264 [INFO] IPUIPlugin:80 - create IPUIPlugin
2023-09-26 17:13:19,264 [INFO] PluginManager:220 - loadIPPluginJar : add opamp
2023-09-26 17:13:19,271 [INFO] IPUIPlugin:80 - create IPUIPlugin
2023-09-26 17:13:19,272 [INFO] PluginManager:220 - loadIPPluginJar : add openamp
2023-09-26 17:13:19,281 [INFO] IPUIPlugin:80 - create IPUIPlugin
2023-09-26 17:13:19,281 [INFO] PluginManager:220 - loadIPPluginJar : add pdm2pcm
2023-09-26 17:13:19,296 [INFO] IPUIPlugin:80 - create IPUIPlugin
2023-09-26 17:13:19,306 [INFO] PluginManager:220 - loadIPPluginJar : add plateformsettings
2023-09-26 17:13:19,310 [INFO] IPUIPlugin:80 - create IPUIPlugin
2023-09-26 17:13:19,310 [INFO] PluginManager:220 - loadIPPluginJar : add quadspi
2023-09-26 17:13:19,319 [INFO] IPUIPlugin:80 - create IPUIPlugin
2023-09-26 17:13:19,320 [INFO] PluginManager:220 - loadIPPluginJar : add resmgrutility
2023-09-26 17:13:19,326 [INFO] IPUIPlugin:80 - create IPUIPlugin
2023-09-26 17:13:19,328 [INFO] PluginManager:220 - loadIPPluginJar : add sai
2023-09-26 17:13:19,333 [INFO] IPUIPlugin:80 - create IPUIPlugin
2023-09-26 17:13:19,333 [INFO] PluginManager:220 - loadIPPluginJar : add spi
2023-09-26 17:13:19,343 [INFO] IPUIPlugin:80 - create IPUIPlugin
2023-09-26 17:13:19,344 [INFO] PluginManager:220 - loadIPPluginJar : add stm32_wpan
2023-09-26 17:13:19,350 [INFO] IPUIPlugin:80 - create IPUIPlugin
2023-09-26 17:13:19,351 [INFO] PluginManager:220 - loadIPPluginJar : add tim
2023-09-26 17:13:19,359 [INFO] IPUIPlugin:80 - create IPUIPlugin
2023-09-26 17:13:19,359 [INFO] PluginManager:220 - loadIPPluginJar : add touchsensing
2023-09-26 17:13:19,364 [INFO] IPUIPlugin:80 - create IPUIPlugin
2023-09-26 17:13:19,365 [INFO] PluginManager:220 - loadIPPluginJar : add tracer_emb
2023-09-26 17:13:19,370 [INFO] IPUIPlugin:80 - create IPUIPlugin
2023-09-26 17:13:19,371 [INFO] PluginManager:220 - loadIPPluginJar : add ts
2023-09-26 17:13:19,375 [INFO] IPUIPlugin:80 - create IPUIPlugin
2023-09-26 17:13:19,375 [INFO] PluginManager:220 - loadIPPluginJar : add tsc
2023-09-26 17:13:19,381 [INFO] IPUIPlugin:80 - create IPUIPlugin
2023-09-26 17:13:19,381 [INFO] PluginManager:220 - loadIPPluginJar : add ucpd
2023-09-26 17:13:19,389 [INFO] IPUIPlugin:80 - create IPUIPlugin
2023-09-26 17:13:19,390 [INFO] PluginManager:220 - loadIPPluginJar : add usart
2023-09-26 17:13:19,398 [INFO] IPUIPlugin:80 - create IPUIPlugin
2023-09-26 17:13:19,398 [INFO] PluginManager:220 - loadIPPluginJar : add usbx
2023-09-26 17:13:19,658 [INFO] CADModel:165 - CPN selected for project level
2023-09-26 17:13:19,659 [INFO] CADModel:114 - Register for checkConnection events
2023-09-26 17:13:19,659 [FATAL] Updater:308 - Updater called before beeing initialized
2023-09-26 17:13:19,659 [ERROR] CADModel:125 - Updater not yet initialized, retry later 
2023-09-26 17:13:20,169 [INFO] CADModel:165 - CPN selected for project level
2023-09-26 17:13:20,169 [INFO] CADModel:114 - Register for checkConnection events
2023-09-26 17:13:20,170 [FATAL] Updater:308 - Updater called before beeing initialized
2023-09-26 17:13:20,170 [ERROR] CADModel:125 - Updater not yet initialized, retry later 
2023-09-26 17:13:20,184 [FATAL] Updater:308 - Updater called before beeing initialized
2023-09-26 17:13:20,281 [INFO] ThirdPartyUpdaterWithRetryManager:70 - Updater plugin not ready yet. [2/15]
2023-09-26 17:13:20,535 [FATAL] Updater:308 - Updater called before beeing initialized
2023-09-26 17:13:20,556 [INFO] DbMcusAds:53 - JSON generation date=Tue Mar 07 16:50:55 CST 2023 (1678179055114)
2023-09-26 17:13:20,556 [FATAL] Updater:308 - Updater called before beeing initialized
2023-09-26 17:13:21,593 [WARN] DetailPanel:346 - Failed to get advertising image, set to default
2023-09-26 17:13:21,890 [FATAL] Updater:308 - Updater called before beeing initialized
2023-09-26 17:13:21,895 [FATAL] Updater:308 - Updater called before beeing initialized
2023-09-26 17:13:21,899 [FATAL] Updater:308 - Updater called before beeing initialized
2023-09-26 17:13:21,900 [WARN] DetailPanel:346 - Failed to get advertising image, set to default
2023-09-26 17:13:21,906 [FATAL] Updater:308 - Updater called before beeing initialized
2023-09-26 17:13:22,063 [ERROR] Updater:1120 - MainUpdater not yet initialized. External WinMGr cannot be set.
2023-09-26 17:13:22,069 [INFO] Updater:1056 - Updater Version found : 6.9.2
2023-09-26 17:13:22,126 [INFO] ApplicationProperties:184 - Using Application install path: D:\software\STM32CubeIDE_1.13.2\STM32CubeIDE\plugins\com.st.stm32cube.common.mx_6.9.2.202309101412
2023-09-26 17:13:22,631 [INFO] MainUpdater:2868 - connection check result : 10
2023-09-26 17:13:22,633 [INFO] MainUpdater:3562 - Updater definition file requires update
2023-09-26 17:13:22,637 [INFO] MainUpdater:285 - Updater Check For Update Now.
2023-09-26 17:13:22,638 [INFO] MicroXplorer:498 - Change Database Version : DB.6.0.92
2023-09-26 17:13:22,668 [INFO] McuFinderGlobals:63 - Set McuFinder mode to 2 (CubeIDE integrated)
2023-09-26 17:13:22,685 [INFO] ServerAccessManage:473 - Download File updaters.zip
2023-09-26 17:13:22,851 [INFO] FileExtend:240 - Unzip File : updaters.zip
2023-09-26 17:13:22,852 [INFO] FileExtend:255 - Standard Zip Deflate
2023-09-26 17:13:23,291 [WARN] MainUpdater:1189 - Updater busy. Cannot search thirdparties
2023-09-26 17:13:23,291 [INFO] ThirdPartyUpdaterWithRetryManager:96 - Updater plugin is busy. [1/15]
2023-09-26 17:13:24,007 [INFO] ServerAccessManage:473 - Download File PacksControlFlags.xml
2023-09-26 17:13:24,153 [INFO] ServerAccessManage:473 - Download File cubemx.pidx
2023-09-26 17:13:24,526 [INFO] LoadServerUpdatesThread:373 - End of LoadServerUpdate Thread
2023-09-26 17:13:25,962 [INFO] CheckServerUpdateThread:120 - End of CheckServer Thread
2023-09-26 17:13:27,035 [WARN] PackLoader:240 - Cannot read IP mode file for STMicroelectronics.X-CUBE-SMBUS.2.1.0
2023-09-26 17:13:27,146 [WARN] PackLoader:240 - Cannot read IP mode file for STMicroelectronics.X-CUBE-AZRTOS-F7.1.1.0
2023-09-26 17:13:27,188 [WARN] PackLoader:240 - Cannot read IP mode file for STMicroelectronics.FP-SNS-MOTENV1.4.3.2
2023-09-26 17:13:27,219 [WARN] PackLoader:240 - Cannot read IP mode file for STMicroelectronics.FP-SNS-FLIGHT1.5.0.2
2023-09-26 17:13:27,254 [WARN] PackLoader:240 - Cannot read IP mode file for STMicroelectronics.X-CUBE-DISPLAY.3.0.0
2023-09-26 17:13:27,306 [WARN] PackLoader:240 - Cannot read IP mode file for STMicroelectronics.X-CUBE-BLE1.7.0.0
2023-09-26 17:13:27,330 [WARN] PackLoader:240 - Cannot read IP mode file for emotas.I-CUBE-CANOPEN.1.3.0
2023-09-26 17:13:27,350 [WARN] PackLoader:240 - Cannot read IP mode file for STMicroelectronics.X-CUBE-TOUCHGFX.4.22.0
2023-09-26 17:13:27,367 [WARN] PackLoader:240 - Cannot read IP mode file for STMicroelectronics.FP-SNS-SMARTAG2.1.2.0
2023-09-26 17:13:27,399 [INFO] LogOutputStream:77 - [STDOUT_REDIRECT] 1 : Invalid condition id : UX_CORESTACK_Condition cause : null
2023-09-26 17:13:27,400 [INFO] LogOutputStream:77 - [STDOUT_REDIRECT] 1 : Invalid condition id : UX_CORESTACK_Condition cause : null
2023-09-26 17:13:27,403 [INFO] LogOutputStream:77 - [STDOUT_REDIRECT] 1 : Invalid condition id : UX_CORESTACK_Condition cause : null
2023-09-26 17:13:27,411 [INFO] LogOutputStream:77 - [STDOUT_REDIRECT] 1 : Invalid condition id : UX_CORESTACK_Condition cause : null
2023-09-26 17:13:27,414 [INFO] LogOutputStream:77 - [STDOUT_REDIRECT] 1 : Invalid condition id : UX_CORESTACK_Condition cause : null
2023-09-26 17:13:27,426 [WARN] PackLoader:240 - Cannot read IP mode file for STMicroelectronics.X-CUBE-AZRTOS-WL.2.0.0
2023-09-26 17:13:27,456 [WARN] PackLoader:240 - Cannot read IP mode file for WES.I-CUBE-Cesium.1.3.0
2023-09-26 17:13:27,473 [WARN] PackLoader:240 - Cannot read IP mode file for STMicroelectronics.X-CUBE-BLE2.3.3.0
2023-09-26 17:13:27,495 [WARN] PackLoader:240 - Cannot read IP mode file for STMicroelectronics.X-CUBE-ALGOBUILD.1.3.0
2023-09-26 17:13:27,551 [WARN] PackLoader:240 - Cannot read IP mode file for STMicroelectronics.X-CUBE-AZRTOS-G0.1.1.0
2023-09-26 17:13:27,578 [WARN] PackLoader:240 - Cannot read IP mode file for STMicroelectronics.X-CUBE-NFC4.3.0.0
2023-09-26 17:13:27,600 [WARN] PackLoader:240 - Cannot read IP mode file for STMicroelectronics.FP-ATR-SIGFOX1.3.2.0
2023-09-26 17:13:27,709 [WARN] PackLoader:240 - Cannot read IP mode file for SEGGER.I-CUBE-embOS.1.3.1
2023-09-26 17:13:27,862 [WARN] PackLoader:240 - Cannot read IP mode file for STMicroelectronics.X-CUBE-GNSS1.6.0.0
2023-09-26 17:13:27,920 [WARN] PackLoader:240 - Cannot read IP mode file for STMicroelectronics.X-CUBE-AZRTOS-F4.1.1.0
2023-09-26 17:13:27,944 [WARN] PackLoader:240 - Cannot read IP mode file for wolfSSL.I-CUBE-wolfSSL.5.6.3
2023-09-26 17:13:27,988 [WARN] PackLoader:240 - Cannot read IP mode file for STMicroelectronics.X-CUBE-AZRTOS-L5.2.0.0
2023-09-26 17:13:28,130 [WARN] PackLoader:240 - Cannot read IP mode file for STMicroelectronics.X-CUBE-MEMS1.9.6.0
2023-09-26 17:13:28,629 [WARN] PackLoader:240 - Cannot read IP mode file for STMicroelectronics.X-CUBE-BLEMGR.2.0.0
2023-09-26 17:13:28,658 [WARN] ConditionMgr:438 - getConditionDescription Invalid condition id : UX DEVICE CLASS RTOS Condition cause : null
2023-09-26 17:13:28,659 [WARN] ConditionMgr:438 - getConditionDescription Invalid condition id : UX DEVICE CLASS RTOS Condition cause : null
2023-09-26 17:13:28,664 [WARN] PackLoader:240 - Cannot read IP mode file for STMicroelectronics.X-CUBE-AZRTOS-H7.3.1.0
2023-09-26 17:13:28,665 [WARN] ConditionMgr:1039 - genDependencies : Invalid condition id : UX DEVICE CLASS RTOS Condition cause : null
2023-09-26 17:13:28,666 [WARN] ConditionMgr:1039 - genDependencies : Invalid condition id : UX DEVICE CLASS RTOS Condition cause : null
2023-09-26 17:13:28,666 [WARN] ConditionMgr:1039 - genDependencies : Invalid condition id : UX DEVICE CLASS RTOS Condition cause : null
2023-09-26 17:13:28,666 [WARN] ConditionMgr:1039 - genDependencies : Invalid condition id : UX DEVICE CLASS RTOS Condition cause : null
2023-09-26 17:13:28,668 [WARN] ConditionMgr:1039 - genDependencies : Invalid condition id : UX DEVICE CLASS RTOS Condition cause : null
2023-09-26 17:13:28,678 [WARN] PackLoader:240 - Cannot read IP mode file for STMicroelectronics.X-CUBE-NFC7.1.0.1
2023-09-26 17:13:28,695 [WARN] PackLoader:240 - Cannot read IP mode file for STMicroelectronics.X-CUBE-NFC6.3.0.0
2023-09-26 17:13:28,710 [WARN] PackLoader:240 - Cannot read IP mode file for STMicroelectronics.X-CUBE-EEPRMA1.4.1.0
2023-09-26 17:13:28,722 [WARN] PackLoader:240 - Cannot read IP mode file for STMicroelectronics.X-CUBE-AI.8.1.0
2023-09-26 17:13:28,750 [WARN] ConditionMgr:438 - getConditionDescription Invalid condition id : LAN8742 Phy interface Condition cause : null
2023-09-26 17:13:28,752 [WARN] PackLoader:240 - Cannot read IP mode file for STMicroelectronics.X-CUBE-AZRTOS-L4.2.0.0
2023-09-26 17:13:28,755 [WARN] ConditionMgr:1039 - genDependencies : Invalid condition id : LAN8742 Phy interface Condition cause : null
2023-09-26 17:13:28,756 [WARN] ConditionMgr:1039 - genDependencies : Invalid condition id : LAN8742 Phy interface Condition cause : null
2023-09-26 17:13:28,757 [WARN] ConditionMgr:1039 - genDependencies : Invalid condition id : LAN8742 Phy interface Condition cause : null
2023-09-26 17:13:28,775 [WARN] PackLoader:240 - Cannot read IP mode file for STMicroelectronics.X-CUBE-SFXS2LP1.4.0.0
2023-09-26 17:13:28,787 [WARN] PackLoader:240 - Cannot read IP mode file for STMicroelectronics.X-CUBE-ISPU.1.1.0
2023-09-26 17:13:28,811 [WARN] ConditionMgr:438 - getConditionDescription Invalid condition id : UX DEVICE CLASS RTOS Condition cause : null
2023-09-26 17:13:28,812 [WARN] ConditionMgr:438 - getConditionDescription Invalid condition id : UX DEVICE CLASS RTOS Condition cause : null
2023-09-26 17:13:28,816 [WARN] PackLoader:240 - Cannot read IP mode file for STMicroelectronics.X-CUBE-AZRTOS-WB.2.0.0
2023-09-26 17:13:28,818 [WARN] ConditionMgr:1039 - genDependencies : Invalid condition id : UX DEVICE CLASS RTOS Condition cause : null
2023-09-26 17:13:28,818 [WARN] ConditionMgr:1039 - genDependencies : Invalid condition id : UX DEVICE CLASS RTOS Condition cause : null
2023-09-26 17:13:28,818 [WARN] ConditionMgr:1039 - genDependencies : Invalid condition id : UX DEVICE CLASS RTOS Condition cause : null
2023-09-26 17:13:28,820 [WARN] ConditionMgr:1039 - genDependencies : Invalid condition id : UX DEVICE CLASS RTOS Condition cause : null
2023-09-26 17:13:28,820 [WARN] ConditionMgr:1039 - genDependencies : Invalid condition id : UX DEVICE CLASS RTOS Condition cause : null
2023-09-26 17:13:28,845 [WARN] PackLoader:240 - Cannot read IP mode file for STMicroelectronics.X-CUBE-SUBG2.5.0.0
2023-09-26 17:13:28,877 [WARN] PackLoader:240 - Cannot read IP mode file for STMicroelectronics.X-CUBE-TOF1.3.3.1
2023-09-26 17:13:28,928 [WARN] PackLoader:240 - Cannot read IP mode file for STMicroelectronics.X-CUBE-AZRTOS-G4.2.0.0
2023-09-26 17:13:28,943 [WARN] PackLoader:240 - Cannot read IP mode file for STMicroelectronics.X-CUBE-FREERTOS.1.1.0
2023-09-26 17:13:28,961 [WARN] PackLoader:240 - Cannot read IP mode file for portGmbH.I-Cube-SoM-uGOAL.1.1.0
2023-09-26 17:13:28,970 [WARN] PackLoader:240 - Cannot read IP mode file for STMicroelectronics.X-CUBE-ALS.1.0.1
2023-09-26 17:13:28,980 [WARN] PackLoader:240 - Cannot read IP mode file for STMicroelectronics.FP-ATR-ASTRA1.2.0.0
2023-09-26 17:13:28,983 [INFO] ThirdParty:978 - Integrity check success = true
2023-09-26 17:13:28,983 [INFO] IntegrityCheckThread:100 - exiting critical section [integrity check]
2023-09-26 17:13:28,984 [INFO] IntegrityCheckThread:103 - End integrity checks thread
2023-09-26 17:13:45,829 [ERROR] LogOutputStream:75 - [STDERR_REDIRECT] SLF4J: Failed to load class "org.slf4j.impl.StaticLoggerBinder".
2023-09-26 17:13:45,830 [ERROR] LogOutputStream:75 - [STDERR_REDIRECT] SLF4J: Defaulting to no-operation (NOP) logger implementation
2023-09-26 17:13:45,835 [ERROR] LogOutputStream:75 - [STDERR_REDIRECT] SLF4J: See http://www.slf4j.org/codes.html#StaticLoggerBinder for further details.
