2023-10-17 16:47:05,427 [INFO] Activator:176 - 


2023-10-17 16:47:05,430 [INFO] Activator:177 - !SESSION log4j initialized
2023-10-17 16:47:12,627 [INFO] LogOutputStream:77 - [STDOUT_REDIRECT] 
2023-10-17 16:47:14,968 [INFO] ApplicationProperties:184 - Using Application install path: D:\software\STM32CubeIDE_1.13.2\STM32CubeIDE\plugins\com.st.stm32cube.common.mx_6.9.2.202309101412
2023-10-17 16:47:14,988 [INFO] DbMcusXml:78 - Set database path to: D:\software\STM32CubeIDE_1.13.2\STM32CubeIDE\plugins\com.st.stm32cube.common.mx_6.9.2.202309101412\\db\/mcu/
2023-10-17 16:47:14,988 [INFO] ApiDb:274 - Set plugin database path to: D:\software\STM32CubeIDE_1.13.2\STM32CubeIDE\plugins\com.st.stm32cube.common.mx_6.9.2.202309101412\\db\/plugins/boardmanager/
2023-10-17 16:47:14,988 [WARN] ApiDb:259 - Overriding images path with different value:  => D:\software\STM32CubeIDE_1.13.2\STM32CubeIDE\plugins\com.st.stm32cube.common.mx_6.9.2.202309101412\\db\/plugins/mcufinder/images/
2023-10-17 16:47:14,999 [INFO] ApiDb:250 - Set database path to: C:\Users\lenovo\.stmcufinder\plugins\mcufinder//mcu/
2023-10-17 16:47:15,000 [INFO] DbMcusAds:125 - Set database path to: C:\Users\lenovo\.stmcufinder\plugins\mcufinder//mcu/
2023-10-17 16:47:15,002 [INFO] CrossReferenceDbSqlite:203 - Set database path to: C:\Users\lenovo\.stmcufinder\plugins\mcufinder//mcu/cs/
2023-10-17 16:47:15,093 [ERROR] ConfigurationRetriever:142 - IOException on connection: Read timed out
2023-10-17 16:47:15,102 [INFO] RulesReader:64 - Compatibility file has been processed (293 Rules)
2023-10-17 16:47:15,178 [INFO] DbMcusXml:78 - Set database path to: D:\software\STM32CubeIDE_1.13.2\STM32CubeIDE\plugins\com.st.stm32cube.common.mx_6.9.2.202309101412\\db\/mcu/
2023-10-17 16:47:15,179 [INFO] ApiDb:274 - Set plugin database path to: D:\software\STM32CubeIDE_1.13.2\STM32CubeIDE\plugins\com.st.stm32cube.common.mx_6.9.2.202309101412\\db\/plugins/boardmanager/
2023-10-17 16:47:15,179 [INFO] ApiDb:261 - Set plugin images path to: D:\software\STM32CubeIDE_1.13.2\STM32CubeIDE\plugins\com.st.stm32cube.common.mx_6.9.2.202309101412\\db\/plugins/mcufinder/images/
2023-10-17 16:47:15,179 [WARN] DbFile:41 - Overriding database path with different value: C:\Users\lenovo\.stmcufinder\plugins\mcufinder/ => C:\Users\lenovo\.stmcufinder\plugins\mcufinder
2023-10-17 16:47:15,179 [INFO] ApiDb:250 - Set database path to: C:\Users\lenovo\.stmcufinder\plugins\mcufinder//mcu/
2023-10-17 16:47:15,179 [WARN] DbFile:41 - Overriding database path with different value: C:\Users\lenovo\.stmcufinder\plugins\mcufinder/ => C:\Users\lenovo\.stmcufinder\plugins\mcufinder
2023-10-17 16:47:15,179 [INFO] DbMcusAds:125 - Set database path to: C:\Users\lenovo\.stmcufinder\plugins\mcufinder//mcu/
2023-10-17 16:47:15,179 [WARN] DbFile:41 - Overriding database path with different value: C:\Users\lenovo\.stmcufinder\plugins\mcufinder/ => C:\Users\lenovo\.stmcufinder\plugins\mcufinder
2023-10-17 16:47:15,179 [WARN] DbFile:41 - Overriding database path with different value: C:\Users\lenovo\.stmcufinder\plugins\mcufinder/ => C:\Users\lenovo\.stmcufinder\plugins\mcufinder
2023-10-17 16:47:15,179 [INFO] CrossReferenceDbSqlite:203 - Set database path to: C:\Users\lenovo\.stmcufinder\plugins\mcufinder//mcu/cs/
2023-10-17 16:47:15,249 [INFO] MainPanel:262 - HeapMemory: 268435456
2023-10-17 16:47:15,339 [INFO] DbMcusXml:78 - Set database path to: D:\software\STM32CubeIDE_1.13.2\STM32CubeIDE\plugins\com.st.stm32cube.common.mx_6.9.2.202309101412\\db\/mcu/
2023-10-17 16:47:15,339 [INFO] ApiDb:274 - Set plugin database path to: D:\software\STM32CubeIDE_1.13.2\STM32CubeIDE\plugins\com.st.stm32cube.common.mx_6.9.2.202309101412\\db\/plugins/boardmanager/
2023-10-17 16:47:15,339 [INFO] ApiDb:261 - Set plugin images path to: D:\software\STM32CubeIDE_1.13.2\STM32CubeIDE\plugins\com.st.stm32cube.common.mx_6.9.2.202309101412\\db\/plugins/mcufinder/images/
2023-10-17 16:47:15,340 [WARN] DbFile:41 - Overriding database path with different value: C:\Users\lenovo\.stmcufinder\plugins\mcufinder/ => C:\Users\lenovo\.stmcufinder\plugins\mcufinder
2023-10-17 16:47:15,340 [INFO] ApiDb:250 - Set database path to: C:\Users\lenovo\.stmcufinder\plugins\mcufinder//mcu/
2023-10-17 16:47:15,340 [WARN] DbFile:41 - Overriding database path with different value: C:\Users\lenovo\.stmcufinder\plugins\mcufinder/ => C:\Users\lenovo\.stmcufinder\plugins\mcufinder
2023-10-17 16:47:15,340 [INFO] DbMcusAds:125 - Set database path to: C:\Users\lenovo\.stmcufinder\plugins\mcufinder//mcu/
2023-10-17 16:47:15,340 [WARN] DbFile:41 - Overriding database path with different value: C:\Users\lenovo\.stmcufinder\plugins\mcufinder/ => C:\Users\lenovo\.stmcufinder\plugins\mcufinder
2023-10-17 16:47:15,340 [WARN] DbFile:41 - Overriding database path with different value: C:\Users\lenovo\.stmcufinder\plugins\mcufinder/ => C:\Users\lenovo\.stmcufinder\plugins\mcufinder
2023-10-17 16:47:15,340 [INFO] CrossReferenceDbSqlite:203 - Set database path to: C:\Users\lenovo\.stmcufinder\plugins\mcufinder//mcu/cs/
2023-10-17 16:47:15,356 [INFO] ApplicationProperties:184 - Using Application install path: D:\software\STM32CubeIDE_1.13.2\STM32CubeIDE\plugins\com.st.stm32cube.common.mx_6.9.2.202309101412
2023-10-17 16:47:15,358 [INFO] PluginManage:196 - Search for loadable plugins [exclusion list=, ]
2023-10-17 16:47:15,359 [INFO] PluginManage:310 - Check plugin analytics
2023-10-17 16:47:15,491 [INFO] AnalyticsPlugin:253 - Accepted Software Licenses: 
2023-10-17 16:47:15,492 [INFO] AnalyticsPlugin:255 - Accepted CMSIS Pack Licenses: 
2023-10-17 16:47:15,492 [INFO] AnalyticsPlugin:257 - Accepted Firmware Licenses: 
2023-10-17 16:47:15,495 [INFO] PluginManage:359 - Loaded plugin analytics (category:tool,tabindex:-1)
2023-10-17 16:47:15,495 [INFO] PluginManage:310 - Check plugin cadmodel
2023-10-17 16:47:15,499 [INFO] CADModel:105 - Init CAD model plugin
2023-10-17 16:47:15,499 [INFO] PluginManage:359 - Loaded plugin cadmodel (category:power,tabindex:5)
2023-10-17 16:47:15,500 [INFO] PluginManage:310 - Check plugin clock
2023-10-17 16:47:15,507 [INFO] PluginManage:359 - Loaded plugin clock (category:base,tabindex:2)
2023-10-17 16:47:15,507 [INFO] PluginManage:310 - Check plugin ddr
2023-10-17 16:47:15,509 [INFO] PluginManage:359 - Loaded plugin ddr (category:tool,tabindex:6)
2023-10-17 16:47:15,509 [INFO] PluginManage:310 - Check plugin filemanager
2023-10-17 16:47:15,628 [INFO] PluginManage:359 - Loaded plugin filemanager (category:base,tabindex:10)
2023-10-17 16:47:15,628 [INFO] PluginManage:310 - Check plugin ipmanager
2023-10-17 16:47:15,634 [INFO] PluginManage:359 - Loaded plugin ipmanager (category:base,tabindex:5)
2023-10-17 16:47:15,635 [INFO] PluginManage:310 - Check plugin lpbam
2023-10-17 16:47:15,642 [INFO] PluginManage:359 - Loaded plugin lpbam (category:base,tabindex:0)
2023-10-17 16:47:15,642 [INFO] PluginManage:310 - Check plugin memorymap
2023-10-17 16:47:15,656 [INFO] PluginManage:359 - Loaded plugin memorymap (category:base,tabindex:4)
2023-10-17 16:47:15,656 [INFO] PluginManage:310 - Check plugin pinoutandconfiguration
2023-10-17 16:47:15,662 [INFO] PluginManage:359 - Loaded plugin pinoutandconfiguration (category:base,tabindex:1)
2023-10-17 16:47:15,662 [INFO] PluginManage:310 - Check plugin pinoutconfig
2023-10-17 16:47:15,726 [WARN] SupportedApi:132 - Cannot load RTOS API schema: s4s-elt-must-match.1: The content of 'definitions' must match (annotation?, (simpleType | complexType)?, (unique | key | keyref)*)). A problem was found starting at: attribute.
2023-10-17 16:47:15,846 [INFO] PluginManage:359 - Loaded plugin pinoutconfig (category:base,tabindex:0)
2023-10-17 16:47:15,847 [INFO] PluginManage:310 - Check plugin power
2023-10-17 16:47:15,866 [INFO] PluginManage:359 - Loaded plugin power (category:power,tabindex:4)
2023-10-17 16:47:15,866 [INFO] PluginManage:310 - Check plugin projectmanager
2023-10-17 16:47:15,881 [INFO] PluginManage:359 - Loaded plugin projectmanager (category:projectmanager,tabindex:3)
2023-10-17 16:47:15,881 [INFO] PluginManage:310 - Check plugin thirdparty
2023-10-17 16:47:15,937 [INFO] McuFinderGlobals:63 - Set McuFinder mode to 2 (CubeIDE integrated)
2023-10-17 16:47:16,005 [INFO] PluginManage:359 - Loaded plugin thirdparty (category:base,tabindex:-1)
2023-10-17 16:47:16,005 [WARN] IntegrityCheckThread:84 - waiting for thirdparty lock release [integrity check]
2023-10-17 16:47:16,006 [INFO] PluginManage:310 - Check plugin tools
2023-10-17 16:47:16,006 [INFO] IntegrityCheckThread:86 - entering critical section [integrity check]
2023-10-17 16:47:16,006 [INFO] ThirdPartyUpdaterWithRetryManager:70 - Updater plugin not ready yet. [1/15]
2023-10-17 16:47:16,007 [INFO] PluginManage:359 - Loaded plugin tools (category:base,tabindex:7)
2023-10-17 16:47:16,008 [INFO] PluginManage:310 - Check plugin tutovideos
2023-10-17 16:47:16,185 [INFO] PluginManage:359 - Loaded plugin tutovideos (category:base,tabindex:-1)
2023-10-17 16:47:16,185 [INFO] PluginManage:310 - Check plugin updater
2023-10-17 16:47:16,195 [INFO] PluginManage:359 - Loaded plugin updater (category:base,tabindex:12)
2023-10-17 16:47:16,196 [INFO] PluginManage:310 - Check plugin userauth
2023-10-17 16:47:16,199 [INFO] UserAuth:113 - Init User Auth plugin
2023-10-17 16:47:16,199 [INFO] PluginManage:359 - Loaded plugin userauth (category:base,tabindex:14)
2023-10-17 16:47:16,200 [INFO] PluginManage:283 - PluginManage : Loaded plugins [17]
2023-10-17 16:47:16,355 [INFO] PinOutPanel:1499 - setPackage(No Configuration,No Configuration)
2023-10-17 16:47:16,434 [INFO] CADModel:165 - CPN selected for project level
2023-10-17 16:47:16,434 [INFO] CADModel:114 - Register for checkConnection events
2023-10-17 16:47:16,447 [INFO] IPUIPlugin:80 - create IPUIPlugin
2023-10-17 16:47:16,448 [INFO] PluginManager:220 - loadIPPluginJar : add adc
2023-10-17 16:47:16,449 [INFO] IPUIPlugin:80 - create IPUIPlugin
2023-10-17 16:47:16,449 [INFO] PluginManager:220 - loadIPPluginJar : add aes
2023-10-17 16:47:16,451 [INFO] IPUIPlugin:80 - create IPUIPlugin
2023-10-17 16:47:16,451 [INFO] PluginManager:220 - loadIPPluginJar : add can
2023-10-17 16:47:16,452 [INFO] IPUIPlugin:80 - create IPUIPlugin
2023-10-17 16:47:16,452 [INFO] PluginManager:220 - loadIPPluginJar : add comp
2023-10-17 16:47:16,454 [INFO] IPUIPlugin:80 - create IPUIPlugin
2023-10-17 16:47:16,454 [INFO] PluginManager:220 - loadIPPluginJar : add cryp
2023-10-17 16:47:16,455 [INFO] IPUIPlugin:80 - create IPUIPlugin
2023-10-17 16:47:16,455 [INFO] PluginManager:220 - loadIPPluginJar : add dfsdm
2023-10-17 16:47:16,459 [INFO] IPUIPlugin:80 - create IPUIPlugin
2023-10-17 16:47:16,459 [INFO] PluginManager:220 - loadIPPluginJar : add dma
2023-10-17 16:47:16,460 [INFO] IPUIPlugin:80 - create IPUIPlugin
2023-10-17 16:47:16,460 [INFO] PluginManager:220 - loadIPPluginJar : add dma3
2023-10-17 16:47:16,461 [INFO] IPUIPlugin:80 - create IPUIPlugin
2023-10-17 16:47:16,461 [INFO] PluginManager:220 - loadIPPluginJar : add fatfs
2023-10-17 16:47:16,464 [INFO] IPUIPlugin:80 - create IPUIPlugin
2023-10-17 16:47:16,464 [INFO] PluginManager:220 - loadIPPluginJar : add fmc
2023-10-17 16:47:16,468 [INFO] IPUIPlugin:80 - create IPUIPlugin
2023-10-17 16:47:16,469 [INFO] PluginManager:220 - loadIPPluginJar : add freertos
2023-10-17 16:47:16,470 [INFO] IPUIPlugin:80 - create IPUIPlugin
2023-10-17 16:47:16,470 [INFO] PluginManager:220 - loadIPPluginJar : add genericplugin
2023-10-17 16:47:16,471 [INFO] IPUIPlugin:80 - create IPUIPlugin
2023-10-17 16:47:16,472 [INFO] PluginManager:220 - loadIPPluginJar : add gfxmmu
2023-10-17 16:47:16,474 [INFO] IPUIPlugin:80 - create IPUIPlugin
2023-10-17 16:47:16,475 [INFO] PluginManager:220 - loadIPPluginJar : add gic
2023-10-17 16:47:16,477 [INFO] IPUIPlugin:80 - create IPUIPlugin
2023-10-17 16:47:16,477 [INFO] PluginManager:220 - loadIPPluginJar : add gpio
2023-10-17 16:47:16,479 [INFO] IPUIPlugin:80 - create IPUIPlugin
2023-10-17 16:47:16,479 [INFO] PluginManager:220 - loadIPPluginJar : add gtzc
2023-10-17 16:47:16,481 [INFO] IPUIPlugin:80 - create IPUIPlugin
2023-10-17 16:47:16,481 [INFO] PluginManager:220 - loadIPPluginJar : add hash
2023-10-17 16:47:16,483 [INFO] IPUIPlugin:80 - create IPUIPlugin
2023-10-17 16:47:16,483 [INFO] PluginManager:220 - loadIPPluginJar : add i2c
2023-10-17 16:47:16,484 [INFO] IPUIPlugin:80 - create IPUIPlugin
2023-10-17 16:47:16,484 [INFO] PluginManager:220 - loadIPPluginJar : add i2s
2023-10-17 16:47:16,486 [INFO] IPUIPlugin:80 - create IPUIPlugin
2023-10-17 16:47:16,486 [INFO] PluginManager:220 - loadIPPluginJar : add i3c
2023-10-17 16:47:16,488 [INFO] IPUIPlugin:80 - create IPUIPlugin
2023-10-17 16:47:16,488 [INFO] PluginManager:220 - loadIPPluginJar : add ipddr
2023-10-17 16:47:16,493 [INFO] IPUIPlugin:80 - create IPUIPlugin
2023-10-17 16:47:16,493 [INFO] PluginManager:220 - loadIPPluginJar : add linkedlist
2023-10-17 16:47:16,496 [INFO] IPUIPlugin:80 - create IPUIPlugin
2023-10-17 16:47:16,496 [INFO] PluginManager:220 - loadIPPluginJar : add lorawan
2023-10-17 16:47:16,496 [INFO] IPUIPlugin:80 - create IPUIPlugin
2023-10-17 16:47:16,496 [INFO] PluginManager:220 - loadIPPluginJar : add ltdc
2023-10-17 16:47:16,500 [INFO] IPUIPlugin:80 - create IPUIPlugin
2023-10-17 16:47:16,500 [INFO] PluginManager:220 - loadIPPluginJar : add mdma
2023-10-17 16:47:16,503 [INFO] IPUIPlugin:80 - create IPUIPlugin
2023-10-17 16:47:16,503 [INFO] PluginManager:220 - loadIPPluginJar : add nvic
2023-10-17 16:47:16,505 [INFO] IPUIPlugin:80 - create IPUIPlugin
2023-10-17 16:47:16,505 [INFO] PluginManager:220 - loadIPPluginJar : add opamp
2023-10-17 16:47:16,506 [INFO] IPUIPlugin:80 - create IPUIPlugin
2023-10-17 16:47:16,506 [INFO] PluginManager:220 - loadIPPluginJar : add openamp
2023-10-17 16:47:16,508 [INFO] IPUIPlugin:80 - create IPUIPlugin
2023-10-17 16:47:16,508 [INFO] PluginManager:220 - loadIPPluginJar : add pdm2pcm
2023-10-17 16:47:16,513 [INFO] IPUIPlugin:80 - create IPUIPlugin
2023-10-17 16:47:16,514 [INFO] PluginManager:220 - loadIPPluginJar : add plateformsettings
2023-10-17 16:47:16,514 [INFO] IPUIPlugin:80 - create IPUIPlugin
2023-10-17 16:47:16,514 [INFO] PluginManager:220 - loadIPPluginJar : add quadspi
2023-10-17 16:47:16,518 [INFO] IPUIPlugin:80 - create IPUIPlugin
2023-10-17 16:47:16,518 [INFO] PluginManager:220 - loadIPPluginJar : add resmgrutility
2023-10-17 16:47:16,519 [INFO] IPUIPlugin:80 - create IPUIPlugin
2023-10-17 16:47:16,519 [INFO] PluginManager:220 - loadIPPluginJar : add sai
2023-10-17 16:47:16,520 [INFO] IPUIPlugin:80 - create IPUIPlugin
2023-10-17 16:47:16,520 [INFO] PluginManager:220 - loadIPPluginJar : add spi
2023-10-17 16:47:16,523 [INFO] IPUIPlugin:80 - create IPUIPlugin
2023-10-17 16:47:16,524 [INFO] PluginManager:220 - loadIPPluginJar : add stm32_wpan
2023-10-17 16:47:16,525 [INFO] IPUIPlugin:80 - create IPUIPlugin
2023-10-17 16:47:16,525 [INFO] PluginManager:220 - loadIPPluginJar : add tim
2023-10-17 16:47:16,526 [INFO] IPUIPlugin:80 - create IPUIPlugin
2023-10-17 16:47:16,526 [INFO] PluginManager:220 - loadIPPluginJar : add touchsensing
2023-10-17 16:47:16,527 [INFO] IPUIPlugin:80 - create IPUIPlugin
2023-10-17 16:47:16,527 [INFO] PluginManager:220 - loadIPPluginJar : add tracer_emb
2023-10-17 16:47:16,528 [INFO] IPUIPlugin:80 - create IPUIPlugin
2023-10-17 16:47:16,528 [INFO] PluginManager:220 - loadIPPluginJar : add ts
2023-10-17 16:47:16,529 [INFO] IPUIPlugin:80 - create IPUIPlugin
2023-10-17 16:47:16,529 [INFO] PluginManager:220 - loadIPPluginJar : add tsc
2023-10-17 16:47:16,532 [INFO] IPUIPlugin:80 - create IPUIPlugin
2023-10-17 16:47:16,532 [INFO] PluginManager:220 - loadIPPluginJar : add ucpd
2023-10-17 16:47:16,534 [INFO] IPUIPlugin:80 - create IPUIPlugin
2023-10-17 16:47:16,534 [INFO] PluginManager:220 - loadIPPluginJar : add usart
2023-10-17 16:47:16,536 [INFO] IPUIPlugin:80 - create IPUIPlugin
2023-10-17 16:47:16,536 [INFO] PluginManager:220 - loadIPPluginJar : add usbx
2023-10-17 16:47:16,638 [INFO] CADModel:165 - CPN selected for project level
2023-10-17 16:47:16,638 [INFO] CADModel:114 - Register for checkConnection events
2023-10-17 16:47:16,638 [FATAL] Updater:308 - Updater called before beeing initialized
2023-10-17 16:47:16,638 [ERROR] CADModel:125 - Updater not yet initialized, retry later 
2023-10-17 16:47:16,740 [INFO] CADModel:165 - CPN selected for project level
2023-10-17 16:47:16,741 [INFO] CADModel:114 - Register for checkConnection events
2023-10-17 16:47:16,741 [FATAL] Updater:308 - Updater called before beeing initialized
2023-10-17 16:47:16,741 [ERROR] CADModel:125 - Updater not yet initialized, retry later 
2023-10-17 16:47:16,744 [FATAL] Updater:308 - Updater called before beeing initialized
2023-10-17 16:47:16,807 [FATAL] Updater:308 - Updater called before beeing initialized
2023-10-17 16:47:16,811 [INFO] DbMcusAds:53 - JSON generation date=Tue Mar 07 16:50:55 CST 2023 (1678179055114)
2023-10-17 16:47:16,812 [FATAL] Updater:308 - Updater called before beeing initialized
2023-10-17 16:47:17,734 [WARN] DetailPanel:346 - Failed to get advertising image, set to default
2023-10-17 16:47:17,804 [FATAL] Updater:308 - Updater called before beeing initialized
2023-10-17 16:47:17,806 [FATAL] Updater:308 - Updater called before beeing initialized
2023-10-17 16:47:17,806 [FATAL] Updater:308 - Updater called before beeing initialized
2023-10-17 16:47:17,806 [WARN] DetailPanel:346 - Failed to get advertising image, set to default
2023-10-17 16:47:17,807 [FATAL] Updater:308 - Updater called before beeing initialized
2023-10-17 16:47:17,835 [ERROR] Updater:1120 - MainUpdater not yet initialized. External WinMGr cannot be set.
2023-10-17 16:47:17,837 [INFO] Updater:1056 - Updater Version found : 6.9.2
2023-10-17 16:47:17,852 [INFO] ApplicationProperties:184 - Using Application install path: D:\software\STM32CubeIDE_1.13.2\STM32CubeIDE\plugins\com.st.stm32cube.common.mx_6.9.2.202309101412
2023-10-17 16:47:18,063 [INFO] MainUpdater:2868 - connection check result : 10
2023-10-17 16:47:18,064 [INFO] MainUpdater:3562 - Updater definition file requires update
2023-10-17 16:47:18,065 [INFO] MainUpdater:285 - Updater Check For Update Now.
2023-10-17 16:47:18,065 [INFO] MicroXplorer:498 - Change Database Version : DB.6.0.92
2023-10-17 16:47:18,072 [INFO] McuFinderGlobals:63 - Set McuFinder mode to 2 (CubeIDE integrated)
2023-10-17 16:47:18,114 [INFO] ServerAccessManage:473 - Download File updaters.zip
2023-10-17 16:47:18,234 [INFO] FileExtend:240 - Unzip File : updaters.zip
2023-10-17 16:47:18,234 [INFO] FileExtend:255 - Standard Zip Deflate
2023-10-17 16:47:18,526 [INFO] ServerAccessManage:473 - Download File PacksControlFlags.xml
2023-10-17 16:47:18,582 [INFO] ServerAccessManage:473 - Download File cubemx.pidx
2023-10-17 16:47:19,007 [WARN] MainUpdater:1189 - Updater busy. Cannot search thirdparties
2023-10-17 16:47:19,007 [INFO] ThirdPartyUpdaterWithRetryManager:96 - Updater plugin is busy. [1/15]
2023-10-17 16:47:19,042 [INFO] ServerAccessManage:473 - Download File STMicroelectronics.X-CUBE-MEMS1.pdsc
2023-10-17 16:47:20,508 [ERROR] ServerAccessManage:1089 - Problem, file not found on Server
2023-10-17 16:47:21,745 [ERROR] ServerAccessManage:1096 - Problem, Http access forbiden
2023-10-17 16:47:21,747 [ERROR] ServerAccessManage:651 - Problem, Http access forbiden : RoweBots.I-CUBE-UNISONRTOS.pdsc.
2023-10-17 16:47:21,986 [INFO] CheckServerUpdateThread:120 - End of CheckServer Thread
2023-10-17 16:47:22,053 [INFO] PopulateThirdPartyThread:66 - Ending populate Thread
2023-10-17 16:47:22,055 [INFO] ThirdParty:1030 - CMSIS Pack Vendor :STMicroelectronics X-CUBE-MEMS1 10.0.0
2023-10-17 16:47:22,055 [INFO] LoadServerUpdatesThread:373 - End of LoadServerUpdate Thread
2023-10-17 16:47:22,084 [INFO] MainUpdater:2868 - connection check result : 10
2023-10-17 16:47:22,088 [INFO] McuFinderGlobals:76 - Set McuFinderConnectedMode to true
2023-10-17 16:47:22,220 [WARN] PackLoader:240 - Cannot read IP mode file for STMicroelectronics.X-CUBE-SMBUS.2.1.0
2023-10-17 16:47:22,237 [WARN] PackLoader:240 - Cannot read IP mode file for STMicroelectronics.X-CUBE-AZRTOS-F7.1.1.0
2023-10-17 16:47:22,246 [INFO] ServerAccessManage:473 - Download File mcusAds.json._tmp_
2023-10-17 16:47:22,247 [WARN] PackLoader:240 - Cannot read IP mode file for STMicroelectronics.FP-SNS-MOTENV1.4.3.2
2023-10-17 16:47:22,257 [WARN] PackLoader:240 - Cannot read IP mode file for STMicroelectronics.FP-SNS-FLIGHT1.5.0.2
2023-10-17 16:47:22,265 [WARN] PackLoader:240 - Cannot read IP mode file for STMicroelectronics.X-CUBE-DISPLAY.3.0.0
2023-10-17 16:47:22,276 [WARN] PackLoader:240 - Cannot read IP mode file for STMicroelectronics.X-CUBE-BLE1.7.0.0
2023-10-17 16:47:22,281 [WARN] PackLoader:240 - Cannot read IP mode file for emotas.I-CUBE-CANOPEN.1.3.0
2023-10-17 16:47:22,285 [WARN] PackLoader:240 - Cannot read IP mode file for STMicroelectronics.X-CUBE-TOUCHGFX.4.22.0
2023-10-17 16:47:22,287 [WARN] PackLoader:240 - Cannot read IP mode file for STMicroelectronics.X-CUBE-TOUCHGFX.4.22.1
2023-10-17 16:47:22,292 [WARN] PackLoader:240 - Cannot read IP mode file for STMicroelectronics.FP-SNS-SMARTAG2.1.2.0
2023-10-17 16:47:22,298 [INFO] LogOutputStream:77 - [STDOUT_REDIRECT] 1 : Invalid condition id : UX_CORESTACK_Condition cause : null
2023-10-17 16:47:22,301 [INFO] LogOutputStream:77 - [STDOUT_REDIRECT] 1 : Invalid condition id : UX_CORESTACK_Condition cause : null
2023-10-17 16:47:22,302 [INFO] LogOutputStream:77 - [STDOUT_REDIRECT] 1 : Invalid condition id : UX_CORESTACK_Condition cause : null
2023-10-17 16:47:22,303 [INFO] LogOutputStream:77 - [STDOUT_REDIRECT] 1 : Invalid condition id : UX_CORESTACK_Condition cause : null
2023-10-17 16:47:22,304 [INFO] LogOutputStream:77 - [STDOUT_REDIRECT] 1 : Invalid condition id : UX_CORESTACK_Condition cause : null
2023-10-17 16:47:22,306 [WARN] PackLoader:240 - Cannot read IP mode file for STMicroelectronics.X-CUBE-AZRTOS-WL.2.0.0
2023-10-17 16:47:22,314 [WARN] PackLoader:240 - Cannot read IP mode file for WES.I-CUBE-Cesium.1.3.0
2023-10-17 16:47:22,318 [WARN] PackLoader:240 - Cannot read IP mode file for STMicroelectronics.X-CUBE-BLE2.3.3.0
2023-10-17 16:47:22,324 [WARN] PackLoader:240 - Cannot read IP mode file for STMicroelectronics.X-CUBE-ALGOBUILD.1.3.0
2023-10-17 16:47:22,337 [WARN] PackLoader:240 - Cannot read IP mode file for STMicroelectronics.X-CUBE-AZRTOS-G0.1.1.0
2023-10-17 16:47:22,343 [WARN] PackLoader:240 - Cannot read IP mode file for STMicroelectronics.X-CUBE-NFC4.3.0.0
2023-10-17 16:47:22,347 [WARN] PackLoader:240 - Cannot read IP mode file for STMicroelectronics.FP-ATR-SIGFOX1.3.2.0
2023-10-17 16:47:22,357 [INFO] LoadUrlFilesThread:156 - End of LoadUrlFiles Thread
2023-10-17 16:47:22,403 [WARN] PackLoader:240 - Cannot read IP mode file for SEGGER.I-CUBE-embOS.1.3.1
2023-10-17 16:47:22,443 [WARN] PackLoader:240 - Cannot read IP mode file for STMicroelectronics.X-CUBE-GNSS1.6.0.0
2023-10-17 16:47:22,457 [WARN] PackLoader:240 - Cannot read IP mode file for STMicroelectronics.X-CUBE-AZRTOS-F4.1.1.0
2023-10-17 16:47:22,463 [WARN] PackLoader:240 - Cannot read IP mode file for wolfSSL.I-CUBE-wolfSSL.5.6.3
2023-10-17 16:47:22,476 [WARN] PackLoader:240 - Cannot read IP mode file for STMicroelectronics.X-CUBE-AZRTOS-L5.2.0.0
2023-10-17 16:47:22,488 [INFO] ServerAccessManage:473 - Download File cube-finder-db.zip
2023-10-17 16:47:22,506 [WARN] PackLoader:240 - Cannot read IP mode file for STMicroelectronics.X-CUBE-MEMS1.9.6.0
2023-10-17 16:47:22,607 [WARN] PackLoader:240 - Cannot read IP mode file for ITTIA_DB.I-CUBE-ITTIADB.8.8.0
2023-10-17 16:47:22,612 [WARN] PackLoader:240 - Cannot read IP mode file for STMicroelectronics.X-CUBE-BLEMGR.2.0.0
2023-10-17 16:47:22,623 [WARN] ConditionMgr:438 - getConditionDescription Invalid condition id : UX DEVICE CLASS RTOS Condition cause : null
2023-10-17 16:47:22,624 [WARN] ConditionMgr:438 - getConditionDescription Invalid condition id : UX DEVICE CLASS RTOS Condition cause : null
2023-10-17 16:47:22,626 [WARN] PackLoader:240 - Cannot read IP mode file for STMicroelectronics.X-CUBE-AZRTOS-H7.3.1.0
2023-10-17 16:47:22,626 [WARN] ConditionMgr:1039 - genDependencies : Invalid condition id : UX DEVICE CLASS RTOS Condition cause : null
2023-10-17 16:47:22,626 [WARN] ConditionMgr:1039 - genDependencies : Invalid condition id : UX DEVICE CLASS RTOS Condition cause : null
2023-10-17 16:47:22,627 [WARN] ConditionMgr:1039 - genDependencies : Invalid condition id : UX DEVICE CLASS RTOS Condition cause : null
2023-10-17 16:47:22,627 [WARN] ConditionMgr:1039 - genDependencies : Invalid condition id : UX DEVICE CLASS RTOS Condition cause : null
2023-10-17 16:47:22,627 [WARN] ConditionMgr:1039 - genDependencies : Invalid condition id : UX DEVICE CLASS RTOS Condition cause : null
2023-10-17 16:47:22,632 [WARN] PackLoader:240 - Cannot read IP mode file for STMicroelectronics.X-CUBE-NFC7.1.0.1
2023-10-17 16:47:22,638 [WARN] PackLoader:240 - Cannot read IP mode file for STMicroelectronics.X-CUBE-NFC6.3.0.0
2023-10-17 16:47:22,645 [WARN] PackLoader:240 - Cannot read IP mode file for STMicroelectronics.X-CUBE-EEPRMA1.4.1.0
2023-10-17 16:47:22,649 [WARN] PackLoader:240 - Cannot read IP mode file for STMicroelectronics.X-CUBE-AI.8.1.0
2023-10-17 16:47:22,658 [WARN] ConditionMgr:438 - getConditionDescription Invalid condition id : LAN8742 Phy interface Condition cause : null
2023-10-17 16:47:22,658 [WARN] PackLoader:240 - Cannot read IP mode file for STMicroelectronics.X-CUBE-AZRTOS-L4.2.0.0
2023-10-17 16:47:22,659 [WARN] ConditionMgr:1039 - genDependencies : Invalid condition id : LAN8742 Phy interface Condition cause : null
2023-10-17 16:47:22,659 [WARN] ConditionMgr:1039 - genDependencies : Invalid condition id : LAN8742 Phy interface Condition cause : null
2023-10-17 16:47:22,659 [WARN] ConditionMgr:1039 - genDependencies : Invalid condition id : LAN8742 Phy interface Condition cause : null
2023-10-17 16:47:22,664 [WARN] PackLoader:240 - Cannot read IP mode file for STMicroelectronics.X-CUBE-SFXS2LP1.4.0.0
2023-10-17 16:47:22,667 [WARN] PackLoader:240 - Cannot read IP mode file for STMicroelectronics.X-CUBE-ISPU.1.1.0
2023-10-17 16:47:22,673 [WARN] ConditionMgr:438 - getConditionDescription Invalid condition id : UX DEVICE CLASS RTOS Condition cause : null
2023-10-17 16:47:22,674 [WARN] ConditionMgr:438 - getConditionDescription Invalid condition id : UX DEVICE CLASS RTOS Condition cause : null
2023-10-17 16:47:22,675 [WARN] PackLoader:240 - Cannot read IP mode file for STMicroelectronics.X-CUBE-AZRTOS-WB.2.0.0
2023-10-17 16:47:22,675 [WARN] ConditionMgr:1039 - genDependencies : Invalid condition id : UX DEVICE CLASS RTOS Condition cause : null
2023-10-17 16:47:22,675 [WARN] ConditionMgr:1039 - genDependencies : Invalid condition id : UX DEVICE CLASS RTOS Condition cause : null
2023-10-17 16:47:22,675 [WARN] ConditionMgr:1039 - genDependencies : Invalid condition id : UX DEVICE CLASS RTOS Condition cause : null
2023-10-17 16:47:22,675 [WARN] ConditionMgr:1039 - genDependencies : Invalid condition id : UX DEVICE CLASS RTOS Condition cause : null
2023-10-17 16:47:22,675 [WARN] ConditionMgr:1039 - genDependencies : Invalid condition id : UX DEVICE CLASS RTOS Condition cause : null
2023-10-17 16:47:22,681 [WARN] PackLoader:240 - Cannot read IP mode file for STMicroelectronics.X-CUBE-SUBG2.5.0.0
2023-10-17 16:47:22,688 [WARN] PackLoader:240 - Cannot read IP mode file for STMicroelectronics.X-CUBE-TOF1.3.3.1
2023-10-17 16:47:22,700 [WARN] PackLoader:240 - Cannot read IP mode file for STMicroelectronics.X-CUBE-AZRTOS-G4.2.0.0
2023-10-17 16:47:22,706 [WARN] PackLoader:240 - Cannot read IP mode file for Infineon.AIROC-Wi-Fi-Bluetooth-STM32.1.5.1
2023-10-17 16:47:22,711 [WARN] PackLoader:240 - Cannot read IP mode file for STMicroelectronics.X-CUBE-FREERTOS.1.1.0
2023-10-17 16:47:22,715 [WARN] PackLoader:240 - Cannot read IP mode file for portGmbH.I-Cube-SoM-uGOAL.1.1.0
2023-10-17 16:47:22,718 [WARN] PackLoader:240 - Cannot read IP mode file for STMicroelectronics.X-CUBE-ALS.1.0.1
2023-10-17 16:47:22,721 [WARN] PackLoader:240 - Cannot read IP mode file for STMicroelectronics.FP-ATR-ASTRA1.2.0.0
2023-10-17 16:47:22,722 [INFO] ThirdParty:978 - Integrity check success = true
2023-10-17 16:47:22,722 [INFO] IntegrityCheckThread:100 - exiting critical section [integrity check]
2023-10-17 16:47:22,722 [INFO] IntegrityCheckThread:103 - End integrity checks thread
2023-10-17 16:47:25,931 [INFO] FileExtend:240 - Unzip File : cube-finder-db.zip
2023-10-17 16:47:25,931 [INFO] FileExtend:255 - Standard Zip Deflate
2023-10-17 16:47:26,418 [INFO] LoadUrlFilesThread:156 - End of LoadUrlFiles Thread
2023-10-17 16:47:27,439 [INFO] ServerAccessManage:473 - Download File crdb.zip
2023-10-17 16:47:28,853 [INFO] FileExtend:240 - Unzip File : crdb.zip
2023-10-17 16:47:28,853 [INFO] FileExtend:255 - Standard Zip Deflate
2023-10-17 16:47:28,973 [INFO] LoadUrlFilesThread:156 - End of LoadUrlFiles Thread
2023-10-17 16:47:29,101 [INFO] ServerAccessManage:473 - Download File tutoVideoDB.zip
2023-10-17 16:47:29,114 [INFO] FileExtend:240 - Unzip File : tutoVideoDB.zip
2023-10-17 16:47:29,114 [INFO] FileExtend:255 - Standard Zip Deflate
2023-10-17 16:47:29,223 [INFO] LoadUrlFilesThread:156 - End of LoadUrlFiles Thread
2023-10-17 16:47:29,227 [WARN] DbFile:41 - Overriding database path with different value: C:\Users\lenovo\.stmcufinder\plugins\mcufinder/ => C:\Users\lenovo\.stmcufinder\plugins\mcufinder
2023-10-17 16:47:29,261 [INFO] ServerAccessManage:473 - Download File api_config.json
2023-10-17 16:47:29,376 [INFO] LoadUrlFilesThread:156 - End of LoadUrlFiles Thread
2023-10-17 16:47:29,378 [INFO] DbMcusAds:53 - JSON generation date=Tue Mar 07 16:50:55 CST 2023 (1678179055114)
2023-10-17 16:47:29,394 [INFO] LoadUrlFilesThread:185 - End of LoadServerUrlFiles without Thread
2023-10-17 16:47:29,394 [INFO] TargetSelectorAdapter:259 - Refresh data is successful
2023-10-17 16:47:30,266 [INFO] ApiDb:581 - Connected to CubeFinder SQLite database (C:\Users\lenovo\.stmcufinder\plugins\mcufinder\mcu\cube-finder-db.db)
2023-10-17 16:47:30,300 [INFO] ApiDb:668 - CubeFinder database Data Model version=2.1
2023-10-17 16:47:30,300 [INFO] ApiDb:669 - CubeFinder database Configuration version=3.0.37
2023-10-17 16:47:30,300 [INFO] ApiDb:670 - CubeFinder database generation date=2023-08-09 (1691586011)
2023-10-17 16:47:30,300 [INFO] ApiDb:671 - CubeFinder database FW Pack versions=[FP-ATR-ASTRA1_V2.0.0, FP-SNS-FLIGHT1_V5.0.1, FP-SNS-FLIGHT1_V5.0.2, FP-SNS-MOTENV1_V4.3.1, FP-SNS-MOTENV1_V4.3.2, STM32Cube_FW_C0_V1.1.0, STM32Cube_FW_F4_V1.27.1, STM32Cube_FW_F7_V1.17.0, STM32Cube_FW_G0_V1.6.1, STM32Cube_FW_G4_V1.5.1, STM32Cube_FW_H5_V0.5.1, STM32Cube_FW_H5_V1.1.0, STM32Cube_FW_H7_V1.11.0, STM32Cube_FW_L0_V1.12.2, STM32Cube_FW_L5_V1.5.0, STM32Cube_FW_U5_V1.3.0, STM32Cube_FW_U5_V1.3.0RC4, STM32Cube_FW_WBA_V1.0.0RC1, STM32Cube_FW_WBA_V1.1.0, STM32Cube_FW_WBA_V1.1.0RC1, STM32Cube_FW_WB_V1.15.0RC1, STM32Cube_FW_WB_V1.16.0, STM32Cube_FW_WB_V1.16.0RC2, STM32Cube_FW_WB_V1.17.0, STM32Cube_FW_WL_V1.3.0, X-CUBE-ALGOBUILD_V1.3.0, X-CUBE-ALS_V1.0.1, X-CUBE-AZRTOS-F4_V1.1.0, X-CUBE-AZRTOS-F7_V1.1.0, X-CUBE-AZRTOS-G0_V1.1.0, X-CUBE-AZRTOS-G4_V2.0.0, X-CUBE-AZRTOS-H7_V3.1.0, X-CUBE-AZRTOS-L4_V1.0.0, X-CUBE-AZRTOS-L4_V2.0.0, X-CUBE-AZRTOS-L5_V1.1.0, X-CUBE-AZRTOS-WB_V1.1.0, X-CUBE-AZRTOS-WL_V2.0.0, X-CUBE-BLE1_V7.0.0, X-CUBE-BLE2_V3.3.0, X-CUBE-BLEMGR_V2.0.0, X-CUBE-EEPRMA1_V4.1.0, X-CUBE-FREERTOS_V1.1.0, X-CUBE-GNSS1_V6.0.0, X-CUBE-MEMS1_V9.1.0, X-CUBE-MEMS1_V9.4.0, X-CUBE-MEMS1_V9.6.0, X-CUBE-NFC4_V3.0.0, X-CUBE-NFC7_V1.0.0, X-CUBE-SFXS2LP1_V4.0.0, X-CUBE-SUBG2_V5.0.0, X-CUBE-TOF1_V3.3.1]
2023-10-17 16:47:31,405 [INFO] ApiDb:240 - Found 323 in-development CPN: [B-G473E-ZEST1S, B-WB1M-WPAN1, B-WL5M-SUBG1, NUCLEO-C031C6, NUCLEO-H503RB, NUCLEO-H563ZI, NUCLEO-U545RE-Q, NUCLEO-U5A5ZJ-Q, NUCLEO-WBA52CG, STEVAL-PROTEUS1, STEVAL-SMARTAG2, STEVAL-STWINBX1, STM320518-EVAL, STM32C0116-DK, STM32C011D6Y3TR, STM32C011D6Y6TR, STM32C011F4P3, STM32C011F4P6, STM32C011F4U3, STM32C011F4U6TR, STM32C011F6P3, STM32C011F6P6, STM32C011F6U3, STM32C011F6U6TR, STM32C011J4M3, STM32C011J4M6, STM32C011J6M3, STM32C011J6M6, STM32C0316-DK, STM32C031C4T3, STM32C031C4T6, STM32C031C4U3, STM32C031C4U6, STM32C031C6T3, STM32C031C6T6, STM32C031C6U3, STM32C031C6U6, STM32C031F4P3, STM32C031F4P6, STM32C031F6P3, STM32C031F6P6, STM32C031G4U3, STM32C031G4U6, STM32C031G6U3, STM32C031G6U6, STM32C031K4T3, STM32C031K4T6, STM32C031K4U3, STM32C031K4U6, STM32C031K6T3, STM32C031K6T6, STM32C031K6U3, STM32C031K6U6, STM32G071K8TXN, STM32G071K8UXN, STM32G081GBU6N, STM32G081KBT6N, STM32G081KBUXN, STM32G0B1CCT6N, STM32G0B1KCT6, STM32G0B1NEY6TR, STM32G0B1RCT6N, STM32G0C1CCT6, STM32G0C1CCT6N, STM32G0C1CCU6N, STM32G0C1CET6N, STM32G0C1CEU6N, STM32G0C1KCT6, STM32G0C1NEY6TR, STM32G0C1RCI6N, STM32G0C1RCT6N, STM32G0C1REI6N, STM32G0C1RET6N, STM32G0C1VCI6, STM32G0C1VEI6, STM32G471CCT6, STM32G471CCU6, STM32G471CET3, STM32G471CET6, STM32G471CEU3, STM32G471CEU6, STM32G471MCT6, STM32G471MET3, STM32G471MET6, STM32G471MEY6TR, STM32G471QCT6, STM32G471QET3, STM32G471RCT6, STM32G471RET3, STM32G471RET6, STM32G471VCH6, STM32G471VCI6, STM32G471VCT6, STM32G471VEH3, STM32G471VEH6, STM32G471VEI3, STM32G471VEI6, STM32G471VET3, STM32G471VET6, STM32G474CCT6, STM32H503CBT6, STM32H503CBU6, STM32H503EBY6TR, STM32H503KBU6, STM32H503RBT6, STM32H562AGI6, STM32H562AII6, STM32H562IGK6, STM32H562IGT6, STM32H562IIK6, STM32H562IIT6, STM32H562RGT6, STM32H562RGV6, STM32H562RIT6, STM32H562RIV6, STM32H562VGT6, STM32H562VIT6, STM32H562ZGT6, STM32H562ZIT6, STM32H563AGI6, STM32H563AII3Q, STM32H563AII6, STM32H563IGK6, STM32H563IGT6, STM32H563IIK3Q, STM32H563IIK6, STM32H563IIT3Q, STM32H563IIT6, STM32H563MIY3QTR, STM32H563RGT6, STM32H563RGV6, STM32H563RIT6, STM32H563RIV6, STM32H563VGT6, STM32H563VIT3Q, STM32H563VIT6, STM32H563ZGT6, STM32H563ZIT3Q, STM32H563ZIT6, STM32H573AII3Q, STM32H573AII6, STM32H573I-DK, STM32H573IIK3Q, STM32H573IIK6, STM32H573IIT3Q, STM32H573IIT6, STM32H573MIY3QTR, STM32H573RIT6, STM32H573RIV6, STM32H573VIT3Q, STM32H573VIT6, STM32H573ZIT3Q, STM32H573ZIT6, STM32L4R5QGI6STR, STM32MP131AAE3, STM32MP131AAF3, STM32MP131AAG3, STM32MP131CAE3, STM32MP131CAF3, STM32MP131CAG3, STM32MP131DAE7, STM32MP131DAF7, STM32MP131DAG7, STM32MP131FAE7, STM32MP131FAF7, STM32MP131FAG7, STM32MP133AAE3, STM32MP133AAF3, STM32MP133AAG3, STM32MP133CAE3, STM32MP133CAF3, STM32MP133CAG3, STM32MP133DAE7, STM32MP133DAF7, STM32MP133DAG7, STM32MP133FAE7, STM32MP133FAF7, STM32MP133FAG7, STM32MP135AAE3, STM32MP135AAF3, STM32MP135AAG3, STM32MP135CAE3, STM32MP135CAF3, STM32MP135CAG3, STM32MP135DAE7, STM32MP135DAF7, STM32MP135DAG7, STM32MP135F-DK, STM32MP135FAE7, STM32MP135FAF7, STM32MP135FAF7T, STM32MP135FAF7U, STM32MP135FAG7, STM32U535CBT6, STM32U535CBT6Q, STM32U535CBU6, STM32U535CBU6Q, STM32U535CCT6, STM32U535CCT6Q, STM32U535CCU6, STM32U535CCU6Q, STM32U535CET6, STM32U535CET6Q, STM32U535CEU6, STM32U535CEU6Q, STM32U535JEY6QTR, STM32U535NCY6QTR, STM32U535NEY6QTR, STM32U535RBI6, STM32U535RBI6Q, STM32U535RBT6, STM32U535RBT6Q, STM32U535RCI6, STM32U535RCI6Q, STM32U535RCT6, STM32U535RCT6Q, STM32U535REI6, STM32U535REI6Q, STM32U535RET6, STM32U535RET6Q, STM32U535VCI6, STM32U535VCI6Q, STM32U535VCT6, STM32U535VCT6Q, STM32U535VEI6, STM32U535VEI6Q, STM32U535VET6, STM32U535VET6Q, STM32U545CET6, STM32U545CET6Q, STM32U545CEU6, STM32U545CEU6Q, STM32U545JEY6QTR, STM32U545NEY6QTR, STM32U545REI6, STM32U545REI6Q, STM32U545RET6, STM32U545RET6Q, STM32U545VEI6, STM32U545VEI6Q, STM32U545VET6, STM32U545VET6Q, STM32U595AIH6, STM32U595AIH6Q, STM32U595AJH6, STM32U595AJH6Q, STM32U595QII6, STM32U595QII6Q, STM32U595QJI6, STM32U595QJI6Q, STM32U595RIT6, STM32U595RIT6Q, STM32U595RJT6, STM32U595RJT6Q, STM32U595VIT6, STM32U595VIT6Q, STM32U595VJT6, STM32U595VJT6Q, STM32U595ZIT6, STM32U595ZIT6Q, STM32U595ZIY6QTR, STM32U595ZJT6, STM32U595ZJT6Q, STM32U595ZJY6QTR, STM32U599BJY6QTR, STM32U599NIH6Q, STM32U599NJH6Q, STM32U599VIT6Q, STM32U599VJT6, STM32U599VJT6Q, STM32U599ZIT6Q, STM32U599ZIY6QTR, STM32U599ZJT6Q, STM32U599ZJY6QTR, STM32U5A5AJH6, STM32U5A5AJH6Q, STM32U5A5QJI6, STM32U5A5QJI6Q, STM32U5A5RJT6, STM32U5A5RJT6Q, STM32U5A5VJT6, STM32U5A5VJT6Q, STM32U5A5ZJT6, STM32U5A5ZJT6Q, STM32U5A5ZJY6QTR, STM32U5A9BJY6QTR, STM32U5A9J-DK, STM32U5A9NJH6Q, STM32U5A9VJT6Q, STM32U5A9ZJT6Q, STM32U5A9ZJY6QTR, STM32U5F7VIT6, STM32U5F7VIT6Q, STM32U5F7VJT6, STM32U5F7VJT6Q, STM32U5F9BJY6QTR, STM32U5F9NJH6Q, STM32U5F9VIT6Q, STM32U5F9VJT6Q, STM32U5F9ZIJ6QTR, STM32U5F9ZIT6Q, STM32U5F9ZJJ6QTR, STM32U5F9ZJT6Q, STM32U5G7VJT6, STM32U5G7VJT6Q, STM32U5G9BJY6QTR, STM32U5G9J-DK1, STM32U5G9J-DK2, STM32U5G9NJH6Q, STM32U5G9VJT6Q, STM32U5G9ZJJ6QTR, STM32U5G9ZJT6Q, STM32WB1MMCH6, STM32WBA52CEU6, STM32WBA52CEU6T, STM32WBA52CGU6, STM32WBA52CGU6T, STM32WBA52KEU6, STM32WBA52KEU6T, STM32WBA52KGU6, STM32WBA52KGU6T, STM32WL5MOCH6, STM32WL5MOCH6TR]
2023-10-17 16:47:31,408 [INFO] DbMcus:217 - Found 3848 MCUs, 3848 are supported
2023-10-17 16:47:31,410 [INFO] ApiDb:423 - Load user favorites file C:\Users\lenovo/.stm32cubeide/favorites.mcus.txt: 0 item(s)
2023-10-17 16:47:31,410 [INFO] ApiDb:427 - User favorites MCUs=[]
2023-10-17 16:47:31,410 [INFO] DbMcus:223 - Set 0 / 0 favorites MCUs
2023-10-17 16:47:31,567 [INFO] ApiDb:668 - CubeFinder database Data Model version=2.1
2023-10-17 16:47:31,567 [INFO] ApiDb:669 - CubeFinder database Configuration version=3.0.37
2023-10-17 16:47:31,568 [INFO] ApiDb:670 - CubeFinder database generation date=2023-08-09 (1691586011)
2023-10-17 16:47:31,568 [INFO] ApiDb:671 - CubeFinder database FW Pack versions=[FP-ATR-ASTRA1_V2.0.0, FP-SNS-FLIGHT1_V5.0.1, FP-SNS-FLIGHT1_V5.0.2, FP-SNS-MOTENV1_V4.3.1, FP-SNS-MOTENV1_V4.3.2, STM32Cube_FW_C0_V1.1.0, STM32Cube_FW_F4_V1.27.1, STM32Cube_FW_F7_V1.17.0, STM32Cube_FW_G0_V1.6.1, STM32Cube_FW_G4_V1.5.1, STM32Cube_FW_H5_V0.5.1, STM32Cube_FW_H5_V1.1.0, STM32Cube_FW_H7_V1.11.0, STM32Cube_FW_L0_V1.12.2, STM32Cube_FW_L5_V1.5.0, STM32Cube_FW_U5_V1.3.0, STM32Cube_FW_U5_V1.3.0RC4, STM32Cube_FW_WBA_V1.0.0RC1, STM32Cube_FW_WBA_V1.1.0, STM32Cube_FW_WBA_V1.1.0RC1, STM32Cube_FW_WB_V1.15.0RC1, STM32Cube_FW_WB_V1.16.0, STM32Cube_FW_WB_V1.16.0RC2, STM32Cube_FW_WB_V1.17.0, STM32Cube_FW_WL_V1.3.0, X-CUBE-ALGOBUILD_V1.3.0, X-CUBE-ALS_V1.0.1, X-CUBE-AZRTOS-F4_V1.1.0, X-CUBE-AZRTOS-F7_V1.1.0, X-CUBE-AZRTOS-G0_V1.1.0, X-CUBE-AZRTOS-G4_V2.0.0, X-CUBE-AZRTOS-H7_V3.1.0, X-CUBE-AZRTOS-L4_V1.0.0, X-CUBE-AZRTOS-L4_V2.0.0, X-CUBE-AZRTOS-L5_V1.1.0, X-CUBE-AZRTOS-WB_V1.1.0, X-CUBE-AZRTOS-WL_V2.0.0, X-CUBE-BLE1_V7.0.0, X-CUBE-BLE2_V3.3.0, X-CUBE-BLEMGR_V2.0.0, X-CUBE-EEPRMA1_V4.1.0, X-CUBE-FREERTOS_V1.1.0, X-CUBE-GNSS1_V6.0.0, X-CUBE-MEMS1_V9.1.0, X-CUBE-MEMS1_V9.4.0, X-CUBE-MEMS1_V9.6.0, X-CUBE-NFC4_V3.0.0, X-CUBE-NFC7_V1.0.0, X-CUBE-SFXS2LP1_V4.0.0, X-CUBE-SUBG2_V5.0.0, X-CUBE-TOF1_V3.3.1]
2023-10-17 16:47:31,599 [INFO] DbBoardsSqlite:226 - include board P-NUCLEO-WB55-NUCLEO as a kit item of type 'Nucleo-64'
2023-10-17 16:47:31,600 [INFO] DbBoardsSqlite:226 - include board P-NUCLEO-WB55-USBDONGLE as a kit item of type 'Nucleo USB Dongle'
2023-10-17 16:47:31,600 [INFO] DbBoardsSqlite:226 - include board STEVAL-IDP005V1 as a kit item of type 'Evaluation Board'
2023-10-17 16:47:31,600 [INFO] DbBoardsSqlite:226 - include board STEVAL-IDP005V2 as a kit item of type 'Evaluation Board'
2023-10-17 16:47:31,627 [INFO] ApiDb:240 - Found 323 in-development CPN: [B-G473E-ZEST1S, B-WB1M-WPAN1, B-WL5M-SUBG1, NUCLEO-C031C6, NUCLEO-H503RB, NUCLEO-H563ZI, NUCLEO-U545RE-Q, NUCLEO-U5A5ZJ-Q, NUCLEO-WBA52CG, STEVAL-PROTEUS1, STEVAL-SMARTAG2, STEVAL-STWINBX1, STM320518-EVAL, STM32C0116-DK, STM32C011D6Y3TR, STM32C011D6Y6TR, STM32C011F4P3, STM32C011F4P6, STM32C011F4U3, STM32C011F4U6TR, STM32C011F6P3, STM32C011F6P6, STM32C011F6U3, STM32C011F6U6TR, STM32C011J4M3, STM32C011J4M6, STM32C011J6M3, STM32C011J6M6, STM32C0316-DK, STM32C031C4T3, STM32C031C4T6, STM32C031C4U3, STM32C031C4U6, STM32C031C6T3, STM32C031C6T6, STM32C031C6U3, STM32C031C6U6, STM32C031F4P3, STM32C031F4P6, STM32C031F6P3, STM32C031F6P6, STM32C031G4U3, STM32C031G4U6, STM32C031G6U3, STM32C031G6U6, STM32C031K4T3, STM32C031K4T6, STM32C031K4U3, STM32C031K4U6, STM32C031K6T3, STM32C031K6T6, STM32C031K6U3, STM32C031K6U6, STM32G071K8TXN, STM32G071K8UXN, STM32G081GBU6N, STM32G081KBT6N, STM32G081KBUXN, STM32G0B1CCT6N, STM32G0B1KCT6, STM32G0B1NEY6TR, STM32G0B1RCT6N, STM32G0C1CCT6, STM32G0C1CCT6N, STM32G0C1CCU6N, STM32G0C1CET6N, STM32G0C1CEU6N, STM32G0C1KCT6, STM32G0C1NEY6TR, STM32G0C1RCI6N, STM32G0C1RCT6N, STM32G0C1REI6N, STM32G0C1RET6N, STM32G0C1VCI6, STM32G0C1VEI6, STM32G471CCT6, STM32G471CCU6, STM32G471CET3, STM32G471CET6, STM32G471CEU3, STM32G471CEU6, STM32G471MCT6, STM32G471MET3, STM32G471MET6, STM32G471MEY6TR, STM32G471QCT6, STM32G471QET3, STM32G471RCT6, STM32G471RET3, STM32G471RET6, STM32G471VCH6, STM32G471VCI6, STM32G471VCT6, STM32G471VEH3, STM32G471VEH6, STM32G471VEI3, STM32G471VEI6, STM32G471VET3, STM32G471VET6, STM32G474CCT6, STM32H503CBT6, STM32H503CBU6, STM32H503EBY6TR, STM32H503KBU6, STM32H503RBT6, STM32H562AGI6, STM32H562AII6, STM32H562IGK6, STM32H562IGT6, STM32H562IIK6, STM32H562IIT6, STM32H562RGT6, STM32H562RGV6, STM32H562RIT6, STM32H562RIV6, STM32H562VGT6, STM32H562VIT6, STM32H562ZGT6, STM32H562ZIT6, STM32H563AGI6, STM32H563AII3Q, STM32H563AII6, STM32H563IGK6, STM32H563IGT6, STM32H563IIK3Q, STM32H563IIK6, STM32H563IIT3Q, STM32H563IIT6, STM32H563MIY3QTR, STM32H563RGT6, STM32H563RGV6, STM32H563RIT6, STM32H563RIV6, STM32H563VGT6, STM32H563VIT3Q, STM32H563VIT6, STM32H563ZGT6, STM32H563ZIT3Q, STM32H563ZIT6, STM32H573AII3Q, STM32H573AII6, STM32H573I-DK, STM32H573IIK3Q, STM32H573IIK6, STM32H573IIT3Q, STM32H573IIT6, STM32H573MIY3QTR, STM32H573RIT6, STM32H573RIV6, STM32H573VIT3Q, STM32H573VIT6, STM32H573ZIT3Q, STM32H573ZIT6, STM32L4R5QGI6STR, STM32MP131AAE3, STM32MP131AAF3, STM32MP131AAG3, STM32MP131CAE3, STM32MP131CAF3, STM32MP131CAG3, STM32MP131DAE7, STM32MP131DAF7, STM32MP131DAG7, STM32MP131FAE7, STM32MP131FAF7, STM32MP131FAG7, STM32MP133AAE3, STM32MP133AAF3, STM32MP133AAG3, STM32MP133CAE3, STM32MP133CAF3, STM32MP133CAG3, STM32MP133DAE7, STM32MP133DAF7, STM32MP133DAG7, STM32MP133FAE7, STM32MP133FAF7, STM32MP133FAG7, STM32MP135AAE3, STM32MP135AAF3, STM32MP135AAG3, STM32MP135CAE3, STM32MP135CAF3, STM32MP135CAG3, STM32MP135DAE7, STM32MP135DAF7, STM32MP135DAG7, STM32MP135F-DK, STM32MP135FAE7, STM32MP135FAF7, STM32MP135FAF7T, STM32MP135FAF7U, STM32MP135FAG7, STM32U535CBT6, STM32U535CBT6Q, STM32U535CBU6, STM32U535CBU6Q, STM32U535CCT6, STM32U535CCT6Q, STM32U535CCU6, STM32U535CCU6Q, STM32U535CET6, STM32U535CET6Q, STM32U535CEU6, STM32U535CEU6Q, STM32U535JEY6QTR, STM32U535NCY6QTR, STM32U535NEY6QTR, STM32U535RBI6, STM32U535RBI6Q, STM32U535RBT6, STM32U535RBT6Q, STM32U535RCI6, STM32U535RCI6Q, STM32U535RCT6, STM32U535RCT6Q, STM32U535REI6, STM32U535REI6Q, STM32U535RET6, STM32U535RET6Q, STM32U535VCI6, STM32U535VCI6Q, STM32U535VCT6, STM32U535VCT6Q, STM32U535VEI6, STM32U535VEI6Q, STM32U535VET6, STM32U535VET6Q, STM32U545CET6, STM32U545CET6Q, STM32U545CEU6, STM32U545CEU6Q, STM32U545JEY6QTR, STM32U545NEY6QTR, STM32U545REI6, STM32U545REI6Q, STM32U545RET6, STM32U545RET6Q, STM32U545VEI6, STM32U545VEI6Q, STM32U545VET6, STM32U545VET6Q, STM32U595AIH6, STM32U595AIH6Q, STM32U595AJH6, STM32U595AJH6Q, STM32U595QII6, STM32U595QII6Q, STM32U595QJI6, STM32U595QJI6Q, STM32U595RIT6, STM32U595RIT6Q, STM32U595RJT6, STM32U595RJT6Q, STM32U595VIT6, STM32U595VIT6Q, STM32U595VJT6, STM32U595VJT6Q, STM32U595ZIT6, STM32U595ZIT6Q, STM32U595ZIY6QTR, STM32U595ZJT6, STM32U595ZJT6Q, STM32U595ZJY6QTR, STM32U599BJY6QTR, STM32U599NIH6Q, STM32U599NJH6Q, STM32U599VIT6Q, STM32U599VJT6, STM32U599VJT6Q, STM32U599ZIT6Q, STM32U599ZIY6QTR, STM32U599ZJT6Q, STM32U599ZJY6QTR, STM32U5A5AJH6, STM32U5A5AJH6Q, STM32U5A5QJI6, STM32U5A5QJI6Q, STM32U5A5RJT6, STM32U5A5RJT6Q, STM32U5A5VJT6, STM32U5A5VJT6Q, STM32U5A5ZJT6, STM32U5A5ZJT6Q, STM32U5A5ZJY6QTR, STM32U5A9BJY6QTR, STM32U5A9J-DK, STM32U5A9NJH6Q, STM32U5A9VJT6Q, STM32U5A9ZJT6Q, STM32U5A9ZJY6QTR, STM32U5F7VIT6, STM32U5F7VIT6Q, STM32U5F7VJT6, STM32U5F7VJT6Q, STM32U5F9BJY6QTR, STM32U5F9NJH6Q, STM32U5F9VIT6Q, STM32U5F9VJT6Q, STM32U5F9ZIJ6QTR, STM32U5F9ZIT6Q, STM32U5F9ZJJ6QTR, STM32U5F9ZJT6Q, STM32U5G7VJT6, STM32U5G7VJT6Q, STM32U5G9BJY6QTR, STM32U5G9J-DK1, STM32U5G9J-DK2, STM32U5G9NJH6Q, STM32U5G9VJT6Q, STM32U5G9ZJJ6QTR, STM32U5G9ZJT6Q, STM32WB1MMCH6, STM32WBA52CEU6, STM32WBA52CEU6T, STM32WBA52CGU6, STM32WBA52CGU6T, STM32WBA52KEU6, STM32WBA52KEU6T, STM32WBA52KGU6, STM32WBA52KGU6T, STM32WL5MOCH6, STM32WL5MOCH6TR]
2023-10-17 16:47:31,690 [INFO] BoardInfo:880 - No configuration file found for board P-NUCLEO-WB55
2023-10-17 16:47:31,690 [INFO] DbBoards:157 - Kit is not supported: P-NUCLEO-WB55
2023-10-17 16:47:31,692 [INFO] BoardInfo:880 - No configuration file found for board STEVAL-BFA001V1B
2023-10-17 16:47:31,692 [INFO] DbBoards:157 - Kit is not supported: STEVAL-BFA001V1B
2023-10-17 16:47:31,693 [INFO] BoardInfo:880 - No configuration file found for board STEVAL-BFA001V2B
2023-10-17 16:47:31,693 [INFO] DbBoards:157 - Kit is not supported: STEVAL-BFA001V2B
2023-10-17 16:47:31,749 [INFO] DbBoards:161 - Found 190 boards, 187 are supported
2023-10-17 16:47:31,750 [INFO] ApiDb:414 - User favorites file not found: C:\Users\lenovo/.stm32cubeide/favorites.boards.txt
2023-10-17 16:47:31,751 [INFO] DbBoards:190 - Set 0 / 0 favorites Boards
2023-10-17 16:47:31,754 [INFO] ApiDb:668 - CubeFinder database Data Model version=2.1
2023-10-17 16:47:31,754 [INFO] ApiDb:669 - CubeFinder database Configuration version=3.0.37
2023-10-17 16:47:31,754 [INFO] ApiDb:670 - CubeFinder database generation date=2023-08-09 (1691586011)
2023-10-17 16:47:31,754 [INFO] ApiDb:671 - CubeFinder database FW Pack versions=[FP-ATR-ASTRA1_V2.0.0, FP-SNS-FLIGHT1_V5.0.1, FP-SNS-FLIGHT1_V5.0.2, FP-SNS-MOTENV1_V4.3.1, FP-SNS-MOTENV1_V4.3.2, STM32Cube_FW_C0_V1.1.0, STM32Cube_FW_F4_V1.27.1, STM32Cube_FW_F7_V1.17.0, STM32Cube_FW_G0_V1.6.1, STM32Cube_FW_G4_V1.5.1, STM32Cube_FW_H5_V0.5.1, STM32Cube_FW_H5_V1.1.0, STM32Cube_FW_H7_V1.11.0, STM32Cube_FW_L0_V1.12.2, STM32Cube_FW_L5_V1.5.0, STM32Cube_FW_U5_V1.3.0, STM32Cube_FW_U5_V1.3.0RC4, STM32Cube_FW_WBA_V1.0.0RC1, STM32Cube_FW_WBA_V1.1.0, STM32Cube_FW_WBA_V1.1.0RC1, STM32Cube_FW_WB_V1.15.0RC1, STM32Cube_FW_WB_V1.16.0, STM32Cube_FW_WB_V1.16.0RC2, STM32Cube_FW_WB_V1.17.0, STM32Cube_FW_WL_V1.3.0, X-CUBE-ALGOBUILD_V1.3.0, X-CUBE-ALS_V1.0.1, X-CUBE-AZRTOS-F4_V1.1.0, X-CUBE-AZRTOS-F7_V1.1.0, X-CUBE-AZRTOS-G0_V1.1.0, X-CUBE-AZRTOS-G4_V2.0.0, X-CUBE-AZRTOS-H7_V3.1.0, X-CUBE-AZRTOS-L4_V1.0.0, X-CUBE-AZRTOS-L4_V2.0.0, X-CUBE-AZRTOS-L5_V1.1.0, X-CUBE-AZRTOS-WB_V1.1.0, X-CUBE-AZRTOS-WL_V2.0.0, X-CUBE-BLE1_V7.0.0, X-CUBE-BLE2_V3.3.0, X-CUBE-BLEMGR_V2.0.0, X-CUBE-EEPRMA1_V4.1.0, X-CUBE-FREERTOS_V1.1.0, X-CUBE-GNSS1_V6.0.0, X-CUBE-MEMS1_V9.1.0, X-CUBE-MEMS1_V9.4.0, X-CUBE-MEMS1_V9.6.0, X-CUBE-NFC4_V3.0.0, X-CUBE-NFC7_V1.0.0, X-CUBE-SFXS2LP1_V4.0.0, X-CUBE-SUBG2_V5.0.0, X-CUBE-TOF1_V3.3.1]
2023-10-17 16:47:32,186 [INFO] DbExamplesSqlite:395 - Ignored 27 examples not supported by CubeIDE
2023-10-17 16:47:32,186 [INFO] DbExamplesSqlite:396 - Found 7231 examples active
2023-10-17 16:47:32,186 [INFO] DbExamplesSqlite:397 - Found 677 examples obsolete
2023-10-17 16:47:32,186 [INFO] DbExamplesSqlite:398 - Found 0 examples under development
2023-10-17 16:47:32,186 [INFO] DbExamplesSqlite:399 - Found 74 examples not building
2023-10-17 16:47:32,187 [INFO] DbExamples:125 - Found 7278 examples
2023-10-17 16:47:32,194 [INFO] DbExamples:222 - Found 92 boards with related examples
2023-10-17 16:47:32,195 [INFO] DbExamples:235 - Found 78 MCUs with related examples
2023-10-17 16:47:32,207 [INFO] ApiDb:414 - User favorites file not found: C:\Users\lenovo/.stm32cubeide/favorites.examples.txt
2023-10-17 16:47:32,207 [INFO] DbExamples:250 - Set 0 / 0 favorites Examples
2023-10-17 16:47:33,185 [INFO] McuFinderGlobals:76 - Set McuFinderConnectedMode to true
2023-10-17 16:47:33,194 [INFO] MultiScanPanel:200 - Auto-refresh data requested => check proxy status ongoing
2023-10-17 16:47:33,198 [INFO] FinderPluginLoader:95 - Searching for filters in installed packs
2023-10-17 16:47:33,910 [INFO] LoadUrlFilesThread:185 - End of LoadServerUrlFiles without Thread
2023-10-17 16:47:33,918 [INFO] DetailPanel:341 - Set advertising image to C:/Users/lenovo/STM32Cube/Repository/\en.prom-stm32h5-mcu-finder.jpg
2023-10-17 16:47:39,260 [ERROR] LogOutputStream:75 - [STDERR_REDIRECT] SLF4J: Failed to load class "org.slf4j.impl.StaticLoggerBinder".
2023-10-17 16:47:39,261 [ERROR] LogOutputStream:75 - [STDERR_REDIRECT] SLF4J: Defaulting to no-operation (NOP) logger implementation
2023-10-17 16:47:39,262 [ERROR] LogOutputStream:75 - [STDERR_REDIRECT] SLF4J: See http://www.slf4j.org/codes.html#StaticLoggerBinder for further details.
2023-10-17 16:48:26,350 [INFO] MainUpdater:2868 - connection check result : 10
2023-10-17 16:48:26,350 [INFO] MainUpdater:2868 - connection check result : 10
2023-10-17 16:48:26,365 [INFO] MicroXplorer:468 - Change Database Path : 
2023-10-17 16:48:26,365 [INFO] MicroXplorer:498 - Change Database Version : DB.6.0.92
2023-10-17 16:48:26,369 [WARN] ThirdParty:871 - waiting for thirdparty lock release [close project]
2023-10-17 16:48:26,370 [INFO] ThirdParty:873 - entering critical section [close project]
2023-10-17 16:48:26,370 [INFO] ThirdParty:883 - exiting critical section [close project]
2023-10-17 16:48:26,371 [INFO] PinOutPanel:1499 - setPackage(No Configuration,No Configuration)
2023-10-17 16:48:26,376 [INFO] UtilMem:75 - Begin LoadConfig() Used Memory: 434641680 Bytes (686817280)
2023-10-17 16:48:26,377 [INFO] MicroXplorer:468 - Change Database Path : 
2023-10-17 16:48:26,377 [INFO] MicroXplorer:498 - Change Database Version : DB.6.0.92
2023-10-17 16:48:26,377 [INFO] OpenFileManager:308 - Change cursor
2023-10-17 16:48:26,451 [INFO] Mcu:1946 - Initializing MCU STM32F103RCTx STM32F103RCTx STM32F103RCT6
2023-10-17 16:48:27,292 [INFO] Context:659 - Trying to add GPIOservice into a context  which must be forbidden
2023-10-17 16:48:27,641 [INFO] ImportTextPane:194 - (OptionalMessage_ERROR) Unable to find key (Mcu.ThirdPartyNb) in loaded IOC file
2023-10-17 16:48:27,641 [INFO] ImportTextPane:194 - (OptionalMessage_ERROR) Unable to find key (Mcu.PinsNb) in loaded IOC file
2023-10-17 16:48:27,641 [INFO] ImportTextPane:194 - (OptionalMessage_ERROR) Unable to find key (Mcu.IPNb) in loaded IOC file
2023-10-17 16:48:27,766 [INFO] RtosManager:555 - Registered RTOS mode: class=CMSIS, group=RTOS, mode=CMSIS_V1, owner=FREERTOS
2023-10-17 16:48:27,768 [INFO] RtosManager:555 - Registered RTOS mode: class=CMSIS, group=RTOS2, mode=CMSIS_V2, owner=FREERTOS
2023-10-17 16:48:27,768 [INFO] RtosManager:555 - Registered RTOS mode: class=RTOS, group=Core, mode=CMSIS_V1, owner=FREERTOS
2023-10-17 16:48:27,768 [INFO] RtosManager:555 - Registered RTOS mode: class=RTOS, group=Core, mode=CMSIS_V2, owner=FREERTOS
2023-10-17 16:48:27,768 [WARN] ModelIntegratedComponent:184 - Missing modes for component STMicroelectronics:FreeRTOS:0.0.1:STMicroelectronics:RTOS:FreeRTOS:Core:::10.2.0:
2023-10-17 16:48:27,780 [WARN] ModelIntegratedComponent:63 - No mode defined for component null
2023-10-17 16:48:27,780 [WARN] ModelIntegratedComponent:63 - No mode defined for component null
2023-10-17 16:48:27,780 [WARN] ModelIntegratedComponent:63 - No mode defined for component null
2023-10-17 16:48:27,780 [WARN] ModelIntegratedComponent:63 - No mode defined for component null
2023-10-17 16:48:27,780 [WARN] ModelIntegratedComponent:63 - No mode defined for component null
2023-10-17 16:48:27,780 [WARN] ModelIntegratedComponent:63 - No mode defined for component null
2023-10-17 16:48:27,780 [WARN] ModelIntegratedComponent:63 - No mode defined for component null
2023-10-17 16:48:27,781 [WARN] ModelIntegratedComponent:63 - No mode defined for component null
2023-10-17 16:48:27,781 [WARN] ModelIntegratedComponent:63 - No mode defined for component null
2023-10-17 16:48:27,781 [WARN] ModelIntegratedComponent:63 - No mode defined for component null
2023-10-17 16:48:27,781 [WARN] ModelIntegratedComponent:63 - No mode defined for component null
2023-10-17 16:48:27,781 [WARN] ModelIntegratedComponent:63 - No mode defined for component null
2023-10-17 16:48:27,781 [WARN] ModelIntegratedComponent:63 - No mode defined for component null
2023-10-17 16:48:27,781 [WARN] ModelIntegratedComponent:63 - No mode defined for component null
2023-10-17 16:48:27,781 [WARN] ModelIntegratedComponent:63 - No mode defined for component null
2023-10-17 16:48:27,781 [WARN] ModelIntegratedComponent:63 - No mode defined for component null
2023-10-17 16:48:27,781 [WARN] ModelIntegratedComponent:63 - No mode defined for component null
2023-10-17 16:48:27,781 [WARN] ModelIntegratedComponent:63 - No mode defined for component null
2023-10-17 16:48:27,781 [WARN] ModelIntegratedComponent:63 - No mode defined for component null
2023-10-17 16:48:27,781 [WARN] ModelIntegratedComponent:63 - No mode defined for component null
2023-10-17 16:48:27,781 [WARN] ModelIntegratedComponent:63 - No mode defined for component null
2023-10-17 16:48:27,781 [WARN] ModelIntegratedComponent:63 - No mode defined for component null
2023-10-17 16:48:27,781 [WARN] ModelIntegratedComponent:63 - No mode defined for component null
2023-10-17 16:48:27,781 [WARN] ModelIntegratedComponent:63 - No mode defined for component null
2023-10-17 16:48:27,781 [WARN] ModelIntegratedComponent:63 - No mode defined for component null
2023-10-17 16:48:27,781 [WARN] ModelIntegratedComponent:63 - No mode defined for component null
2023-10-17 16:48:27,781 [WARN] ModelIntegratedComponent:63 - No mode defined for component null
2023-10-17 16:48:27,782 [WARN] ModelIntegratedComponent:63 - No mode defined for component null
2023-10-17 16:48:27,782 [WARN] ModelIntegratedComponent:63 - No mode defined for component null
2023-10-17 16:48:27,782 [WARN] ModelIntegratedComponent:63 - No mode defined for component null
2023-10-17 16:48:27,782 [WARN] ModelIntegratedComponent:63 - No mode defined for component null
2023-10-17 16:48:27,783 [WARN] ModelIntegratedComponent:63 - No mode defined for component null
2023-10-17 16:48:27,783 [WARN] ModelIntegratedComponent:63 - No mode defined for component null
2023-10-17 16:48:27,799 [INFO] ThirdPartyModel:298 - Start build external matchings
2023-10-17 16:48:28,049 [INFO] ThirdPartyModel:316 - End build external matchings
2023-10-17 16:48:28,238 [INFO] UtilMem:75 - End LoadConfig() Used Memory: 447830648 Bytes (914358272)
2023-10-17 16:48:28,254 [WARN] ThirdParty:833 - waiting for thirdparty lock release [change project]
2023-10-17 16:48:28,255 [INFO] ThirdParty:835 - entering critical section [change project]
2023-10-17 16:48:28,256 [INFO] ThirdParty:1030 - CMSIS Pack Vendor :STMicroelectronics X-CUBE-ISPU 1.1.0
2023-10-17 16:48:28,256 [INFO] ThirdParty:1030 - CMSIS Pack Vendor :STMicroelectronics USBPD 4.1
2023-10-17 16:48:28,256 [INFO] ThirdParty:1030 - CMSIS Pack Vendor :STMicroelectronics X-CUBE-GNSS1 6.0.0
2023-10-17 16:48:28,256 [INFO] ThirdParty:1030 - CMSIS Pack Vendor :STMicroelectronics USB_HOST 2.0.0
2023-10-17 16:48:28,256 [INFO] ThirdParty:1030 - CMSIS Pack Vendor :STMicroelectronics X-CUBE-AZRTOS-F4 1.1.0
2023-10-17 16:48:28,256 [INFO] ThirdParty:1030 - CMSIS Pack Vendor :STMicroelectronics LIBJPEG 8.0.0
2023-10-17 16:48:28,256 [INFO] ThirdParty:1030 - CMSIS Pack Vendor :wolfSSL I-CUBE-wolfSSL 5.6.3
2023-10-17 16:48:28,256 [INFO] ThirdParty:1030 - CMSIS Pack Vendor :STMicroelectronics X-CUBE-SMBUS 2.1.0
2023-10-17 16:48:28,256 [INFO] ThirdParty:1030 - CMSIS Pack Vendor :STMicroelectronics USB_DEVICE 3.0.0
2023-10-17 16:48:28,256 [INFO] ThirdParty:1030 - CMSIS Pack Vendor :STMicroelectronics X-CUBE-AZRTOS-WB 2.0.0
2023-10-17 16:48:28,257 [INFO] ThirdParty:1030 - CMSIS Pack Vendor :STMicroelectronics X-CUBE-AZRTOS-F7 1.1.0
2023-10-17 16:48:28,257 [INFO] ThirdParty:1030 - CMSIS Pack Vendor :STMicroelectronics X-CUBE-AZRTOS-L5 2.0.0
2023-10-17 16:48:28,257 [INFO] ThirdParty:1030 - CMSIS Pack Vendor :STMicroelectronics USB_DEVICE 2.0.0
2023-10-17 16:48:28,257 [INFO] ThirdParty:1030 - CMSIS Pack Vendor :STMicroelectronics X-CUBE-MEMS1 9.6.0
2023-10-17 16:48:28,257 [INFO] ThirdParty:1030 - CMSIS Pack Vendor :ITTIA_DB I-CUBE-ITTIADB 8.8.0
2023-10-17 16:48:28,257 [INFO] ThirdParty:1030 - CMSIS Pack Vendor :STMicroelectronics FP-SNS-MOTENV1 4.3.2
2023-10-17 16:48:28,257 [INFO] ThirdParty:1030 - CMSIS Pack Vendor :STMicroelectronics X-CUBE-ALGOBUILD 1.3.0
2023-10-17 16:48:28,257 [INFO] ThirdParty:1030 - CMSIS Pack Vendor :STMicroelectronics FreeRTOS 0.0.1
2023-10-17 16:48:28,257 [INFO] ThirdParty:1030 - CMSIS Pack Vendor :STMicroelectronics X-CUBE-AZRTOS-G0 1.1.0
2023-10-17 16:48:28,257 [INFO] ThirdParty:1030 - CMSIS Pack Vendor :STMicroelectronics X-CUBE-BLEMGR 2.0.0
2023-10-17 16:48:28,257 [INFO] ThirdParty:1030 - CMSIS Pack Vendor :STMicroelectronics X-CUBE-NFC4 3.0.0
2023-10-17 16:48:28,257 [INFO] ThirdParty:1030 - CMSIS Pack Vendor :STMicroelectronics X-CUBE-SUBG2 5.0.0
2023-10-17 16:48:28,257 [INFO] ThirdParty:1030 - CMSIS Pack Vendor :STMicroelectronics STM32_WPAN 1.0.0
2023-10-17 16:48:28,257 [INFO] ThirdParty:1030 - CMSIS Pack Vendor :STMicroelectronics lwIP 2.0.3
2023-10-17 16:48:28,257 [INFO] ThirdParty:1030 - CMSIS Pack Vendor :STMicroelectronics FP-SNS-FLIGHT1 5.0.2
2023-10-17 16:48:28,257 [INFO] ThirdParty:1030 - CMSIS Pack Vendor :STMicroelectronics USB_HOST 1.0.0
2023-10-17 16:48:28,257 [INFO] ThirdParty:1030 - CMSIS Pack Vendor :STMicroelectronics X-CUBE-TOF1 3.3.1
2023-10-17 16:48:28,257 [INFO] ThirdParty:1030 - CMSIS Pack Vendor :STMicroelectronics X-CUBE-AZRTOS-G4 2.0.0
2023-10-17 16:48:28,257 [INFO] ThirdParty:1030 - CMSIS Pack Vendor :STMicroelectronics PDM2PCM 3.1.0
2023-10-17 16:48:28,257 [INFO] ThirdParty:1030 - CMSIS Pack Vendor :STMicroelectronics X-CUBE-AZRTOS-H7 3.1.0
2023-10-17 16:48:28,257 [INFO] ThirdParty:1030 - CMSIS Pack Vendor :Infineon AIROC-Wi-Fi-Bluetooth-STM32 1.5.1
2023-10-17 16:48:28,257 [INFO] ThirdParty:1030 - CMSIS Pack Vendor :STMicroelectronics PDM2PCM 3.3.0
2023-10-17 16:48:28,257 [INFO] ThirdParty:1030 - CMSIS Pack Vendor :STMicroelectronics X-CUBE-DISPLAY 3.0.0
2023-10-17 16:48:28,257 [INFO] ThirdParty:1030 - CMSIS Pack Vendor :STMicroelectronics X-CUBE-BLE1 7.0.0
2023-10-17 16:48:28,257 [INFO] ThirdParty:1030 - CMSIS Pack Vendor :STMicroelectronics FP-ATR-SIGFOX1 3.2.0
2023-10-17 16:48:28,257 [INFO] ThirdParty:1030 - CMSIS Pack Vendor :STMicroelectronics HAL Drivers 0.0.0
2023-10-17 16:48:28,257 [INFO] ThirdParty:1030 - CMSIS Pack Vendor :STMicroelectronics MBEDTLS 2.16.2
2023-10-17 16:48:28,257 [INFO] ThirdParty:1030 - CMSIS Pack Vendor :emotas I-CUBE-CANOPEN 1.3.0
2023-10-17 16:48:28,257 [INFO] ThirdParty:1030 - CMSIS Pack Vendor :STMicroelectronics X-CUBE-FREERTOS 1.1.0
2023-10-17 16:48:28,257 [INFO] ThirdParty:1030 - CMSIS Pack Vendor :STMicroelectronics X-CUBE-TOUCHGFX 4.22.0
2023-10-17 16:48:28,257 [INFO] ThirdParty:1030 - CMSIS Pack Vendor :STMicroelectronics X-CUBE-NFC7 1.0.1
2023-10-17 16:48:28,257 [INFO] ThirdParty:1030 - CMSIS Pack Vendor :STMicroelectronics MBEDTLS 2.14.1
2023-10-17 16:48:28,257 [INFO] ThirdParty:1030 - CMSIS Pack Vendor :STMicroelectronics X-CUBE-TOUCHGFX 4.22.1
2023-10-17 16:48:28,257 [INFO] ThirdParty:1030 - CMSIS Pack Vendor :STMicroelectronics X-CUBE-NFC6 3.0.0
2023-10-17 16:48:28,257 [INFO] ThirdParty:1030 - CMSIS Pack Vendor :STMicroelectronics X-CUBE-EEPRMA1 4.1.0
2023-10-17 16:48:28,257 [INFO] ThirdParty:1030 - CMSIS Pack Vendor :portGmbH I-Cube-SoM-uGOAL 1.1.0
2023-10-17 16:48:28,258 [INFO] ThirdParty:1030 - CMSIS Pack Vendor :STMicroelectronics X-CUBE-ALS 1.0.1
2023-10-17 16:48:28,258 [INFO] ThirdParty:1030 - CMSIS Pack Vendor :STMicroelectronics ThreadX 1.0.0
2023-10-17 16:48:28,258 [INFO] ThirdParty:1030 - CMSIS Pack Vendor :STMicroelectronics FP-SNS-SMARTAG2 1.2.0
2023-10-17 16:48:28,258 [INFO] ThirdParty:1030 - CMSIS Pack Vendor :STMicroelectronics X-CUBE-AZRTOS-WL 2.0.0
2023-10-17 16:48:28,258 [INFO] ThirdParty:1030 - CMSIS Pack Vendor :SEGGER I-CUBE-embOS 1.3.1
2023-10-17 16:48:28,258 [INFO] ThirdParty:1030 - CMSIS Pack Vendor :STMicroelectronics USB_DEVICE 1.0.0
2023-10-17 16:48:28,258 [INFO] ThirdParty:1030 - CMSIS Pack Vendor :STMicroelectronics X-CUBE-AI 8.1.0
2023-10-17 16:48:28,258 [INFO] ThirdParty:1030 - CMSIS Pack Vendor :STMicroelectronics X-CUBE-AZRTOS-L4 2.0.0
2023-10-17 16:48:28,258 [INFO] ThirdParty:1030 - CMSIS Pack Vendor :STMicroelectronics ThreadX 0.0.2
2023-10-17 16:48:28,258 [INFO] ThirdParty:1030 - CMSIS Pack Vendor :WES I-CUBE-Cesium 1.3.0
2023-10-17 16:48:28,258 [INFO] ThirdParty:1030 - CMSIS Pack Vendor :STMicroelectronics FP-ATR-ASTRA1 2.0.0
2023-10-17 16:48:28,258 [INFO] ThirdParty:1030 - CMSIS Pack Vendor :STMicroelectronics lwIP 2.1.2
2023-10-17 16:48:28,258 [INFO] ThirdParty:1030 - CMSIS Pack Vendor :STMicroelectronics X-CUBE-SFXS2LP1 4.0.0
2023-10-17 16:48:28,258 [INFO] ThirdParty:1030 - CMSIS Pack Vendor :STMicroelectronics X-CUBE-BLE2 3.3.0
2023-10-17 16:48:28,258 [INFO] ThirdParty:1030 - CMSIS Pack Vendor :STMicroelectronics PDM2PCM 3.2.0
2023-10-17 16:48:28,258 [INFO] ThirdParty:841 - exiting critical section [change project]
2023-10-17 16:48:28,576 [INFO] PinOutPanel:1499 - setPackage(No Configuration,No Configuration)
2023-10-17 16:48:28,578 [INFO] PinOutPanel:1499 - setPackage(STM32F103RCTx,LQFP64)
2023-10-17 16:48:29,009 [INFO] UtilMem:75 - Before build in PCC Used Memory: 551358272 Bytes (914358272)
2023-10-17 16:48:29,972 [INFO] UtilMem:75 - After build in PCC Used Memory: 613224256 Bytes (914358272)
2023-10-17 16:48:29,990 [INFO] IPUIPlugin:80 - create IPUIPlugin
2023-10-17 16:48:29,990 [INFO] IPUIPlugin:80 - create IPUIPlugin
2023-10-17 16:48:29,990 [INFO] IPUIPlugin:80 - create IPUIPlugin
2023-10-17 16:48:29,990 [INFO] IPUIPlugin:80 - create IPUIPlugin
2023-10-17 16:48:29,990 [INFO] IPUIPlugin:80 - create IPUIPlugin
2023-10-17 16:48:29,991 [INFO] IPUIPlugin:80 - create IPUIPlugin
2023-10-17 16:48:29,991 [INFO] IPUIPlugin:80 - create IPUIPlugin
2023-10-17 16:48:29,991 [INFO] IPUIPlugin:80 - create IPUIPlugin
2023-10-17 16:48:29,991 [INFO] IPUIPlugin:80 - create IPUIPlugin
2023-10-17 16:48:29,991 [INFO] IPUIPlugin:80 - create IPUIPlugin
2023-10-17 16:48:29,991 [INFO] IPUIPlugin:80 - create IPUIPlugin
2023-10-17 16:48:29,991 [INFO] IPUIPlugin:80 - create IPUIPlugin
2023-10-17 16:48:29,991 [INFO] IPUIPlugin:80 - create IPUIPlugin
2023-10-17 16:48:29,991 [INFO] IPUIPlugin:80 - create IPUIPlugin
2023-10-17 16:48:29,991 [INFO] IPUIPlugin:80 - create IPUIPlugin
2023-10-17 16:48:29,991 [INFO] IPUIPlugin:80 - create IPUIPlugin
2023-10-17 16:48:29,991 [INFO] IPUIPlugin:80 - create IPUIPlugin
2023-10-17 16:48:29,991 [INFO] IPUIPlugin:80 - create IPUIPlugin
2023-10-17 16:48:29,992 [INFO] IPUIPlugin:80 - create IPUIPlugin
2023-10-17 16:48:29,992 [INFO] IPUIPlugin:80 - create IPUIPlugin
2023-10-17 16:48:29,992 [INFO] IPUIPlugin:80 - create IPUIPlugin
2023-10-17 16:48:29,992 [INFO] IPUIPlugin:80 - create IPUIPlugin
2023-10-17 16:48:29,992 [INFO] IPUIPlugin:80 - create IPUIPlugin
2023-10-17 16:48:29,992 [INFO] IPUIPlugin:80 - create IPUIPlugin
2023-10-17 16:48:29,992 [INFO] IPUIPlugin:80 - create IPUIPlugin
2023-10-17 16:48:29,992 [INFO] IPUIPlugin:80 - create IPUIPlugin
2023-10-17 16:48:29,992 [INFO] IPUIPlugin:80 - create IPUIPlugin
2023-10-17 16:48:29,992 [INFO] IPUIPlugin:80 - create IPUIPlugin
2023-10-17 16:48:29,992 [INFO] IPUIPlugin:80 - create IPUIPlugin
2023-10-17 16:48:29,992 [INFO] IPUIPlugin:80 - create IPUIPlugin
2023-10-17 16:48:29,992 [INFO] IPUIPlugin:80 - create IPUIPlugin
2023-10-17 16:48:29,993 [INFO] IPUIPlugin:80 - create IPUIPlugin
2023-10-17 16:48:29,993 [INFO] IPUIPlugin:80 - create IPUIPlugin
2023-10-17 16:48:29,993 [INFO] IPUIPlugin:80 - create IPUIPlugin
2023-10-17 16:48:29,993 [INFO] IPUIPlugin:80 - create IPUIPlugin
2023-10-17 16:48:29,993 [INFO] IPUIPlugin:80 - create IPUIPlugin
2023-10-17 16:48:29,994 [INFO] IPUIPlugin:80 - create IPUIPlugin
2023-10-17 16:48:29,994 [INFO] IPUIPlugin:80 - create IPUIPlugin
2023-10-17 16:48:29,994 [INFO] IPUIPlugin:80 - create IPUIPlugin
2023-10-17 16:48:30,184 [INFO] CADModel:165 - CPN selected for project levelSTM32F103RCT6
2023-10-17 16:48:30,184 [INFO] CADModel:114 - Register for checkConnection events
2023-10-17 16:48:30,235 [INFO] OpenFileManager:328 - Restore cursor
2023-10-17 16:48:30,885 [INFO] UtilMem:75 - End SaveConfig() Used Memory: 439493208 Bytes (914358272)
2023-10-17 16:48:30,966 [INFO] UtilMem:75 - End SaveConfig() Used Memory: 456200032 Bytes (914358272)
2023-10-17 16:48:31,479 [INFO] BlockDiagram:2759 - set Specific Code input for plugin: NVIC
2023-10-17 16:48:31,479 [INFO] BlockDiagram:2759 - set Specific Code input for plugin: RCC
2023-10-17 16:48:31,480 [INFO] CodeGenerator:799 - code generatio: config db path: D:\software\STM32CubeIDE_1.13.2\STM32CubeIDE\plugins\com.st.stm32cube.common.mx_6.9.2.202309101412\\db\
2023-10-17 16:48:31,643 [INFO] CodeEngine:255 - oldGeneratedFile, D:\project\CS301\Lab5\MXTmpFiles\license.tmp_save
2023-10-17 16:48:31,997 [INFO] CodeEngine:279 - Generated code: D:\project\CS301\Lab5\MXTmpFiles\license.tmp
2023-10-17 16:48:32,010 [INFO] CodeEngine:255 - oldGeneratedFile, D:\project\CS301\Lab5\Core\Src\stm32f1xx_it.c_save
2023-10-17 16:48:32,128 [INFO] CodeEngine:279 - Generated code: D:\project\CS301\Lab5\Core\Src\stm32f1xx_it.c
2023-10-17 16:48:32,131 [INFO] CodeEngine:255 - oldGeneratedFile, D:\project\CS301\Lab5\Core\Inc\stm32f1xx_it.h_save
2023-10-17 16:48:32,197 [INFO] CodeEngine:279 - Generated code: D:\project\CS301\Lab5\Core\Inc\stm32f1xx_it.h
2023-10-17 16:48:32,429 [INFO] CodeEngine:255 - oldGeneratedFile, D:\project\CS301\Lab5\Core\Src\stm32f1xx_hal_msp.c_save
2023-10-17 16:48:32,535 [INFO] CodeEngine:279 - Generated code: D:\project\CS301\Lab5\Core\Src\stm32f1xx_hal_msp.c
2023-10-17 16:48:32,539 [INFO] CodeEngine:255 - oldGeneratedFile, D:\project\CS301\Lab5\MXTmpFiles\system.tmp_save
2023-10-17 16:48:32,585 [INFO] CodeEngine:279 - Generated code: D:\project\CS301\Lab5\MXTmpFiles\system.tmp
2023-10-17 16:48:32,591 [INFO] CodeEngine:311 - oldGeneratedFile, D:\project\CS301\Lab5\Core\Inc\stm32f1xx_hal_conf.h_save
2023-10-17 16:48:32,657 [INFO] CodeEngine:335 - Generated code: D:\project\CS301\Lab5\Core\Inc\stm32f1xx_hal_conf.h
2023-10-17 16:48:32,685 [INFO] CodeEngine:255 - oldGeneratedFile, D:\project\CS301\Lab5\Core\Inc\main.h_save
2023-10-17 16:48:32,754 [INFO] CodeEngine:279 - Generated code: D:\project\CS301\Lab5\Core\Inc\main.h
2023-10-17 16:48:32,759 [INFO] CodeEngine:255 - oldGeneratedFile, D:\project\CS301\Lab5\Core\Src\main.c_save
2023-10-17 16:48:32,873 [INFO] CodeEngine:279 - Generated code: D:\project\CS301\Lab5\Core\Src\main.c
2023-10-17 16:48:33,334 [INFO] ProjectBuilder:3064 - Time for Copy HAL[1] : 136mS.
2023-10-17 16:48:33,338 [INFO] ProjectBuilder:4404 - Project Generator version: 4.1.0
2023-10-17 16:48:33,535 [INFO] ConfigFileManager:1457 - The Die is : DIE414
2023-10-17 16:48:33,570 [INFO] ApiDbMcu:507 - Load IP Config File for FATFS
2023-10-17 16:48:33,578 [INFO] ApiDbMcu:507 - Load IP Config File for FREERTOS
2023-10-17 16:48:33,591 [INFO] ApiDbMcu:507 - Load IP Config File for USB_DEVICE
2023-10-17 16:48:34,291 [INFO] LogOutputStream:77 - [STDOUT_REDIRECT] 
2023-10-17 16:48:45,182 [INFO] ProjectBuilder:4626 - Time for Generating toolchain IDE Files: 11844mS.
2023-10-17 16:48:45,183 [INFO] ProjectBuilder:2935 - Time for Copy CMSIS : 1mS.
2023-10-17 16:48:45,184 [INFO] ProjectBuilder:2935 - Time for Copy CMSIS : 0mS.
2023-10-17 16:48:46,224 [INFO] McuFinderGlobals:76 - Set McuFinderConnectedMode to true
2023-10-17 16:48:46,226 [INFO] ApiDb:448 - Save user favorites file C:\Users\lenovo/.stm32cubeide/favorites.mcus.txt: 0 item(s)
2023-10-17 16:48:46,226 [INFO] ApiDb:452 - User favorites MCUs=[]
2023-10-17 16:50:07,367 [INFO] Gpio:273 - dependency for GPIO [RCC]
2023-10-17 16:50:50,590 [INFO] Gpio:273 - dependency for GPIO [RCC]
2023-10-17 16:50:50,616 [INFO] NvicIntPanel:101 - NVIC parent = com.st.microxplorer.plugins.ip.nvic.MultiNvicIntPanel[,0,0,0x0,invalid,layout=javax.swing.BoxLayout,alignmentX=0.0,alignmentY=0.0,border=,flags=9,maximumSize=,minimumSize=,preferredSize=]
2023-10-17 16:51:26,823 [INFO] Gpio:273 - dependency for GPIO [RCC]
2023-10-17 16:51:26,877 [INFO] NvicIntPanel:101 - NVIC parent = com.st.microxplorer.plugins.ip.nvic.MultiNvicIntPanel[,0,0,0x0,invalid,layout=javax.swing.BoxLayout,alignmentX=0.0,alignmentY=0.0,border=,flags=9,maximumSize=,minimumSize=,preferredSize=]
2023-10-17 16:52:30,397 [INFO] Gpio:273 - dependency for GPIO [RCC]
2023-10-17 16:52:59,533 [INFO] Gpio:273 - dependency for GPIO [RCC, SYS]
2023-10-17 16:53:37,137 [INFO] Gpio:273 - dependency for GPIO [RCC, SYS]
2023-10-17 16:53:38,481 [INFO] NvicIntPanel:101 - NVIC parent = com.st.microxplorer.plugins.ip.nvic.MultiNvicIntPanel[,2,28,490x593,layout=javax.swing.BoxLayout,alignmentX=0.0,alignmentY=0.0,border=,flags=9,maximumSize=,minimumSize=,preferredSize=]
2023-10-17 16:55:09,443 [INFO] DmaTabbedPanel:205 - Cannot restore the selected Tab for DMA
2023-10-17 16:55:10,021 [INFO] Gpio:273 - dependency for GPIO [RCC, SYS]
2023-10-17 16:56:09,458 [INFO] Gpio:273 - dependency for GPIO [RCC, SYS]
2023-10-17 16:56:09,481 [INFO] NvicIntPanel:101 - NVIC parent = com.st.microxplorer.plugins.ip.nvic.MultiNvicIntPanel[,0,0,0x0,invalid,layout=javax.swing.BoxLayout,alignmentX=0.0,alignmentY=0.0,border=,flags=9,maximumSize=,minimumSize=,preferredSize=]
2023-10-17 16:56:51,717 [INFO] Gpio:273 - dependency for GPIO [RCC, SYS]
2023-10-17 16:56:51,736 [INFO] NvicIntPanel:101 - NVIC parent = com.st.microxplorer.plugins.ip.nvic.MultiNvicIntPanel[,0,0,0x0,invalid,layout=javax.swing.BoxLayout,alignmentX=0.0,alignmentY=0.0,border=,flags=9,maximumSize=,minimumSize=,preferredSize=]
2023-10-17 16:57:06,021 [INFO] Gpio:273 - dependency for GPIO [RCC, SYS]
2023-10-17 16:57:06,036 [INFO] NvicIntPanel:101 - NVIC parent = com.st.microxplorer.plugins.ip.nvic.MultiNvicIntPanel[,0,0,0x0,invalid,layout=javax.swing.BoxLayout,alignmentX=0.0,alignmentY=0.0,border=,flags=9,maximumSize=,minimumSize=,preferredSize=]
2023-10-17 16:58:08,964 [INFO] Gpio:273 - dependency for GPIO [RCC, SYS]
2023-10-17 17:00:02,259 [INFO] Gpio:273 - dependency for GPIO [RCC, SYS]
2023-10-17 17:00:04,022 [INFO] DmaTabbedPanel:205 - Cannot restore the selected Tab for DMA
2023-10-17 17:00:04,479 [INFO] Gpio:273 - dependency for GPIO [RCC, SYS]
2023-10-17 17:04:36,134 [INFO] Gpio:273 - dependency for GPIO [RCC, SYS]
2023-10-17 17:04:36,781 [INFO] DmaTabbedPanel:205 - Cannot restore the selected Tab for DMA
2023-10-17 17:04:37,700 [INFO] Gpio:273 - dependency for GPIO [RCC, SYS]
2023-10-17 17:05:07,605 [INFO] UtilMem:75 - End SaveConfig() Used Memory: 464019984 Bytes (1073741824)
2023-10-17 17:05:07,668 [INFO] UtilMem:75 - End SaveConfig() Used Memory: 289348928 Bytes (1073741824)
2023-10-17 17:05:08,135 [INFO] UtilMem:75 - End SaveConfig() Used Memory: 324474176 Bytes (982515712)
2023-10-17 17:05:08,258 [INFO] BlockDiagram:2759 - set Specific Code input for plugin: NVIC
2023-10-17 17:05:08,258 [INFO] BlockDiagram:2759 - set Specific Code input for plugin: SYS
2023-10-17 17:05:08,259 [INFO] BlockDiagram:2759 - set Specific Code input for plugin: GPIO
2023-10-17 17:05:08,259 [INFO] BlockDiagram:2759 - set Specific Code input for plugin: RCC
2023-10-17 17:05:08,259 [INFO] CodeGenerator:799 - code generatio: config db path: D:\software\STM32CubeIDE_1.13.2\STM32CubeIDE\plugins\com.st.stm32cube.common.mx_6.9.2.202309101412\\db\
2023-10-17 17:05:08,311 [INFO] CodeEngine:255 - oldGeneratedFile, D:\project\CS301\Lab5\MXTmpFiles\license.tmp_save
2023-10-17 17:05:08,373 [INFO] CodeEngine:279 - Generated code: D:\project\CS301\Lab5\MXTmpFiles\license.tmp
2023-10-17 17:05:08,408 [INFO] CodeEngine:255 - oldGeneratedFile, D:\project\CS301\Lab5\Core\Src\gpio.c_save
2023-10-17 17:05:08,465 [INFO] CodeEngine:279 - Generated code: D:\project\CS301\Lab5\Core\Src\gpio.c
2023-10-17 17:05:08,469 [INFO] CodeEngine:255 - oldGeneratedFile, D:\project\CS301\Lab5\Core\Inc\gpio.h_save
2023-10-17 17:05:08,508 [INFO] CodeEngine:279 - Generated code: D:\project\CS301\Lab5\Core\Inc\gpio.h
2023-10-17 17:05:08,519 [INFO] CodeEngine:255 - oldGeneratedFile, D:\project\CS301\Lab5\Core\Src\stm32f1xx_it.c_save
2023-10-17 17:05:08,645 [INFO] CodeEngine:279 - Generated code: D:\project\CS301\Lab5\Core\Src\stm32f1xx_it.c
2023-10-17 17:05:08,648 [INFO] CodeEngine:255 - oldGeneratedFile, D:\project\CS301\Lab5\Core\Inc\stm32f1xx_it.h_save
2023-10-17 17:05:08,682 [INFO] CodeEngine:279 - Generated code: D:\project\CS301\Lab5\Core\Inc\stm32f1xx_it.h
2023-10-17 17:05:08,689 [INFO] CodeEngine:255 - oldGeneratedFile, D:\project\CS301\Lab5\Core\Src\stm32f1xx_hal_msp.c_save
2023-10-17 17:05:08,749 [INFO] CodeEngine:279 - Generated code: D:\project\CS301\Lab5\Core\Src\stm32f1xx_hal_msp.c
2023-10-17 17:05:08,752 [INFO] CodeEngine:255 - oldGeneratedFile, D:\project\CS301\Lab5\MXTmpFiles\system.tmp_save
2023-10-17 17:05:08,783 [INFO] CodeEngine:279 - Generated code: D:\project\CS301\Lab5\MXTmpFiles\system.tmp
2023-10-17 17:05:08,797 [INFO] CodeEngine:311 - oldGeneratedFile, D:\project\CS301\Lab5\Core\Inc\stm32f1xx_hal_conf.h_save
2023-10-17 17:05:08,832 [INFO] CodeEngine:335 - Generated code: D:\project\CS301\Lab5\Core\Inc\stm32f1xx_hal_conf.h
2023-10-17 17:05:08,847 [INFO] CodeEngine:255 - oldGeneratedFile, D:\project\CS301\Lab5\Core\Inc\main.h_save
2023-10-17 17:05:08,894 [INFO] CodeEngine:279 - Generated code: D:\project\CS301\Lab5\Core\Inc\main.h
2023-10-17 17:05:08,897 [INFO] CodeEngine:255 - oldGeneratedFile, D:\project\CS301\Lab5\Core\Src\main.c_save
2023-10-17 17:05:08,946 [INFO] CodeEngine:279 - Generated code: D:\project\CS301\Lab5\Core\Src\main.c
2023-10-17 17:05:09,249 [INFO] ProjectBuilder:3064 - Time for Copy HAL[1] : 89mS.
2023-10-17 17:05:09,252 [INFO] ProjectBuilder:4404 - Project Generator version: 4.1.0
2023-10-17 17:05:09,334 [INFO] ConfigFileManager:1457 - The Die is : DIE414
2023-10-17 17:05:10,134 [INFO] ProjectBuilder:4626 - Time for Generating toolchain IDE Files: 882mS.
2023-10-17 17:05:10,134 [INFO] ProjectBuilder:2935 - Time for Copy CMSIS : 0mS.
2023-10-17 17:05:10,135 [INFO] ProjectBuilder:2935 - Time for Copy CMSIS : 0mS.
2023-10-17 17:07:37,252 [INFO] Gpio:273 - dependency for GPIO [RCC, SYS]
2023-10-17 17:07:46,196 [INFO] Gpio:273 - dependency for GPIO [RCC, SYS]
2023-10-17 17:07:47,841 [INFO] NvicIntPanel:101 - NVIC parent = com.st.microxplorer.plugins.ip.nvic.MultiNvicIntPanel[,2,28,656x593,layout=javax.swing.BoxLayout,alignmentX=0.0,alignmentY=0.0,border=,flags=9,maximumSize=,minimumSize=,preferredSize=]
