2023-11-28 16:20:58,128 [INFO] Activator:176 - 


2023-11-28 16:20:58,148 [INFO] Activator:177 - !SESSION log4j initialized
2023-11-28 16:21:13,648 [INFO] LogOutputStream:77 - [STDOUT_REDIRECT] 
2023-11-28 16:21:17,045 [INFO] ApplicationProperties:184 - Using Application install path: D:\software\STM32CubeIDE_1.13.2\STM32CubeIDE\plugins\com.st.stm32cube.common.mx_6.9.2.202309101412
2023-11-28 16:21:17,069 [INFO] DbMcusXml:78 - Set database path to: D:\software\STM32CubeIDE_1.13.2\STM32CubeIDE\plugins\com.st.stm32cube.common.mx_6.9.2.202309101412\\db\/mcu/
2023-11-28 16:21:17,070 [INFO] ApiDb:274 - Set plugin database path to: D:\software\STM32CubeIDE_1.13.2\STM32CubeIDE\plugins\com.st.stm32cube.common.mx_6.9.2.202309101412\\db\/plugins/boardmanager/
2023-11-28 16:21:17,070 [WARN] ApiDb:259 - Overriding images path with different value:  => D:\software\STM32CubeIDE_1.13.2\STM32CubeIDE\plugins\com.st.stm32cube.common.mx_6.9.2.202309101412\\db\/plugins/mcufinder/images/
2023-11-28 16:21:17,087 [INFO] ApiDb:250 - Set database path to: C:\Users\lenovo\.stmcufinder\plugins\mcufinder//mcu/
2023-11-28 16:21:17,089 [INFO] DbMcusAds:125 - Set database path to: C:\Users\lenovo\.stmcufinder\plugins\mcufinder//mcu/
2023-11-28 16:21:17,091 [INFO] CrossReferenceDbSqlite:203 - Set database path to: C:\Users\lenovo\.stmcufinder\plugins\mcufinder//mcu/cs/
2023-11-28 16:21:17,216 [INFO] RulesReader:64 - Compatibility file has been processed (293 Rules)
2023-11-28 16:21:17,306 [INFO] DbMcusXml:78 - Set database path to: D:\software\STM32CubeIDE_1.13.2\STM32CubeIDE\plugins\com.st.stm32cube.common.mx_6.9.2.202309101412\\db\/mcu/
2023-11-28 16:21:17,306 [INFO] ApiDb:274 - Set plugin database path to: D:\software\STM32CubeIDE_1.13.2\STM32CubeIDE\plugins\com.st.stm32cube.common.mx_6.9.2.202309101412\\db\/plugins/boardmanager/
2023-11-28 16:21:17,306 [INFO] ApiDb:261 - Set plugin images path to: D:\software\STM32CubeIDE_1.13.2\STM32CubeIDE\plugins\com.st.stm32cube.common.mx_6.9.2.202309101412\\db\/plugins/mcufinder/images/
2023-11-28 16:21:17,306 [WARN] DbFile:41 - Overriding database path with different value: C:\Users\lenovo\.stmcufinder\plugins\mcufinder/ => C:\Users\lenovo\.stmcufinder\plugins\mcufinder
2023-11-28 16:21:17,307 [INFO] ApiDb:250 - Set database path to: C:\Users\lenovo\.stmcufinder\plugins\mcufinder//mcu/
2023-11-28 16:21:17,307 [WARN] DbFile:41 - Overriding database path with different value: C:\Users\lenovo\.stmcufinder\plugins\mcufinder/ => C:\Users\lenovo\.stmcufinder\plugins\mcufinder
2023-11-28 16:21:17,307 [INFO] DbMcusAds:125 - Set database path to: C:\Users\lenovo\.stmcufinder\plugins\mcufinder//mcu/
2023-11-28 16:21:17,307 [WARN] DbFile:41 - Overriding database path with different value: C:\Users\lenovo\.stmcufinder\plugins\mcufinder/ => C:\Users\lenovo\.stmcufinder\plugins\mcufinder
2023-11-28 16:21:17,307 [WARN] DbFile:41 - Overriding database path with different value: C:\Users\lenovo\.stmcufinder\plugins\mcufinder/ => C:\Users\lenovo\.stmcufinder\plugins\mcufinder
2023-11-28 16:21:17,307 [INFO] CrossReferenceDbSqlite:203 - Set database path to: C:\Users\lenovo\.stmcufinder\plugins\mcufinder//mcu/cs/
2023-11-28 16:21:17,403 [INFO] MainPanel:262 - HeapMemory: 268435456
2023-11-28 16:21:17,512 [INFO] DbMcusXml:78 - Set database path to: D:\software\STM32CubeIDE_1.13.2\STM32CubeIDE\plugins\com.st.stm32cube.common.mx_6.9.2.202309101412\\db\/mcu/
2023-11-28 16:21:17,512 [INFO] ApiDb:274 - Set plugin database path to: D:\software\STM32CubeIDE_1.13.2\STM32CubeIDE\plugins\com.st.stm32cube.common.mx_6.9.2.202309101412\\db\/plugins/boardmanager/
2023-11-28 16:21:17,512 [INFO] ApiDb:261 - Set plugin images path to: D:\software\STM32CubeIDE_1.13.2\STM32CubeIDE\plugins\com.st.stm32cube.common.mx_6.9.2.202309101412\\db\/plugins/mcufinder/images/
2023-11-28 16:21:17,513 [WARN] DbFile:41 - Overriding database path with different value: C:\Users\lenovo\.stmcufinder\plugins\mcufinder/ => C:\Users\lenovo\.stmcufinder\plugins\mcufinder
2023-11-28 16:21:17,513 [INFO] ApiDb:250 - Set database path to: C:\Users\lenovo\.stmcufinder\plugins\mcufinder//mcu/
2023-11-28 16:21:17,513 [WARN] DbFile:41 - Overriding database path with different value: C:\Users\lenovo\.stmcufinder\plugins\mcufinder/ => C:\Users\lenovo\.stmcufinder\plugins\mcufinder
2023-11-28 16:21:17,513 [INFO] DbMcusAds:125 - Set database path to: C:\Users\lenovo\.stmcufinder\plugins\mcufinder//mcu/
2023-11-28 16:21:17,513 [WARN] DbFile:41 - Overriding database path with different value: C:\Users\lenovo\.stmcufinder\plugins\mcufinder/ => C:\Users\lenovo\.stmcufinder\plugins\mcufinder
2023-11-28 16:21:17,513 [WARN] DbFile:41 - Overriding database path with different value: C:\Users\lenovo\.stmcufinder\plugins\mcufinder/ => C:\Users\lenovo\.stmcufinder\plugins\mcufinder
2023-11-28 16:21:17,514 [INFO] CrossReferenceDbSqlite:203 - Set database path to: C:\Users\lenovo\.stmcufinder\plugins\mcufinder//mcu/cs/
2023-11-28 16:21:17,538 [INFO] ApplicationProperties:184 - Using Application install path: D:\software\STM32CubeIDE_1.13.2\STM32CubeIDE\plugins\com.st.stm32cube.common.mx_6.9.2.202309101412
2023-11-28 16:21:17,539 [INFO] PluginManage:196 - Search for loadable plugins [exclusion list=, ]
2023-11-28 16:21:17,542 [INFO] PluginManage:310 - Check plugin analytics
2023-11-28 16:21:17,733 [INFO] AnalyticsPlugin:253 - Accepted Software Licenses: STM32CubeMX.6.9.2
2023-11-28 16:21:17,733 [INFO] AnalyticsPlugin:255 - Accepted CMSIS Pack Licenses: 
2023-11-28 16:21:17,734 [INFO] AnalyticsPlugin:257 - Accepted Firmware Licenses: 
2023-11-28 16:21:17,741 [INFO] PluginManage:359 - Loaded plugin analytics (category:tool,tabindex:-1)
2023-11-28 16:21:17,741 [INFO] PluginManage:310 - Check plugin cadmodel
2023-11-28 16:21:17,747 [INFO] CADModel:105 - Init CAD model plugin
2023-11-28 16:21:17,747 [INFO] PluginManage:359 - Loaded plugin cadmodel (category:power,tabindex:5)
2023-11-28 16:21:17,747 [INFO] PluginManage:310 - Check plugin clock
2023-11-28 16:21:17,757 [INFO] PluginManage:359 - Loaded plugin clock (category:base,tabindex:2)
2023-11-28 16:21:17,757 [INFO] PluginManage:310 - Check plugin ddr
2023-11-28 16:21:17,760 [INFO] PluginManage:359 - Loaded plugin ddr (category:tool,tabindex:6)
2023-11-28 16:21:17,760 [INFO] PluginManage:310 - Check plugin filemanager
2023-11-28 16:21:17,900 [INFO] PluginManage:359 - Loaded plugin filemanager (category:base,tabindex:10)
2023-11-28 16:21:17,900 [INFO] PluginManage:310 - Check plugin ipmanager
2023-11-28 16:21:17,909 [INFO] PluginManage:359 - Loaded plugin ipmanager (category:base,tabindex:5)
2023-11-28 16:21:17,909 [INFO] PluginManage:310 - Check plugin lpbam
2023-11-28 16:21:17,917 [INFO] PluginManage:359 - Loaded plugin lpbam (category:base,tabindex:0)
2023-11-28 16:21:17,917 [INFO] PluginManage:310 - Check plugin memorymap
2023-11-28 16:21:17,936 [INFO] PluginManage:359 - Loaded plugin memorymap (category:base,tabindex:4)
2023-11-28 16:21:17,937 [INFO] PluginManage:310 - Check plugin pinoutandconfiguration
2023-11-28 16:21:17,946 [INFO] PluginManage:359 - Loaded plugin pinoutandconfiguration (category:base,tabindex:1)
2023-11-28 16:21:17,946 [INFO] PluginManage:310 - Check plugin pinoutconfig
2023-11-28 16:21:18,035 [WARN] SupportedApi:132 - Cannot load RTOS API schema: s4s-elt-must-match.1: The content of 'definitions' must match (annotation?, (simpleType | complexType)?, (unique | key | keyref)*)). A problem was found starting at: attribute.
2023-11-28 16:21:18,210 [INFO] PluginManage:359 - Loaded plugin pinoutconfig (category:base,tabindex:0)
2023-11-28 16:21:18,210 [INFO] PluginManage:310 - Check plugin power
2023-11-28 16:21:18,222 [INFO] PluginManage:359 - Loaded plugin power (category:power,tabindex:4)
2023-11-28 16:21:18,222 [INFO] PluginManage:310 - Check plugin projectmanager
2023-11-28 16:21:18,236 [INFO] PluginManage:359 - Loaded plugin projectmanager (category:projectmanager,tabindex:3)
2023-11-28 16:21:18,236 [INFO] PluginManage:310 - Check plugin thirdparty
2023-11-28 16:21:18,385 [INFO] PluginManage:359 - Loaded plugin thirdparty (category:base,tabindex:-1)
2023-11-28 16:21:18,385 [INFO] PluginManage:310 - Check plugin tools
2023-11-28 16:21:18,385 [WARN] IntegrityCheckThread:84 - waiting for thirdparty lock release [integrity check]
2023-11-28 16:21:18,385 [INFO] IntegrityCheckThread:86 - entering critical section [integrity check]
2023-11-28 16:21:18,385 [INFO] ThirdPartyUpdaterWithRetryManager:70 - Updater plugin not ready yet. [1/15]
2023-11-28 16:21:18,387 [INFO] PluginManage:359 - Loaded plugin tools (category:base,tabindex:7)
2023-11-28 16:21:18,387 [INFO] PluginManage:310 - Check plugin tutovideos
2023-11-28 16:21:18,556 [INFO] PluginManage:359 - Loaded plugin tutovideos (category:base,tabindex:-1)
2023-11-28 16:21:18,556 [INFO] PluginManage:310 - Check plugin updater
2023-11-28 16:21:18,569 [INFO] PluginManage:359 - Loaded plugin updater (category:base,tabindex:12)
2023-11-28 16:21:18,570 [INFO] PluginManage:310 - Check plugin userauth
2023-11-28 16:21:18,576 [INFO] UserAuth:113 - Init User Auth plugin
2023-11-28 16:21:18,576 [INFO] PluginManage:359 - Loaded plugin userauth (category:base,tabindex:14)
2023-11-28 16:21:18,577 [INFO] PluginManage:283 - PluginManage : Loaded plugins [17]
2023-11-28 16:21:18,987 [INFO] PinOutPanel:1499 - setPackage(No Configuration,No Configuration)
2023-11-28 16:21:19,270 [INFO] CADModel:165 - CPN selected for project level
2023-11-28 16:21:19,271 [INFO] CADModel:114 - Register for checkConnection events
2023-11-28 16:21:19,317 [INFO] IPUIPlugin:80 - create IPUIPlugin
2023-11-28 16:21:19,318 [INFO] PluginManager:220 - loadIPPluginJar : add adc
2023-11-28 16:21:19,327 [INFO] IPUIPlugin:80 - create IPUIPlugin
2023-11-28 16:21:19,328 [INFO] PluginManager:220 - loadIPPluginJar : add aes
2023-11-28 16:21:19,336 [INFO] IPUIPlugin:80 - create IPUIPlugin
2023-11-28 16:21:19,337 [INFO] PluginManager:220 - loadIPPluginJar : add can
2023-11-28 16:21:19,341 [INFO] IPUIPlugin:80 - create IPUIPlugin
2023-11-28 16:21:19,342 [INFO] PluginManager:220 - loadIPPluginJar : add comp
2023-11-28 16:21:19,347 [INFO] IPUIPlugin:80 - create IPUIPlugin
2023-11-28 16:21:19,347 [INFO] PluginManager:220 - loadIPPluginJar : add cryp
2023-11-28 16:21:19,353 [INFO] IPUIPlugin:80 - create IPUIPlugin
2023-11-28 16:21:19,354 [INFO] PluginManager:220 - loadIPPluginJar : add dfsdm
2023-11-28 16:21:19,365 [INFO] IPUIPlugin:80 - create IPUIPlugin
2023-11-28 16:21:19,365 [INFO] PluginManager:220 - loadIPPluginJar : add dma
2023-11-28 16:21:19,371 [INFO] IPUIPlugin:80 - create IPUIPlugin
2023-11-28 16:21:19,372 [INFO] PluginManager:220 - loadIPPluginJar : add dma3
2023-11-28 16:21:19,376 [INFO] IPUIPlugin:80 - create IPUIPlugin
2023-11-28 16:21:19,376 [INFO] PluginManager:220 - loadIPPluginJar : add fatfs
2023-11-28 16:21:19,385 [INFO] IPUIPlugin:80 - create IPUIPlugin
2023-11-28 16:21:19,385 [INFO] PluginManager:220 - loadIPPluginJar : add fmc
2023-11-28 16:21:19,395 [INFO] IPUIPlugin:80 - create IPUIPlugin
2023-11-28 16:21:19,396 [INFO] PluginManager:220 - loadIPPluginJar : add freertos
2023-11-28 16:21:19,398 [INFO] IPUIPlugin:80 - create IPUIPlugin
2023-11-28 16:21:19,398 [INFO] PluginManager:220 - loadIPPluginJar : add genericplugin
2023-11-28 16:21:19,402 [INFO] IPUIPlugin:80 - create IPUIPlugin
2023-11-28 16:21:19,402 [INFO] PluginManager:220 - loadIPPluginJar : add gfxmmu
2023-11-28 16:21:19,411 [INFO] IPUIPlugin:80 - create IPUIPlugin
2023-11-28 16:21:19,412 [INFO] PluginManager:220 - loadIPPluginJar : add gic
2023-11-28 16:21:19,419 [INFO] IPUIPlugin:80 - create IPUIPlugin
2023-11-28 16:21:19,419 [INFO] PluginManager:220 - loadIPPluginJar : add gpio
2023-11-28 16:21:19,424 [INFO] IPUIPlugin:80 - create IPUIPlugin
2023-11-28 16:21:19,424 [INFO] PluginManager:220 - loadIPPluginJar : add gtzc
2023-11-28 16:21:19,428 [INFO] IPUIPlugin:80 - create IPUIPlugin
2023-11-28 16:21:19,428 [INFO] PluginManager:220 - loadIPPluginJar : add hash
2023-11-28 16:21:19,432 [INFO] IPUIPlugin:80 - create IPUIPlugin
2023-11-28 16:21:19,432 [INFO] PluginManager:220 - loadIPPluginJar : add i2c
2023-11-28 16:21:19,438 [INFO] IPUIPlugin:80 - create IPUIPlugin
2023-11-28 16:21:19,438 [INFO] PluginManager:220 - loadIPPluginJar : add i2s
2023-11-28 16:21:19,442 [INFO] IPUIPlugin:80 - create IPUIPlugin
2023-11-28 16:21:19,442 [INFO] PluginManager:220 - loadIPPluginJar : add i3c
2023-11-28 16:21:19,447 [INFO] IPUIPlugin:80 - create IPUIPlugin
2023-11-28 16:21:19,447 [INFO] PluginManager:220 - loadIPPluginJar : add ipddr
2023-11-28 16:21:19,462 [INFO] IPUIPlugin:80 - create IPUIPlugin
2023-11-28 16:21:19,463 [INFO] PluginManager:220 - loadIPPluginJar : add linkedlist
2023-11-28 16:21:19,468 [INFO] IPUIPlugin:80 - create IPUIPlugin
2023-11-28 16:21:19,469 [INFO] PluginManager:220 - loadIPPluginJar : add lorawan
2023-11-28 16:21:19,472 [INFO] IPUIPlugin:80 - create IPUIPlugin
2023-11-28 16:21:19,473 [INFO] PluginManager:220 - loadIPPluginJar : add ltdc
2023-11-28 16:21:19,483 [INFO] IPUIPlugin:80 - create IPUIPlugin
2023-11-28 16:21:19,484 [INFO] PluginManager:220 - loadIPPluginJar : add mdma
2023-11-28 16:21:19,492 [INFO] IPUIPlugin:80 - create IPUIPlugin
2023-11-28 16:21:19,492 [INFO] PluginManager:220 - loadIPPluginJar : add nvic
2023-11-28 16:21:19,497 [INFO] IPUIPlugin:80 - create IPUIPlugin
2023-11-28 16:21:19,497 [INFO] PluginManager:220 - loadIPPluginJar : add opamp
2023-11-28 16:21:19,503 [INFO] IPUIPlugin:80 - create IPUIPlugin
2023-11-28 16:21:19,503 [INFO] PluginManager:220 - loadIPPluginJar : add openamp
2023-11-28 16:21:19,508 [INFO] IPUIPlugin:80 - create IPUIPlugin
2023-11-28 16:21:19,508 [INFO] PluginManager:220 - loadIPPluginJar : add pdm2pcm
2023-11-28 16:21:19,518 [INFO] IPUIPlugin:80 - create IPUIPlugin
2023-11-28 16:21:19,523 [INFO] PluginManager:220 - loadIPPluginJar : add plateformsettings
2023-11-28 16:21:19,526 [INFO] IPUIPlugin:80 - create IPUIPlugin
2023-11-28 16:21:19,526 [INFO] PluginManager:220 - loadIPPluginJar : add quadspi
2023-11-28 16:21:19,532 [INFO] IPUIPlugin:80 - create IPUIPlugin
2023-11-28 16:21:19,533 [INFO] PluginManager:220 - loadIPPluginJar : add resmgrutility
2023-11-28 16:21:19,541 [INFO] IPUIPlugin:80 - create IPUIPlugin
2023-11-28 16:21:19,541 [INFO] PluginManager:220 - loadIPPluginJar : add sai
2023-11-28 16:21:19,544 [INFO] IPUIPlugin:80 - create IPUIPlugin
2023-11-28 16:21:19,544 [INFO] PluginManager:220 - loadIPPluginJar : add spi
2023-11-28 16:21:19,555 [INFO] IPUIPlugin:80 - create IPUIPlugin
2023-11-28 16:21:19,556 [INFO] PluginManager:220 - loadIPPluginJar : add stm32_wpan
2023-11-28 16:21:19,558 [INFO] IPUIPlugin:80 - create IPUIPlugin
2023-11-28 16:21:19,558 [INFO] PluginManager:220 - loadIPPluginJar : add tim
2023-11-28 16:21:19,564 [INFO] IPUIPlugin:80 - create IPUIPlugin
2023-11-28 16:21:19,564 [INFO] PluginManager:220 - loadIPPluginJar : add touchsensing
2023-11-28 16:21:19,569 [INFO] IPUIPlugin:80 - create IPUIPlugin
2023-11-28 16:21:19,569 [INFO] PluginManager:220 - loadIPPluginJar : add tracer_emb
2023-11-28 16:21:19,573 [INFO] IPUIPlugin:80 - create IPUIPlugin
2023-11-28 16:21:19,573 [INFO] PluginManager:220 - loadIPPluginJar : add ts
2023-11-28 16:21:19,577 [INFO] IPUIPlugin:80 - create IPUIPlugin
2023-11-28 16:21:19,577 [INFO] PluginManager:220 - loadIPPluginJar : add tsc
2023-11-28 16:21:19,583 [INFO] IPUIPlugin:80 - create IPUIPlugin
2023-11-28 16:21:19,583 [INFO] PluginManager:220 - loadIPPluginJar : add ucpd
2023-11-28 16:21:19,587 [INFO] IPUIPlugin:80 - create IPUIPlugin
2023-11-28 16:21:19,587 [INFO] PluginManager:220 - loadIPPluginJar : add usart
2023-11-28 16:21:19,593 [INFO] IPUIPlugin:80 - create IPUIPlugin
2023-11-28 16:21:19,593 [INFO] PluginManager:220 - loadIPPluginJar : add usbx
2023-11-28 16:21:19,789 [INFO] CADModel:165 - CPN selected for project level
2023-11-28 16:21:19,790 [INFO] CADModel:114 - Register for checkConnection events
2023-11-28 16:21:19,790 [FATAL] Updater:308 - Updater called before beeing initialized
2023-11-28 16:21:19,791 [ERROR] CADModel:125 - Updater not yet initialized, retry later 
2023-11-28 16:21:20,138 [INFO] CADModel:165 - CPN selected for project level
2023-11-28 16:21:20,138 [INFO] CADModel:114 - Register for checkConnection events
2023-11-28 16:21:20,139 [FATAL] Updater:308 - Updater called before beeing initialized
2023-11-28 16:21:20,139 [ERROR] CADModel:125 - Updater not yet initialized, retry later 
2023-11-28 16:21:20,144 [FATAL] Updater:308 - Updater called before beeing initialized
2023-11-28 16:21:20,384 [FATAL] Updater:308 - Updater called before beeing initialized
2023-11-28 16:21:20,399 [INFO] DbMcusAds:53 - JSON generation date=Tue Mar 07 16:50:55 CST 2023 (1678179055335)
2023-11-28 16:21:20,399 [FATAL] Updater:308 - Updater called before beeing initialized
2023-11-28 16:21:21,315 [WARN] DetailPanel:346 - Failed to get advertising image, set to default
2023-11-28 16:21:21,399 [INFO] ThirdPartyUpdaterWithRetryManager:70 - Updater plugin not ready yet. [2/15]
2023-11-28 16:21:21,593 [FATAL] Updater:308 - Updater called before beeing initialized
2023-11-28 16:21:21,596 [FATAL] Updater:308 - Updater called before beeing initialized
2023-11-28 16:21:21,597 [FATAL] Updater:308 - Updater called before beeing initialized
2023-11-28 16:21:21,597 [WARN] DetailPanel:346 - Failed to get advertising image, set to default
2023-11-28 16:21:21,599 [FATAL] Updater:308 - Updater called before beeing initialized
2023-11-28 16:21:21,720 [ERROR] Updater:1120 - MainUpdater not yet initialized. External WinMGr cannot be set.
2023-11-28 16:21:21,726 [INFO] Updater:1056 - Updater Version found : 6.9.2
2023-11-28 16:21:21,765 [INFO] ApplicationProperties:184 - Using Application install path: D:\software\STM32CubeIDE_1.13.2\STM32CubeIDE\plugins\com.st.stm32cube.common.mx_6.9.2.202309101412
2023-11-28 16:21:24,399 [FATAL] Updater:308 - Updater called before beeing initialized
2023-11-28 16:21:24,400 [ERROR] IntegrityCheckThread:130 - Cannot retrieve database content from updater: error 21
2023-11-28 16:21:24,401 [INFO] ThirdParty:978 - Integrity check success = false
2023-11-28 16:21:24,401 [INFO] IntegrityCheckThread:100 - exiting critical section [integrity check]
2023-11-28 16:21:24,401 [INFO] IntegrityCheckThread:103 - End integrity checks thread
2023-11-28 16:21:24,632 [WARN] ServerAccessManage:1168 - Warning during Server Connection :  timeout Read timed out
2023-11-28 16:21:26,643 [WARN] ServerAccessManage:1168 - Warning during Server Connection :  timeout Connect timed out
2023-11-28 16:21:26,655 [INFO] MainUpdater:2868 - connection check result : 22
2023-11-28 16:21:26,657 [INFO] MainUpdater:285 - Updater Check For Update Now.
2023-11-28 16:21:26,658 [INFO] MicroXplorer:498 - Change Database Version : DB.6.0.92
2023-11-28 16:21:26,682 [INFO] McuFinderGlobals:63 - Set McuFinder mode to 2 (CubeIDE integrated)
2023-11-28 16:21:27,127 [INFO] CheckServerUpdateThread:120 - End of CheckServer Thread
2023-11-28 16:21:50,102 [ERROR] LogOutputStream:75 - [STDERR_REDIRECT] SLF4J: Failed to load class "org.slf4j.impl.StaticLoggerBinder".
2023-11-28 16:21:50,103 [ERROR] LogOutputStream:75 - [STDERR_REDIRECT] SLF4J: Defaulting to no-operation (NOP) logger implementation
2023-11-28 16:21:50,107 [ERROR] LogOutputStream:75 - [STDERR_REDIRECT] SLF4J: See http://www.slf4j.org/codes.html#StaticLoggerBinder for further details.
2023-11-28 16:25:24,555 [INFO] McuFinderGlobals:63 - Set McuFinder mode to 2 (CubeIDE integrated)
2023-11-28 16:25:25,569 [WARN] ServerAccessManage:1168 - Warning during Server Connection :  timeout Connect timed out
2023-11-28 16:25:26,573 [WARN] ServerAccessManage:1168 - Warning during Server Connection :  timeout Connect timed out
2023-11-28 16:25:26,575 [INFO] MainUpdater:2868 - connection check result : 22
2023-11-28 16:25:32,526 [INFO] ApiDb:581 - Connected to CubeFinder SQLite database (C:\Users\lenovo\.stmcufinder\plugins\mcufinder\mcu\cube-finder-db.db)
2023-11-28 16:25:32,579 [INFO] ApiDb:668 - CubeFinder database Data Model version=2.1
2023-11-28 16:25:32,579 [INFO] ApiDb:669 - CubeFinder database Configuration version=3.0.37
2023-11-28 16:25:32,579 [INFO] ApiDb:670 - CubeFinder database generation date=2023-10-13 (1697197505)
2023-11-28 16:25:32,580 [INFO] ApiDb:671 - CubeFinder database FW Pack versions=[FP-ATR-ASTRA1_V2.0.0, FP-SNS-FLIGHT1_V5.0.1, FP-SNS-FLIGHT1_V5.0.2, FP-SNS-MOTENV1_V4.3.1, FP-SNS-MOTENV1_V4.3.2, FP-SNS-SMARTAG2_V1.2.0, I-CUBE-ITTIADB_V8.6.3-1, STM32Cube_FW_C0_V1.1.0, STM32Cube_FW_F4_V1.27.1, STM32Cube_FW_F7_V1.17.0, STM32Cube_FW_G0_V1.6.1, STM32Cube_FW_G4_V1.5.1, STM32Cube_FW_H5_V0.5.1, STM32Cube_FW_H5_V1.1.1, STM32Cube_FW_H7_V1.11.0, STM32Cube_FW_L0_V1.12.2, STM32Cube_FW_L5_V1.5.0, STM32Cube_FW_U5_V1.3.0, STM32Cube_FW_U5_V1.3.0RC4, STM32Cube_FW_WBA_V1.0.0RC1, STM32Cube_FW_WBA_V1.1.0RC1, STM32Cube_FW_WBA_V1.1.1, STM32Cube_FW_WB_V1.15.0RC1, STM32Cube_FW_WB_V1.16.0, STM32Cube_FW_WB_V1.16.0RC2, STM32Cube_FW_WB_V1.17.3, STM32Cube_FW_WL_V1.3.0, X-CUBE-ALGOBUILD_V1.3.0, X-CUBE-ALS_V1.0.1, X-CUBE-AZRTOS-F4_V1.1.0, X-CUBE-AZRTOS-F7_V1.1.0, X-CUBE-AZRTOS-G0_V1.1.0, X-CUBE-AZRTOS-G4_V2.0.0, X-CUBE-AZRTOS-H7_V3.1.0, X-CUBE-AZRTOS-L4_V1.0.0, X-CUBE-AZRTOS-L4_V2.0.0, X-CUBE-AZRTOS-L5_V1.1.0, X-CUBE-AZRTOS-WB_V2.0.0, X-CUBE-AZRTOS-WL_V2.0.0, X-CUBE-BLE1_V7.0.0, X-CUBE-BLE2_V3.3.0, X-CUBE-BLEMGR_V2.0.0, X-CUBE-EEPRMA1_V4.1.0, X-CUBE-FREERTOS_V1.1.0, X-CUBE-GNSS1_V6.0.0, X-CUBE-MEMS1_V10.0.0, X-CUBE-MEMS1_V9.1.0, X-CUBE-MEMS1_V9.4.0, X-CUBE-MEMS1_V9.6.0, X-CUBE-NFC4_V3.0.0, X-CUBE-NFC7_V1.0.1, X-CUBE-SFXS2LP1_V4.0.0, X-CUBE-SUBG2_V5.0.0, X-CUBE-TOF1_V3.3.1]
2023-11-28 16:25:32,737 [INFO] DbBoardsSqlite:226 - include board P-NUCLEO-WB55-NUCLEO as a kit item of type 'Nucleo-64'
2023-11-28 16:25:32,737 [INFO] DbBoardsSqlite:226 - include board P-NUCLEO-WB55-USBDONGLE as a kit item of type 'Nucleo USB Dongle'
2023-11-28 16:25:32,739 [INFO] DbBoardsSqlite:226 - include board STEVAL-IDP005V1 as a kit item of type 'Evaluation Board'
2023-11-28 16:25:32,739 [INFO] DbBoardsSqlite:226 - include board STEVAL-IDP005V2 as a kit item of type 'Evaluation Board'
2023-11-28 16:25:32,952 [INFO] ApiDb:240 - Found 323 in-development CPN: [B-G473E-ZEST1S, B-WB1M-WPAN1, B-WL5M-SUBG1, NUCLEO-C031C6, NUCLEO-H503RB, NUCLEO-H563ZI, NUCLEO-U545RE-Q, NUCLEO-U5A5ZJ-Q, NUCLEO-WBA52CG, STEVAL-PROTEUS1, STEVAL-SMARTAG2, STEVAL-STWINBX1, STM320518-EVAL, STM32C0116-DK, STM32C011D6Y3TR, STM32C011D6Y6TR, STM32C011F4P3, STM32C011F4P6, STM32C011F4U3, STM32C011F4U6TR, STM32C011F6P3, STM32C011F6P6, STM32C011F6U3, STM32C011F6U6TR, STM32C011J4M3, STM32C011J4M6, STM32C011J6M3, STM32C011J6M6, STM32C0316-DK, STM32C031C4T3, STM32C031C4T6, STM32C031C4U3, STM32C031C4U6, STM32C031C6T3, STM32C031C6T6, STM32C031C6U3, STM32C031C6U6, STM32C031F4P3, STM32C031F4P6, STM32C031F6P3, STM32C031F6P6, STM32C031G4U3, STM32C031G4U6, STM32C031G6U3, STM32C031G6U6, STM32C031K4T3, STM32C031K4T6, STM32C031K4U3, STM32C031K4U6, STM32C031K6T3, STM32C031K6T6, STM32C031K6U3, STM32C031K6U6, STM32G071K8TXN, STM32G071K8UXN, STM32G081GBU6N, STM32G081KBT6N, STM32G081KBUXN, STM32G0B1CCT6N, STM32G0B1KCT6, STM32G0B1NEY6TR, STM32G0B1RCT6N, STM32G0C1CCT6, STM32G0C1CCT6N, STM32G0C1CCU6N, STM32G0C1CET6N, STM32G0C1CEU6N, STM32G0C1KCT6, STM32G0C1NEY6TR, STM32G0C1RCI6N, STM32G0C1RCT6N, STM32G0C1REI6N, STM32G0C1RET6N, STM32G0C1VCI6, STM32G0C1VEI6, STM32G471CCT6, STM32G471CCU6, STM32G471CET3, STM32G471CET6, STM32G471CEU3, STM32G471CEU6, STM32G471MCT6, STM32G471MET3, STM32G471MET6, STM32G471MEY6TR, STM32G471QCT6, STM32G471QET3, STM32G471RCT6, STM32G471RET3, STM32G471RET6, STM32G471VCH6, STM32G471VCI6, STM32G471VCT6, STM32G471VEH3, STM32G471VEH6, STM32G471VEI3, STM32G471VEI6, STM32G471VET3, STM32G471VET6, STM32G474CCT6, STM32H503CBT6, STM32H503CBU6, STM32H503EBY6TR, STM32H503KBU6, STM32H503RBT6, STM32H562AGI6, STM32H562AII6, STM32H562IGK6, STM32H562IGT6, STM32H562IIK6, STM32H562IIT6, STM32H562RGT6, STM32H562RGV6, STM32H562RIT6, STM32H562RIV6, STM32H562VGT6, STM32H562VIT6, STM32H562ZGT6, STM32H562ZIT6, STM32H563AGI6, STM32H563AII3Q, STM32H563AII6, STM32H563IGK6, STM32H563IGT6, STM32H563IIK3Q, STM32H563IIK6, STM32H563IIT3Q, STM32H563IIT6, STM32H563MIY3QTR, STM32H563RGT6, STM32H563RGV6, STM32H563RIT6, STM32H563RIV6, STM32H563VGT6, STM32H563VIT3Q, STM32H563VIT6, STM32H563ZGT6, STM32H563ZIT3Q, STM32H563ZIT6, STM32H573AII3Q, STM32H573AII6, STM32H573I-DK, STM32H573IIK3Q, STM32H573IIK6, STM32H573IIT3Q, STM32H573IIT6, STM32H573MIY3QTR, STM32H573RIT6, STM32H573RIV6, STM32H573VIT3Q, STM32H573VIT6, STM32H573ZIT3Q, STM32H573ZIT6, STM32L4R5QGI6STR, STM32MP131AAE3, STM32MP131AAF3, STM32MP131AAG3, STM32MP131CAE3, STM32MP131CAF3, STM32MP131CAG3, STM32MP131DAE7, STM32MP131DAF7, STM32MP131DAG7, STM32MP131FAE7, STM32MP131FAF7, STM32MP131FAG7, STM32MP133AAE3, STM32MP133AAF3, STM32MP133AAG3, STM32MP133CAE3, STM32MP133CAF3, STM32MP133CAG3, STM32MP133DAE7, STM32MP133DAF7, STM32MP133DAG7, STM32MP133FAE7, STM32MP133FAF7, STM32MP133FAG7, STM32MP135AAE3, STM32MP135AAF3, STM32MP135AAG3, STM32MP135CAE3, STM32MP135CAF3, STM32MP135CAG3, STM32MP135DAE7, STM32MP135DAF7, STM32MP135DAG7, STM32MP135F-DK, STM32MP135FAE7, STM32MP135FAF7, STM32MP135FAF7T, STM32MP135FAF7U, STM32MP135FAG7, STM32U535CBT6, STM32U535CBT6Q, STM32U535CBU6, STM32U535CBU6Q, STM32U535CCT6, STM32U535CCT6Q, STM32U535CCU6, STM32U535CCU6Q, STM32U535CET6, STM32U535CET6Q, STM32U535CEU6, STM32U535CEU6Q, STM32U535JEY6QTR, STM32U535NCY6QTR, STM32U535NEY6QTR, STM32U535RBI6, STM32U535RBI6Q, STM32U535RBT6, STM32U535RBT6Q, STM32U535RCI6, STM32U535RCI6Q, STM32U535RCT6, STM32U535RCT6Q, STM32U535REI6, STM32U535REI6Q, STM32U535RET6, STM32U535RET6Q, STM32U535VCI6, STM32U535VCI6Q, STM32U535VCT6, STM32U535VCT6Q, STM32U535VEI6, STM32U535VEI6Q, STM32U535VET6, STM32U535VET6Q, STM32U545CET6, STM32U545CET6Q, STM32U545CEU6, STM32U545CEU6Q, STM32U545JEY6QTR, STM32U545NEY6QTR, STM32U545REI6, STM32U545REI6Q, STM32U545RET6, STM32U545RET6Q, STM32U545VEI6, STM32U545VEI6Q, STM32U545VET6, STM32U545VET6Q, STM32U595AIH6, STM32U595AIH6Q, STM32U595AJH6, STM32U595AJH6Q, STM32U595QII6, STM32U595QII6Q, STM32U595QJI6, STM32U595QJI6Q, STM32U595RIT6, STM32U595RIT6Q, STM32U595RJT6, STM32U595RJT6Q, STM32U595VIT6, STM32U595VIT6Q, STM32U595VJT6, STM32U595VJT6Q, STM32U595ZIT6, STM32U595ZIT6Q, STM32U595ZIY6QTR, STM32U595ZJT6, STM32U595ZJT6Q, STM32U595ZJY6QTR, STM32U599BJY6QTR, STM32U599NIH6Q, STM32U599NJH6Q, STM32U599VIT6Q, STM32U599VJT6, STM32U599VJT6Q, STM32U599ZIT6Q, STM32U599ZIY6QTR, STM32U599ZJT6Q, STM32U599ZJY6QTR, STM32U5A5AJH6, STM32U5A5AJH6Q, STM32U5A5QJI6, STM32U5A5QJI6Q, STM32U5A5RJT6, STM32U5A5RJT6Q, STM32U5A5VJT6, STM32U5A5VJT6Q, STM32U5A5ZJT6, STM32U5A5ZJT6Q, STM32U5A5ZJY6QTR, STM32U5A9BJY6QTR, STM32U5A9J-DK, STM32U5A9NJH6Q, STM32U5A9VJT6Q, STM32U5A9ZJT6Q, STM32U5A9ZJY6QTR, STM32U5F7VIT6, STM32U5F7VIT6Q, STM32U5F7VJT6, STM32U5F7VJT6Q, STM32U5F9BJY6QTR, STM32U5F9NJH6Q, STM32U5F9VIT6Q, STM32U5F9VJT6Q, STM32U5F9ZIJ6QTR, STM32U5F9ZIT6Q, STM32U5F9ZJJ6QTR, STM32U5F9ZJT6Q, STM32U5G7VJT6, STM32U5G7VJT6Q, STM32U5G9BJY6QTR, STM32U5G9J-DK1, STM32U5G9J-DK2, STM32U5G9NJH6Q, STM32U5G9VJT6Q, STM32U5G9ZJJ6QTR, STM32U5G9ZJT6Q, STM32WB1MMCH6, STM32WBA52CEU6, STM32WBA52CEU6T, STM32WBA52CGU6, STM32WBA52CGU6T, STM32WBA52KEU6, STM32WBA52KEU6T, STM32WBA52KGU6, STM32WBA52KGU6T, STM32WL5MOCH6, STM32WL5MOCH6TR]
2023-11-28 16:25:33,054 [INFO] BoardInfo:880 - No configuration file found for board P-NUCLEO-WB55
2023-11-28 16:25:33,054 [INFO] DbBoards:157 - Kit is not supported: P-NUCLEO-WB55
2023-11-28 16:25:33,057 [INFO] BoardInfo:880 - No configuration file found for board STEVAL-BFA001V1B
2023-11-28 16:25:33,057 [INFO] DbBoards:157 - Kit is not supported: STEVAL-BFA001V1B
2023-11-28 16:25:33,058 [INFO] BoardInfo:880 - No configuration file found for board STEVAL-BFA001V2B
2023-11-28 16:25:33,059 [INFO] DbBoards:157 - Kit is not supported: STEVAL-BFA001V2B
2023-11-28 16:25:33,129 [INFO] DbBoards:161 - Found 190 boards, 187 are supported
2023-11-28 16:25:33,132 [INFO] ApiDb:668 - CubeFinder database Data Model version=2.1
2023-11-28 16:25:33,132 [INFO] ApiDb:669 - CubeFinder database Configuration version=3.0.37
2023-11-28 16:25:33,133 [INFO] ApiDb:670 - CubeFinder database generation date=2023-10-13 (1697197505)
2023-11-28 16:25:33,133 [INFO] ApiDb:671 - CubeFinder database FW Pack versions=[FP-ATR-ASTRA1_V2.0.0, FP-SNS-FLIGHT1_V5.0.1, FP-SNS-FLIGHT1_V5.0.2, FP-SNS-MOTENV1_V4.3.1, FP-SNS-MOTENV1_V4.3.2, FP-SNS-SMARTAG2_V1.2.0, I-CUBE-ITTIADB_V8.6.3-1, STM32Cube_FW_C0_V1.1.0, STM32Cube_FW_F4_V1.27.1, STM32Cube_FW_F7_V1.17.0, STM32Cube_FW_G0_V1.6.1, STM32Cube_FW_G4_V1.5.1, STM32Cube_FW_H5_V0.5.1, STM32Cube_FW_H5_V1.1.1, STM32Cube_FW_H7_V1.11.0, STM32Cube_FW_L0_V1.12.2, STM32Cube_FW_L5_V1.5.0, STM32Cube_FW_U5_V1.3.0, STM32Cube_FW_U5_V1.3.0RC4, STM32Cube_FW_WBA_V1.0.0RC1, STM32Cube_FW_WBA_V1.1.0RC1, STM32Cube_FW_WBA_V1.1.1, STM32Cube_FW_WB_V1.15.0RC1, STM32Cube_FW_WB_V1.16.0, STM32Cube_FW_WB_V1.16.0RC2, STM32Cube_FW_WB_V1.17.3, STM32Cube_FW_WL_V1.3.0, X-CUBE-ALGOBUILD_V1.3.0, X-CUBE-ALS_V1.0.1, X-CUBE-AZRTOS-F4_V1.1.0, X-CUBE-AZRTOS-F7_V1.1.0, X-CUBE-AZRTOS-G0_V1.1.0, X-CUBE-AZRTOS-G4_V2.0.0, X-CUBE-AZRTOS-H7_V3.1.0, X-CUBE-AZRTOS-L4_V1.0.0, X-CUBE-AZRTOS-L4_V2.0.0, X-CUBE-AZRTOS-L5_V1.1.0, X-CUBE-AZRTOS-WB_V2.0.0, X-CUBE-AZRTOS-WL_V2.0.0, X-CUBE-BLE1_V7.0.0, X-CUBE-BLE2_V3.3.0, X-CUBE-BLEMGR_V2.0.0, X-CUBE-EEPRMA1_V4.1.0, X-CUBE-FREERTOS_V1.1.0, X-CUBE-GNSS1_V6.0.0, X-CUBE-MEMS1_V10.0.0, X-CUBE-MEMS1_V9.1.0, X-CUBE-MEMS1_V9.4.0, X-CUBE-MEMS1_V9.6.0, X-CUBE-NFC4_V3.0.0, X-CUBE-NFC7_V1.0.1, X-CUBE-SFXS2LP1_V4.0.0, X-CUBE-SUBG2_V5.0.0, X-CUBE-TOF1_V3.3.1]
2023-11-28 16:25:34,614 [INFO] ApiDb:240 - Found 323 in-development CPN: [B-G473E-ZEST1S, B-WB1M-WPAN1, B-WL5M-SUBG1, NUCLEO-C031C6, NUCLEO-H503RB, NUCLEO-H563ZI, NUCLEO-U545RE-Q, NUCLEO-U5A5ZJ-Q, NUCLEO-WBA52CG, STEVAL-PROTEUS1, STEVAL-SMARTAG2, STEVAL-STWINBX1, STM320518-EVAL, STM32C0116-DK, STM32C011D6Y3TR, STM32C011D6Y6TR, STM32C011F4P3, STM32C011F4P6, STM32C011F4U3, STM32C011F4U6TR, STM32C011F6P3, STM32C011F6P6, STM32C011F6U3, STM32C011F6U6TR, STM32C011J4M3, STM32C011J4M6, STM32C011J6M3, STM32C011J6M6, STM32C0316-DK, STM32C031C4T3, STM32C031C4T6, STM32C031C4U3, STM32C031C4U6, STM32C031C6T3, STM32C031C6T6, STM32C031C6U3, STM32C031C6U6, STM32C031F4P3, STM32C031F4P6, STM32C031F6P3, STM32C031F6P6, STM32C031G4U3, STM32C031G4U6, STM32C031G6U3, STM32C031G6U6, STM32C031K4T3, STM32C031K4T6, STM32C031K4U3, STM32C031K4U6, STM32C031K6T3, STM32C031K6T6, STM32C031K6U3, STM32C031K6U6, STM32G071K8TXN, STM32G071K8UXN, STM32G081GBU6N, STM32G081KBT6N, STM32G081KBUXN, STM32G0B1CCT6N, STM32G0B1KCT6, STM32G0B1NEY6TR, STM32G0B1RCT6N, STM32G0C1CCT6, STM32G0C1CCT6N, STM32G0C1CCU6N, STM32G0C1CET6N, STM32G0C1CEU6N, STM32G0C1KCT6, STM32G0C1NEY6TR, STM32G0C1RCI6N, STM32G0C1RCT6N, STM32G0C1REI6N, STM32G0C1RET6N, STM32G0C1VCI6, STM32G0C1VEI6, STM32G471CCT6, STM32G471CCU6, STM32G471CET3, STM32G471CET6, STM32G471CEU3, STM32G471CEU6, STM32G471MCT6, STM32G471MET3, STM32G471MET6, STM32G471MEY6TR, STM32G471QCT6, STM32G471QET3, STM32G471RCT6, STM32G471RET3, STM32G471RET6, STM32G471VCH6, STM32G471VCI6, STM32G471VCT6, STM32G471VEH3, STM32G471VEH6, STM32G471VEI3, STM32G471VEI6, STM32G471VET3, STM32G471VET6, STM32G474CCT6, STM32H503CBT6, STM32H503CBU6, STM32H503EBY6TR, STM32H503KBU6, STM32H503RBT6, STM32H562AGI6, STM32H562AII6, STM32H562IGK6, STM32H562IGT6, STM32H562IIK6, STM32H562IIT6, STM32H562RGT6, STM32H562RGV6, STM32H562RIT6, STM32H562RIV6, STM32H562VGT6, STM32H562VIT6, STM32H562ZGT6, STM32H562ZIT6, STM32H563AGI6, STM32H563AII3Q, STM32H563AII6, STM32H563IGK6, STM32H563IGT6, STM32H563IIK3Q, STM32H563IIK6, STM32H563IIT3Q, STM32H563IIT6, STM32H563MIY3QTR, STM32H563RGT6, STM32H563RGV6, STM32H563RIT6, STM32H563RIV6, STM32H563VGT6, STM32H563VIT3Q, STM32H563VIT6, STM32H563ZGT6, STM32H563ZIT3Q, STM32H563ZIT6, STM32H573AII3Q, STM32H573AII6, STM32H573I-DK, STM32H573IIK3Q, STM32H573IIK6, STM32H573IIT3Q, STM32H573IIT6, STM32H573MIY3QTR, STM32H573RIT6, STM32H573RIV6, STM32H573VIT3Q, STM32H573VIT6, STM32H573ZIT3Q, STM32H573ZIT6, STM32L4R5QGI6STR, STM32MP131AAE3, STM32MP131AAF3, STM32MP131AAG3, STM32MP131CAE3, STM32MP131CAF3, STM32MP131CAG3, STM32MP131DAE7, STM32MP131DAF7, STM32MP131DAG7, STM32MP131FAE7, STM32MP131FAF7, STM32MP131FAG7, STM32MP133AAE3, STM32MP133AAF3, STM32MP133AAG3, STM32MP133CAE3, STM32MP133CAF3, STM32MP133CAG3, STM32MP133DAE7, STM32MP133DAF7, STM32MP133DAG7, STM32MP133FAE7, STM32MP133FAF7, STM32MP133FAG7, STM32MP135AAE3, STM32MP135AAF3, STM32MP135AAG3, STM32MP135CAE3, STM32MP135CAF3, STM32MP135CAG3, STM32MP135DAE7, STM32MP135DAF7, STM32MP135DAG7, STM32MP135F-DK, STM32MP135FAE7, STM32MP135FAF7, STM32MP135FAF7T, STM32MP135FAF7U, STM32MP135FAG7, STM32U535CBT6, STM32U535CBT6Q, STM32U535CBU6, STM32U535CBU6Q, STM32U535CCT6, STM32U535CCT6Q, STM32U535CCU6, STM32U535CCU6Q, STM32U535CET6, STM32U535CET6Q, STM32U535CEU6, STM32U535CEU6Q, STM32U535JEY6QTR, STM32U535NCY6QTR, STM32U535NEY6QTR, STM32U535RBI6, STM32U535RBI6Q, STM32U535RBT6, STM32U535RBT6Q, STM32U535RCI6, STM32U535RCI6Q, STM32U535RCT6, STM32U535RCT6Q, STM32U535REI6, STM32U535REI6Q, STM32U535RET6, STM32U535RET6Q, STM32U535VCI6, STM32U535VCI6Q, STM32U535VCT6, STM32U535VCT6Q, STM32U535VEI6, STM32U535VEI6Q, STM32U535VET6, STM32U535VET6Q, STM32U545CET6, STM32U545CET6Q, STM32U545CEU6, STM32U545CEU6Q, STM32U545JEY6QTR, STM32U545NEY6QTR, STM32U545REI6, STM32U545REI6Q, STM32U545RET6, STM32U545RET6Q, STM32U545VEI6, STM32U545VEI6Q, STM32U545VET6, STM32U545VET6Q, STM32U595AIH6, STM32U595AIH6Q, STM32U595AJH6, STM32U595AJH6Q, STM32U595QII6, STM32U595QII6Q, STM32U595QJI6, STM32U595QJI6Q, STM32U595RIT6, STM32U595RIT6Q, STM32U595RJT6, STM32U595RJT6Q, STM32U595VIT6, STM32U595VIT6Q, STM32U595VJT6, STM32U595VJT6Q, STM32U595ZIT6, STM32U595ZIT6Q, STM32U595ZIY6QTR, STM32U595ZJT6, STM32U595ZJT6Q, STM32U595ZJY6QTR, STM32U599BJY6QTR, STM32U599NIH6Q, STM32U599NJH6Q, STM32U599VIT6Q, STM32U599VJT6, STM32U599VJT6Q, STM32U599ZIT6Q, STM32U599ZIY6QTR, STM32U599ZJT6Q, STM32U599ZJY6QTR, STM32U5A5AJH6, STM32U5A5AJH6Q, STM32U5A5QJI6, STM32U5A5QJI6Q, STM32U5A5RJT6, STM32U5A5RJT6Q, STM32U5A5VJT6, STM32U5A5VJT6Q, STM32U5A5ZJT6, STM32U5A5ZJT6Q, STM32U5A5ZJY6QTR, STM32U5A9BJY6QTR, STM32U5A9J-DK, STM32U5A9NJH6Q, STM32U5A9VJT6Q, STM32U5A9ZJT6Q, STM32U5A9ZJY6QTR, STM32U5F7VIT6, STM32U5F7VIT6Q, STM32U5F7VJT6, STM32U5F7VJT6Q, STM32U5F9BJY6QTR, STM32U5F9NJH6Q, STM32U5F9VIT6Q, STM32U5F9VJT6Q, STM32U5F9ZIJ6QTR, STM32U5F9ZIT6Q, STM32U5F9ZJJ6QTR, STM32U5F9ZJT6Q, STM32U5G7VJT6, STM32U5G7VJT6Q, STM32U5G9BJY6QTR, STM32U5G9J-DK1, STM32U5G9J-DK2, STM32U5G9NJH6Q, STM32U5G9VJT6Q, STM32U5G9ZJJ6QTR, STM32U5G9ZJT6Q, STM32WB1MMCH6, STM32WBA52CEU6, STM32WBA52CEU6T, STM32WBA52CGU6, STM32WBA52CGU6T, STM32WBA52KEU6, STM32WBA52KEU6T, STM32WBA52KGU6, STM32WBA52KGU6T, STM32WL5MOCH6, STM32WL5MOCH6TR]
2023-11-28 16:25:34,618 [INFO] DbMcus:217 - Found 3848 MCUs, 3848 are supported
2023-11-28 16:25:34,619 [INFO] ApiDb:423 - Load user favorites file C:\Users\lenovo/.stm32cubeide/favorites.mcus.txt: 1 item(s)
2023-11-28 16:25:34,620 [INFO] ApiDb:427 - User favorites MCUs=[STM32F103RCT6]
2023-11-28 16:25:34,620 [INFO] DbMcus:223 - Set 1 / 1 favorites MCUs
2023-11-28 16:25:34,805 [INFO] ApiDb:414 - User favorites file not found: C:\Users\lenovo/.stm32cubeide/favorites.boards.txt
2023-11-28 16:25:34,805 [INFO] DbBoards:190 - Set 0 / 0 favorites Boards
2023-11-28 16:25:34,806 [INFO] McuFinderGlobals:76 - Set McuFinderConnectedMode to false
2023-11-28 16:25:34,821 [INFO] MultiScanPanel:200 - Auto-refresh data requested => check proxy status ongoing
2023-11-28 16:25:34,821 [INFO] MultiScanPanel:204 - Proxy status is invalid
2023-11-28 16:25:34,823 [INFO] FinderPluginLoader:95 - Searching for filters in installed packs
2023-11-28 16:25:35,971 [INFO] DetailPanel:341 - Set advertising image to C:/Users/lenovo/STM32Cube/Repository/\en.prom-stm32h5-mcu-finder.jpg
2023-11-28 16:25:38,896 [INFO] McuFinderGlobals:76 - Set McuFinderConnectedMode to true
2023-11-28 16:25:46,968 [ERROR] AdobePublisher:162 - Exception while opening the connection: java.net.SocketTimeoutException: Read timed out
2023-11-28 16:25:48,291 [INFO] ApiDb:448 - Save user favorites file C:\Users\lenovo/.stm32cubeide/favorites.mcus.txt: 1 item(s)
2023-11-28 16:25:48,292 [INFO] ApiDb:452 - User favorites MCUs=[STM32F103RCT6]
2023-11-28 16:25:48,717 [ERROR] LogOutputStream:75 - [STDERR_REDIRECT] Exception in thread "AWT-EventQueue-0" java.lang.NullPointerException: Cannot invoke "com.st.stm32cube.common.mx.targetselector.IdeMcuFinder.cleanUp(boolean)" because "this.this$0.mcuFinder" is null
2023-11-28 16:25:48,722 [ERROR] LogOutputStream:75 - [STDERR_REDIRECT] 	at com.st.stm32cube.common.mx.targetselector.TargetSelectorAdapter$7.run(TargetSelectorAdapter.java:353)
2023-11-28 16:25:48,725 [ERROR] LogOutputStream:75 - [STDERR_REDIRECT] 	at com.st.stm32cube.common.mx.oss.core.awtswtbridge.AwtEnvironment$2.run(AwtEnvironment.java:166)
2023-11-28 16:25:48,727 [ERROR] LogOutputStream:75 - [STDERR_REDIRECT] 	at java.desktop/java.awt.event.InvocationEvent.dispatch(InvocationEvent.java:318)
2023-11-28 16:25:48,729 [ERROR] LogOutputStream:75 - [STDERR_REDIRECT] 	at java.desktop/java.awt.EventQueue.dispatchEventImpl(EventQueue.java:771)
2023-11-28 16:25:48,731 [ERROR] LogOutputStream:75 - [STDERR_REDIRECT] 	at java.desktop/java.awt.EventQueue$4.run(EventQueue.java:722)
2023-11-28 16:25:48,733 [ERROR] LogOutputStream:75 - [STDERR_REDIRECT] 	at java.desktop/java.awt.EventQueue$4.run(EventQueue.java:716)
2023-11-28 16:25:48,735 [ERROR] LogOutputStream:75 - [STDERR_REDIRECT] 	at java.base/java.security.AccessController.doPrivileged(AccessController.java:399)
2023-11-28 16:25:48,738 [ERROR] LogOutputStream:75 - [STDERR_REDIRECT] 	at java.base/java.security.ProtectionDomain$JavaSecurityAccessImpl.doIntersectionPrivilege(ProtectionDomain.java:86)
2023-11-28 16:25:48,740 [ERROR] LogOutputStream:75 - [STDERR_REDIRECT] 	at java.desktop/java.awt.EventQueue.dispatchEvent(EventQueue.java:741)
2023-11-28 16:25:48,743 [ERROR] LogOutputStream:75 - [STDERR_REDIRECT] 	at java.desktop/java.awt.EventDispatchThread.pumpOneEventForFilters(EventDispatchThread.java:203)
2023-11-28 16:25:48,747 [ERROR] LogOutputStream:75 - [STDERR_REDIRECT] 	at java.desktop/java.awt.EventDispatchThread.pumpEventsForFilter(EventDispatchThread.java:124)
2023-11-28 16:25:48,750 [ERROR] LogOutputStream:75 - [STDERR_REDIRECT] 	at java.desktop/java.awt.EventDispatchThread.pumpEventsForHierarchy(EventDispatchThread.java:113)
2023-11-28 16:25:48,752 [ERROR] LogOutputStream:75 - [STDERR_REDIRECT] 	at java.desktop/java.awt.EventDispatchThread.pumpEvents(EventDispatchThread.java:109)
2023-11-28 16:25:48,754 [ERROR] LogOutputStream:75 - [STDERR_REDIRECT] 	at java.desktop/java.awt.EventDispatchThread.pumpEvents(EventDispatchThread.java:101)
2023-11-28 16:25:48,756 [ERROR] LogOutputStream:75 - [STDERR_REDIRECT] 	at java.desktop/java.awt.EventDispatchThread.run(EventDispatchThread.java:90)
2023-11-28 16:28:08,869 [WARN] ServerAccessManage:1168 - Warning during Server Connection :  timeout Read timed out
2023-11-28 16:28:09,871 [WARN] ServerAccessManage:1168 - Warning during Server Connection :  timeout Connect timed out
2023-11-28 16:28:09,876 [INFO] MainUpdater:2868 - connection check result : 22
2023-11-28 16:28:15,709 [INFO] McuFinderGlobals:76 - Set McuFinderConnectedMode to false
2023-11-28 16:28:15,711 [INFO] MultiScanPanel:200 - Auto-refresh data requested => check proxy status ongoing
2023-11-28 16:28:15,711 [INFO] MultiScanPanel:204 - Proxy status is invalid
2023-11-28 16:28:15,712 [INFO] FinderPluginLoader:95 - Searching for filters in installed packs
2023-11-28 16:28:16,432 [INFO] DetailPanel:341 - Set advertising image to C:/Users/lenovo/STM32Cube/Repository/\en.prom-stm32h5-mcu-finder.jpg
2023-11-28 16:28:33,123 [WARN] ServerAccessManage:1168 - Warning during Server Connection :  timeout Connect timed out
2023-11-28 16:28:34,126 [WARN] ServerAccessManage:1168 - Warning during Server Connection :  timeout Connect timed out
2023-11-28 16:28:34,127 [INFO] MainUpdater:2868 - connection check result : 22
2023-11-28 16:28:35,130 [WARN] ServerAccessManage:1168 - Warning during Server Connection :  timeout Connect timed out
2023-11-28 16:28:36,134 [WARN] ServerAccessManage:1168 - Warning during Server Connection :  timeout Connect timed out
2023-11-28 16:28:36,135 [INFO] MainUpdater:2868 - connection check result : 22
2023-11-28 16:28:39,561 [INFO] MicroXplorer:468 - Change Database Path : 
2023-11-28 16:28:39,561 [INFO] MicroXplorer:498 - Change Database Version : DB.6.0.92
2023-11-28 16:28:39,564 [WARN] ThirdParty:871 - waiting for thirdparty lock release [close project]
2023-11-28 16:28:39,564 [INFO] ThirdParty:873 - entering critical section [close project]
2023-11-28 16:28:39,564 [INFO] ThirdParty:883 - exiting critical section [close project]
2023-11-28 16:28:39,566 [INFO] PinOutPanel:1499 - setPackage(No Configuration,No Configuration)
2023-11-28 16:28:39,570 [INFO] UtilMem:75 - Begin LoadConfig() Used Memory: 583369400 Bytes (1073741824)
2023-11-28 16:28:39,572 [INFO] MicroXplorer:468 - Change Database Path : 
2023-11-28 16:28:39,572 [INFO] MicroXplorer:498 - Change Database Version : DB.6.0.92
2023-11-28 16:28:39,572 [INFO] OpenFileManager:308 - Change cursor
2023-11-28 16:28:39,579 [WARN] IntegrityCheckThread:84 - waiting for thirdparty lock release [integrity check]
2023-11-28 16:28:39,579 [INFO] IntegrityCheckThread:86 - entering critical section [integrity check]
2023-11-28 16:28:39,805 [WARN] PackLoader:240 - Cannot read IP mode file for STMicroelectronics.X-CUBE-SMBUS.2.1.0
2023-11-28 16:28:39,844 [WARN] PackLoader:240 - Cannot read IP mode file for STMicroelectronics.X-CUBE-AZRTOS-F7.1.1.0
2023-11-28 16:28:39,856 [WARN] PackLoader:240 - Cannot read IP mode file for STMicroelectronics.FP-SNS-MOTENV1.4.3.2
2023-11-28 16:28:39,866 [WARN] PackLoader:240 - Cannot read IP mode file for STMicroelectronics.FP-SNS-FLIGHT1.5.0.2
2023-11-28 16:28:39,878 [WARN] PackLoader:240 - Cannot read IP mode file for STMicroelectronics.X-CUBE-DISPLAY.3.0.0
2023-11-28 16:28:39,895 [WARN] PackLoader:240 - Cannot read IP mode file for STMicroelectronics.X-CUBE-BLE1.7.0.0
2023-11-28 16:28:39,902 [WARN] PackLoader:240 - Cannot read IP mode file for emotas.I-CUBE-CANOPEN.1.3.0
2023-11-28 16:28:39,911 [WARN] PackLoader:240 - Cannot read IP mode file for STMicroelectronics.X-CUBE-TOUCHGFX.4.22.0
2023-11-28 16:28:39,915 [WARN] PackLoader:240 - Cannot read IP mode file for STMicroelectronics.X-CUBE-TOUCHGFX.4.22.1
2023-11-28 16:28:39,920 [WARN] PackLoader:240 - Cannot read IP mode file for STMicroelectronics.FP-SNS-SMARTAG2.1.2.0
2023-11-28 16:28:39,931 [INFO] LogOutputStream:77 - [STDOUT_REDIRECT] 1 : Invalid condition id : UX_CORESTACK_Condition cause : null
2023-11-28 16:28:39,931 [INFO] LogOutputStream:77 - [STDOUT_REDIRECT] 1 : Invalid condition id : UX_CORESTACK_Condition cause : null
2023-11-28 16:28:39,933 [INFO] LogOutputStream:77 - [STDOUT_REDIRECT] 1 : Invalid condition id : UX_CORESTACK_Condition cause : null
2023-11-28 16:28:39,934 [INFO] LogOutputStream:77 - [STDOUT_REDIRECT] 1 : Invalid condition id : UX_CORESTACK_Condition cause : null
2023-11-28 16:28:39,935 [INFO] LogOutputStream:77 - [STDOUT_REDIRECT] 1 : Invalid condition id : UX_CORESTACK_Condition cause : null
2023-11-28 16:28:39,938 [WARN] PackLoader:240 - Cannot read IP mode file for STMicroelectronics.X-CUBE-AZRTOS-WL.2.0.0
2023-11-28 16:28:39,946 [WARN] PackLoader:240 - Cannot read IP mode file for WES.I-CUBE-Cesium.1.3.0
2023-11-28 16:28:39,951 [WARN] PackLoader:240 - Cannot read IP mode file for STMicroelectronics.X-CUBE-BLE2.3.3.0
2023-11-28 16:28:39,957 [WARN] PackLoader:240 - Cannot read IP mode file for STMicroelectronics.X-CUBE-ALGOBUILD.1.3.0
2023-11-28 16:28:39,967 [WARN] PackLoader:240 - Cannot read IP mode file for STMicroelectronics.X-CUBE-AZRTOS-G0.1.1.0
2023-11-28 16:28:39,977 [WARN] PackLoader:240 - Cannot read IP mode file for STMicroelectronics.X-CUBE-NFC4.3.0.0
2023-11-28 16:28:39,992 [WARN] PackLoader:240 - Cannot read IP mode file for STMicroelectronics.X-CUBE-BLEMGR.3.0.0
2023-11-28 16:28:39,997 [WARN] PackLoader:240 - Cannot read IP mode file for STMicroelectronics.FP-ATR-SIGFOX1.3.2.0
2023-11-28 16:28:40,016 [WARN] PackLoader:240 - Cannot read IP mode file for SEGGER.I-CUBE-embOS.1.3.1
2023-11-28 16:28:40,072 [WARN] PackLoader:240 - Cannot read IP mode file for STMicroelectronics.X-CUBE-GNSS1.6.0.0
2023-11-28 16:28:40,089 [WARN] PackLoader:240 - Cannot read IP mode file for STMicroelectronics.X-CUBE-AZRTOS-F4.1.1.0
2023-11-28 16:28:40,095 [WARN] PackLoader:240 - Cannot read IP mode file for wolfSSL.I-CUBE-wolfSSL.5.6.3
2023-11-28 16:28:40,111 [WARN] PackLoader:240 - Cannot read IP mode file for STMicroelectronics.X-CUBE-AZRTOS-L5.2.0.0
2023-11-28 16:28:40,138 [WARN] PackLoader:240 - Cannot read IP mode file for STMicroelectronics.X-CUBE-MEMS1.9.6.0
2023-11-28 16:28:40,235 [WARN] PackLoader:240 - Cannot read IP mode file for STMicroelectronics.X-CUBE-EEPRMA1.4.2.0
2023-11-28 16:28:40,241 [WARN] PackLoader:240 - Cannot read IP mode file for ITTIA_DB.I-CUBE-ITTIADB.8.8.0
2023-11-28 16:28:40,246 [WARN] PackLoader:240 - Cannot read IP mode file for STMicroelectronics.X-CUBE-BLEMGR.2.0.0
2023-11-28 16:28:40,258 [WARN] ConditionMgr:438 - getConditionDescription Invalid condition id : UX DEVICE CLASS RTOS Condition cause : null
2023-11-28 16:28:40,258 [WARN] ConditionMgr:438 - getConditionDescription Invalid condition id : UX DEVICE CLASS RTOS Condition cause : null
2023-11-28 16:28:40,260 [WARN] PackLoader:240 - Cannot read IP mode file for STMicroelectronics.X-CUBE-AZRTOS-H7.3.1.0
2023-11-28 16:28:40,261 [WARN] ConditionMgr:1039 - genDependencies : Invalid condition id : UX DEVICE CLASS RTOS Condition cause : null
2023-11-28 16:28:40,261 [WARN] ConditionMgr:1039 - genDependencies : Invalid condition id : UX DEVICE CLASS RTOS Condition cause : null
2023-11-28 16:28:40,262 [WARN] ConditionMgr:1039 - genDependencies : Invalid condition id : UX DEVICE CLASS RTOS Condition cause : null
2023-11-28 16:28:40,262 [WARN] ConditionMgr:1039 - genDependencies : Invalid condition id : UX DEVICE CLASS RTOS Condition cause : null
2023-11-28 16:28:40,262 [WARN] ConditionMgr:1039 - genDependencies : Invalid condition id : UX DEVICE CLASS RTOS Condition cause : null
2023-11-28 16:28:40,268 [WARN] PackLoader:240 - Cannot read IP mode file for STMicroelectronics.X-CUBE-NFC7.1.0.1
2023-11-28 16:28:40,274 [WARN] PackLoader:240 - Cannot read IP mode file for STMicroelectronics.X-CUBE-NFC6.3.0.0
2023-11-28 16:28:40,280 [WARN] PackLoader:240 - Cannot read IP mode file for STMicroelectronics.X-CUBE-EEPRMA1.4.1.0
2023-11-28 16:28:40,285 [WARN] PackLoader:240 - Cannot read IP mode file for STMicroelectronics.X-CUBE-AI.8.1.0
2023-11-28 16:28:40,296 [WARN] ConditionMgr:438 - getConditionDescription Invalid condition id : LAN8742 Phy interface Condition cause : null
2023-11-28 16:28:40,296 [WARN] PackLoader:240 - Cannot read IP mode file for STMicroelectronics.X-CUBE-AZRTOS-L4.2.0.0
2023-11-28 16:28:40,297 [WARN] ConditionMgr:1039 - genDependencies : Invalid condition id : LAN8742 Phy interface Condition cause : null
2023-11-28 16:28:40,297 [WARN] ConditionMgr:1039 - genDependencies : Invalid condition id : LAN8742 Phy interface Condition cause : null
2023-11-28 16:28:40,297 [WARN] ConditionMgr:1039 - genDependencies : Invalid condition id : LAN8742 Phy interface Condition cause : null
2023-11-28 16:28:40,304 [WARN] PackLoader:240 - Cannot read IP mode file for STMicroelectronics.X-CUBE-SFXS2LP1.4.0.0
2023-11-28 16:28:40,308 [WARN] PackLoader:240 - Cannot read IP mode file for STMicroelectronics.X-CUBE-ISPU.1.1.0
2023-11-28 16:28:40,317 [WARN] ConditionMgr:438 - getConditionDescription Invalid condition id : UX DEVICE CLASS RTOS Condition cause : null
2023-11-28 16:28:40,317 [WARN] ConditionMgr:438 - getConditionDescription Invalid condition id : UX DEVICE CLASS RTOS Condition cause : null
2023-11-28 16:28:40,319 [WARN] PackLoader:240 - Cannot read IP mode file for STMicroelectronics.X-CUBE-AZRTOS-WB.2.0.0
2023-11-28 16:28:40,319 [WARN] ConditionMgr:1039 - genDependencies : Invalid condition id : UX DEVICE CLASS RTOS Condition cause : null
2023-11-28 16:28:40,319 [WARN] ConditionMgr:1039 - genDependencies : Invalid condition id : UX DEVICE CLASS RTOS Condition cause : null
2023-11-28 16:28:40,319 [WARN] ConditionMgr:1039 - genDependencies : Invalid condition id : UX DEVICE CLASS RTOS Condition cause : null
2023-11-28 16:28:40,320 [WARN] ConditionMgr:1039 - genDependencies : Invalid condition id : UX DEVICE CLASS RTOS Condition cause : null
2023-11-28 16:28:40,320 [WARN] ConditionMgr:1039 - genDependencies : Invalid condition id : UX DEVICE CLASS RTOS Condition cause : null
2023-11-28 16:28:40,328 [WARN] PackLoader:240 - Cannot read IP mode file for STMicroelectronics.X-CUBE-SUBG2.5.0.0
2023-11-28 16:28:40,338 [WARN] PackLoader:240 - Cannot read IP mode file for STMicroelectronics.X-CUBE-TOF1.3.3.1
2023-11-28 16:28:40,352 [WARN] PackLoader:240 - Cannot read IP mode file for STMicroelectronics.X-CUBE-AZRTOS-G4.2.0.0
2023-11-28 16:28:40,364 [WARN] PackLoader:240 - Cannot read IP mode file for Infineon.AIROC-Wi-Fi-Bluetooth-STM32.1.5.1
2023-11-28 16:28:40,371 [WARN] PackLoader:240 - Cannot read IP mode file for STMicroelectronics.FP-SNS-MOTENVWB1.1.3.0
2023-11-28 16:28:40,411 [WARN] PackLoader:240 - Cannot read IP mode file for STMicroelectronics.X-CUBE-MEMS1.10.0.0
2023-11-28 16:28:40,563 [WARN] PackLoader:240 - Cannot read IP mode file for STMicroelectronics.X-CUBE-FREERTOS.1.1.0
2023-11-28 16:28:40,575 [WARN] PackLoader:240 - Cannot read IP mode file for portGmbH.I-Cube-SoM-uGOAL.1.1.0
2023-11-28 16:28:40,608 [WARN] PackLoader:240 - Cannot read IP mode file for STMicroelectronics.X-CUBE-ALS.1.0.1
2023-11-28 16:28:40,613 [WARN] PackLoader:240 - Cannot read IP mode file for STMicroelectronics.FP-ATR-ASTRA1.2.0.0
2023-11-28 16:28:40,623 [WARN] PackLoader:240 - Cannot read IP mode file for STMicroelectronics.X-CUBE-TOF1.3.4.0
2023-11-28 16:28:40,634 [INFO] ThirdParty:978 - Integrity check success = true
2023-11-28 16:28:40,634 [INFO] IntegrityCheckThread:100 - exiting critical section [integrity check]
2023-11-28 16:28:40,634 [INFO] IntegrityCheckThread:103 - End integrity checks thread
2023-11-28 16:28:40,753 [INFO] Mcu:1946 - Initializing MCU STM32F103RCTx STM32F103RCTx STM32F103RCT6
2023-11-28 16:28:41,638 [INFO] Context:659 - Trying to add GPIOservice into a context  which must be forbidden
2023-11-28 16:28:41,995 [INFO] ImportTextPane:194 - (OptionalMessage_ERROR) Unable to find key (Mcu.ThirdPartyNb) in loaded IOC file
2023-11-28 16:28:41,995 [INFO] ImportTextPane:194 - (OptionalMessage_ERROR) Unable to find key (Mcu.PinsNb) in loaded IOC file
2023-11-28 16:28:41,996 [INFO] ImportTextPane:194 - (OptionalMessage_ERROR) Unable to find key (Mcu.IPNb) in loaded IOC file
2023-11-28 16:28:42,180 [INFO] RtosManager:555 - Registered RTOS mode: class=CMSIS, group=RTOS, mode=CMSIS_V1, owner=FREERTOS
2023-11-28 16:28:42,180 [INFO] RtosManager:555 - Registered RTOS mode: class=CMSIS, group=RTOS2, mode=CMSIS_V2, owner=FREERTOS
2023-11-28 16:28:42,180 [INFO] RtosManager:555 - Registered RTOS mode: class=RTOS, group=Core, mode=CMSIS_V1, owner=FREERTOS
2023-11-28 16:28:42,180 [INFO] RtosManager:555 - Registered RTOS mode: class=RTOS, group=Core, mode=CMSIS_V2, owner=FREERTOS
2023-11-28 16:28:42,180 [WARN] ModelIntegratedComponent:184 - Missing modes for component STMicroelectronics:FreeRTOS:0.0.1:STMicroelectronics:RTOS:FreeRTOS:Core:::10.2.0:
2023-11-28 16:28:42,194 [WARN] ModelIntegratedComponent:63 - No mode defined for component null
2023-11-28 16:28:42,194 [WARN] ModelIntegratedComponent:63 - No mode defined for component null
2023-11-28 16:28:42,194 [WARN] ModelIntegratedComponent:63 - No mode defined for component null
2023-11-28 16:28:42,194 [WARN] ModelIntegratedComponent:63 - No mode defined for component null
2023-11-28 16:28:42,194 [WARN] ModelIntegratedComponent:63 - No mode defined for component null
2023-11-28 16:28:42,194 [WARN] ModelIntegratedComponent:63 - No mode defined for component null
2023-11-28 16:28:42,194 [WARN] ModelIntegratedComponent:63 - No mode defined for component null
2023-11-28 16:28:42,194 [WARN] ModelIntegratedComponent:63 - No mode defined for component null
2023-11-28 16:28:42,195 [WARN] ModelIntegratedComponent:63 - No mode defined for component null
2023-11-28 16:28:42,195 [WARN] ModelIntegratedComponent:63 - No mode defined for component null
2023-11-28 16:28:42,195 [WARN] ModelIntegratedComponent:63 - No mode defined for component null
2023-11-28 16:28:42,195 [WARN] ModelIntegratedComponent:63 - No mode defined for component null
2023-11-28 16:28:42,195 [WARN] ModelIntegratedComponent:63 - No mode defined for component null
2023-11-28 16:28:42,195 [WARN] ModelIntegratedComponent:63 - No mode defined for component null
2023-11-28 16:28:42,195 [WARN] ModelIntegratedComponent:63 - No mode defined for component null
2023-11-28 16:28:42,195 [WARN] ModelIntegratedComponent:63 - No mode defined for component null
2023-11-28 16:28:42,195 [WARN] ModelIntegratedComponent:63 - No mode defined for component null
2023-11-28 16:28:42,195 [WARN] ModelIntegratedComponent:63 - No mode defined for component null
2023-11-28 16:28:42,195 [WARN] ModelIntegratedComponent:63 - No mode defined for component null
2023-11-28 16:28:42,195 [WARN] ModelIntegratedComponent:63 - No mode defined for component null
2023-11-28 16:28:42,195 [WARN] ModelIntegratedComponent:63 - No mode defined for component null
2023-11-28 16:28:42,195 [WARN] ModelIntegratedComponent:63 - No mode defined for component null
2023-11-28 16:28:42,195 [WARN] ModelIntegratedComponent:63 - No mode defined for component null
2023-11-28 16:28:42,195 [WARN] ModelIntegratedComponent:63 - No mode defined for component null
2023-11-28 16:28:42,195 [WARN] ModelIntegratedComponent:63 - No mode defined for component null
2023-11-28 16:28:42,195 [WARN] ModelIntegratedComponent:63 - No mode defined for component null
2023-11-28 16:28:42,195 [WARN] ModelIntegratedComponent:63 - No mode defined for component null
2023-11-28 16:28:42,195 [WARN] ModelIntegratedComponent:63 - No mode defined for component null
2023-11-28 16:28:42,195 [WARN] ModelIntegratedComponent:63 - No mode defined for component null
2023-11-28 16:28:42,195 [WARN] ModelIntegratedComponent:63 - No mode defined for component null
2023-11-28 16:28:42,195 [WARN] ModelIntegratedComponent:63 - No mode defined for component null
2023-11-28 16:28:42,196 [WARN] ModelIntegratedComponent:63 - No mode defined for component null
2023-11-28 16:28:42,196 [WARN] ModelIntegratedComponent:63 - No mode defined for component null
2023-11-28 16:28:42,270 [INFO] ThirdPartyModel:298 - Start build external matchings
2023-11-28 16:28:42,717 [INFO] ThirdPartyModel:316 - End build external matchings
2023-11-28 16:28:42,946 [INFO] UtilMem:75 - End LoadConfig() Used Memory: 853615624 Bytes (1073741824)
2023-11-28 16:28:42,973 [WARN] ThirdParty:833 - waiting for thirdparty lock release [change project]
2023-11-28 16:28:42,973 [INFO] ThirdParty:835 - entering critical section [change project]
2023-11-28 16:28:42,974 [INFO] ThirdParty:1030 - CMSIS Pack Vendor :STMicroelectronics X-CUBE-ISPU 1.1.0
2023-11-28 16:28:42,974 [INFO] ThirdParty:1030 - CMSIS Pack Vendor :STMicroelectronics USBPD 4.1
2023-11-28 16:28:42,974 [INFO] ThirdParty:1030 - CMSIS Pack Vendor :STMicroelectronics X-CUBE-GNSS1 6.0.0
2023-11-28 16:28:42,974 [INFO] ThirdParty:1030 - CMSIS Pack Vendor :STMicroelectronics USB_HOST 2.0.0
2023-11-28 16:28:42,974 [INFO] ThirdParty:1030 - CMSIS Pack Vendor :STMicroelectronics X-CUBE-AZRTOS-F4 1.1.0
2023-11-28 16:28:42,974 [INFO] ThirdParty:1030 - CMSIS Pack Vendor :STMicroelectronics LIBJPEG 8.0.0
2023-11-28 16:28:42,974 [INFO] ThirdParty:1030 - CMSIS Pack Vendor :wolfSSL I-CUBE-wolfSSL 5.6.3
2023-11-28 16:28:42,974 [INFO] ThirdParty:1030 - CMSIS Pack Vendor :STMicroelectronics X-CUBE-SMBUS 2.1.0
2023-11-28 16:28:42,974 [INFO] ThirdParty:1030 - CMSIS Pack Vendor :STMicroelectronics USB_DEVICE 3.0.0
2023-11-28 16:28:42,974 [INFO] ThirdParty:1030 - CMSIS Pack Vendor :STMicroelectronics X-CUBE-AZRTOS-WB 2.0.0
2023-11-28 16:28:42,975 [INFO] ThirdParty:1030 - CMSIS Pack Vendor :STMicroelectronics X-CUBE-AZRTOS-F7 1.1.0
2023-11-28 16:28:42,975 [INFO] ThirdParty:1030 - CMSIS Pack Vendor :STMicroelectronics X-CUBE-AZRTOS-L5 2.0.0
2023-11-28 16:28:42,975 [INFO] ThirdParty:1030 - CMSIS Pack Vendor :STMicroelectronics USB_DEVICE 2.0.0
2023-11-28 16:28:42,975 [INFO] ThirdParty:1030 - CMSIS Pack Vendor :STMicroelectronics X-CUBE-MEMS1 9.6.0
2023-11-28 16:28:42,975 [INFO] ThirdParty:1030 - CMSIS Pack Vendor :STMicroelectronics X-CUBE-EEPRMA1 4.2.0
2023-11-28 16:28:42,975 [INFO] ThirdParty:1030 - CMSIS Pack Vendor :ITTIA_DB I-CUBE-ITTIADB 8.8.0
2023-11-28 16:28:42,975 [INFO] ThirdParty:1030 - CMSIS Pack Vendor :STMicroelectronics FP-SNS-MOTENV1 4.3.2
2023-11-28 16:28:42,975 [INFO] ThirdParty:1030 - CMSIS Pack Vendor :STMicroelectronics X-CUBE-ALGOBUILD 1.3.0
2023-11-28 16:28:42,975 [INFO] ThirdParty:1030 - CMSIS Pack Vendor :STMicroelectronics FreeRTOS 0.0.1
2023-11-28 16:28:42,975 [INFO] ThirdParty:1030 - CMSIS Pack Vendor :STMicroelectronics X-CUBE-AZRTOS-G0 1.1.0
2023-11-28 16:28:42,975 [INFO] ThirdParty:1030 - CMSIS Pack Vendor :STMicroelectronics X-CUBE-BLEMGR 2.0.0
2023-11-28 16:28:42,975 [INFO] ThirdParty:1030 - CMSIS Pack Vendor :STMicroelectronics X-CUBE-NFC4 3.0.0
2023-11-28 16:28:42,975 [INFO] ThirdParty:1030 - CMSIS Pack Vendor :STMicroelectronics X-CUBE-SUBG2 5.0.0
2023-11-28 16:28:42,976 [INFO] ThirdParty:1030 - CMSIS Pack Vendor :STMicroelectronics STM32_WPAN 1.0.0
2023-11-28 16:28:42,976 [INFO] ThirdParty:1030 - CMSIS Pack Vendor :STMicroelectronics lwIP 2.0.3
2023-11-28 16:28:42,976 [INFO] ThirdParty:1030 - CMSIS Pack Vendor :STMicroelectronics FP-SNS-FLIGHT1 5.0.2
2023-11-28 16:28:42,976 [INFO] ThirdParty:1030 - CMSIS Pack Vendor :STMicroelectronics USB_HOST 1.0.0
2023-11-28 16:28:42,976 [INFO] ThirdParty:1030 - CMSIS Pack Vendor :STMicroelectronics X-CUBE-TOF1 3.3.1
2023-11-28 16:28:42,976 [INFO] ThirdParty:1030 - CMSIS Pack Vendor :STMicroelectronics X-CUBE-AZRTOS-G4 2.0.0
2023-11-28 16:28:42,977 [INFO] ThirdParty:1030 - CMSIS Pack Vendor :STMicroelectronics PDM2PCM 3.1.0
2023-11-28 16:28:42,977 [INFO] ThirdParty:1030 - CMSIS Pack Vendor :STMicroelectronics X-CUBE-AZRTOS-H7 3.1.0
2023-11-28 16:28:42,977 [INFO] ThirdParty:1030 - CMSIS Pack Vendor :Infineon AIROC-Wi-Fi-Bluetooth-STM32 1.5.1
2023-11-28 16:28:42,977 [INFO] ThirdParty:1030 - CMSIS Pack Vendor :STMicroelectronics X-CUBE-BLEMGR 3.0.0
2023-11-28 16:28:42,977 [INFO] ThirdParty:1030 - CMSIS Pack Vendor :STMicroelectronics PDM2PCM 3.3.0
2023-11-28 16:28:42,977 [INFO] ThirdParty:1030 - CMSIS Pack Vendor :STMicroelectronics X-CUBE-DISPLAY 3.0.0
2023-11-28 16:28:42,977 [INFO] ThirdParty:1030 - CMSIS Pack Vendor :STMicroelectronics FP-SNS-MOTENVWB1 1.3.0
2023-11-28 16:28:42,977 [INFO] ThirdParty:1030 - CMSIS Pack Vendor :STMicroelectronics X-CUBE-BLE1 7.0.0
2023-11-28 16:28:42,977 [INFO] ThirdParty:1030 - CMSIS Pack Vendor :STMicroelectronics FP-ATR-SIGFOX1 3.2.0
2023-11-28 16:28:42,977 [INFO] ThirdParty:1030 - CMSIS Pack Vendor :STMicroelectronics HAL Drivers 0.0.0
2023-11-28 16:28:42,977 [INFO] ThirdParty:1030 - CMSIS Pack Vendor :STMicroelectronics MBEDTLS 2.16.2
2023-11-28 16:28:42,977 [INFO] ThirdParty:1030 - CMSIS Pack Vendor :emotas I-CUBE-CANOPEN 1.3.0
2023-11-28 16:28:42,977 [INFO] ThirdParty:1030 - CMSIS Pack Vendor :STMicroelectronics X-CUBE-MEMS1 10.0.0
2023-11-28 16:28:42,977 [INFO] ThirdParty:1030 - CMSIS Pack Vendor :STMicroelectronics X-CUBE-FREERTOS 1.1.0
2023-11-28 16:28:42,977 [INFO] ThirdParty:1030 - CMSIS Pack Vendor :STMicroelectronics X-CUBE-TOUCHGFX 4.22.0
2023-11-28 16:28:42,977 [INFO] ThirdParty:1030 - CMSIS Pack Vendor :STMicroelectronics X-CUBE-NFC7 1.0.1
2023-11-28 16:28:42,977 [INFO] ThirdParty:1030 - CMSIS Pack Vendor :STMicroelectronics MBEDTLS 2.14.1
2023-11-28 16:28:42,977 [INFO] ThirdParty:1030 - CMSIS Pack Vendor :STMicroelectronics X-CUBE-TOUCHGFX 4.22.1
2023-11-28 16:28:42,977 [INFO] ThirdParty:1030 - CMSIS Pack Vendor :STMicroelectronics X-CUBE-NFC6 3.0.0
2023-11-28 16:28:42,977 [INFO] ThirdParty:1030 - CMSIS Pack Vendor :STMicroelectronics X-CUBE-EEPRMA1 4.1.0
2023-11-28 16:28:42,977 [INFO] ThirdParty:1030 - CMSIS Pack Vendor :portGmbH I-Cube-SoM-uGOAL 1.1.0
2023-11-28 16:28:42,977 [INFO] ThirdParty:1030 - CMSIS Pack Vendor :STMicroelectronics X-CUBE-ALS 1.0.1
2023-11-28 16:28:42,977 [INFO] ThirdParty:1030 - CMSIS Pack Vendor :STMicroelectronics ThreadX 1.0.0
2023-11-28 16:28:42,977 [INFO] ThirdParty:1030 - CMSIS Pack Vendor :STMicroelectronics FP-SNS-SMARTAG2 1.2.0
2023-11-28 16:28:42,977 [INFO] ThirdParty:1030 - CMSIS Pack Vendor :STMicroelectronics X-CUBE-AZRTOS-WL 2.0.0
2023-11-28 16:28:42,977 [INFO] ThirdParty:1030 - CMSIS Pack Vendor :SEGGER I-CUBE-embOS 1.3.1
2023-11-28 16:28:42,977 [INFO] ThirdParty:1030 - CMSIS Pack Vendor :STMicroelectronics USB_DEVICE 1.0.0
2023-11-28 16:28:42,977 [INFO] ThirdParty:1030 - CMSIS Pack Vendor :STMicroelectronics X-CUBE-AI 8.1.0
2023-11-28 16:28:42,977 [INFO] ThirdParty:1030 - CMSIS Pack Vendor :STMicroelectronics X-CUBE-AZRTOS-L4 2.0.0
2023-11-28 16:28:42,977 [INFO] ThirdParty:1030 - CMSIS Pack Vendor :STMicroelectronics ThreadX 0.0.2
2023-11-28 16:28:42,977 [INFO] ThirdParty:1030 - CMSIS Pack Vendor :WES I-CUBE-Cesium 1.3.0
2023-11-28 16:28:42,977 [INFO] ThirdParty:1030 - CMSIS Pack Vendor :STMicroelectronics FP-ATR-ASTRA1 2.0.0
2023-11-28 16:28:42,978 [INFO] ThirdParty:1030 - CMSIS Pack Vendor :STMicroelectronics lwIP 2.1.2
2023-11-28 16:28:42,978 [INFO] ThirdParty:1030 - CMSIS Pack Vendor :STMicroelectronics X-CUBE-SFXS2LP1 4.0.0
2023-11-28 16:28:42,978 [INFO] ThirdParty:1030 - CMSIS Pack Vendor :STMicroelectronics X-CUBE-BLE2 3.3.0
2023-11-28 16:28:42,978 [INFO] ThirdParty:1030 - CMSIS Pack Vendor :STMicroelectronics X-CUBE-TOF1 3.4.0
2023-11-28 16:28:42,978 [INFO] ThirdParty:1030 - CMSIS Pack Vendor :STMicroelectronics PDM2PCM 3.2.0
2023-11-28 16:28:42,978 [INFO] ThirdParty:841 - exiting critical section [change project]
2023-11-28 16:28:43,218 [INFO] PinOutPanel:1499 - setPackage(No Configuration,No Configuration)
2023-11-28 16:28:43,220 [INFO] PinOutPanel:1499 - setPackage(STM32F103RCTx,LQFP64)
2023-11-28 16:28:43,745 [INFO] UtilMem:75 - Before build in PCC Used Memory: 553414416 Bytes (1073741824)
2023-11-28 16:28:44,694 [INFO] UtilMem:75 - After build in PCC Used Memory: 615280400 Bytes (1073741824)
2023-11-28 16:28:44,728 [INFO] IPUIPlugin:80 - create IPUIPlugin
2023-11-28 16:28:44,728 [INFO] IPUIPlugin:80 - create IPUIPlugin
2023-11-28 16:28:44,729 [INFO] IPUIPlugin:80 - create IPUIPlugin
2023-11-28 16:28:44,729 [INFO] IPUIPlugin:80 - create IPUIPlugin
2023-11-28 16:28:44,729 [INFO] IPUIPlugin:80 - create IPUIPlugin
2023-11-28 16:28:44,729 [INFO] IPUIPlugin:80 - create IPUIPlugin
2023-11-28 16:28:44,729 [INFO] IPUIPlugin:80 - create IPUIPlugin
2023-11-28 16:28:44,730 [INFO] IPUIPlugin:80 - create IPUIPlugin
2023-11-28 16:28:44,730 [INFO] IPUIPlugin:80 - create IPUIPlugin
2023-11-28 16:28:44,730 [INFO] IPUIPlugin:80 - create IPUIPlugin
2023-11-28 16:28:44,731 [INFO] IPUIPlugin:80 - create IPUIPlugin
2023-11-28 16:28:44,731 [INFO] IPUIPlugin:80 - create IPUIPlugin
2023-11-28 16:28:44,731 [INFO] IPUIPlugin:80 - create IPUIPlugin
2023-11-28 16:28:44,732 [INFO] IPUIPlugin:80 - create IPUIPlugin
2023-11-28 16:28:44,732 [INFO] IPUIPlugin:80 - create IPUIPlugin
2023-11-28 16:28:44,732 [INFO] IPUIPlugin:80 - create IPUIPlugin
2023-11-28 16:28:44,732 [INFO] IPUIPlugin:80 - create IPUIPlugin
2023-11-28 16:28:44,732 [INFO] IPUIPlugin:80 - create IPUIPlugin
2023-11-28 16:28:44,733 [INFO] IPUIPlugin:80 - create IPUIPlugin
2023-11-28 16:28:44,733 [INFO] IPUIPlugin:80 - create IPUIPlugin
2023-11-28 16:28:44,733 [INFO] IPUIPlugin:80 - create IPUIPlugin
2023-11-28 16:28:44,733 [INFO] IPUIPlugin:80 - create IPUIPlugin
2023-11-28 16:28:44,733 [INFO] IPUIPlugin:80 - create IPUIPlugin
2023-11-28 16:28:44,734 [INFO] IPUIPlugin:80 - create IPUIPlugin
2023-11-28 16:28:44,734 [INFO] IPUIPlugin:80 - create IPUIPlugin
2023-11-28 16:28:44,734 [INFO] IPUIPlugin:80 - create IPUIPlugin
2023-11-28 16:28:44,735 [INFO] IPUIPlugin:80 - create IPUIPlugin
2023-11-28 16:28:44,735 [INFO] IPUIPlugin:80 - create IPUIPlugin
2023-11-28 16:28:44,735 [INFO] IPUIPlugin:80 - create IPUIPlugin
2023-11-28 16:28:44,736 [INFO] IPUIPlugin:80 - create IPUIPlugin
2023-11-28 16:28:44,736 [INFO] IPUIPlugin:80 - create IPUIPlugin
2023-11-28 16:28:44,737 [INFO] IPUIPlugin:80 - create IPUIPlugin
2023-11-28 16:28:44,737 [INFO] IPUIPlugin:80 - create IPUIPlugin
2023-11-28 16:28:44,737 [INFO] IPUIPlugin:80 - create IPUIPlugin
2023-11-28 16:28:44,738 [INFO] IPUIPlugin:80 - create IPUIPlugin
2023-11-28 16:28:44,738 [INFO] IPUIPlugin:80 - create IPUIPlugin
2023-11-28 16:28:44,738 [INFO] IPUIPlugin:80 - create IPUIPlugin
2023-11-28 16:28:44,739 [INFO] IPUIPlugin:80 - create IPUIPlugin
2023-11-28 16:28:44,739 [INFO] IPUIPlugin:80 - create IPUIPlugin
2023-11-28 16:28:44,959 [INFO] CADModel:165 - CPN selected for project levelSTM32F103RCT6
2023-11-28 16:28:44,959 [INFO] CADModel:114 - Register for checkConnection events
2023-11-28 16:28:45,010 [INFO] OpenFileManager:328 - Restore cursor
2023-11-28 16:28:45,441 [INFO] UtilMem:75 - End SaveConfig() Used Memory: 706532720 Bytes (1073741824)
2023-11-28 16:28:45,505 [INFO] UtilMem:75 - End SaveConfig() Used Memory: 724338320 Bytes (1073741824)
2023-11-28 16:28:45,854 [INFO] BlockDiagram:2759 - set Specific Code input for plugin: NVIC
2023-11-28 16:28:45,854 [INFO] BlockDiagram:2759 - set Specific Code input for plugin: RCC
2023-11-28 16:28:45,855 [INFO] CodeGenerator:799 - code generatio: config db path: D:\software\STM32CubeIDE_1.13.2\STM32CubeIDE\plugins\com.st.stm32cube.common.mx_6.9.2.202309101412\\db\
2023-11-28 16:28:46,011 [INFO] CodeEngine:255 - oldGeneratedFile, D:\project\CS301\Lab11\MXTmpFiles\license.tmp_save
2023-11-28 16:28:46,392 [INFO] CodeEngine:279 - Generated code: D:\project\CS301\Lab11\MXTmpFiles\license.tmp
2023-11-28 16:28:46,418 [INFO] CodeEngine:255 - oldGeneratedFile, D:\project\CS301\Lab11\Core\Src\stm32f1xx_it.c_save
2023-11-28 16:28:46,639 [INFO] CodeEngine:279 - Generated code: D:\project\CS301\Lab11\Core\Src\stm32f1xx_it.c
2023-11-28 16:28:46,646 [INFO] CodeEngine:255 - oldGeneratedFile, D:\project\CS301\Lab11\Core\Inc\stm32f1xx_it.h_save
2023-11-28 16:28:46,759 [INFO] CodeEngine:279 - Generated code: D:\project\CS301\Lab11\Core\Inc\stm32f1xx_it.h
2023-11-28 16:28:47,008 [INFO] CodeEngine:255 - oldGeneratedFile, D:\project\CS301\Lab11\Core\Src\stm32f1xx_hal_msp.c_save
2023-11-28 16:28:47,147 [INFO] CodeEngine:279 - Generated code: D:\project\CS301\Lab11\Core\Src\stm32f1xx_hal_msp.c
2023-11-28 16:28:47,159 [INFO] CodeEngine:255 - oldGeneratedFile, D:\project\CS301\Lab11\MXTmpFiles\system.tmp_save
2023-11-28 16:28:47,207 [INFO] CodeEngine:279 - Generated code: D:\project\CS301\Lab11\MXTmpFiles\system.tmp
2023-11-28 16:28:47,214 [INFO] CodeEngine:311 - oldGeneratedFile, D:\project\CS301\Lab11\Core\Inc\stm32f1xx_hal_conf.h_save
2023-11-28 16:28:47,266 [INFO] CodeEngine:335 - Generated code: D:\project\CS301\Lab11\Core\Inc\stm32f1xx_hal_conf.h
2023-11-28 16:28:47,294 [INFO] CodeEngine:255 - oldGeneratedFile, D:\project\CS301\Lab11\Core\Inc\main.h_save
2023-11-28 16:28:47,358 [INFO] CodeEngine:279 - Generated code: D:\project\CS301\Lab11\Core\Inc\main.h
2023-11-28 16:28:47,362 [INFO] CodeEngine:255 - oldGeneratedFile, D:\project\CS301\Lab11\Core\Src\main.c_save
2023-11-28 16:28:47,568 [INFO] CodeEngine:279 - Generated code: D:\project\CS301\Lab11\Core\Src\main.c
2023-11-28 16:28:48,023 [INFO] ProjectBuilder:3064 - Time for Copy HAL[1] : 120mS.
2023-11-28 16:28:48,028 [INFO] ProjectBuilder:4404 - Project Generator version: 4.1.0
2023-11-28 16:28:48,244 [INFO] ConfigFileManager:1457 - The Die is : DIE414
2023-11-28 16:28:48,258 [INFO] ApiDbMcu:507 - Load IP Config File for FATFS
2023-11-28 16:28:48,275 [INFO] ApiDbMcu:507 - Load IP Config File for FREERTOS
2023-11-28 16:28:48,281 [INFO] ApiDbMcu:507 - Load IP Config File for USB_DEVICE
2023-11-28 16:28:48,818 [INFO] LogOutputStream:77 - [STDOUT_REDIRECT] 
2023-11-28 16:28:51,530 [ERROR] ConfigurationRetriever:142 - IOException on connection: Connect timed out
2023-11-28 16:28:59,042 [INFO] ProjectBuilder:4626 - Time for Generating toolchain IDE Files: 11012mS.
2023-11-28 16:28:59,043 [INFO] ProjectBuilder:2935 - Time for Copy CMSIS : 0mS.
2023-11-28 16:28:59,044 [INFO] ProjectBuilder:2935 - Time for Copy CMSIS : 0mS.
2023-11-28 16:29:00,738 [INFO] McuFinderGlobals:76 - Set McuFinderConnectedMode to true
2023-11-28 16:29:00,740 [INFO] ApiDb:448 - Save user favorites file C:\Users\lenovo/.stm32cubeide/favorites.mcus.txt: 1 item(s)
2023-11-28 16:29:00,740 [INFO] ApiDb:452 - User favorites MCUs=[STM32F103RCT6]
2023-11-28 16:29:01,352 [ERROR] ConfigurationRetriever:142 - IOException on connection: Connect timed out
2023-11-28 16:29:03,354 [ERROR] ConfigurationRetriever:142 - IOException on connection: Connect timed out
2023-11-28 16:29:05,364 [ERROR] ConfigurationRetriever:142 - IOException on connection: Connect timed out
2023-11-28 16:36:03,617 [INFO] Gpio:273 - dependency for GPIO [SYS]
2023-11-28 16:36:04,267 [INFO] Gpio:273 - dependency for GPIO [SYS]
2023-11-28 16:37:14,662 [INFO] Gpio:273 - dependency for GPIO [SYS, TIM1]
2023-11-28 16:37:47,665 [INFO] NvicIntPanel:101 - NVIC parent = com.st.microxplorer.plugins.ip.nvic.MultiNvicIntPanel[,0,0,0x0,invalid,layout=javax.swing.BoxLayout,alignmentX=0.0,alignmentY=0.0,border=,flags=9,maximumSize=,minimumSize=,preferredSize=]
2023-11-28 16:39:19,088 [INFO] NvicIntPanel:101 - NVIC parent = com.st.microxplorer.plugins.ip.nvic.MultiNvicIntPanel[,0,0,0x0,invalid,layout=javax.swing.BoxLayout,alignmentX=0.0,alignmentY=0.0,border=,flags=9,maximumSize=,minimumSize=,preferredSize=]
2023-11-28 16:44:33,335 [INFO] Gpio:273 - dependency for GPIO [RCC, SYS, TIM1]
2023-11-28 16:44:42,178 [INFO] UtilMem:75 - End SaveConfig() Used Memory: 891143512 Bytes (1073741824)
2023-11-28 16:44:42,346 [INFO] UtilMem:75 - End SaveConfig() Used Memory: 909299344 Bytes (1073741824)
2023-11-28 16:44:43,503 [INFO] UtilMem:75 - End SaveConfig() Used Memory: 670850320 Bytes (1073741824)
2023-11-28 16:44:43,757 [INFO] BlockDiagram:2759 - set Specific Code input for plugin: NVIC
2023-11-28 16:44:43,757 [INFO] BlockDiagram:2759 - set Specific Code input for plugin: TIM1_8F1
2023-11-28 16:44:43,757 [INFO] BlockDiagram:2759 - set Specific Code input for plugin: SYS
2023-11-28 16:44:43,757 [INFO] BlockDiagram:2759 - set Specific Code input for plugin: GPIO
2023-11-28 16:44:43,757 [INFO] BlockDiagram:2759 - set Specific Code input for plugin: RCC
2023-11-28 16:44:43,758 [INFO] CodeGenerator:799 - code generatio: config db path: D:\software\STM32CubeIDE_1.13.2\STM32CubeIDE\plugins\com.st.stm32cube.common.mx_6.9.2.202309101412\\db\
2023-11-28 16:44:43,832 [INFO] CodeEngine:255 - oldGeneratedFile, D:\project\CS301\Lab11\MXTmpFiles\license.tmp_save
2023-11-28 16:44:43,945 [INFO] CodeEngine:279 - Generated code: D:\project\CS301\Lab11\MXTmpFiles\license.tmp
2023-11-28 16:44:43,980 [INFO] CodeEngine:255 - oldGeneratedFile, D:\project\CS301\Lab11\Core\Src\gpio.c_save
2023-11-28 16:44:44,063 [INFO] CodeEngine:279 - Generated code: D:\project\CS301\Lab11\Core\Src\gpio.c
2023-11-28 16:44:44,069 [INFO] CodeEngine:255 - oldGeneratedFile, D:\project\CS301\Lab11\Core\Inc\gpio.h_save
2023-11-28 16:44:44,137 [INFO] CodeEngine:279 - Generated code: D:\project\CS301\Lab11\Core\Inc\gpio.h
2023-11-28 16:44:44,203 [INFO] CodeEngine:255 - oldGeneratedFile, D:\project\CS301\Lab11\Core\Src\tim.c_save
2023-11-28 16:44:44,346 [INFO] CodeEngine:279 - Generated code: D:\project\CS301\Lab11\Core\Src\tim.c
2023-11-28 16:44:44,353 [INFO] CodeEngine:255 - oldGeneratedFile, D:\project\CS301\Lab11\Core\Inc\tim.h_save
2023-11-28 16:44:44,407 [INFO] CodeEngine:279 - Generated code: D:\project\CS301\Lab11\Core\Inc\tim.h
2023-11-28 16:44:44,416 [INFO] CodeEngine:255 - oldGeneratedFile, D:\project\CS301\Lab11\Core\Src\stm32f1xx_it.c_save
2023-11-28 16:44:44,597 [INFO] CodeEngine:279 - Generated code: D:\project\CS301\Lab11\Core\Src\stm32f1xx_it.c
2023-11-28 16:44:44,601 [INFO] CodeEngine:255 - oldGeneratedFile, D:\project\CS301\Lab11\Core\Inc\stm32f1xx_it.h_save
2023-11-28 16:44:44,643 [INFO] CodeEngine:279 - Generated code: D:\project\CS301\Lab11\Core\Inc\stm32f1xx_it.h
2023-11-28 16:44:44,650 [INFO] CodeEngine:255 - oldGeneratedFile, D:\project\CS301\Lab11\Core\Src\stm32f1xx_hal_msp.c_save
2023-11-28 16:44:44,700 [INFO] CodeEngine:279 - Generated code: D:\project\CS301\Lab11\Core\Src\stm32f1xx_hal_msp.c
2023-11-28 16:44:44,704 [INFO] CodeEngine:255 - oldGeneratedFile, D:\project\CS301\Lab11\MXTmpFiles\system.tmp_save
2023-11-28 16:44:44,735 [INFO] CodeEngine:279 - Generated code: D:\project\CS301\Lab11\MXTmpFiles\system.tmp
2023-11-28 16:44:44,742 [INFO] CodeEngine:311 - oldGeneratedFile, D:\project\CS301\Lab11\Core\Inc\stm32f1xx_hal_conf.h_save
2023-11-28 16:44:44,782 [INFO] CodeEngine:335 - Generated code: D:\project\CS301\Lab11\Core\Inc\stm32f1xx_hal_conf.h
2023-11-28 16:44:44,798 [INFO] CodeEngine:255 - oldGeneratedFile, D:\project\CS301\Lab11\Core\Inc\main.h_save
2023-11-28 16:44:44,845 [INFO] CodeEngine:279 - Generated code: D:\project\CS301\Lab11\Core\Inc\main.h
2023-11-28 16:44:44,848 [INFO] CodeEngine:255 - oldGeneratedFile, D:\project\CS301\Lab11\Core\Src\main.c_save
2023-11-28 16:44:44,906 [INFO] CodeEngine:279 - Generated code: D:\project\CS301\Lab11\Core\Src\main.c
2023-11-28 16:44:45,422 [INFO] ProjectBuilder:3064 - Time for Copy HAL[1] : 118mS.
2023-11-28 16:44:45,425 [INFO] ProjectBuilder:4404 - Project Generator version: 4.1.0
2023-11-28 16:44:45,627 [INFO] ConfigFileManager:1457 - The Die is : DIE414
2023-11-28 16:44:47,050 [INFO] ProjectBuilder:4626 - Time for Generating toolchain IDE Files: 1625mS.
2023-11-28 16:44:47,054 [INFO] ProjectBuilder:2935 - Time for Copy CMSIS : 4mS.
2023-11-28 16:44:47,059 [INFO] ProjectBuilder:2935 - Time for Copy CMSIS : 0mS.
2023-11-28 16:47:45,256 [INFO] Gpio:273 - dependency for GPIO [RCC, SYS, TIM1]
2023-11-28 16:48:08,496 [INFO] Gpio:273 - dependency for GPIO [RCC, SYS, TIM1]
2023-11-28 16:48:08,516 [INFO] NvicIntPanel:101 - NVIC parent = com.st.microxplorer.plugins.ip.nvic.MultiNvicIntPanel[,0,0,0x0,invalid,layout=javax.swing.BoxLayout,alignmentX=0.0,alignmentY=0.0,border=,flags=9,maximumSize=,minimumSize=,preferredSize=]
2023-11-28 16:49:18,727 [INFO] Gpio:273 - dependency for GPIO [RCC, SYS]
2023-11-28 16:49:18,751 [INFO] NvicIntPanel:101 - NVIC parent = com.st.microxplorer.plugins.ip.nvic.MultiNvicIntPanel[,0,0,0x0,invalid,layout=javax.swing.BoxLayout,alignmentX=0.0,alignmentY=0.0,border=,flags=9,maximumSize=,minimumSize=,preferredSize=]
2023-11-28 16:49:18,819 [INFO] Gpio:273 - dependency for GPIO [RCC, SYS]
2023-11-28 16:49:18,872 [INFO] NvicIntPanel:101 - NVIC parent = com.st.microxplorer.plugins.ip.nvic.MultiNvicIntPanel[,0,0,0x0,invalid,layout=javax.swing.BoxLayout,alignmentX=0.0,alignmentY=0.0,border=,flags=9,maximumSize=,minimumSize=,preferredSize=]
2023-11-28 16:50:42,972 [INFO] UtilMem:75 - End SaveConfig() Used Memory: 736019296 Bytes (1073741824)
2023-11-28 16:50:43,107 [INFO] UtilMem:75 - End SaveConfig() Used Memory: 753988488 Bytes (1073741824)
2023-11-28 16:50:43,707 [INFO] UtilMem:75 - End SaveConfig() Used Memory: 611233080 Bytes (1073741824)
2023-11-28 16:50:44,024 [INFO] BlockDiagram:2759 - set Specific Code input for plugin: NVIC
2023-11-28 16:50:44,024 [INFO] BlockDiagram:2759 - set Specific Code input for plugin: TIM1_8F1
2023-11-28 16:50:44,024 [INFO] BlockDiagram:2759 - set Specific Code input for plugin: SYS
2023-11-28 16:50:44,025 [INFO] BlockDiagram:2759 - set Specific Code input for plugin: GPIO
2023-11-28 16:50:44,025 [INFO] BlockDiagram:2759 - set Specific Code input for plugin: RCC
2023-11-28 16:50:44,025 [INFO] CodeGenerator:799 - code generatio: config db path: D:\software\STM32CubeIDE_1.13.2\STM32CubeIDE\plugins\com.st.stm32cube.common.mx_6.9.2.202309101412\\db\
2023-11-28 16:50:44,106 [INFO] CodeEngine:255 - oldGeneratedFile, D:\project\CS301\Lab11\MXTmpFiles\license.tmp_save
2023-11-28 16:50:44,145 [INFO] CodeEngine:279 - Generated code: D:\project\CS301\Lab11\MXTmpFiles\license.tmp
2023-11-28 16:50:44,156 [INFO] CodeEngine:255 - oldGeneratedFile, D:\project\CS301\Lab11\Core\Src\gpio.c_save
2023-11-28 16:50:44,202 [INFO] CodeEngine:279 - Generated code: D:\project\CS301\Lab11\Core\Src\gpio.c
2023-11-28 16:50:44,206 [INFO] CodeEngine:255 - oldGeneratedFile, D:\project\CS301\Lab11\Core\Inc\gpio.h_save
2023-11-28 16:50:44,245 [INFO] CodeEngine:279 - Generated code: D:\project\CS301\Lab11\Core\Inc\gpio.h
2023-11-28 16:50:44,294 [INFO] CodeEngine:255 - oldGeneratedFile, D:\project\CS301\Lab11\Core\Src\tim.c_save
2023-11-28 16:50:44,379 [INFO] CodeEngine:279 - Generated code: D:\project\CS301\Lab11\Core\Src\tim.c
2023-11-28 16:50:44,384 [INFO] CodeEngine:255 - oldGeneratedFile, D:\project\CS301\Lab11\Core\Inc\tim.h_save
2023-11-28 16:50:44,439 [INFO] CodeEngine:279 - Generated code: D:\project\CS301\Lab11\Core\Inc\tim.h
2023-11-28 16:50:44,446 [INFO] CodeEngine:255 - oldGeneratedFile, D:\project\CS301\Lab11\Core\Src\stm32f1xx_it.c_save
2023-11-28 16:50:44,502 [INFO] CodeEngine:279 - Generated code: D:\project\CS301\Lab11\Core\Src\stm32f1xx_it.c
2023-11-28 16:50:44,506 [INFO] CodeEngine:255 - oldGeneratedFile, D:\project\CS301\Lab11\Core\Inc\stm32f1xx_it.h_save
2023-11-28 16:50:44,550 [INFO] CodeEngine:279 - Generated code: D:\project\CS301\Lab11\Core\Inc\stm32f1xx_it.h
2023-11-28 16:50:44,557 [INFO] CodeEngine:255 - oldGeneratedFile, D:\project\CS301\Lab11\Core\Src\stm32f1xx_hal_msp.c_save
2023-11-28 16:50:44,610 [INFO] CodeEngine:279 - Generated code: D:\project\CS301\Lab11\Core\Src\stm32f1xx_hal_msp.c
2023-11-28 16:50:44,613 [INFO] CodeEngine:255 - oldGeneratedFile, D:\project\CS301\Lab11\MXTmpFiles\system.tmp_save
2023-11-28 16:50:44,653 [INFO] CodeEngine:279 - Generated code: D:\project\CS301\Lab11\MXTmpFiles\system.tmp
2023-11-28 16:50:44,660 [INFO] CodeEngine:311 - oldGeneratedFile, D:\project\CS301\Lab11\Core\Inc\stm32f1xx_hal_conf.h_save
2023-11-28 16:50:44,712 [INFO] CodeEngine:335 - Generated code: D:\project\CS301\Lab11\Core\Inc\stm32f1xx_hal_conf.h
2023-11-28 16:50:44,730 [INFO] CodeEngine:255 - oldGeneratedFile, D:\project\CS301\Lab11\Core\Inc\main.h_save
2023-11-28 16:50:44,776 [INFO] CodeEngine:279 - Generated code: D:\project\CS301\Lab11\Core\Inc\main.h
2023-11-28 16:50:44,780 [INFO] CodeEngine:255 - oldGeneratedFile, D:\project\CS301\Lab11\Core\Src\main.c_save
2023-11-28 16:50:44,840 [INFO] CodeEngine:279 - Generated code: D:\project\CS301\Lab11\Core\Src\main.c
2023-11-28 16:50:45,336 [INFO] ProjectBuilder:3064 - Time for Copy HAL[1] : 146mS.
2023-11-28 16:50:45,339 [INFO] ProjectBuilder:4404 - Project Generator version: 4.1.0
2023-11-28 16:50:45,512 [INFO] ConfigFileManager:1457 - The Die is : DIE414
2023-11-28 16:50:46,482 [INFO] ProjectBuilder:4626 - Time for Generating toolchain IDE Files: 1143mS.
2023-11-28 16:50:46,482 [INFO] ProjectBuilder:2935 - Time for Copy CMSIS : 0mS.
2023-11-28 16:50:46,484 [INFO] ProjectBuilder:2935 - Time for Copy CMSIS : 0mS.
2023-11-28 16:50:48,515 [ERROR] ConfigurationRetriever:142 - IOException on connection: Connect timed out
2023-11-28 16:50:50,015 [ERROR] ConfigurationRetriever:142 - IOException on connection: Connect timed out
2023-11-28 16:50:50,518 [ERROR] ConfigurationRetriever:142 - IOException on connection: Connect timed out
2023-11-28 16:50:52,520 [ERROR] ConfigurationRetriever:142 - IOException on connection: Connect timed out
2023-11-28 16:51:27,078 [INFO] Gpio:273 - dependency for GPIO [RCC, SYS, TIM1]
2023-11-28 16:57:00,560 [INFO] Gpio:273 - dependency for GPIO [RCC, SYS, TIM1]
2023-11-28 16:57:00,601 [INFO] NvicIntPanel:101 - NVIC parent = com.st.microxplorer.plugins.ip.nvic.MultiNvicIntPanel[,0,0,0x0,invalid,layout=javax.swing.BoxLayout,alignmentX=0.0,alignmentY=0.0,border=,flags=9,maximumSize=,minimumSize=,preferredSize=]
2023-11-28 16:57:23,688 [INFO] UtilMem:75 - End SaveConfig() Used Memory: 680693392 Bytes (1073741824)
2023-11-28 16:57:23,868 [INFO] UtilMem:75 - End SaveConfig() Used Memory: 698465168 Bytes (1073741824)
2023-11-28 16:57:24,485 [INFO] UtilMem:75 - End SaveConfig() Used Memory: 731107856 Bytes (1073741824)
2023-11-28 16:57:24,735 [INFO] BlockDiagram:2759 - set Specific Code input for plugin: NVIC
2023-11-28 16:57:24,735 [INFO] BlockDiagram:2759 - set Specific Code input for plugin: TIM1_8F1
2023-11-28 16:57:24,735 [INFO] BlockDiagram:2759 - set Specific Code input for plugin: SYS
2023-11-28 16:57:24,736 [INFO] BlockDiagram:2759 - set Specific Code input for plugin: GPIO
2023-11-28 16:57:24,736 [INFO] BlockDiagram:2759 - set Specific Code input for plugin: RCC
2023-11-28 16:57:24,737 [INFO] CodeGenerator:799 - code generatio: config db path: D:\software\STM32CubeIDE_1.13.2\STM32CubeIDE\plugins\com.st.stm32cube.common.mx_6.9.2.202309101412\\db\
2023-11-28 16:57:24,816 [INFO] CodeEngine:255 - oldGeneratedFile, D:\project\CS301\Lab11\MXTmpFiles\license.tmp_save
2023-11-28 16:57:24,857 [INFO] CodeEngine:279 - Generated code: D:\project\CS301\Lab11\MXTmpFiles\license.tmp
2023-11-28 16:57:24,869 [INFO] CodeEngine:255 - oldGeneratedFile, D:\project\CS301\Lab11\Core\Src\gpio.c_save
2023-11-28 16:57:24,916 [INFO] CodeEngine:279 - Generated code: D:\project\CS301\Lab11\Core\Src\gpio.c
2023-11-28 16:57:24,920 [INFO] CodeEngine:255 - oldGeneratedFile, D:\project\CS301\Lab11\Core\Inc\gpio.h_save
2023-11-28 16:57:24,960 [INFO] CodeEngine:279 - Generated code: D:\project\CS301\Lab11\Core\Inc\gpio.h
2023-11-28 16:57:25,003 [INFO] CodeEngine:255 - oldGeneratedFile, D:\project\CS301\Lab11\Core\Src\tim.c_save
2023-11-28 16:57:25,074 [INFO] CodeEngine:279 - Generated code: D:\project\CS301\Lab11\Core\Src\tim.c
2023-11-28 16:57:25,079 [INFO] CodeEngine:255 - oldGeneratedFile, D:\project\CS301\Lab11\Core\Inc\tim.h_save
2023-11-28 16:57:25,146 [INFO] CodeEngine:279 - Generated code: D:\project\CS301\Lab11\Core\Inc\tim.h
2023-11-28 16:57:25,156 [INFO] CodeEngine:255 - oldGeneratedFile, D:\project\CS301\Lab11\Core\Src\stm32f1xx_it.c_save
2023-11-28 16:57:25,208 [INFO] CodeEngine:279 - Generated code: D:\project\CS301\Lab11\Core\Src\stm32f1xx_it.c
2023-11-28 16:57:25,212 [INFO] CodeEngine:255 - oldGeneratedFile, D:\project\CS301\Lab11\Core\Inc\stm32f1xx_it.h_save
2023-11-28 16:57:25,283 [INFO] CodeEngine:279 - Generated code: D:\project\CS301\Lab11\Core\Inc\stm32f1xx_it.h
2023-11-28 16:57:25,290 [INFO] CodeEngine:255 - oldGeneratedFile, D:\project\CS301\Lab11\Core\Src\stm32f1xx_hal_msp.c_save
2023-11-28 16:57:25,344 [INFO] CodeEngine:279 - Generated code: D:\project\CS301\Lab11\Core\Src\stm32f1xx_hal_msp.c
2023-11-28 16:57:25,347 [INFO] CodeEngine:255 - oldGeneratedFile, D:\project\CS301\Lab11\MXTmpFiles\system.tmp_save
2023-11-28 16:57:25,385 [INFO] CodeEngine:279 - Generated code: D:\project\CS301\Lab11\MXTmpFiles\system.tmp
2023-11-28 16:57:25,392 [INFO] CodeEngine:311 - oldGeneratedFile, D:\project\CS301\Lab11\Core\Inc\stm32f1xx_hal_conf.h_save
2023-11-28 16:57:25,441 [INFO] CodeEngine:335 - Generated code: D:\project\CS301\Lab11\Core\Inc\stm32f1xx_hal_conf.h
2023-11-28 16:57:25,457 [INFO] CodeEngine:255 - oldGeneratedFile, D:\project\CS301\Lab11\Core\Inc\main.h_save
2023-11-28 16:57:25,506 [INFO] CodeEngine:279 - Generated code: D:\project\CS301\Lab11\Core\Inc\main.h
2023-11-28 16:57:25,511 [INFO] CodeEngine:255 - oldGeneratedFile, D:\project\CS301\Lab11\Core\Src\main.c_save
2023-11-28 16:57:25,569 [INFO] CodeEngine:279 - Generated code: D:\project\CS301\Lab11\Core\Src\main.c
2023-11-28 16:57:26,003 [INFO] ProjectBuilder:3064 - Time for Copy HAL[1] : 142mS.
2023-11-28 16:57:26,005 [INFO] ProjectBuilder:4404 - Project Generator version: 4.1.0
2023-11-28 16:57:26,168 [INFO] ConfigFileManager:1457 - The Die is : DIE414
2023-11-28 16:57:27,075 [INFO] ProjectBuilder:4626 - Time for Generating toolchain IDE Files: 1070mS.
2023-11-28 16:57:27,076 [INFO] ProjectBuilder:2935 - Time for Copy CMSIS : 1mS.
2023-11-28 16:57:27,078 [INFO] ProjectBuilder:2935 - Time for Copy CMSIS : 0mS.
2023-11-28 16:57:31,675 [ERROR] AdobePublisher:162 - Exception while opening the connection: java.net.SocketTimeoutException: Read timed out
2023-11-28 16:57:34,772 [ERROR] AdobePublisher:183 - Exception while getting the server answer: java.net.SocketTimeoutException: Read timed out
2023-11-28 16:58:06,580 [INFO] UtilMem:75 - End SaveConfig() Used Memory: 687375720 Bytes (1073741824)
2023-11-28 16:58:06,792 [INFO] UtilMem:75 - End SaveConfig() Used Memory: 647686976 Bytes (1073741824)
2023-11-28 16:58:07,408 [INFO] UtilMem:75 - End SaveConfig() Used Memory: 647367952 Bytes (1073741824)
2023-11-28 16:58:07,702 [INFO] BlockDiagram:2759 - set Specific Code input for plugin: NVIC
2023-11-28 16:58:07,702 [INFO] BlockDiagram:2759 - set Specific Code input for plugin: TIM1_8F1
2023-11-28 16:58:07,702 [INFO] BlockDiagram:2759 - set Specific Code input for plugin: SYS
2023-11-28 16:58:07,703 [INFO] BlockDiagram:2759 - set Specific Code input for plugin: GPIO
2023-11-28 16:58:07,703 [INFO] BlockDiagram:2759 - set Specific Code input for plugin: RCC
2023-11-28 16:58:07,703 [INFO] CodeGenerator:799 - code generatio: config db path: D:\software\STM32CubeIDE_1.13.2\STM32CubeIDE\plugins\com.st.stm32cube.common.mx_6.9.2.202309101412\\db\
2023-11-28 16:58:07,770 [INFO] CodeEngine:255 - oldGeneratedFile, D:\project\CS301\Lab11\MXTmpFiles\license.tmp_save
2023-11-28 16:58:07,808 [INFO] CodeEngine:279 - Generated code: D:\project\CS301\Lab11\MXTmpFiles\license.tmp
2023-11-28 16:58:07,817 [INFO] CodeEngine:255 - oldGeneratedFile, D:\project\CS301\Lab11\Core\Src\gpio.c_save
2023-11-28 16:58:07,854 [INFO] CodeEngine:279 - Generated code: D:\project\CS301\Lab11\Core\Src\gpio.c
2023-11-28 16:58:07,857 [INFO] CodeEngine:255 - oldGeneratedFile, D:\project\CS301\Lab11\Core\Inc\gpio.h_save
2023-11-28 16:58:07,892 [INFO] CodeEngine:279 - Generated code: D:\project\CS301\Lab11\Core\Inc\gpio.h
2023-11-28 16:58:07,916 [INFO] CodeEngine:255 - oldGeneratedFile, D:\project\CS301\Lab11\Core\Src\tim.c_save
2023-11-28 16:58:07,970 [INFO] CodeEngine:279 - Generated code: D:\project\CS301\Lab11\Core\Src\tim.c
2023-11-28 16:58:07,973 [INFO] CodeEngine:255 - oldGeneratedFile, D:\project\CS301\Lab11\Core\Inc\tim.h_save
2023-11-28 16:58:08,012 [INFO] CodeEngine:279 - Generated code: D:\project\CS301\Lab11\Core\Inc\tim.h
2023-11-28 16:58:08,019 [INFO] CodeEngine:255 - oldGeneratedFile, D:\project\CS301\Lab11\Core\Src\stm32f1xx_it.c_save
2023-11-28 16:58:08,102 [INFO] CodeEngine:279 - Generated code: D:\project\CS301\Lab11\Core\Src\stm32f1xx_it.c
2023-11-28 16:58:08,105 [INFO] CodeEngine:255 - oldGeneratedFile, D:\project\CS301\Lab11\Core\Inc\stm32f1xx_it.h_save
2023-11-28 16:58:08,156 [INFO] CodeEngine:279 - Generated code: D:\project\CS301\Lab11\Core\Inc\stm32f1xx_it.h
2023-11-28 16:58:08,164 [INFO] CodeEngine:255 - oldGeneratedFile, D:\project\CS301\Lab11\Core\Src\stm32f1xx_hal_msp.c_save
2023-11-28 16:58:08,250 [INFO] CodeEngine:279 - Generated code: D:\project\CS301\Lab11\Core\Src\stm32f1xx_hal_msp.c
2023-11-28 16:58:08,252 [INFO] CodeEngine:255 - oldGeneratedFile, D:\project\CS301\Lab11\MXTmpFiles\system.tmp_save
2023-11-28 16:58:08,284 [INFO] CodeEngine:279 - Generated code: D:\project\CS301\Lab11\MXTmpFiles\system.tmp
2023-11-28 16:58:08,289 [INFO] CodeEngine:311 - oldGeneratedFile, D:\project\CS301\Lab11\Core\Inc\stm32f1xx_hal_conf.h_save
2023-11-28 16:58:08,333 [INFO] CodeEngine:335 - Generated code: D:\project\CS301\Lab11\Core\Inc\stm32f1xx_hal_conf.h
2023-11-28 16:58:08,346 [INFO] CodeEngine:255 - oldGeneratedFile, D:\project\CS301\Lab11\Core\Inc\main.h_save
2023-11-28 16:58:08,386 [INFO] CodeEngine:279 - Generated code: D:\project\CS301\Lab11\Core\Inc\main.h
2023-11-28 16:58:08,389 [INFO] CodeEngine:255 - oldGeneratedFile, D:\project\CS301\Lab11\Core\Src\main.c_save
2023-11-28 16:58:08,438 [INFO] CodeEngine:279 - Generated code: D:\project\CS301\Lab11\Core\Src\main.c
2023-11-28 16:58:08,944 [INFO] ProjectBuilder:3064 - Time for Copy HAL[1] : 96mS.
2023-11-28 16:58:08,945 [INFO] ProjectBuilder:4404 - Project Generator version: 4.1.0
2023-11-28 16:58:09,210 [INFO] ConfigFileManager:1457 - The Die is : DIE414
2023-11-28 16:58:10,114 [INFO] ProjectBuilder:4626 - Time for Generating toolchain IDE Files: 1169mS.
2023-11-28 16:58:10,114 [INFO] ProjectBuilder:2935 - Time for Copy CMSIS : 0mS.
2023-11-28 16:58:10,116 [INFO] ProjectBuilder:2935 - Time for Copy CMSIS : 0mS.
2023-11-28 17:16:31,202 [INFO] Gpio:273 - dependency for GPIO [RCC, SYS, TIM1]
2023-11-28 17:16:35,232 [INFO] UtilMem:75 - End SaveConfig() Used Memory: 870332432 Bytes (1073741824)
2023-11-28 17:16:35,409 [INFO] UtilMem:75 - End SaveConfig() Used Memory: 677959928 Bytes (1073741824)
2023-11-28 17:16:36,058 [INFO] UtilMem:75 - End SaveConfig() Used Memory: 659192688 Bytes (1073741824)
2023-11-28 17:16:36,377 [INFO] BlockDiagram:2759 - set Specific Code input for plugin: NVIC
2023-11-28 17:16:36,377 [INFO] BlockDiagram:2759 - set Specific Code input for plugin: TIM1_8F1
2023-11-28 17:16:36,377 [INFO] BlockDiagram:2759 - set Specific Code input for plugin: SYS
2023-11-28 17:16:36,377 [INFO] BlockDiagram:2759 - set Specific Code input for plugin: GPIO
2023-11-28 17:16:36,377 [INFO] BlockDiagram:2759 - set Specific Code input for plugin: RCC
2023-11-28 17:16:36,378 [INFO] CodeGenerator:799 - code generatio: config db path: D:\software\STM32CubeIDE_1.13.2\STM32CubeIDE\plugins\com.st.stm32cube.common.mx_6.9.2.202309101412\\db\
2023-11-28 17:16:36,453 [INFO] CodeEngine:255 - oldGeneratedFile, D:\project\CS301\Lab11\MXTmpFiles\license.tmp_save
2023-11-28 17:16:36,513 [INFO] CodeEngine:279 - Generated code: D:\project\CS301\Lab11\MXTmpFiles\license.tmp
2023-11-28 17:16:36,525 [INFO] CodeEngine:255 - oldGeneratedFile, D:\project\CS301\Lab11\Core\Src\gpio.c_save
2023-11-28 17:16:36,632 [INFO] CodeEngine:279 - Generated code: D:\project\CS301\Lab11\Core\Src\gpio.c
2023-11-28 17:16:36,635 [INFO] CodeEngine:255 - oldGeneratedFile, D:\project\CS301\Lab11\Core\Inc\gpio.h_save
2023-11-28 17:16:36,676 [INFO] CodeEngine:279 - Generated code: D:\project\CS301\Lab11\Core\Inc\gpio.h
2023-11-28 17:16:36,760 [INFO] CodeEngine:255 - oldGeneratedFile, D:\project\CS301\Lab11\Core\Src\tim.c_save
2023-11-28 17:16:36,829 [INFO] CodeEngine:279 - Generated code: D:\project\CS301\Lab11\Core\Src\tim.c
2023-11-28 17:16:36,832 [INFO] CodeEngine:255 - oldGeneratedFile, D:\project\CS301\Lab11\Core\Inc\tim.h_save
2023-11-28 17:16:36,872 [INFO] CodeEngine:279 - Generated code: D:\project\CS301\Lab11\Core\Inc\tim.h
2023-11-28 17:16:36,890 [INFO] CodeEngine:255 - oldGeneratedFile, D:\project\CS301\Lab11\Core\Src\stm32f1xx_it.c_save
2023-11-28 17:16:37,035 [INFO] CodeEngine:279 - Generated code: D:\project\CS301\Lab11\Core\Src\stm32f1xx_it.c
2023-11-28 17:16:37,039 [INFO] CodeEngine:255 - oldGeneratedFile, D:\project\CS301\Lab11\Core\Inc\stm32f1xx_it.h_save
2023-11-28 17:16:37,101 [INFO] CodeEngine:279 - Generated code: D:\project\CS301\Lab11\Core\Inc\stm32f1xx_it.h
2023-11-28 17:16:37,111 [INFO] CodeEngine:255 - oldGeneratedFile, D:\project\CS301\Lab11\Core\Src\stm32f1xx_hal_msp.c_save
2023-11-28 17:16:37,165 [INFO] CodeEngine:279 - Generated code: D:\project\CS301\Lab11\Core\Src\stm32f1xx_hal_msp.c
2023-11-28 17:16:37,167 [INFO] CodeEngine:255 - oldGeneratedFile, D:\project\CS301\Lab11\MXTmpFiles\system.tmp_save
2023-11-28 17:16:37,214 [INFO] CodeEngine:279 - Generated code: D:\project\CS301\Lab11\MXTmpFiles\system.tmp
2023-11-28 17:16:37,219 [INFO] CodeEngine:311 - oldGeneratedFile, D:\project\CS301\Lab11\Core\Inc\stm32f1xx_hal_conf.h_save
2023-11-28 17:16:37,254 [INFO] CodeEngine:335 - Generated code: D:\project\CS301\Lab11\Core\Inc\stm32f1xx_hal_conf.h
2023-11-28 17:16:37,265 [INFO] CodeEngine:255 - oldGeneratedFile, D:\project\CS301\Lab11\Core\Inc\main.h_save
2023-11-28 17:16:37,306 [INFO] CodeEngine:279 - Generated code: D:\project\CS301\Lab11\Core\Inc\main.h
2023-11-28 17:16:37,310 [INFO] CodeEngine:255 - oldGeneratedFile, D:\project\CS301\Lab11\Core\Src\main.c_save
2023-11-28 17:16:37,358 [INFO] CodeEngine:279 - Generated code: D:\project\CS301\Lab11\Core\Src\main.c
2023-11-28 17:16:37,829 [INFO] ProjectBuilder:3064 - Time for Copy HAL[1] : 129mS.
2023-11-28 17:16:37,831 [INFO] ProjectBuilder:4404 - Project Generator version: 4.1.0
2023-11-28 17:16:38,032 [INFO] ConfigFileManager:1457 - The Die is : DIE414
2023-11-28 17:16:38,862 [INFO] ProjectBuilder:4626 - Time for Generating toolchain IDE Files: 1031mS.
2023-11-28 17:16:38,862 [INFO] ProjectBuilder:2935 - Time for Copy CMSIS : 0mS.
2023-11-28 17:16:38,864 [INFO] ProjectBuilder:2935 - Time for Copy CMSIS : 0mS.
2023-11-28 17:54:58,340 [ERROR] ConfigurationRetriever:142 - IOException on connection: Read timed out
