2023-11-18 13:12:12,562 [INFO] Activator:176 - 


2023-11-18 13:12:12,566 [INFO] Activator:177 - !SESSION log4j initialized
2023-11-18 13:12:16,924 [INFO] LogOutputStream:77 - [STDOUT_REDIRECT] 
2023-11-18 13:12:18,465 [INFO] ApplicationProperties:184 - Using Application install path: D:\software\STM32CubeIDE_1.13.2\STM32CubeIDE\plugins\com.st.stm32cube.common.mx_6.9.2.202309101412
2023-11-18 13:12:18,516 [INFO] DbMcusXml:78 - Set database path to: D:\software\STM32CubeIDE_1.13.2\STM32CubeIDE\plugins\com.st.stm32cube.common.mx_6.9.2.202309101412\\db\/mcu/
2023-11-18 13:12:18,518 [INFO] ApiDb:274 - Set plugin database path to: D:\software\STM32CubeIDE_1.13.2\STM32CubeIDE\plugins\com.st.stm32cube.common.mx_6.9.2.202309101412\\db\/plugins/boardmanager/
2023-11-18 13:12:18,518 [WARN] ApiDb:259 - Overriding images path with different value:  => D:\software\STM32CubeIDE_1.13.2\STM32CubeIDE\plugins\com.st.stm32cube.common.mx_6.9.2.202309101412\\db\/plugins/mcufinder/images/
2023-11-18 13:12:18,539 [INFO] ApiDb:250 - Set database path to: C:\Users\lenovo\.stmcufinder\plugins\mcufinder//mcu/
2023-11-18 13:12:18,542 [INFO] DbMcusAds:125 - Set database path to: C:\Users\lenovo\.stmcufinder\plugins\mcufinder//mcu/
2023-11-18 13:12:18,547 [INFO] CrossReferenceDbSqlite:203 - Set database path to: C:\Users\lenovo\.stmcufinder\plugins\mcufinder//mcu/cs/
2023-11-18 13:12:18,641 [INFO] RulesReader:64 - Compatibility file has been processed (293 Rules)
2023-11-18 13:12:18,713 [INFO] DbMcusXml:78 - Set database path to: D:\software\STM32CubeIDE_1.13.2\STM32CubeIDE\plugins\com.st.stm32cube.common.mx_6.9.2.202309101412\\db\/mcu/
2023-11-18 13:12:18,713 [INFO] ApiDb:274 - Set plugin database path to: D:\software\STM32CubeIDE_1.13.2\STM32CubeIDE\plugins\com.st.stm32cube.common.mx_6.9.2.202309101412\\db\/plugins/boardmanager/
2023-11-18 13:12:18,713 [INFO] ApiDb:261 - Set plugin images path to: D:\software\STM32CubeIDE_1.13.2\STM32CubeIDE\plugins\com.st.stm32cube.common.mx_6.9.2.202309101412\\db\/plugins/mcufinder/images/
2023-11-18 13:12:18,713 [WARN] DbFile:41 - Overriding database path with different value: C:\Users\lenovo\.stmcufinder\plugins\mcufinder/ => C:\Users\lenovo\.stmcufinder\plugins\mcufinder
2023-11-18 13:12:18,713 [INFO] ApiDb:250 - Set database path to: C:\Users\lenovo\.stmcufinder\plugins\mcufinder//mcu/
2023-11-18 13:12:18,713 [WARN] DbFile:41 - Overriding database path with different value: C:\Users\lenovo\.stmcufinder\plugins\mcufinder/ => C:\Users\lenovo\.stmcufinder\plugins\mcufinder
2023-11-18 13:12:18,713 [INFO] DbMcusAds:125 - Set database path to: C:\Users\lenovo\.stmcufinder\plugins\mcufinder//mcu/
2023-11-18 13:12:18,713 [WARN] DbFile:41 - Overriding database path with different value: C:\Users\lenovo\.stmcufinder\plugins\mcufinder/ => C:\Users\lenovo\.stmcufinder\plugins\mcufinder
2023-11-18 13:12:18,713 [WARN] DbFile:41 - Overriding database path with different value: C:\Users\lenovo\.stmcufinder\plugins\mcufinder/ => C:\Users\lenovo\.stmcufinder\plugins\mcufinder
2023-11-18 13:12:18,714 [INFO] CrossReferenceDbSqlite:203 - Set database path to: C:\Users\lenovo\.stmcufinder\plugins\mcufinder//mcu/cs/
2023-11-18 13:12:18,772 [INFO] MainPanel:262 - HeapMemory: 268435456
2023-11-18 13:12:18,812 [INFO] McuFinderGlobals:63 - Set McuFinder mode to 2 (CubeIDE integrated)
2023-11-18 13:12:18,860 [INFO] DbMcusXml:78 - Set database path to: D:\software\STM32CubeIDE_1.13.2\STM32CubeIDE\plugins\com.st.stm32cube.common.mx_6.9.2.202309101412\\db\/mcu/
2023-11-18 13:12:18,860 [INFO] ApiDb:274 - Set plugin database path to: D:\software\STM32CubeIDE_1.13.2\STM32CubeIDE\plugins\com.st.stm32cube.common.mx_6.9.2.202309101412\\db\/plugins/boardmanager/
2023-11-18 13:12:18,860 [INFO] ApiDb:261 - Set plugin images path to: D:\software\STM32CubeIDE_1.13.2\STM32CubeIDE\plugins\com.st.stm32cube.common.mx_6.9.2.202309101412\\db\/plugins/mcufinder/images/
2023-11-18 13:12:18,861 [WARN] DbFile:41 - Overriding database path with different value: C:\Users\lenovo\.stmcufinder\plugins\mcufinder/ => C:\Users\lenovo\.stmcufinder\plugins\mcufinder
2023-11-18 13:12:18,861 [INFO] ApiDb:250 - Set database path to: C:\Users\lenovo\.stmcufinder\plugins\mcufinder//mcu/
2023-11-18 13:12:18,861 [WARN] DbFile:41 - Overriding database path with different value: C:\Users\lenovo\.stmcufinder\plugins\mcufinder/ => C:\Users\lenovo\.stmcufinder\plugins\mcufinder
2023-11-18 13:12:18,861 [INFO] DbMcusAds:125 - Set database path to: C:\Users\lenovo\.stmcufinder\plugins\mcufinder//mcu/
2023-11-18 13:12:18,861 [WARN] DbFile:41 - Overriding database path with different value: C:\Users\lenovo\.stmcufinder\plugins\mcufinder/ => C:\Users\lenovo\.stmcufinder\plugins\mcufinder
2023-11-18 13:12:18,861 [WARN] DbFile:41 - Overriding database path with different value: C:\Users\lenovo\.stmcufinder\plugins\mcufinder/ => C:\Users\lenovo\.stmcufinder\plugins\mcufinder
2023-11-18 13:12:18,861 [INFO] CrossReferenceDbSqlite:203 - Set database path to: C:\Users\lenovo\.stmcufinder\plugins\mcufinder//mcu/cs/
2023-11-18 13:12:18,873 [INFO] ApplicationProperties:184 - Using Application install path: D:\software\STM32CubeIDE_1.13.2\STM32CubeIDE\plugins\com.st.stm32cube.common.mx_6.9.2.202309101412
2023-11-18 13:12:18,874 [INFO] PluginManage:196 - Search for loadable plugins [exclusion list=, ]
2023-11-18 13:12:18,875 [INFO] PluginManage:310 - Check plugin analytics
2023-11-18 13:12:18,983 [INFO] AnalyticsPlugin:253 - Accepted Software Licenses: STM32CubeMX.6.9.2
2023-11-18 13:12:18,984 [INFO] AnalyticsPlugin:255 - Accepted CMSIS Pack Licenses: 
2023-11-18 13:12:18,984 [INFO] AnalyticsPlugin:257 - Accepted Firmware Licenses: 
2023-11-18 13:12:18,987 [INFO] PluginManage:359 - Loaded plugin analytics (category:tool,tabindex:-1)
2023-11-18 13:12:18,987 [INFO] PluginManage:310 - Check plugin cadmodel
2023-11-18 13:12:18,991 [INFO] CADModel:105 - Init CAD model plugin
2023-11-18 13:12:18,991 [INFO] PluginManage:359 - Loaded plugin cadmodel (category:power,tabindex:5)
2023-11-18 13:12:18,991 [INFO] PluginManage:310 - Check plugin clock
2023-11-18 13:12:18,998 [INFO] PluginManage:359 - Loaded plugin clock (category:base,tabindex:2)
2023-11-18 13:12:18,998 [INFO] PluginManage:310 - Check plugin ddr
2023-11-18 13:12:18,999 [INFO] PluginManage:359 - Loaded plugin ddr (category:tool,tabindex:6)
2023-11-18 13:12:18,999 [INFO] PluginManage:310 - Check plugin filemanager
2023-11-18 13:12:19,104 [INFO] PluginManage:359 - Loaded plugin filemanager (category:base,tabindex:10)
2023-11-18 13:12:19,104 [INFO] PluginManage:310 - Check plugin ipmanager
2023-11-18 13:12:19,109 [INFO] PluginManage:359 - Loaded plugin ipmanager (category:base,tabindex:5)
2023-11-18 13:12:19,109 [INFO] PluginManage:310 - Check plugin lpbam
2023-11-18 13:12:19,116 [INFO] PluginManage:359 - Loaded plugin lpbam (category:base,tabindex:0)
2023-11-18 13:12:19,116 [INFO] PluginManage:310 - Check plugin memorymap
2023-11-18 13:12:19,126 [INFO] PluginManage:359 - Loaded plugin memorymap (category:base,tabindex:4)
2023-11-18 13:12:19,127 [INFO] PluginManage:310 - Check plugin pinoutandconfiguration
2023-11-18 13:12:19,132 [INFO] PluginManage:359 - Loaded plugin pinoutandconfiguration (category:base,tabindex:1)
2023-11-18 13:12:19,132 [INFO] PluginManage:310 - Check plugin pinoutconfig
2023-11-18 13:12:19,195 [WARN] SupportedApi:132 - Cannot load RTOS API schema: s4s-elt-must-match.1: The content of 'definitions' must match (annotation?, (simpleType | complexType)?, (unique | key | keyref)*)). A problem was found starting at: attribute.
2023-11-18 13:12:19,299 [INFO] PluginManage:359 - Loaded plugin pinoutconfig (category:base,tabindex:0)
2023-11-18 13:12:19,299 [INFO] PluginManage:310 - Check plugin power
2023-11-18 13:12:19,307 [INFO] PluginManage:359 - Loaded plugin power (category:power,tabindex:4)
2023-11-18 13:12:19,307 [INFO] PluginManage:310 - Check plugin projectmanager
2023-11-18 13:12:19,318 [INFO] PluginManage:359 - Loaded plugin projectmanager (category:projectmanager,tabindex:3)
2023-11-18 13:12:19,318 [INFO] PluginManage:310 - Check plugin thirdparty
2023-11-18 13:12:19,426 [INFO] PluginManage:359 - Loaded plugin thirdparty (category:base,tabindex:-1)
2023-11-18 13:12:19,426 [INFO] PluginManage:310 - Check plugin tools
2023-11-18 13:12:19,428 [WARN] IntegrityCheckThread:84 - waiting for thirdparty lock release [integrity check]
2023-11-18 13:12:19,428 [INFO] IntegrityCheckThread:86 - entering critical section [integrity check]
2023-11-18 13:12:19,428 [INFO] ThirdPartyUpdaterWithRetryManager:70 - Updater plugin not ready yet. [1/15]
2023-11-18 13:12:19,429 [INFO] PluginManage:359 - Loaded plugin tools (category:base,tabindex:7)
2023-11-18 13:12:19,429 [INFO] PluginManage:310 - Check plugin tutovideos
2023-11-18 13:12:19,561 [INFO] PluginManage:359 - Loaded plugin tutovideos (category:base,tabindex:-1)
2023-11-18 13:12:19,561 [INFO] PluginManage:310 - Check plugin updater
2023-11-18 13:12:19,569 [INFO] PluginManage:359 - Loaded plugin updater (category:base,tabindex:12)
2023-11-18 13:12:19,569 [INFO] PluginManage:310 - Check plugin userauth
2023-11-18 13:12:19,573 [INFO] UserAuth:113 - Init User Auth plugin
2023-11-18 13:12:19,573 [INFO] PluginManage:359 - Loaded plugin userauth (category:base,tabindex:14)
2023-11-18 13:12:19,573 [INFO] PluginManage:283 - PluginManage : Loaded plugins [17]
2023-11-18 13:12:19,750 [INFO] PinOutPanel:1499 - setPackage(No Configuration,No Configuration)
2023-11-18 13:12:19,821 [INFO] CADModel:165 - CPN selected for project level
2023-11-18 13:12:19,821 [INFO] CADModel:114 - Register for checkConnection events
2023-11-18 13:12:19,833 [INFO] IPUIPlugin:80 - create IPUIPlugin
2023-11-18 13:12:19,833 [INFO] PluginManager:220 - loadIPPluginJar : add adc
2023-11-18 13:12:19,835 [INFO] IPUIPlugin:80 - create IPUIPlugin
2023-11-18 13:12:19,835 [INFO] PluginManager:220 - loadIPPluginJar : add aes
2023-11-18 13:12:19,836 [INFO] IPUIPlugin:80 - create IPUIPlugin
2023-11-18 13:12:19,836 [INFO] PluginManager:220 - loadIPPluginJar : add can
2023-11-18 13:12:19,837 [INFO] IPUIPlugin:80 - create IPUIPlugin
2023-11-18 13:12:19,837 [INFO] PluginManager:220 - loadIPPluginJar : add comp
2023-11-18 13:12:19,838 [INFO] IPUIPlugin:80 - create IPUIPlugin
2023-11-18 13:12:19,839 [INFO] PluginManager:220 - loadIPPluginJar : add cryp
2023-11-18 13:12:19,840 [INFO] IPUIPlugin:80 - create IPUIPlugin
2023-11-18 13:12:19,841 [INFO] PluginManager:220 - loadIPPluginJar : add dfsdm
2023-11-18 13:12:19,843 [INFO] IPUIPlugin:80 - create IPUIPlugin
2023-11-18 13:12:19,844 [INFO] PluginManager:220 - loadIPPluginJar : add dma
2023-11-18 13:12:19,845 [INFO] IPUIPlugin:80 - create IPUIPlugin
2023-11-18 13:12:19,845 [INFO] PluginManager:220 - loadIPPluginJar : add dma3
2023-11-18 13:12:19,846 [INFO] IPUIPlugin:80 - create IPUIPlugin
2023-11-18 13:12:19,846 [INFO] PluginManager:220 - loadIPPluginJar : add fatfs
2023-11-18 13:12:19,848 [INFO] IPUIPlugin:80 - create IPUIPlugin
2023-11-18 13:12:19,849 [INFO] PluginManager:220 - loadIPPluginJar : add fmc
2023-11-18 13:12:19,853 [INFO] IPUIPlugin:80 - create IPUIPlugin
2023-11-18 13:12:19,853 [INFO] PluginManager:220 - loadIPPluginJar : add freertos
2023-11-18 13:12:19,855 [INFO] IPUIPlugin:80 - create IPUIPlugin
2023-11-18 13:12:19,855 [INFO] PluginManager:220 - loadIPPluginJar : add genericplugin
2023-11-18 13:12:19,856 [INFO] IPUIPlugin:80 - create IPUIPlugin
2023-11-18 13:12:19,856 [INFO] PluginManager:220 - loadIPPluginJar : add gfxmmu
2023-11-18 13:12:19,859 [INFO] IPUIPlugin:80 - create IPUIPlugin
2023-11-18 13:12:19,859 [INFO] PluginManager:220 - loadIPPluginJar : add gic
2023-11-18 13:12:19,861 [INFO] IPUIPlugin:80 - create IPUIPlugin
2023-11-18 13:12:19,861 [INFO] PluginManager:220 - loadIPPluginJar : add gpio
2023-11-18 13:12:19,863 [INFO] IPUIPlugin:80 - create IPUIPlugin
2023-11-18 13:12:19,863 [INFO] PluginManager:220 - loadIPPluginJar : add gtzc
2023-11-18 13:12:19,864 [INFO] IPUIPlugin:80 - create IPUIPlugin
2023-11-18 13:12:19,864 [INFO] PluginManager:220 - loadIPPluginJar : add hash
2023-11-18 13:12:19,866 [INFO] IPUIPlugin:80 - create IPUIPlugin
2023-11-18 13:12:19,866 [INFO] PluginManager:220 - loadIPPluginJar : add i2c
2023-11-18 13:12:19,867 [INFO] IPUIPlugin:80 - create IPUIPlugin
2023-11-18 13:12:19,867 [INFO] PluginManager:220 - loadIPPluginJar : add i2s
2023-11-18 13:12:19,868 [INFO] IPUIPlugin:80 - create IPUIPlugin
2023-11-18 13:12:19,869 [INFO] PluginManager:220 - loadIPPluginJar : add i3c
2023-11-18 13:12:19,870 [INFO] IPUIPlugin:80 - create IPUIPlugin
2023-11-18 13:12:19,871 [INFO] PluginManager:220 - loadIPPluginJar : add ipddr
2023-11-18 13:12:19,876 [INFO] IPUIPlugin:80 - create IPUIPlugin
2023-11-18 13:12:19,876 [INFO] PluginManager:220 - loadIPPluginJar : add linkedlist
2023-11-18 13:12:19,877 [INFO] IPUIPlugin:80 - create IPUIPlugin
2023-11-18 13:12:19,877 [INFO] PluginManager:220 - loadIPPluginJar : add lorawan
2023-11-18 13:12:19,878 [INFO] IPUIPlugin:80 - create IPUIPlugin
2023-11-18 13:12:19,878 [INFO] PluginManager:220 - loadIPPluginJar : add ltdc
2023-11-18 13:12:19,882 [INFO] IPUIPlugin:80 - create IPUIPlugin
2023-11-18 13:12:19,882 [INFO] PluginManager:220 - loadIPPluginJar : add mdma
2023-11-18 13:12:19,885 [INFO] IPUIPlugin:80 - create IPUIPlugin
2023-11-18 13:12:19,885 [INFO] PluginManager:220 - loadIPPluginJar : add nvic
2023-11-18 13:12:19,887 [INFO] IPUIPlugin:80 - create IPUIPlugin
2023-11-18 13:12:19,887 [INFO] PluginManager:220 - loadIPPluginJar : add opamp
2023-11-18 13:12:19,889 [INFO] IPUIPlugin:80 - create IPUIPlugin
2023-11-18 13:12:19,889 [INFO] PluginManager:220 - loadIPPluginJar : add openamp
2023-11-18 13:12:19,890 [INFO] IPUIPlugin:80 - create IPUIPlugin
2023-11-18 13:12:19,890 [INFO] PluginManager:220 - loadIPPluginJar : add pdm2pcm
2023-11-18 13:12:19,895 [INFO] IPUIPlugin:80 - create IPUIPlugin
2023-11-18 13:12:19,896 [INFO] PluginManager:220 - loadIPPluginJar : add plateformsettings
2023-11-18 13:12:19,897 [INFO] IPUIPlugin:80 - create IPUIPlugin
2023-11-18 13:12:19,898 [INFO] PluginManager:220 - loadIPPluginJar : add quadspi
2023-11-18 13:12:19,901 [INFO] IPUIPlugin:80 - create IPUIPlugin
2023-11-18 13:12:19,901 [INFO] PluginManager:220 - loadIPPluginJar : add resmgrutility
2023-11-18 13:12:19,903 [INFO] IPUIPlugin:80 - create IPUIPlugin
2023-11-18 13:12:19,903 [INFO] PluginManager:220 - loadIPPluginJar : add sai
2023-11-18 13:12:19,903 [INFO] IPUIPlugin:80 - create IPUIPlugin
2023-11-18 13:12:19,904 [INFO] PluginManager:220 - loadIPPluginJar : add spi
2023-11-18 13:12:19,907 [INFO] IPUIPlugin:80 - create IPUIPlugin
2023-11-18 13:12:19,907 [INFO] PluginManager:220 - loadIPPluginJar : add stm32_wpan
2023-11-18 13:12:19,908 [INFO] IPUIPlugin:80 - create IPUIPlugin
2023-11-18 13:12:19,908 [INFO] PluginManager:220 - loadIPPluginJar : add tim
2023-11-18 13:12:19,910 [INFO] IPUIPlugin:80 - create IPUIPlugin
2023-11-18 13:12:19,910 [INFO] PluginManager:220 - loadIPPluginJar : add touchsensing
2023-11-18 13:12:19,911 [INFO] IPUIPlugin:80 - create IPUIPlugin
2023-11-18 13:12:19,911 [INFO] PluginManager:220 - loadIPPluginJar : add tracer_emb
2023-11-18 13:12:19,912 [INFO] IPUIPlugin:80 - create IPUIPlugin
2023-11-18 13:12:19,912 [INFO] PluginManager:220 - loadIPPluginJar : add ts
2023-11-18 13:12:19,913 [INFO] IPUIPlugin:80 - create IPUIPlugin
2023-11-18 13:12:19,913 [INFO] PluginManager:220 - loadIPPluginJar : add tsc
2023-11-18 13:12:19,914 [INFO] IPUIPlugin:80 - create IPUIPlugin
2023-11-18 13:12:19,914 [INFO] PluginManager:220 - loadIPPluginJar : add ucpd
2023-11-18 13:12:19,916 [INFO] IPUIPlugin:80 - create IPUIPlugin
2023-11-18 13:12:19,916 [INFO] PluginManager:220 - loadIPPluginJar : add usart
2023-11-18 13:12:19,918 [INFO] IPUIPlugin:80 - create IPUIPlugin
2023-11-18 13:12:19,918 [INFO] PluginManager:220 - loadIPPluginJar : add usbx
2023-11-18 13:12:20,025 [INFO] CADModel:165 - CPN selected for project level
2023-11-18 13:12:20,026 [INFO] CADModel:114 - Register for checkConnection events
2023-11-18 13:12:20,026 [FATAL] Updater:308 - Updater called before beeing initialized
2023-11-18 13:12:20,026 [ERROR] CADModel:125 - Updater not yet initialized, retry later 
2023-11-18 13:12:20,153 [INFO] CADModel:165 - CPN selected for project level
2023-11-18 13:12:20,153 [INFO] CADModel:114 - Register for checkConnection events
2023-11-18 13:12:20,153 [FATAL] Updater:308 - Updater called before beeing initialized
2023-11-18 13:12:20,153 [ERROR] CADModel:125 - Updater not yet initialized, retry later 
2023-11-18 13:12:20,156 [FATAL] Updater:308 - Updater called before beeing initialized
2023-11-18 13:12:20,217 [FATAL] Updater:308 - Updater called before beeing initialized
2023-11-18 13:12:20,221 [INFO] DbMcusAds:53 - JSON generation date=Tue Mar 07 16:50:55 CST 2023 (1678179055335)
2023-11-18 13:12:20,221 [FATAL] Updater:308 - Updater called before beeing initialized
2023-11-18 13:12:20,248 [WARN] DetailPanel:346 - Failed to get advertising image, set to default
2023-11-18 13:12:20,310 [FATAL] Updater:308 - Updater called before beeing initialized
2023-11-18 13:12:20,312 [FATAL] Updater:308 - Updater called before beeing initialized
2023-11-18 13:12:20,312 [FATAL] Updater:308 - Updater called before beeing initialized
2023-11-18 13:12:20,313 [WARN] DetailPanel:346 - Failed to get advertising image, set to default
2023-11-18 13:12:20,313 [FATAL] Updater:308 - Updater called before beeing initialized
2023-11-18 13:12:20,342 [ERROR] Updater:1120 - MainUpdater not yet initialized. External WinMGr cannot be set.
2023-11-18 13:12:20,344 [INFO] Updater:1056 - Updater Version found : 6.9.2
2023-11-18 13:12:20,359 [INFO] ApplicationProperties:184 - Using Application install path: D:\software\STM32CubeIDE_1.13.2\STM32CubeIDE\plugins\com.st.stm32cube.common.mx_6.9.2.202309101412
2023-11-18 13:12:20,693 [INFO] MainUpdater:2868 - connection check result : 10
2023-11-18 13:12:20,694 [INFO] MainUpdater:285 - Updater Check For Update Now.
2023-11-18 13:12:20,694 [INFO] MicroXplorer:498 - Change Database Version : DB.6.0.92
2023-11-18 13:12:20,709 [INFO] McuFinderGlobals:63 - Set McuFinder mode to 2 (CubeIDE integrated)
2023-11-18 13:12:20,870 [INFO] CheckServerUpdateThread:120 - End of CheckServer Thread
2023-11-18 13:12:20,912 [INFO] MainUpdater:2868 - connection check result : 10
2023-11-18 13:12:20,917 [INFO] MainUpdater:2868 - connection check result : 10
2023-11-18 13:12:20,957 [INFO] MicroXplorer:468 - Change Database Path : 
2023-11-18 13:12:20,958 [INFO] MicroXplorer:498 - Change Database Version : DB.6.0.92
2023-11-18 13:12:20,960 [WARN] ThirdParty:871 - waiting for thirdparty lock release [close project]
2023-11-18 13:12:22,598 [WARN] PackLoader:240 - Cannot read IP mode file for STMicroelectronics.X-CUBE-SMBUS.2.1.0
2023-11-18 13:12:22,620 [WARN] PackLoader:240 - Cannot read IP mode file for STMicroelectronics.X-CUBE-AZRTOS-F7.1.1.0
2023-11-18 13:12:22,628 [WARN] PackLoader:240 - Cannot read IP mode file for STMicroelectronics.FP-SNS-MOTENV1.4.3.2
2023-11-18 13:12:22,633 [WARN] PackLoader:240 - Cannot read IP mode file for STMicroelectronics.FP-SNS-FLIGHT1.5.0.2
2023-11-18 13:12:22,639 [WARN] PackLoader:240 - Cannot read IP mode file for STMicroelectronics.X-CUBE-DISPLAY.3.0.0
2023-11-18 13:12:22,655 [WARN] PackLoader:240 - Cannot read IP mode file for STMicroelectronics.X-CUBE-BLE1.7.0.0
2023-11-18 13:12:22,662 [WARN] PackLoader:240 - Cannot read IP mode file for emotas.I-CUBE-CANOPEN.1.3.0
2023-11-18 13:12:22,669 [WARN] PackLoader:240 - Cannot read IP mode file for STMicroelectronics.X-CUBE-TOUCHGFX.4.22.0
2023-11-18 13:12:22,674 [WARN] PackLoader:240 - Cannot read IP mode file for STMicroelectronics.X-CUBE-TOUCHGFX.4.22.1
2023-11-18 13:12:22,682 [WARN] PackLoader:240 - Cannot read IP mode file for STMicroelectronics.FP-SNS-SMARTAG2.1.2.0
2023-11-18 13:12:22,698 [INFO] LogOutputStream:77 - [STDOUT_REDIRECT] 1 : Invalid condition id : UX_CORESTACK_Condition cause : null
2023-11-18 13:12:22,699 [INFO] LogOutputStream:77 - [STDOUT_REDIRECT] 1 : Invalid condition id : UX_CORESTACK_Condition cause : null
2023-11-18 13:12:22,700 [INFO] LogOutputStream:77 - [STDOUT_REDIRECT] 1 : Invalid condition id : UX_CORESTACK_Condition cause : null
2023-11-18 13:12:22,701 [INFO] LogOutputStream:77 - [STDOUT_REDIRECT] 1 : Invalid condition id : UX_CORESTACK_Condition cause : null
2023-11-18 13:12:22,702 [INFO] LogOutputStream:77 - [STDOUT_REDIRECT] 1 : Invalid condition id : UX_CORESTACK_Condition cause : null
2023-11-18 13:12:22,705 [WARN] PackLoader:240 - Cannot read IP mode file for STMicroelectronics.X-CUBE-AZRTOS-WL.2.0.0
2023-11-18 13:12:22,716 [WARN] PackLoader:240 - Cannot read IP mode file for WES.I-CUBE-Cesium.1.3.0
2023-11-18 13:12:22,723 [WARN] PackLoader:240 - Cannot read IP mode file for STMicroelectronics.X-CUBE-BLE2.3.3.0
2023-11-18 13:12:22,730 [WARN] PackLoader:240 - Cannot read IP mode file for STMicroelectronics.X-CUBE-ALGOBUILD.1.3.0
2023-11-18 13:12:22,743 [WARN] PackLoader:240 - Cannot read IP mode file for STMicroelectronics.X-CUBE-AZRTOS-G0.1.1.0
2023-11-18 13:12:22,749 [WARN] PackLoader:240 - Cannot read IP mode file for STMicroelectronics.X-CUBE-NFC4.3.0.0
2023-11-18 13:12:22,756 [WARN] PackLoader:240 - Cannot read IP mode file for STMicroelectronics.X-CUBE-BLEMGR.3.0.0
2023-11-18 13:12:22,762 [WARN] PackLoader:240 - Cannot read IP mode file for STMicroelectronics.FP-ATR-SIGFOX1.3.2.0
2023-11-18 13:12:22,792 [WARN] PackLoader:240 - Cannot read IP mode file for SEGGER.I-CUBE-embOS.1.3.1
2023-11-18 13:12:22,818 [WARN] PackLoader:240 - Cannot read IP mode file for STMicroelectronics.X-CUBE-GNSS1.6.0.0
2023-11-18 13:12:22,829 [WARN] PackLoader:240 - Cannot read IP mode file for STMicroelectronics.X-CUBE-AZRTOS-F4.1.1.0
2023-11-18 13:12:22,833 [WARN] PackLoader:240 - Cannot read IP mode file for wolfSSL.I-CUBE-wolfSSL.5.6.3
2023-11-18 13:12:22,845 [WARN] PackLoader:240 - Cannot read IP mode file for STMicroelectronics.X-CUBE-AZRTOS-L5.2.0.0
2023-11-18 13:12:22,869 [WARN] PackLoader:240 - Cannot read IP mode file for STMicroelectronics.X-CUBE-MEMS1.9.6.0
2023-11-18 13:12:23,011 [WARN] PackLoader:240 - Cannot read IP mode file for STMicroelectronics.X-CUBE-EEPRMA1.4.2.0
2023-11-18 13:12:23,016 [WARN] PackLoader:240 - Cannot read IP mode file for ITTIA_DB.I-CUBE-ITTIADB.8.8.0
2023-11-18 13:12:23,021 [WARN] PackLoader:240 - Cannot read IP mode file for STMicroelectronics.X-CUBE-BLEMGR.2.0.0
2023-11-18 13:12:23,031 [WARN] ConditionMgr:438 - getConditionDescription Invalid condition id : UX DEVICE CLASS RTOS Condition cause : null
2023-11-18 13:12:23,031 [WARN] ConditionMgr:438 - getConditionDescription Invalid condition id : UX DEVICE CLASS RTOS Condition cause : null
2023-11-18 13:12:23,032 [WARN] PackLoader:240 - Cannot read IP mode file for STMicroelectronics.X-CUBE-AZRTOS-H7.3.1.0
2023-11-18 13:12:23,033 [WARN] ConditionMgr:1039 - genDependencies : Invalid condition id : UX DEVICE CLASS RTOS Condition cause : null
2023-11-18 13:12:23,033 [WARN] ConditionMgr:1039 - genDependencies : Invalid condition id : UX DEVICE CLASS RTOS Condition cause : null
2023-11-18 13:12:23,033 [WARN] ConditionMgr:1039 - genDependencies : Invalid condition id : UX DEVICE CLASS RTOS Condition cause : null
2023-11-18 13:12:23,033 [WARN] ConditionMgr:1039 - genDependencies : Invalid condition id : UX DEVICE CLASS RTOS Condition cause : null
2023-11-18 13:12:23,033 [WARN] ConditionMgr:1039 - genDependencies : Invalid condition id : UX DEVICE CLASS RTOS Condition cause : null
2023-11-18 13:12:23,038 [WARN] PackLoader:240 - Cannot read IP mode file for STMicroelectronics.X-CUBE-NFC7.1.0.1
2023-11-18 13:12:23,043 [WARN] PackLoader:240 - Cannot read IP mode file for STMicroelectronics.X-CUBE-NFC6.3.0.0
2023-11-18 13:12:23,047 [WARN] PackLoader:240 - Cannot read IP mode file for STMicroelectronics.X-CUBE-EEPRMA1.4.1.0
2023-11-18 13:12:23,051 [WARN] PackLoader:240 - Cannot read IP mode file for STMicroelectronics.X-CUBE-AI.8.1.0
2023-11-18 13:12:23,064 [WARN] ConditionMgr:438 - getConditionDescription Invalid condition id : LAN8742 Phy interface Condition cause : null
2023-11-18 13:12:23,064 [WARN] PackLoader:240 - Cannot read IP mode file for STMicroelectronics.X-CUBE-AZRTOS-L4.2.0.0
2023-11-18 13:12:23,065 [WARN] ConditionMgr:1039 - genDependencies : Invalid condition id : LAN8742 Phy interface Condition cause : null
2023-11-18 13:12:23,065 [WARN] ConditionMgr:1039 - genDependencies : Invalid condition id : LAN8742 Phy interface Condition cause : null
2023-11-18 13:12:23,066 [WARN] ConditionMgr:1039 - genDependencies : Invalid condition id : LAN8742 Phy interface Condition cause : null
2023-11-18 13:12:23,071 [WARN] PackLoader:240 - Cannot read IP mode file for STMicroelectronics.X-CUBE-SFXS2LP1.4.0.0
2023-11-18 13:12:23,077 [WARN] PackLoader:240 - Cannot read IP mode file for STMicroelectronics.X-CUBE-ISPU.1.1.0
2023-11-18 13:12:23,085 [WARN] ConditionMgr:438 - getConditionDescription Invalid condition id : UX DEVICE CLASS RTOS Condition cause : null
2023-11-18 13:12:23,085 [WARN] ConditionMgr:438 - getConditionDescription Invalid condition id : UX DEVICE CLASS RTOS Condition cause : null
2023-11-18 13:12:23,087 [WARN] PackLoader:240 - Cannot read IP mode file for STMicroelectronics.X-CUBE-AZRTOS-WB.2.0.0
2023-11-18 13:12:23,087 [WARN] ConditionMgr:1039 - genDependencies : Invalid condition id : UX DEVICE CLASS RTOS Condition cause : null
2023-11-18 13:12:23,087 [WARN] ConditionMgr:1039 - genDependencies : Invalid condition id : UX DEVICE CLASS RTOS Condition cause : null
2023-11-18 13:12:23,088 [WARN] ConditionMgr:1039 - genDependencies : Invalid condition id : UX DEVICE CLASS RTOS Condition cause : null
2023-11-18 13:12:23,088 [WARN] ConditionMgr:1039 - genDependencies : Invalid condition id : UX DEVICE CLASS RTOS Condition cause : null
2023-11-18 13:12:23,088 [WARN] ConditionMgr:1039 - genDependencies : Invalid condition id : UX DEVICE CLASS RTOS Condition cause : null
2023-11-18 13:12:23,095 [WARN] PackLoader:240 - Cannot read IP mode file for STMicroelectronics.X-CUBE-SUBG2.5.0.0
2023-11-18 13:12:23,103 [WARN] PackLoader:240 - Cannot read IP mode file for STMicroelectronics.X-CUBE-TOF1.3.3.1
2023-11-18 13:12:23,114 [WARN] PackLoader:240 - Cannot read IP mode file for STMicroelectronics.X-CUBE-AZRTOS-G4.2.0.0
2023-11-18 13:12:23,123 [WARN] PackLoader:240 - Cannot read IP mode file for Infineon.AIROC-Wi-Fi-Bluetooth-STM32.1.5.1
2023-11-18 13:12:23,128 [WARN] PackLoader:240 - Cannot read IP mode file for STMicroelectronics.FP-SNS-MOTENVWB1.1.3.0
2023-11-18 13:12:23,148 [WARN] PackLoader:240 - Cannot read IP mode file for STMicroelectronics.X-CUBE-MEMS1.10.0.0
2023-11-18 13:12:23,214 [WARN] PackLoader:240 - Cannot read IP mode file for STMicroelectronics.X-CUBE-FREERTOS.1.1.0
2023-11-18 13:12:23,223 [WARN] PackLoader:240 - Cannot read IP mode file for portGmbH.I-Cube-SoM-uGOAL.1.1.0
2023-11-18 13:12:23,246 [WARN] PackLoader:240 - Cannot read IP mode file for STMicroelectronics.X-CUBE-ALS.1.0.1
2023-11-18 13:12:23,253 [WARN] PackLoader:240 - Cannot read IP mode file for STMicroelectronics.FP-ATR-ASTRA1.2.0.0
2023-11-18 13:12:23,257 [INFO] ThirdParty:978 - Integrity check success = true
2023-11-18 13:12:23,257 [INFO] IntegrityCheckThread:100 - exiting critical section [integrity check]
2023-11-18 13:12:23,257 [INFO] IntegrityCheckThread:103 - End integrity checks thread
2023-11-18 13:12:23,257 [INFO] ThirdParty:873 - entering critical section [close project]
2023-11-18 13:12:23,259 [INFO] ThirdParty:883 - exiting critical section [close project]
2023-11-18 13:12:23,263 [INFO] PinOutPanel:1499 - setPackage(No Configuration,No Configuration)
2023-11-18 13:12:23,270 [INFO] UtilMem:75 - Begin LoadConfig() Used Memory: 169888528 Bytes (282066944)
2023-11-18 13:12:23,272 [INFO] MicroXplorer:468 - Change Database Path : 
2023-11-18 13:12:23,272 [INFO] MicroXplorer:498 - Change Database Version : DB.6.0.92
2023-11-18 13:12:23,272 [INFO] OpenFileManager:308 - Change cursor
2023-11-18 13:12:23,319 [INFO] Mcu:1946 - Initializing MCU STM32F103R(C-D-E)Tx STM32F103RCTx STM32F103RCT6
2023-11-18 13:12:24,397 [INFO] Context:659 - Trying to add GPIOservice into a context  which must be forbidden
2023-11-18 13:12:24,799 [INFO] RtosManager:555 - Registered RTOS mode: class=CMSIS, group=RTOS, mode=CMSIS_V1, owner=FREERTOS
2023-11-18 13:12:24,799 [INFO] RtosManager:555 - Registered RTOS mode: class=CMSIS, group=RTOS2, mode=CMSIS_V2, owner=FREERTOS
2023-11-18 13:12:24,799 [INFO] RtosManager:555 - Registered RTOS mode: class=RTOS, group=Core, mode=CMSIS_V1, owner=FREERTOS
2023-11-18 13:12:24,799 [INFO] RtosManager:555 - Registered RTOS mode: class=RTOS, group=Core, mode=CMSIS_V2, owner=FREERTOS
2023-11-18 13:12:24,800 [WARN] ModelIntegratedComponent:184 - Missing modes for component STMicroelectronics:FreeRTOS:0.0.1:STMicroelectronics:RTOS:FreeRTOS:Core:::10.2.0:
2023-11-18 13:12:24,813 [WARN] ModelIntegratedComponent:63 - No mode defined for component null
2023-11-18 13:12:24,813 [WARN] ModelIntegratedComponent:63 - No mode defined for component null
2023-11-18 13:12:24,813 [WARN] ModelIntegratedComponent:63 - No mode defined for component null
2023-11-18 13:12:24,813 [WARN] ModelIntegratedComponent:63 - No mode defined for component null
2023-11-18 13:12:24,813 [WARN] ModelIntegratedComponent:63 - No mode defined for component null
2023-11-18 13:12:24,813 [WARN] ModelIntegratedComponent:63 - No mode defined for component null
2023-11-18 13:12:24,813 [WARN] ModelIntegratedComponent:63 - No mode defined for component null
2023-11-18 13:12:24,814 [WARN] ModelIntegratedComponent:63 - No mode defined for component null
2023-11-18 13:12:24,814 [WARN] ModelIntegratedComponent:63 - No mode defined for component null
2023-11-18 13:12:24,814 [WARN] ModelIntegratedComponent:63 - No mode defined for component null
2023-11-18 13:12:24,814 [WARN] ModelIntegratedComponent:63 - No mode defined for component null
2023-11-18 13:12:24,814 [WARN] ModelIntegratedComponent:63 - No mode defined for component null
2023-11-18 13:12:24,814 [WARN] ModelIntegratedComponent:63 - No mode defined for component null
2023-11-18 13:12:24,814 [WARN] ModelIntegratedComponent:63 - No mode defined for component null
2023-11-18 13:12:24,814 [WARN] ModelIntegratedComponent:63 - No mode defined for component null
2023-11-18 13:12:24,814 [WARN] ModelIntegratedComponent:63 - No mode defined for component null
2023-11-18 13:12:24,814 [WARN] ModelIntegratedComponent:63 - No mode defined for component null
2023-11-18 13:12:24,814 [WARN] ModelIntegratedComponent:63 - No mode defined for component null
2023-11-18 13:12:24,814 [WARN] ModelIntegratedComponent:63 - No mode defined for component null
2023-11-18 13:12:24,814 [WARN] ModelIntegratedComponent:63 - No mode defined for component null
2023-11-18 13:12:24,814 [WARN] ModelIntegratedComponent:63 - No mode defined for component null
2023-11-18 13:12:24,814 [WARN] ModelIntegratedComponent:63 - No mode defined for component null
2023-11-18 13:12:24,814 [WARN] ModelIntegratedComponent:63 - No mode defined for component null
2023-11-18 13:12:24,814 [WARN] ModelIntegratedComponent:63 - No mode defined for component null
2023-11-18 13:12:24,814 [WARN] ModelIntegratedComponent:63 - No mode defined for component null
2023-11-18 13:12:24,814 [WARN] ModelIntegratedComponent:63 - No mode defined for component null
2023-11-18 13:12:24,814 [WARN] ModelIntegratedComponent:63 - No mode defined for component null
2023-11-18 13:12:24,814 [WARN] ModelIntegratedComponent:63 - No mode defined for component null
2023-11-18 13:12:24,814 [WARN] ModelIntegratedComponent:63 - No mode defined for component null
2023-11-18 13:12:24,815 [WARN] ModelIntegratedComponent:63 - No mode defined for component null
2023-11-18 13:12:24,815 [WARN] ModelIntegratedComponent:63 - No mode defined for component null
2023-11-18 13:12:24,815 [WARN] ModelIntegratedComponent:63 - No mode defined for component null
2023-11-18 13:12:24,815 [WARN] ModelIntegratedComponent:63 - No mode defined for component null
2023-11-18 13:12:24,883 [INFO] ThirdPartyModel:298 - Start build external matchings
2023-11-18 13:12:25,187 [INFO] ThirdPartyModel:316 - End build external matchings
2023-11-18 13:12:25,205 [INFO] ImportTextPane:194 - (OptionalMessage_ERROR) IP (RCC) : Parameter (ADCFreqValue) has invalid value (36000000)
2023-11-18 13:12:25,206 [INFO] ImportTextPane:194 - (OptionalMessage_ERROR) IP (RCC) : Invalid parameter (FamilyName)
2023-11-18 13:12:25,206 [INFO] ImportTextPane:194 - (OptionalMessage_ERROR) IP (RCC) : Parameter (MCOFreq_Value) has invalid value (72000000)
2023-11-18 13:12:25,206 [INFO] ImportTextPane:194 - (OptionalMessage_ERROR) IP (RCC) : Parameter (USBFreq_Value) has invalid value (72000000)
2023-11-18 13:12:25,367 [INFO] UtilMem:75 - End LoadConfig() Used Memory: 154126720 Bytes (395313152)
2023-11-18 13:12:25,467 [INFO] ApiDb:581 - Connected to CubeFinder SQLite database (C:\Users\lenovo\.stmcufinder\plugins\mcufinder\mcu\cube-finder-db.db)
2023-11-18 13:12:25,508 [INFO] ApiDb:668 - CubeFinder database Data Model version=2.1
2023-11-18 13:12:25,509 [INFO] ApiDb:669 - CubeFinder database Configuration version=3.0.37
2023-11-18 13:12:25,509 [INFO] ApiDb:670 - CubeFinder database generation date=2023-10-13 (1697197505)
2023-11-18 13:12:25,509 [INFO] ApiDb:671 - CubeFinder database FW Pack versions=[FP-ATR-ASTRA1_V2.0.0, FP-SNS-FLIGHT1_V5.0.1, FP-SNS-FLIGHT1_V5.0.2, FP-SNS-MOTENV1_V4.3.1, FP-SNS-MOTENV1_V4.3.2, FP-SNS-SMARTAG2_V1.2.0, I-CUBE-ITTIADB_V8.6.3-1, STM32Cube_FW_C0_V1.1.0, STM32Cube_FW_F4_V1.27.1, STM32Cube_FW_F7_V1.17.0, STM32Cube_FW_G0_V1.6.1, STM32Cube_FW_G4_V1.5.1, STM32Cube_FW_H5_V0.5.1, STM32Cube_FW_H5_V1.1.1, STM32Cube_FW_H7_V1.11.0, STM32Cube_FW_L0_V1.12.2, STM32Cube_FW_L5_V1.5.0, STM32Cube_FW_U5_V1.3.0, STM32Cube_FW_U5_V1.3.0RC4, STM32Cube_FW_WBA_V1.0.0RC1, STM32Cube_FW_WBA_V1.1.0RC1, STM32Cube_FW_WBA_V1.1.1, STM32Cube_FW_WB_V1.15.0RC1, STM32Cube_FW_WB_V1.16.0, STM32Cube_FW_WB_V1.16.0RC2, STM32Cube_FW_WB_V1.17.3, STM32Cube_FW_WL_V1.3.0, X-CUBE-ALGOBUILD_V1.3.0, X-CUBE-ALS_V1.0.1, X-CUBE-AZRTOS-F4_V1.1.0, X-CUBE-AZRTOS-F7_V1.1.0, X-CUBE-AZRTOS-G0_V1.1.0, X-CUBE-AZRTOS-G4_V2.0.0, X-CUBE-AZRTOS-H7_V3.1.0, X-CUBE-AZRTOS-L4_V1.0.0, X-CUBE-AZRTOS-L4_V2.0.0, X-CUBE-AZRTOS-L5_V1.1.0, X-CUBE-AZRTOS-WB_V2.0.0, X-CUBE-AZRTOS-WL_V2.0.0, X-CUBE-BLE1_V7.0.0, X-CUBE-BLE2_V3.3.0, X-CUBE-BLEMGR_V2.0.0, X-CUBE-EEPRMA1_V4.1.0, X-CUBE-FREERTOS_V1.1.0, X-CUBE-GNSS1_V6.0.0, X-CUBE-MEMS1_V10.0.0, X-CUBE-MEMS1_V9.1.0, X-CUBE-MEMS1_V9.4.0, X-CUBE-MEMS1_V9.6.0, X-CUBE-NFC4_V3.0.0, X-CUBE-NFC7_V1.0.1, X-CUBE-SFXS2LP1_V4.0.0, X-CUBE-SUBG2_V5.0.0, X-CUBE-TOF1_V3.3.1]
2023-11-18 13:12:26,941 [INFO] ApiDb:240 - Found 323 in-development CPN: [B-G473E-ZEST1S, B-WB1M-WPAN1, B-WL5M-SUBG1, NUCLEO-C031C6, NUCLEO-H503RB, NUCLEO-H563ZI, NUCLEO-U545RE-Q, NUCLEO-U5A5ZJ-Q, NUCLEO-WBA52CG, STEVAL-PROTEUS1, STEVAL-SMARTAG2, STEVAL-STWINBX1, STM320518-EVAL, STM32C0116-DK, STM32C011D6Y3TR, STM32C011D6Y6TR, STM32C011F4P3, STM32C011F4P6, STM32C011F4U3, STM32C011F4U6TR, STM32C011F6P3, STM32C011F6P6, STM32C011F6U3, STM32C011F6U6TR, STM32C011J4M3, STM32C011J4M6, STM32C011J6M3, STM32C011J6M6, STM32C0316-DK, STM32C031C4T3, STM32C031C4T6, STM32C031C4U3, STM32C031C4U6, STM32C031C6T3, STM32C031C6T6, STM32C031C6U3, STM32C031C6U6, STM32C031F4P3, STM32C031F4P6, STM32C031F6P3, STM32C031F6P6, STM32C031G4U3, STM32C031G4U6, STM32C031G6U3, STM32C031G6U6, STM32C031K4T3, STM32C031K4T6, STM32C031K4U3, STM32C031K4U6, STM32C031K6T3, STM32C031K6T6, STM32C031K6U3, STM32C031K6U6, STM32G071K8TXN, STM32G071K8UXN, STM32G081GBU6N, STM32G081KBT6N, STM32G081KBUXN, STM32G0B1CCT6N, STM32G0B1KCT6, STM32G0B1NEY6TR, STM32G0B1RCT6N, STM32G0C1CCT6, STM32G0C1CCT6N, STM32G0C1CCU6N, STM32G0C1CET6N, STM32G0C1CEU6N, STM32G0C1KCT6, STM32G0C1NEY6TR, STM32G0C1RCI6N, STM32G0C1RCT6N, STM32G0C1REI6N, STM32G0C1RET6N, STM32G0C1VCI6, STM32G0C1VEI6, STM32G471CCT6, STM32G471CCU6, STM32G471CET3, STM32G471CET6, STM32G471CEU3, STM32G471CEU6, STM32G471MCT6, STM32G471MET3, STM32G471MET6, STM32G471MEY6TR, STM32G471QCT6, STM32G471QET3, STM32G471RCT6, STM32G471RET3, STM32G471RET6, STM32G471VCH6, STM32G471VCI6, STM32G471VCT6, STM32G471VEH3, STM32G471VEH6, STM32G471VEI3, STM32G471VEI6, STM32G471VET3, STM32G471VET6, STM32G474CCT6, STM32H503CBT6, STM32H503CBU6, STM32H503EBY6TR, STM32H503KBU6, STM32H503RBT6, STM32H562AGI6, STM32H562AII6, STM32H562IGK6, STM32H562IGT6, STM32H562IIK6, STM32H562IIT6, STM32H562RGT6, STM32H562RGV6, STM32H562RIT6, STM32H562RIV6, STM32H562VGT6, STM32H562VIT6, STM32H562ZGT6, STM32H562ZIT6, STM32H563AGI6, STM32H563AII3Q, STM32H563AII6, STM32H563IGK6, STM32H563IGT6, STM32H563IIK3Q, STM32H563IIK6, STM32H563IIT3Q, STM32H563IIT6, STM32H563MIY3QTR, STM32H563RGT6, STM32H563RGV6, STM32H563RIT6, STM32H563RIV6, STM32H563VGT6, STM32H563VIT3Q, STM32H563VIT6, STM32H563ZGT6, STM32H563ZIT3Q, STM32H563ZIT6, STM32H573AII3Q, STM32H573AII6, STM32H573I-DK, STM32H573IIK3Q, STM32H573IIK6, STM32H573IIT3Q, STM32H573IIT6, STM32H573MIY3QTR, STM32H573RIT6, STM32H573RIV6, STM32H573VIT3Q, STM32H573VIT6, STM32H573ZIT3Q, STM32H573ZIT6, STM32L4R5QGI6STR, STM32MP131AAE3, STM32MP131AAF3, STM32MP131AAG3, STM32MP131CAE3, STM32MP131CAF3, STM32MP131CAG3, STM32MP131DAE7, STM32MP131DAF7, STM32MP131DAG7, STM32MP131FAE7, STM32MP131FAF7, STM32MP131FAG7, STM32MP133AAE3, STM32MP133AAF3, STM32MP133AAG3, STM32MP133CAE3, STM32MP133CAF3, STM32MP133CAG3, STM32MP133DAE7, STM32MP133DAF7, STM32MP133DAG7, STM32MP133FAE7, STM32MP133FAF7, STM32MP133FAG7, STM32MP135AAE3, STM32MP135AAF3, STM32MP135AAG3, STM32MP135CAE3, STM32MP135CAF3, STM32MP135CAG3, STM32MP135DAE7, STM32MP135DAF7, STM32MP135DAG7, STM32MP135F-DK, STM32MP135FAE7, STM32MP135FAF7, STM32MP135FAF7T, STM32MP135FAF7U, STM32MP135FAG7, STM32U535CBT6, STM32U535CBT6Q, STM32U535CBU6, STM32U535CBU6Q, STM32U535CCT6, STM32U535CCT6Q, STM32U535CCU6, STM32U535CCU6Q, STM32U535CET6, STM32U535CET6Q, STM32U535CEU6, STM32U535CEU6Q, STM32U535JEY6QTR, STM32U535NCY6QTR, STM32U535NEY6QTR, STM32U535RBI6, STM32U535RBI6Q, STM32U535RBT6, STM32U535RBT6Q, STM32U535RCI6, STM32U535RCI6Q, STM32U535RCT6, STM32U535RCT6Q, STM32U535REI6, STM32U535REI6Q, STM32U535RET6, STM32U535RET6Q, STM32U535VCI6, STM32U535VCI6Q, STM32U535VCT6, STM32U535VCT6Q, STM32U535VEI6, STM32U535VEI6Q, STM32U535VET6, STM32U535VET6Q, STM32U545CET6, STM32U545CET6Q, STM32U545CEU6, STM32U545CEU6Q, STM32U545JEY6QTR, STM32U545NEY6QTR, STM32U545REI6, STM32U545REI6Q, STM32U545RET6, STM32U545RET6Q, STM32U545VEI6, STM32U545VEI6Q, STM32U545VET6, STM32U545VET6Q, STM32U595AIH6, STM32U595AIH6Q, STM32U595AJH6, STM32U595AJH6Q, STM32U595QII6, STM32U595QII6Q, STM32U595QJI6, STM32U595QJI6Q, STM32U595RIT6, STM32U595RIT6Q, STM32U595RJT6, STM32U595RJT6Q, STM32U595VIT6, STM32U595VIT6Q, STM32U595VJT6, STM32U595VJT6Q, STM32U595ZIT6, STM32U595ZIT6Q, STM32U595ZIY6QTR, STM32U595ZJT6, STM32U595ZJT6Q, STM32U595ZJY6QTR, STM32U599BJY6QTR, STM32U599NIH6Q, STM32U599NJH6Q, STM32U599VIT6Q, STM32U599VJT6, STM32U599VJT6Q, STM32U599ZIT6Q, STM32U599ZIY6QTR, STM32U599ZJT6Q, STM32U599ZJY6QTR, STM32U5A5AJH6, STM32U5A5AJH6Q, STM32U5A5QJI6, STM32U5A5QJI6Q, STM32U5A5RJT6, STM32U5A5RJT6Q, STM32U5A5VJT6, STM32U5A5VJT6Q, STM32U5A5ZJT6, STM32U5A5ZJT6Q, STM32U5A5ZJY6QTR, STM32U5A9BJY6QTR, STM32U5A9J-DK, STM32U5A9NJH6Q, STM32U5A9VJT6Q, STM32U5A9ZJT6Q, STM32U5A9ZJY6QTR, STM32U5F7VIT6, STM32U5F7VIT6Q, STM32U5F7VJT6, STM32U5F7VJT6Q, STM32U5F9BJY6QTR, STM32U5F9NJH6Q, STM32U5F9VIT6Q, STM32U5F9VJT6Q, STM32U5F9ZIJ6QTR, STM32U5F9ZIT6Q, STM32U5F9ZJJ6QTR, STM32U5F9ZJT6Q, STM32U5G7VJT6, STM32U5G7VJT6Q, STM32U5G9BJY6QTR, STM32U5G9J-DK1, STM32U5G9J-DK2, STM32U5G9NJH6Q, STM32U5G9VJT6Q, STM32U5G9ZJJ6QTR, STM32U5G9ZJT6Q, STM32WB1MMCH6, STM32WBA52CEU6, STM32WBA52CEU6T, STM32WBA52CGU6, STM32WBA52CGU6T, STM32WBA52KEU6, STM32WBA52KEU6T, STM32WBA52KGU6, STM32WBA52KGU6T, STM32WL5MOCH6, STM32WL5MOCH6TR]
2023-11-18 13:12:26,945 [INFO] DbMcus:217 - Found 3848 MCUs, 3848 are supported
2023-11-18 13:12:26,946 [INFO] ApiDb:423 - Load user favorites file C:\Users\lenovo/.stm32cubeide/favorites.mcus.txt: 1 item(s)
2023-11-18 13:12:26,946 [INFO] ApiDb:427 - User favorites MCUs=[STM32F103RCT6]
2023-11-18 13:12:26,946 [INFO] DbMcus:223 - Set 1 / 1 favorites MCUs
2023-11-18 13:12:27,173 [WARN] ThirdParty:833 - waiting for thirdparty lock release [change project]
2023-11-18 13:12:27,173 [INFO] ThirdParty:835 - entering critical section [change project]
2023-11-18 13:12:27,174 [INFO] ThirdParty:1030 - CMSIS Pack Vendor :STMicroelectronics X-CUBE-ISPU 1.1.0
2023-11-18 13:12:27,174 [INFO] ThirdParty:1030 - CMSIS Pack Vendor :STMicroelectronics USBPD 4.1
2023-11-18 13:12:27,174 [INFO] ThirdParty:1030 - CMSIS Pack Vendor :STMicroelectronics X-CUBE-GNSS1 6.0.0
2023-11-18 13:12:27,174 [INFO] ThirdParty:1030 - CMSIS Pack Vendor :STMicroelectronics USB_HOST 2.0.0
2023-11-18 13:12:27,174 [INFO] ThirdParty:1030 - CMSIS Pack Vendor :STMicroelectronics X-CUBE-AZRTOS-F4 1.1.0
2023-11-18 13:12:27,174 [INFO] ThirdParty:1030 - CMSIS Pack Vendor :STMicroelectronics LIBJPEG 8.0.0
2023-11-18 13:12:27,174 [INFO] ThirdParty:1030 - CMSIS Pack Vendor :wolfSSL I-CUBE-wolfSSL 5.6.3
2023-11-18 13:12:27,174 [INFO] ThirdParty:1030 - CMSIS Pack Vendor :STMicroelectronics X-CUBE-SMBUS 2.1.0
2023-11-18 13:12:27,174 [INFO] ThirdParty:1030 - CMSIS Pack Vendor :STMicroelectronics USB_DEVICE 3.0.0
2023-11-18 13:12:27,174 [INFO] ThirdParty:1030 - CMSIS Pack Vendor :STMicroelectronics X-CUBE-AZRTOS-WB 2.0.0
2023-11-18 13:12:27,174 [INFO] ThirdParty:1030 - CMSIS Pack Vendor :STMicroelectronics X-CUBE-AZRTOS-F7 1.1.0
2023-11-18 13:12:27,174 [INFO] ThirdParty:1030 - CMSIS Pack Vendor :STMicroelectronics X-CUBE-AZRTOS-L5 2.0.0
2023-11-18 13:12:27,174 [INFO] ThirdParty:1030 - CMSIS Pack Vendor :STMicroelectronics USB_DEVICE 2.0.0
2023-11-18 13:12:27,174 [INFO] ThirdParty:1030 - CMSIS Pack Vendor :STMicroelectronics X-CUBE-MEMS1 9.6.0
2023-11-18 13:12:27,174 [INFO] ThirdParty:1030 - CMSIS Pack Vendor :STMicroelectronics X-CUBE-EEPRMA1 4.2.0
2023-11-18 13:12:27,174 [INFO] ThirdParty:1030 - CMSIS Pack Vendor :ITTIA_DB I-CUBE-ITTIADB 8.8.0
2023-11-18 13:12:27,174 [INFO] ThirdParty:1030 - CMSIS Pack Vendor :STMicroelectronics FP-SNS-MOTENV1 4.3.2
2023-11-18 13:12:27,174 [INFO] ThirdParty:1030 - CMSIS Pack Vendor :STMicroelectronics X-CUBE-ALGOBUILD 1.3.0
2023-11-18 13:12:27,174 [INFO] ThirdParty:1030 - CMSIS Pack Vendor :STMicroelectronics FreeRTOS 0.0.1
2023-11-18 13:12:27,174 [INFO] ThirdParty:1030 - CMSIS Pack Vendor :STMicroelectronics X-CUBE-AZRTOS-G0 1.1.0
2023-11-18 13:12:27,174 [INFO] ThirdParty:1030 - CMSIS Pack Vendor :STMicroelectronics X-CUBE-BLEMGR 2.0.0
2023-11-18 13:12:27,174 [INFO] ThirdParty:1030 - CMSIS Pack Vendor :STMicroelectronics X-CUBE-NFC4 3.0.0
2023-11-18 13:12:27,174 [INFO] ThirdParty:1030 - CMSIS Pack Vendor :STMicroelectronics X-CUBE-SUBG2 5.0.0
2023-11-18 13:12:27,174 [INFO] ThirdParty:1030 - CMSIS Pack Vendor :STMicroelectronics STM32_WPAN 1.0.0
2023-11-18 13:12:27,174 [INFO] ThirdParty:1030 - CMSIS Pack Vendor :STMicroelectronics lwIP 2.0.3
2023-11-18 13:12:27,174 [INFO] ThirdParty:1030 - CMSIS Pack Vendor :STMicroelectronics FP-SNS-FLIGHT1 5.0.2
2023-11-18 13:12:27,174 [INFO] ThirdParty:1030 - CMSIS Pack Vendor :STMicroelectronics USB_HOST 1.0.0
2023-11-18 13:12:27,174 [INFO] ThirdParty:1030 - CMSIS Pack Vendor :STMicroelectronics X-CUBE-TOF1 3.3.1
2023-11-18 13:12:27,174 [INFO] ThirdParty:1030 - CMSIS Pack Vendor :STMicroelectronics X-CUBE-AZRTOS-G4 2.0.0
2023-11-18 13:12:27,174 [INFO] ThirdParty:1030 - CMSIS Pack Vendor :STMicroelectronics PDM2PCM 3.1.0
2023-11-18 13:12:27,174 [INFO] ThirdParty:1030 - CMSIS Pack Vendor :STMicroelectronics X-CUBE-AZRTOS-H7 3.1.0
2023-11-18 13:12:27,174 [INFO] ThirdParty:1030 - CMSIS Pack Vendor :Infineon AIROC-Wi-Fi-Bluetooth-STM32 1.5.1
2023-11-18 13:12:27,174 [INFO] ThirdParty:1030 - CMSIS Pack Vendor :STMicroelectronics X-CUBE-BLEMGR 3.0.0
2023-11-18 13:12:27,174 [INFO] ThirdParty:1030 - CMSIS Pack Vendor :STMicroelectronics PDM2PCM 3.3.0
2023-11-18 13:12:27,174 [INFO] ThirdParty:1030 - CMSIS Pack Vendor :STMicroelectronics X-CUBE-DISPLAY 3.0.0
2023-11-18 13:12:27,174 [INFO] ThirdParty:1030 - CMSIS Pack Vendor :STMicroelectronics FP-SNS-MOTENVWB1 1.3.0
2023-11-18 13:12:27,174 [INFO] ThirdParty:1030 - CMSIS Pack Vendor :STMicroelectronics X-CUBE-BLE1 7.0.0
2023-11-18 13:12:27,174 [INFO] ThirdParty:1030 - CMSIS Pack Vendor :STMicroelectronics FP-ATR-SIGFOX1 3.2.0
2023-11-18 13:12:27,174 [INFO] ThirdParty:1030 - CMSIS Pack Vendor :STMicroelectronics HAL Drivers 0.0.0
2023-11-18 13:12:27,174 [INFO] ThirdParty:1030 - CMSIS Pack Vendor :STMicroelectronics MBEDTLS 2.16.2
2023-11-18 13:12:27,174 [INFO] ThirdParty:1030 - CMSIS Pack Vendor :emotas I-CUBE-CANOPEN 1.3.0
2023-11-18 13:12:27,174 [INFO] ThirdParty:1030 - CMSIS Pack Vendor :STMicroelectronics X-CUBE-MEMS1 10.0.0
2023-11-18 13:12:27,175 [INFO] ThirdParty:1030 - CMSIS Pack Vendor :STMicroelectronics X-CUBE-FREERTOS 1.1.0
2023-11-18 13:12:27,175 [INFO] ThirdParty:1030 - CMSIS Pack Vendor :STMicroelectronics X-CUBE-TOUCHGFX 4.22.0
2023-11-18 13:12:27,175 [INFO] ThirdParty:1030 - CMSIS Pack Vendor :STMicroelectronics X-CUBE-NFC7 1.0.1
2023-11-18 13:12:27,175 [INFO] ThirdParty:1030 - CMSIS Pack Vendor :STMicroelectronics MBEDTLS 2.14.1
2023-11-18 13:12:27,175 [INFO] ThirdParty:1030 - CMSIS Pack Vendor :STMicroelectronics X-CUBE-TOUCHGFX 4.22.1
2023-11-18 13:12:27,175 [INFO] ThirdParty:1030 - CMSIS Pack Vendor :STMicroelectronics X-CUBE-NFC6 3.0.0
2023-11-18 13:12:27,175 [INFO] ThirdParty:1030 - CMSIS Pack Vendor :STMicroelectronics X-CUBE-EEPRMA1 4.1.0
2023-11-18 13:12:27,175 [INFO] ThirdParty:1030 - CMSIS Pack Vendor :portGmbH I-Cube-SoM-uGOAL 1.1.0
2023-11-18 13:12:27,175 [INFO] ThirdParty:1030 - CMSIS Pack Vendor :STMicroelectronics X-CUBE-ALS 1.0.1
2023-11-18 13:12:27,175 [INFO] ThirdParty:1030 - CMSIS Pack Vendor :STMicroelectronics ThreadX 1.0.0
2023-11-18 13:12:27,175 [INFO] ThirdParty:1030 - CMSIS Pack Vendor :STMicroelectronics FP-SNS-SMARTAG2 1.2.0
2023-11-18 13:12:27,175 [INFO] ThirdParty:1030 - CMSIS Pack Vendor :STMicroelectronics X-CUBE-AZRTOS-WL 2.0.0
2023-11-18 13:12:27,175 [INFO] ThirdParty:1030 - CMSIS Pack Vendor :SEGGER I-CUBE-embOS 1.3.1
2023-11-18 13:12:27,175 [INFO] ThirdParty:1030 - CMSIS Pack Vendor :STMicroelectronics USB_DEVICE 1.0.0
2023-11-18 13:12:27,175 [INFO] ThirdParty:1030 - CMSIS Pack Vendor :STMicroelectronics X-CUBE-AI 8.1.0
2023-11-18 13:12:27,175 [INFO] ThirdParty:1030 - CMSIS Pack Vendor :STMicroelectronics X-CUBE-AZRTOS-L4 2.0.0
2023-11-18 13:12:27,175 [INFO] ThirdParty:1030 - CMSIS Pack Vendor :STMicroelectronics ThreadX 0.0.2
2023-11-18 13:12:27,175 [INFO] ThirdParty:1030 - CMSIS Pack Vendor :WES I-CUBE-Cesium 1.3.0
2023-11-18 13:12:27,175 [INFO] ThirdParty:1030 - CMSIS Pack Vendor :STMicroelectronics FP-ATR-ASTRA1 2.0.0
2023-11-18 13:12:27,175 [INFO] ThirdParty:1030 - CMSIS Pack Vendor :STMicroelectronics lwIP 2.1.2
2023-11-18 13:12:27,175 [INFO] ThirdParty:1030 - CMSIS Pack Vendor :STMicroelectronics X-CUBE-SFXS2LP1 4.0.0
2023-11-18 13:12:27,175 [INFO] ThirdParty:1030 - CMSIS Pack Vendor :STMicroelectronics X-CUBE-BLE2 3.3.0
2023-11-18 13:12:27,175 [INFO] ThirdParty:1030 - CMSIS Pack Vendor :STMicroelectronics PDM2PCM 3.2.0
2023-11-18 13:12:27,175 [INFO] ThirdParty:841 - exiting critical section [change project]
2023-11-18 13:12:27,377 [INFO] PinOutPanel:1499 - setPackage(No Configuration,No Configuration)
2023-11-18 13:12:27,378 [INFO] PinOutPanel:1499 - setPackage(STM32F103RCTx,LQFP64)
2023-11-18 13:12:27,724 [INFO] UtilMem:75 - Before build in PCC Used Memory: 178336496 Bytes (395313152)
2023-11-18 13:12:28,719 [INFO] UtilMem:75 - After build in PCC Used Memory: 215150496 Bytes (395313152)
2023-11-18 13:12:28,739 [INFO] IPUIPlugin:80 - create IPUIPlugin
2023-11-18 13:12:28,740 [INFO] IPUIPlugin:80 - create IPUIPlugin
2023-11-18 13:12:28,740 [INFO] IPUIPlugin:80 - create IPUIPlugin
2023-11-18 13:12:28,740 [INFO] IPUIPlugin:80 - create IPUIPlugin
2023-11-18 13:12:28,740 [INFO] IPUIPlugin:80 - create IPUIPlugin
2023-11-18 13:12:28,740 [INFO] IPUIPlugin:80 - create IPUIPlugin
2023-11-18 13:12:28,740 [INFO] IPUIPlugin:80 - create IPUIPlugin
2023-11-18 13:12:28,740 [INFO] IPUIPlugin:80 - create IPUIPlugin
2023-11-18 13:12:28,740 [INFO] IPUIPlugin:80 - create IPUIPlugin
2023-11-18 13:12:28,740 [INFO] IPUIPlugin:80 - create IPUIPlugin
2023-11-18 13:12:28,740 [INFO] IPUIPlugin:80 - create IPUIPlugin
2023-11-18 13:12:28,740 [INFO] IPUIPlugin:80 - create IPUIPlugin
2023-11-18 13:12:28,740 [INFO] IPUIPlugin:80 - create IPUIPlugin
2023-11-18 13:12:28,740 [INFO] IPUIPlugin:80 - create IPUIPlugin
2023-11-18 13:12:28,741 [INFO] IPUIPlugin:80 - create IPUIPlugin
2023-11-18 13:12:28,741 [INFO] IPUIPlugin:80 - create IPUIPlugin
2023-11-18 13:12:28,741 [INFO] IPUIPlugin:80 - create IPUIPlugin
2023-11-18 13:12:28,741 [INFO] IPUIPlugin:80 - create IPUIPlugin
2023-11-18 13:12:28,741 [INFO] IPUIPlugin:80 - create IPUIPlugin
2023-11-18 13:12:28,741 [INFO] IPUIPlugin:80 - create IPUIPlugin
2023-11-18 13:12:28,742 [INFO] IPUIPlugin:80 - create IPUIPlugin
2023-11-18 13:12:28,742 [INFO] IPUIPlugin:80 - create IPUIPlugin
2023-11-18 13:12:28,742 [INFO] IPUIPlugin:80 - create IPUIPlugin
2023-11-18 13:12:28,742 [INFO] IPUIPlugin:80 - create IPUIPlugin
2023-11-18 13:12:28,742 [INFO] IPUIPlugin:80 - create IPUIPlugin
2023-11-18 13:12:28,742 [INFO] IPUIPlugin:80 - create IPUIPlugin
2023-11-18 13:12:28,742 [INFO] IPUIPlugin:80 - create IPUIPlugin
2023-11-18 13:12:28,742 [INFO] IPUIPlugin:80 - create IPUIPlugin
2023-11-18 13:12:28,743 [INFO] IPUIPlugin:80 - create IPUIPlugin
2023-11-18 13:12:28,743 [INFO] IPUIPlugin:80 - create IPUIPlugin
2023-11-18 13:12:28,743 [INFO] IPUIPlugin:80 - create IPUIPlugin
2023-11-18 13:12:28,743 [INFO] IPUIPlugin:80 - create IPUIPlugin
2023-11-18 13:12:28,743 [INFO] IPUIPlugin:80 - create IPUIPlugin
2023-11-18 13:12:28,743 [INFO] IPUIPlugin:80 - create IPUIPlugin
2023-11-18 13:12:28,744 [INFO] IPUIPlugin:80 - create IPUIPlugin
2023-11-18 13:12:28,744 [INFO] IPUIPlugin:80 - create IPUIPlugin
2023-11-18 13:12:28,744 [INFO] IPUIPlugin:80 - create IPUIPlugin
2023-11-18 13:12:28,745 [INFO] IPUIPlugin:80 - create IPUIPlugin
2023-11-18 13:12:28,745 [INFO] IPUIPlugin:80 - create IPUIPlugin
2023-11-18 13:12:28,994 [INFO] CADModel:165 - CPN selected for project levelSTM32F103RCT6
2023-11-18 13:12:28,994 [INFO] CADModel:114 - Register for checkConnection events
2023-11-18 13:12:29,040 [INFO] OpenFileManager:328 - Restore cursor
2023-11-18 13:12:41,741 [ERROR] LogOutputStream:75 - [STDERR_REDIRECT] SLF4J: Failed to load class "org.slf4j.impl.StaticLoggerBinder".
2023-11-18 13:12:41,742 [ERROR] LogOutputStream:75 - [STDERR_REDIRECT] SLF4J: Defaulting to no-operation (NOP) logger implementation
2023-11-18 13:12:41,742 [ERROR] LogOutputStream:75 - [STDERR_REDIRECT] SLF4J: See http://www.slf4j.org/codes.html#StaticLoggerBinder for further details.
2023-11-18 14:14:33,207 [INFO] MainUpdater:2868 - connection check result : 10
2023-11-18 14:14:33,207 [INFO] MainUpdater:2868 - connection check result : 10
2023-11-18 14:14:33,349 [INFO] MicroXplorer:468 - Change Database Path : 
2023-11-18 14:14:33,350 [INFO] MicroXplorer:498 - Change Database Version : DB.6.0.92
2023-11-18 14:14:33,382 [WARN] ThirdParty:871 - waiting for thirdparty lock release [close project]
2023-11-18 14:14:33,382 [INFO] ThirdParty:873 - entering critical section [close project]
2023-11-18 14:14:33,382 [INFO] ThirdParty:883 - exiting critical section [close project]
2023-11-18 14:14:33,386 [INFO] PinOutPanel:1499 - setPackage(No Configuration,No Configuration)
2023-11-18 14:14:33,396 [INFO] UtilMem:75 - Begin LoadConfig() Used Memory: 227746952 Bytes (587202560)
2023-11-18 14:14:33,396 [INFO] MicroXplorer:468 - Change Database Path : 
2023-11-18 14:14:33,396 [INFO] MicroXplorer:498 - Change Database Version : DB.6.0.92
2023-11-18 14:14:33,396 [INFO] OpenFileManager:308 - Change cursor
2023-11-18 14:14:33,407 [INFO] Mcu:1946 - Initializing MCU STM32F103R(C-D-E)Tx STM32F103RCTx STM32F103RCT6
2023-11-18 14:14:33,930 [INFO] Context:659 - Trying to add GPIOservice into a context  which must be forbidden
2023-11-18 14:14:34,102 [INFO] RtosManager:555 - Registered RTOS mode: class=CMSIS, group=RTOS, mode=CMSIS_V1, owner=FREERTOS
2023-11-18 14:14:34,103 [INFO] RtosManager:555 - Registered RTOS mode: class=CMSIS, group=RTOS2, mode=CMSIS_V2, owner=FREERTOS
2023-11-18 14:14:34,103 [INFO] RtosManager:555 - Registered RTOS mode: class=RTOS, group=Core, mode=CMSIS_V1, owner=FREERTOS
2023-11-18 14:14:34,103 [INFO] RtosManager:555 - Registered RTOS mode: class=RTOS, group=Core, mode=CMSIS_V2, owner=FREERTOS
2023-11-18 14:14:34,103 [WARN] ModelIntegratedComponent:184 - Missing modes for component STMicroelectronics:FreeRTOS:0.0.1:STMicroelectronics:RTOS:FreeRTOS:Core:::10.2.0:
2023-11-18 14:14:34,108 [WARN] ModelIntegratedComponent:63 - No mode defined for component null
2023-11-18 14:14:34,108 [WARN] ModelIntegratedComponent:63 - No mode defined for component null
2023-11-18 14:14:34,108 [WARN] ModelIntegratedComponent:63 - No mode defined for component null
2023-11-18 14:14:34,108 [WARN] ModelIntegratedComponent:63 - No mode defined for component null
2023-11-18 14:14:34,108 [WARN] ModelIntegratedComponent:63 - No mode defined for component null
2023-11-18 14:14:34,108 [WARN] ModelIntegratedComponent:63 - No mode defined for component null
2023-11-18 14:14:34,108 [WARN] ModelIntegratedComponent:63 - No mode defined for component null
2023-11-18 14:14:34,108 [WARN] ModelIntegratedComponent:63 - No mode defined for component null
2023-11-18 14:14:34,108 [WARN] ModelIntegratedComponent:63 - No mode defined for component null
2023-11-18 14:14:34,108 [WARN] ModelIntegratedComponent:63 - No mode defined for component null
2023-11-18 14:14:34,108 [WARN] ModelIntegratedComponent:63 - No mode defined for component null
2023-11-18 14:14:34,109 [WARN] ModelIntegratedComponent:63 - No mode defined for component null
2023-11-18 14:14:34,109 [WARN] ModelIntegratedComponent:63 - No mode defined for component null
2023-11-18 14:14:34,109 [WARN] ModelIntegratedComponent:63 - No mode defined for component null
2023-11-18 14:14:34,109 [WARN] ModelIntegratedComponent:63 - No mode defined for component null
2023-11-18 14:14:34,109 [WARN] ModelIntegratedComponent:63 - No mode defined for component null
2023-11-18 14:14:34,109 [WARN] ModelIntegratedComponent:63 - No mode defined for component null
2023-11-18 14:14:34,109 [WARN] ModelIntegratedComponent:63 - No mode defined for component null
2023-11-18 14:14:34,109 [WARN] ModelIntegratedComponent:63 - No mode defined for component null
2023-11-18 14:14:34,109 [WARN] ModelIntegratedComponent:63 - No mode defined for component null
2023-11-18 14:14:34,109 [WARN] ModelIntegratedComponent:63 - No mode defined for component null
2023-11-18 14:14:34,109 [WARN] ModelIntegratedComponent:63 - No mode defined for component null
2023-11-18 14:14:34,109 [WARN] ModelIntegratedComponent:63 - No mode defined for component null
2023-11-18 14:14:34,109 [WARN] ModelIntegratedComponent:63 - No mode defined for component null
2023-11-18 14:14:34,109 [WARN] ModelIntegratedComponent:63 - No mode defined for component null
2023-11-18 14:14:34,109 [WARN] ModelIntegratedComponent:63 - No mode defined for component null
2023-11-18 14:14:34,109 [WARN] ModelIntegratedComponent:63 - No mode defined for component null
2023-11-18 14:14:34,109 [WARN] ModelIntegratedComponent:63 - No mode defined for component null
2023-11-18 14:14:34,109 [WARN] ModelIntegratedComponent:63 - No mode defined for component null
2023-11-18 14:14:34,109 [WARN] ModelIntegratedComponent:63 - No mode defined for component null
2023-11-18 14:14:34,109 [WARN] ModelIntegratedComponent:63 - No mode defined for component null
2023-11-18 14:14:34,109 [WARN] ModelIntegratedComponent:63 - No mode defined for component null
2023-11-18 14:14:34,109 [WARN] ModelIntegratedComponent:63 - No mode defined for component null
2023-11-18 14:14:34,160 [INFO] ThirdPartyModel:298 - Start build external matchings
2023-11-18 14:14:34,469 [INFO] ThirdPartyModel:316 - End build external matchings
2023-11-18 14:14:34,475 [INFO] ImportTextPane:194 - (OptionalMessage_ERROR) IP (RCC) : Parameter (ADCFreqValue) has invalid value (36000000)
2023-11-18 14:14:34,475 [INFO] ImportTextPane:194 - (OptionalMessage_ERROR) IP (RCC) : Invalid parameter (FamilyName)
2023-11-18 14:14:34,475 [INFO] ImportTextPane:194 - (OptionalMessage_ERROR) IP (RCC) : Parameter (MCOFreq_Value) has invalid value (72000000)
2023-11-18 14:14:34,476 [INFO] ImportTextPane:194 - (OptionalMessage_ERROR) IP (RCC) : Parameter (USBFreq_Value) has invalid value (72000000)
2023-11-18 14:14:34,691 [INFO] UtilMem:75 - End LoadConfig() Used Memory: 200107624 Bytes (587202560)
2023-11-18 14:14:34,760 [WARN] ThirdParty:833 - waiting for thirdparty lock release [change project]
2023-11-18 14:14:34,761 [INFO] ThirdParty:835 - entering critical section [change project]
2023-11-18 14:14:34,761 [INFO] ThirdParty:1030 - CMSIS Pack Vendor :STMicroelectronics X-CUBE-ISPU 1.1.0
2023-11-18 14:14:34,761 [INFO] ThirdParty:1030 - CMSIS Pack Vendor :STMicroelectronics USBPD 4.1
2023-11-18 14:14:34,761 [INFO] ThirdParty:1030 - CMSIS Pack Vendor :STMicroelectronics X-CUBE-GNSS1 6.0.0
2023-11-18 14:14:34,761 [INFO] ThirdParty:1030 - CMSIS Pack Vendor :STMicroelectronics USB_HOST 2.0.0
2023-11-18 14:14:34,761 [INFO] ThirdParty:1030 - CMSIS Pack Vendor :STMicroelectronics X-CUBE-AZRTOS-F4 1.1.0
2023-11-18 14:14:34,761 [INFO] ThirdParty:1030 - CMSIS Pack Vendor :STMicroelectronics LIBJPEG 8.0.0
2023-11-18 14:14:34,761 [INFO] ThirdParty:1030 - CMSIS Pack Vendor :wolfSSL I-CUBE-wolfSSL 5.6.3
2023-11-18 14:14:34,761 [INFO] ThirdParty:1030 - CMSIS Pack Vendor :STMicroelectronics X-CUBE-SMBUS 2.1.0
2023-11-18 14:14:34,761 [INFO] ThirdParty:1030 - CMSIS Pack Vendor :STMicroelectronics USB_DEVICE 3.0.0
2023-11-18 14:14:34,761 [INFO] ThirdParty:1030 - CMSIS Pack Vendor :STMicroelectronics X-CUBE-AZRTOS-WB 2.0.0
2023-11-18 14:14:34,762 [INFO] ThirdParty:1030 - CMSIS Pack Vendor :STMicroelectronics X-CUBE-AZRTOS-F7 1.1.0
2023-11-18 14:14:34,762 [INFO] ThirdParty:1030 - CMSIS Pack Vendor :STMicroelectronics X-CUBE-AZRTOS-L5 2.0.0
2023-11-18 14:14:34,762 [INFO] ThirdParty:1030 - CMSIS Pack Vendor :STMicroelectronics USB_DEVICE 2.0.0
2023-11-18 14:14:34,762 [INFO] ThirdParty:1030 - CMSIS Pack Vendor :STMicroelectronics X-CUBE-MEMS1 9.6.0
2023-11-18 14:14:34,762 [INFO] ThirdParty:1030 - CMSIS Pack Vendor :STMicroelectronics X-CUBE-EEPRMA1 4.2.0
2023-11-18 14:14:34,762 [INFO] ThirdParty:1030 - CMSIS Pack Vendor :ITTIA_DB I-CUBE-ITTIADB 8.8.0
2023-11-18 14:14:34,762 [INFO] ThirdParty:1030 - CMSIS Pack Vendor :STMicroelectronics FP-SNS-MOTENV1 4.3.2
2023-11-18 14:14:34,762 [INFO] ThirdParty:1030 - CMSIS Pack Vendor :STMicroelectronics X-CUBE-ALGOBUILD 1.3.0
2023-11-18 14:14:34,762 [INFO] ThirdParty:1030 - CMSIS Pack Vendor :STMicroelectronics FreeRTOS 0.0.1
2023-11-18 14:14:34,762 [INFO] ThirdParty:1030 - CMSIS Pack Vendor :STMicroelectronics X-CUBE-AZRTOS-G0 1.1.0
2023-11-18 14:14:34,762 [INFO] ThirdParty:1030 - CMSIS Pack Vendor :STMicroelectronics X-CUBE-BLEMGR 2.0.0
2023-11-18 14:14:34,762 [INFO] ThirdParty:1030 - CMSIS Pack Vendor :STMicroelectronics X-CUBE-NFC4 3.0.0
2023-11-18 14:14:34,762 [INFO] ThirdParty:1030 - CMSIS Pack Vendor :STMicroelectronics X-CUBE-SUBG2 5.0.0
2023-11-18 14:14:34,762 [INFO] ThirdParty:1030 - CMSIS Pack Vendor :STMicroelectronics STM32_WPAN 1.0.0
2023-11-18 14:14:34,762 [INFO] ThirdParty:1030 - CMSIS Pack Vendor :STMicroelectronics lwIP 2.0.3
2023-11-18 14:14:34,762 [INFO] ThirdParty:1030 - CMSIS Pack Vendor :STMicroelectronics FP-SNS-FLIGHT1 5.0.2
2023-11-18 14:14:34,762 [INFO] ThirdParty:1030 - CMSIS Pack Vendor :STMicroelectronics USB_HOST 1.0.0
2023-11-18 14:14:34,762 [INFO] ThirdParty:1030 - CMSIS Pack Vendor :STMicroelectronics X-CUBE-TOF1 3.3.1
2023-11-18 14:14:34,762 [INFO] ThirdParty:1030 - CMSIS Pack Vendor :STMicroelectronics X-CUBE-AZRTOS-G4 2.0.0
2023-11-18 14:14:34,762 [INFO] ThirdParty:1030 - CMSIS Pack Vendor :STMicroelectronics PDM2PCM 3.1.0
2023-11-18 14:14:34,762 [INFO] ThirdParty:1030 - CMSIS Pack Vendor :STMicroelectronics X-CUBE-AZRTOS-H7 3.1.0
2023-11-18 14:14:34,762 [INFO] ThirdParty:1030 - CMSIS Pack Vendor :Infineon AIROC-Wi-Fi-Bluetooth-STM32 1.5.1
2023-11-18 14:14:34,762 [INFO] ThirdParty:1030 - CMSIS Pack Vendor :STMicroelectronics X-CUBE-BLEMGR 3.0.0
2023-11-18 14:14:34,762 [INFO] ThirdParty:1030 - CMSIS Pack Vendor :STMicroelectronics PDM2PCM 3.3.0
2023-11-18 14:14:34,762 [INFO] ThirdParty:1030 - CMSIS Pack Vendor :STMicroelectronics X-CUBE-DISPLAY 3.0.0
2023-11-18 14:14:34,762 [INFO] ThirdParty:1030 - CMSIS Pack Vendor :STMicroelectronics FP-SNS-MOTENVWB1 1.3.0
2023-11-18 14:14:34,762 [INFO] ThirdParty:1030 - CMSIS Pack Vendor :STMicroelectronics X-CUBE-BLE1 7.0.0
2023-11-18 14:14:34,762 [INFO] ThirdParty:1030 - CMSIS Pack Vendor :STMicroelectronics FP-ATR-SIGFOX1 3.2.0
2023-11-18 14:14:34,762 [INFO] ThirdParty:1030 - CMSIS Pack Vendor :STMicroelectronics HAL Drivers 0.0.0
2023-11-18 14:14:34,762 [INFO] ThirdParty:1030 - CMSIS Pack Vendor :STMicroelectronics MBEDTLS 2.16.2
2023-11-18 14:14:34,762 [INFO] ThirdParty:1030 - CMSIS Pack Vendor :emotas I-CUBE-CANOPEN 1.3.0
2023-11-18 14:14:34,762 [INFO] ThirdParty:1030 - CMSIS Pack Vendor :STMicroelectronics X-CUBE-MEMS1 10.0.0
2023-11-18 14:14:34,762 [INFO] ThirdParty:1030 - CMSIS Pack Vendor :STMicroelectronics X-CUBE-FREERTOS 1.1.0
2023-11-18 14:14:34,762 [INFO] ThirdParty:1030 - CMSIS Pack Vendor :STMicroelectronics X-CUBE-TOUCHGFX 4.22.0
2023-11-18 14:14:34,762 [INFO] ThirdParty:1030 - CMSIS Pack Vendor :STMicroelectronics X-CUBE-NFC7 1.0.1
2023-11-18 14:14:34,762 [INFO] ThirdParty:1030 - CMSIS Pack Vendor :STMicroelectronics MBEDTLS 2.14.1
2023-11-18 14:14:34,762 [INFO] ThirdParty:1030 - CMSIS Pack Vendor :STMicroelectronics X-CUBE-TOUCHGFX 4.22.1
2023-11-18 14:14:34,762 [INFO] ThirdParty:1030 - CMSIS Pack Vendor :STMicroelectronics X-CUBE-NFC6 3.0.0
2023-11-18 14:14:34,762 [INFO] ThirdParty:1030 - CMSIS Pack Vendor :STMicroelectronics X-CUBE-EEPRMA1 4.1.0
2023-11-18 14:14:34,762 [INFO] ThirdParty:1030 - CMSIS Pack Vendor :portGmbH I-Cube-SoM-uGOAL 1.1.0
2023-11-18 14:14:34,762 [INFO] ThirdParty:1030 - CMSIS Pack Vendor :STMicroelectronics X-CUBE-ALS 1.0.1
2023-11-18 14:14:34,762 [INFO] ThirdParty:1030 - CMSIS Pack Vendor :STMicroelectronics ThreadX 1.0.0
2023-11-18 14:14:34,762 [INFO] ThirdParty:1030 - CMSIS Pack Vendor :STMicroelectronics FP-SNS-SMARTAG2 1.2.0
2023-11-18 14:14:34,762 [INFO] ThirdParty:1030 - CMSIS Pack Vendor :STMicroelectronics X-CUBE-AZRTOS-WL 2.0.0
2023-11-18 14:14:34,763 [INFO] ThirdParty:1030 - CMSIS Pack Vendor :SEGGER I-CUBE-embOS 1.3.1
2023-11-18 14:14:34,763 [INFO] ThirdParty:1030 - CMSIS Pack Vendor :STMicroelectronics USB_DEVICE 1.0.0
2023-11-18 14:14:34,763 [INFO] ThirdParty:1030 - CMSIS Pack Vendor :STMicroelectronics X-CUBE-AI 8.1.0
2023-11-18 14:14:34,763 [INFO] ThirdParty:1030 - CMSIS Pack Vendor :STMicroelectronics X-CUBE-AZRTOS-L4 2.0.0
2023-11-18 14:14:34,763 [INFO] ThirdParty:1030 - CMSIS Pack Vendor :STMicroelectronics ThreadX 0.0.2
2023-11-18 14:14:34,763 [INFO] ThirdParty:1030 - CMSIS Pack Vendor :WES I-CUBE-Cesium 1.3.0
2023-11-18 14:14:34,763 [INFO] ThirdParty:1030 - CMSIS Pack Vendor :STMicroelectronics FP-ATR-ASTRA1 2.0.0
2023-11-18 14:14:34,763 [INFO] ThirdParty:1030 - CMSIS Pack Vendor :STMicroelectronics lwIP 2.1.2
2023-11-18 14:14:34,763 [INFO] ThirdParty:1030 - CMSIS Pack Vendor :STMicroelectronics X-CUBE-SFXS2LP1 4.0.0
2023-11-18 14:14:34,763 [INFO] ThirdParty:1030 - CMSIS Pack Vendor :STMicroelectronics X-CUBE-BLE2 3.3.0
2023-11-18 14:14:34,763 [INFO] ThirdParty:1030 - CMSIS Pack Vendor :STMicroelectronics PDM2PCM 3.2.0
2023-11-18 14:14:34,763 [INFO] ThirdParty:841 - exiting critical section [change project]
2023-11-18 14:14:34,855 [INFO] PinOutPanel:1499 - setPackage(No Configuration,No Configuration)
2023-11-18 14:14:34,855 [INFO] PinOutPanel:1499 - setPackage(STM32F103RCTx,LQFP64)
2023-11-18 14:14:34,999 [INFO] UtilMem:75 - Before build in PCC Used Memory: 363526280 Bytes (587202560)
2023-11-18 14:14:35,136 [INFO] UtilMem:75 - After build in PCC Used Memory: 406517896 Bytes (587202560)
2023-11-18 14:14:35,149 [INFO] IPUIPlugin:80 - create IPUIPlugin
2023-11-18 14:14:35,149 [INFO] IPUIPlugin:80 - create IPUIPlugin
2023-11-18 14:14:35,149 [INFO] IPUIPlugin:80 - create IPUIPlugin
2023-11-18 14:14:35,149 [INFO] IPUIPlugin:80 - create IPUIPlugin
2023-11-18 14:14:35,149 [INFO] IPUIPlugin:80 - create IPUIPlugin
2023-11-18 14:14:35,150 [INFO] IPUIPlugin:80 - create IPUIPlugin
2023-11-18 14:14:35,150 [INFO] IPUIPlugin:80 - create IPUIPlugin
2023-11-18 14:14:35,150 [INFO] IPUIPlugin:80 - create IPUIPlugin
2023-11-18 14:14:35,150 [INFO] IPUIPlugin:80 - create IPUIPlugin
2023-11-18 14:14:35,150 [INFO] IPUIPlugin:80 - create IPUIPlugin
2023-11-18 14:14:35,150 [INFO] IPUIPlugin:80 - create IPUIPlugin
2023-11-18 14:14:35,150 [INFO] IPUIPlugin:80 - create IPUIPlugin
2023-11-18 14:14:35,150 [INFO] IPUIPlugin:80 - create IPUIPlugin
2023-11-18 14:14:35,150 [INFO] IPUIPlugin:80 - create IPUIPlugin
2023-11-18 14:14:35,150 [INFO] IPUIPlugin:80 - create IPUIPlugin
2023-11-18 14:14:35,150 [INFO] IPUIPlugin:80 - create IPUIPlugin
2023-11-18 14:14:35,150 [INFO] IPUIPlugin:80 - create IPUIPlugin
2023-11-18 14:14:35,150 [INFO] IPUIPlugin:80 - create IPUIPlugin
2023-11-18 14:14:35,151 [INFO] IPUIPlugin:80 - create IPUIPlugin
2023-11-18 14:14:35,151 [INFO] IPUIPlugin:80 - create IPUIPlugin
2023-11-18 14:14:35,151 [INFO] IPUIPlugin:80 - create IPUIPlugin
2023-11-18 14:14:35,151 [INFO] IPUIPlugin:80 - create IPUIPlugin
2023-11-18 14:14:35,151 [INFO] IPUIPlugin:80 - create IPUIPlugin
2023-11-18 14:14:35,151 [INFO] IPUIPlugin:80 - create IPUIPlugin
2023-11-18 14:14:35,151 [INFO] IPUIPlugin:80 - create IPUIPlugin
2023-11-18 14:14:35,151 [INFO] IPUIPlugin:80 - create IPUIPlugin
2023-11-18 14:14:35,151 [INFO] IPUIPlugin:80 - create IPUIPlugin
2023-11-18 14:14:35,151 [INFO] IPUIPlugin:80 - create IPUIPlugin
2023-11-18 14:14:35,151 [INFO] IPUIPlugin:80 - create IPUIPlugin
2023-11-18 14:14:35,151 [INFO] IPUIPlugin:80 - create IPUIPlugin
2023-11-18 14:14:35,151 [INFO] IPUIPlugin:80 - create IPUIPlugin
2023-11-18 14:14:35,152 [INFO] IPUIPlugin:80 - create IPUIPlugin
2023-11-18 14:14:35,152 [INFO] IPUIPlugin:80 - create IPUIPlugin
2023-11-18 14:14:35,152 [INFO] IPUIPlugin:80 - create IPUIPlugin
2023-11-18 14:14:35,152 [INFO] IPUIPlugin:80 - create IPUIPlugin
2023-11-18 14:14:35,152 [INFO] IPUIPlugin:80 - create IPUIPlugin
2023-11-18 14:14:35,152 [INFO] IPUIPlugin:80 - create IPUIPlugin
2023-11-18 14:14:35,152 [INFO] IPUIPlugin:80 - create IPUIPlugin
2023-11-18 14:14:35,152 [INFO] IPUIPlugin:80 - create IPUIPlugin
2023-11-18 14:14:35,192 [INFO] CADModel:165 - CPN selected for project levelSTM32F103RCT6
2023-11-18 14:14:35,192 [INFO] CADModel:114 - Register for checkConnection events
2023-11-18 14:14:35,252 [INFO] OpenFileManager:328 - Restore cursor
2023-11-18 14:14:58,193 [INFO] NvicIntPanel:101 - NVIC parent = com.st.microxplorer.plugins.ip.nvic.MultiNvicIntPanel[,0,0,0x0,invalid,layout=javax.swing.BoxLayout,alignmentX=0.0,alignmentY=0.0,border=,flags=9,maximumSize=,minimumSize=,preferredSize=]
2023-11-18 14:15:00,777 [INFO] NvicIntPanel:101 - NVIC parent = com.st.microxplorer.plugins.ip.nvic.MultiNvicIntPanel[,0,0,0x0,invalid,layout=javax.swing.BoxLayout,alignmentX=0.0,alignmentY=0.0,border=,flags=9,maximumSize=,minimumSize=,preferredSize=]
2023-11-18 14:15:03,373 [INFO] NvicIntPanel:101 - NVIC parent = com.st.microxplorer.plugins.ip.nvic.MultiNvicIntPanel[,0,0,0x0,invalid,layout=javax.swing.BoxLayout,alignmentX=0.0,alignmentY=0.0,border=,flags=9,maximumSize=,minimumSize=,preferredSize=]
2023-11-18 14:15:09,128 [INFO] UtilMem:75 - End SaveConfig() Used Memory: 389431128 Bytes (587202560)
2023-11-18 14:15:09,188 [INFO] UtilMem:75 - End SaveConfig() Used Memory: 407200512 Bytes (587202560)
2023-11-18 14:15:09,752 [INFO] UtilMem:75 - End SaveConfig() Used Memory: 483748608 Bytes (587202560)
2023-11-18 14:15:10,027 [INFO] BlockDiagram:2759 - set Specific Code input for plugin: RTC
2023-11-18 14:15:10,027 [INFO] BlockDiagram:2759 - set Specific Code input for plugin: NVIC
2023-11-18 14:15:10,027 [INFO] BlockDiagram:2759 - set Specific Code input for plugin: USART
2023-11-18 14:15:10,027 [INFO] BlockDiagram:2759 - set Specific Code input for plugin: IWDG
2023-11-18 14:15:10,027 [INFO] BlockDiagram:2759 - set Specific Code input for plugin: TIM1_8F1
2023-11-18 14:15:10,027 [INFO] BlockDiagram:2759 - set Specific Code input for plugin: SYS
2023-11-18 14:15:10,028 [INFO] BlockDiagram:2759 - set Specific Code input for plugin: GPIO
2023-11-18 14:15:10,028 [INFO] BlockDiagram:2759 - set Specific Code input for plugin: RCC
2023-11-18 14:15:10,029 [INFO] CodeGenerator:799 - code generatio: config db path: D:\software\STM32CubeIDE_1.13.2\STM32CubeIDE\plugins\com.st.stm32cube.common.mx_6.9.2.202309101412\\db\
2023-11-18 14:15:10,210 [INFO] CodeEngine:255 - oldGeneratedFile, D:\project\CS301\Assignment2\MXTmpFiles\license.tmp_save
2023-11-18 14:15:10,439 [INFO] CodeEngine:279 - Generated code: D:\project\CS301\Assignment2\MXTmpFiles\license.tmp
2023-11-18 14:15:10,582 [INFO] CodeEngine:255 - oldGeneratedFile, D:\project\CS301\Assignment2\Core\Src\gpio.c_save
2023-11-18 14:15:10,704 [INFO] CodeEngine:279 - Generated code: D:\project\CS301\Assignment2\Core\Src\gpio.c
2023-11-18 14:15:10,708 [INFO] CodeEngine:255 - oldGeneratedFile, D:\project\CS301\Assignment2\Core\Inc\gpio.h_save
2023-11-18 14:15:10,750 [INFO] CodeEngine:279 - Generated code: D:\project\CS301\Assignment2\Core\Inc\gpio.h
2023-11-18 14:15:10,890 [INFO] CodeEngine:255 - oldGeneratedFile, D:\project\CS301\Assignment2\Core\Src\iwdg.c_save
2023-11-18 14:15:10,976 [INFO] CodeEngine:279 - Generated code: D:\project\CS301\Assignment2\Core\Src\iwdg.c
2023-11-18 14:15:10,979 [INFO] CodeEngine:255 - oldGeneratedFile, D:\project\CS301\Assignment2\Core\Inc\iwdg.h_save
2023-11-18 14:15:11,021 [INFO] CodeEngine:279 - Generated code: D:\project\CS301\Assignment2\Core\Inc\iwdg.h
2023-11-18 14:15:11,026 [INFO] CodeEngine:255 - oldGeneratedFile, D:\project\CS301\Assignment2\Core\Src\rtc.c_save
2023-11-18 14:15:11,089 [INFO] CodeEngine:279 - Generated code: D:\project\CS301\Assignment2\Core\Src\rtc.c
2023-11-18 14:15:11,093 [INFO] CodeEngine:255 - oldGeneratedFile, D:\project\CS301\Assignment2\Core\Inc\rtc.h_save
2023-11-18 14:15:11,147 [INFO] CodeEngine:279 - Generated code: D:\project\CS301\Assignment2\Core\Inc\rtc.h
2023-11-18 14:15:11,153 [INFO] CodeEngine:255 - oldGeneratedFile, D:\project\CS301\Assignment2\Core\Src\tim.c_save
2023-11-18 14:15:11,211 [INFO] CodeEngine:279 - Generated code: D:\project\CS301\Assignment2\Core\Src\tim.c
2023-11-18 14:15:11,216 [INFO] CodeEngine:255 - oldGeneratedFile, D:\project\CS301\Assignment2\Core\Inc\tim.h_save
2023-11-18 14:15:11,256 [INFO] CodeEngine:279 - Generated code: D:\project\CS301\Assignment2\Core\Inc\tim.h
2023-11-18 14:15:11,261 [INFO] CodeEngine:255 - oldGeneratedFile, D:\project\CS301\Assignment2\Core\Src\usart.c_save
2023-11-18 14:15:11,321 [INFO] CodeEngine:279 - Generated code: D:\project\CS301\Assignment2\Core\Src\usart.c
2023-11-18 14:15:11,323 [INFO] CodeEngine:255 - oldGeneratedFile, D:\project\CS301\Assignment2\Core\Inc\usart.h_save
2023-11-18 14:15:11,364 [INFO] CodeEngine:279 - Generated code: D:\project\CS301\Assignment2\Core\Inc\usart.h
2023-11-18 14:15:11,372 [INFO] CodeEngine:255 - oldGeneratedFile, D:\project\CS301\Assignment2\Core\Src\stm32f1xx_it.c_save
2023-11-18 14:15:11,443 [INFO] CodeEngine:279 - Generated code: D:\project\CS301\Assignment2\Core\Src\stm32f1xx_it.c
2023-11-18 14:15:11,448 [INFO] CodeEngine:255 - oldGeneratedFile, D:\project\CS301\Assignment2\Core\Inc\stm32f1xx_it.h_save
2023-11-18 14:15:11,480 [INFO] CodeEngine:279 - Generated code: D:\project\CS301\Assignment2\Core\Inc\stm32f1xx_it.h
2023-11-18 14:15:11,488 [INFO] CodeEngine:255 - oldGeneratedFile, D:\project\CS301\Assignment2\Core\Src\stm32f1xx_hal_msp.c_save
2023-11-18 14:15:11,542 [INFO] CodeEngine:279 - Generated code: D:\project\CS301\Assignment2\Core\Src\stm32f1xx_hal_msp.c
2023-11-18 14:15:11,544 [INFO] CodeEngine:255 - oldGeneratedFile, D:\project\CS301\Assignment2\MXTmpFiles\system.tmp_save
2023-11-18 14:15:11,573 [INFO] CodeEngine:279 - Generated code: D:\project\CS301\Assignment2\MXTmpFiles\system.tmp
2023-11-18 14:15:11,578 [INFO] CodeEngine:311 - oldGeneratedFile, D:\project\CS301\Assignment2\Core\Inc\stm32f1xx_hal_conf.h_save
2023-11-18 14:15:11,619 [INFO] CodeEngine:335 - Generated code: D:\project\CS301\Assignment2\Core\Inc\stm32f1xx_hal_conf.h
2023-11-18 14:15:11,649 [INFO] CodeEngine:255 - oldGeneratedFile, D:\project\CS301\Assignment2\Core\Inc\main.h_save
2023-11-18 14:15:11,700 [INFO] CodeEngine:279 - Generated code: D:\project\CS301\Assignment2\Core\Inc\main.h
2023-11-18 14:15:11,703 [INFO] CodeEngine:255 - oldGeneratedFile, D:\project\CS301\Assignment2\Core\Src\main.c_save
2023-11-18 14:15:11,799 [INFO] CodeEngine:279 - Generated code: D:\project\CS301\Assignment2\Core\Src\main.c
2023-11-18 14:15:12,126 [INFO] ProjectBuilder:3064 - Time for Copy HAL[1] : 121mS.
2023-11-18 14:15:12,129 [INFO] ProjectBuilder:4404 - Project Generator version: 4.1.0
2023-11-18 14:15:12,261 [INFO] ConfigFileManager:1457 - The Die is : DIE414
2023-11-18 14:15:12,272 [INFO] ApiDbMcu:507 - Load IP Config File for FATFS
2023-11-18 14:15:12,276 [INFO] ApiDbMcu:507 - Load IP Config File for FREERTOS
2023-11-18 14:15:12,280 [INFO] ApiDbMcu:507 - Load IP Config File for USB_DEVICE
2023-11-18 14:15:12,647 [INFO] LogOutputStream:77 - [STDOUT_REDIRECT] 
2023-11-18 14:15:13,259 [INFO] ProjectBuilder:4626 - Time for Generating toolchain IDE Files: 1129mS.
2023-11-18 14:15:13,260 [INFO] ProjectBuilder:2935 - Time for Copy CMSIS : 1mS.
2023-11-18 14:15:13,261 [INFO] ProjectBuilder:2935 - Time for Copy CMSIS : 0mS.
