2023-10-31 16:09:27,249 [INFO] Activator:176 - 


2023-10-31 16:09:27,253 [INFO] Activator:177 - !SESSION log4j initialized
2023-10-31 16:09:33,231 [INFO] LogOutputStream:77 - [STDOUT_REDIRECT] 
2023-10-31 16:09:34,899 [INFO] ApplicationProperties:184 - Using Application install path: D:\software\STM32CubeIDE_1.13.2\STM32CubeIDE\plugins\com.st.stm32cube.common.mx_6.9.2.202309101412
2023-10-31 16:09:34,914 [INFO] DbMcusXml:78 - Set database path to: D:\software\STM32CubeIDE_1.13.2\STM32CubeIDE\plugins\com.st.stm32cube.common.mx_6.9.2.202309101412\\db\/mcu/
2023-10-31 16:09:34,915 [INFO] ApiDb:274 - Set plugin database path to: D:\software\STM32CubeIDE_1.13.2\STM32CubeIDE\plugins\com.st.stm32cube.common.mx_6.9.2.202309101412\\db\/plugins/boardmanager/
2023-10-31 16:09:34,915 [WARN] ApiDb:259 - Overriding images path with different value:  => D:\software\STM32CubeIDE_1.13.2\STM32CubeIDE\plugins\com.st.stm32cube.common.mx_6.9.2.202309101412\\db\/plugins/mcufinder/images/
2023-10-31 16:09:34,926 [INFO] ApiDb:250 - Set database path to: C:\Users\lenovo\.stmcufinder\plugins\mcufinder//mcu/
2023-10-31 16:09:34,927 [INFO] DbMcusAds:125 - Set database path to: C:\Users\lenovo\.stmcufinder\plugins\mcufinder//mcu/
2023-10-31 16:09:34,928 [INFO] CrossReferenceDbSqlite:203 - Set database path to: C:\Users\lenovo\.stmcufinder\plugins\mcufinder//mcu/cs/
2023-10-31 16:09:35,019 [INFO] RulesReader:64 - Compatibility file has been processed (293 Rules)
2023-10-31 16:09:35,092 [INFO] DbMcusXml:78 - Set database path to: D:\software\STM32CubeIDE_1.13.2\STM32CubeIDE\plugins\com.st.stm32cube.common.mx_6.9.2.202309101412\\db\/mcu/
2023-10-31 16:09:35,093 [INFO] ApiDb:274 - Set plugin database path to: D:\software\STM32CubeIDE_1.13.2\STM32CubeIDE\plugins\com.st.stm32cube.common.mx_6.9.2.202309101412\\db\/plugins/boardmanager/
2023-10-31 16:09:35,093 [INFO] ApiDb:261 - Set plugin images path to: D:\software\STM32CubeIDE_1.13.2\STM32CubeIDE\plugins\com.st.stm32cube.common.mx_6.9.2.202309101412\\db\/plugins/mcufinder/images/
2023-10-31 16:09:35,093 [WARN] DbFile:41 - Overriding database path with different value: C:\Users\lenovo\.stmcufinder\plugins\mcufinder/ => C:\Users\lenovo\.stmcufinder\plugins\mcufinder
2023-10-31 16:09:35,093 [INFO] ApiDb:250 - Set database path to: C:\Users\lenovo\.stmcufinder\plugins\mcufinder//mcu/
2023-10-31 16:09:35,093 [WARN] DbFile:41 - Overriding database path with different value: C:\Users\lenovo\.stmcufinder\plugins\mcufinder/ => C:\Users\lenovo\.stmcufinder\plugins\mcufinder
2023-10-31 16:09:35,093 [INFO] DbMcusAds:125 - Set database path to: C:\Users\lenovo\.stmcufinder\plugins\mcufinder//mcu/
2023-10-31 16:09:35,094 [WARN] DbFile:41 - Overriding database path with different value: C:\Users\lenovo\.stmcufinder\plugins\mcufinder/ => C:\Users\lenovo\.stmcufinder\plugins\mcufinder
2023-10-31 16:09:35,094 [WARN] DbFile:41 - Overriding database path with different value: C:\Users\lenovo\.stmcufinder\plugins\mcufinder/ => C:\Users\lenovo\.stmcufinder\plugins\mcufinder
2023-10-31 16:09:35,094 [INFO] CrossReferenceDbSqlite:203 - Set database path to: C:\Users\lenovo\.stmcufinder\plugins\mcufinder//mcu/cs/
2023-10-31 16:09:35,166 [INFO] MainPanel:262 - HeapMemory: 268435456
2023-10-31 16:09:35,242 [INFO] DbMcusXml:78 - Set database path to: D:\software\STM32CubeIDE_1.13.2\STM32CubeIDE\plugins\com.st.stm32cube.common.mx_6.9.2.202309101412\\db\/mcu/
2023-10-31 16:09:35,242 [INFO] ApiDb:274 - Set plugin database path to: D:\software\STM32CubeIDE_1.13.2\STM32CubeIDE\plugins\com.st.stm32cube.common.mx_6.9.2.202309101412\\db\/plugins/boardmanager/
2023-10-31 16:09:35,243 [INFO] ApiDb:261 - Set plugin images path to: D:\software\STM32CubeIDE_1.13.2\STM32CubeIDE\plugins\com.st.stm32cube.common.mx_6.9.2.202309101412\\db\/plugins/mcufinder/images/
2023-10-31 16:09:35,243 [WARN] DbFile:41 - Overriding database path with different value: C:\Users\lenovo\.stmcufinder\plugins\mcufinder/ => C:\Users\lenovo\.stmcufinder\plugins\mcufinder
2023-10-31 16:09:35,243 [INFO] ApiDb:250 - Set database path to: C:\Users\lenovo\.stmcufinder\plugins\mcufinder//mcu/
2023-10-31 16:09:35,243 [WARN] DbFile:41 - Overriding database path with different value: C:\Users\lenovo\.stmcufinder\plugins\mcufinder/ => C:\Users\lenovo\.stmcufinder\plugins\mcufinder
2023-10-31 16:09:35,243 [INFO] DbMcusAds:125 - Set database path to: C:\Users\lenovo\.stmcufinder\plugins\mcufinder//mcu/
2023-10-31 16:09:35,243 [WARN] DbFile:41 - Overriding database path with different value: C:\Users\lenovo\.stmcufinder\plugins\mcufinder/ => C:\Users\lenovo\.stmcufinder\plugins\mcufinder
2023-10-31 16:09:35,244 [WARN] DbFile:41 - Overriding database path with different value: C:\Users\lenovo\.stmcufinder\plugins\mcufinder/ => C:\Users\lenovo\.stmcufinder\plugins\mcufinder
2023-10-31 16:09:35,244 [INFO] CrossReferenceDbSqlite:203 - Set database path to: C:\Users\lenovo\.stmcufinder\plugins\mcufinder//mcu/cs/
2023-10-31 16:09:35,260 [INFO] ApplicationProperties:184 - Using Application install path: D:\software\STM32CubeIDE_1.13.2\STM32CubeIDE\plugins\com.st.stm32cube.common.mx_6.9.2.202309101412
2023-10-31 16:09:35,261 [INFO] PluginManage:196 - Search for loadable plugins [exclusion list=, ]
2023-10-31 16:09:35,263 [INFO] PluginManage:310 - Check plugin analytics
2023-10-31 16:09:35,451 [INFO] AnalyticsPlugin:253 - Accepted Software Licenses: STM32CubeMX.6.9.2
2023-10-31 16:09:35,451 [INFO] AnalyticsPlugin:255 - Accepted CMSIS Pack Licenses: 
2023-10-31 16:09:35,451 [INFO] AnalyticsPlugin:257 - Accepted Firmware Licenses: 
2023-10-31 16:09:35,457 [INFO] PluginManage:359 - Loaded plugin analytics (category:tool,tabindex:-1)
2023-10-31 16:09:35,458 [INFO] PluginManage:310 - Check plugin cadmodel
2023-10-31 16:09:35,463 [INFO] CADModel:105 - Init CAD model plugin
2023-10-31 16:09:35,463 [INFO] PluginManage:359 - Loaded plugin cadmodel (category:power,tabindex:5)
2023-10-31 16:09:35,463 [INFO] PluginManage:310 - Check plugin clock
2023-10-31 16:09:35,472 [INFO] PluginManage:359 - Loaded plugin clock (category:base,tabindex:2)
2023-10-31 16:09:35,473 [INFO] PluginManage:310 - Check plugin ddr
2023-10-31 16:09:35,475 [INFO] PluginManage:359 - Loaded plugin ddr (category:tool,tabindex:6)
2023-10-31 16:09:35,475 [INFO] PluginManage:310 - Check plugin filemanager
2023-10-31 16:09:35,605 [INFO] PluginManage:359 - Loaded plugin filemanager (category:base,tabindex:10)
2023-10-31 16:09:35,605 [INFO] PluginManage:310 - Check plugin ipmanager
2023-10-31 16:09:35,616 [INFO] PluginManage:359 - Loaded plugin ipmanager (category:base,tabindex:5)
2023-10-31 16:09:35,617 [INFO] PluginManage:310 - Check plugin lpbam
2023-10-31 16:09:35,625 [INFO] PluginManage:359 - Loaded plugin lpbam (category:base,tabindex:0)
2023-10-31 16:09:35,626 [INFO] PluginManage:310 - Check plugin memorymap
2023-10-31 16:09:35,639 [INFO] PluginManage:359 - Loaded plugin memorymap (category:base,tabindex:4)
2023-10-31 16:09:35,639 [INFO] PluginManage:310 - Check plugin pinoutandconfiguration
2023-10-31 16:09:35,647 [INFO] PluginManage:359 - Loaded plugin pinoutandconfiguration (category:base,tabindex:1)
2023-10-31 16:09:35,647 [INFO] PluginManage:310 - Check plugin pinoutconfig
2023-10-31 16:09:35,749 [WARN] SupportedApi:132 - Cannot load RTOS API schema: s4s-elt-must-match.1: The content of 'definitions' must match (annotation?, (simpleType | complexType)?, (unique | key | keyref)*)). A problem was found starting at: attribute.
2023-10-31 16:09:35,888 [INFO] PluginManage:359 - Loaded plugin pinoutconfig (category:base,tabindex:0)
2023-10-31 16:09:35,888 [INFO] PluginManage:310 - Check plugin power
2023-10-31 16:09:35,901 [INFO] PluginManage:359 - Loaded plugin power (category:power,tabindex:4)
2023-10-31 16:09:35,901 [INFO] PluginManage:310 - Check plugin projectmanager
2023-10-31 16:09:35,931 [INFO] PluginManage:359 - Loaded plugin projectmanager (category:projectmanager,tabindex:3)
2023-10-31 16:09:35,931 [INFO] PluginManage:310 - Check plugin thirdparty
2023-10-31 16:09:36,132 [INFO] PluginManage:359 - Loaded plugin thirdparty (category:base,tabindex:-1)
2023-10-31 16:09:36,132 [INFO] PluginManage:310 - Check plugin tools
2023-10-31 16:09:36,132 [WARN] IntegrityCheckThread:84 - waiting for thirdparty lock release [integrity check]
2023-10-31 16:09:36,132 [INFO] IntegrityCheckThread:86 - entering critical section [integrity check]
2023-10-31 16:09:36,133 [INFO] ThirdPartyUpdaterWithRetryManager:70 - Updater plugin not ready yet. [1/15]
2023-10-31 16:09:36,134 [INFO] PluginManage:359 - Loaded plugin tools (category:base,tabindex:7)
2023-10-31 16:09:36,134 [INFO] PluginManage:310 - Check plugin tutovideos
2023-10-31 16:09:36,327 [INFO] PluginManage:359 - Loaded plugin tutovideos (category:base,tabindex:-1)
2023-10-31 16:09:36,327 [INFO] PluginManage:310 - Check plugin updater
2023-10-31 16:09:36,339 [INFO] PluginManage:359 - Loaded plugin updater (category:base,tabindex:12)
2023-10-31 16:09:36,339 [INFO] PluginManage:310 - Check plugin userauth
2023-10-31 16:09:36,345 [INFO] UserAuth:113 - Init User Auth plugin
2023-10-31 16:09:36,345 [INFO] PluginManage:359 - Loaded plugin userauth (category:base,tabindex:14)
2023-10-31 16:09:36,345 [INFO] PluginManage:283 - PluginManage : Loaded plugins [17]
2023-10-31 16:09:36,605 [INFO] PinOutPanel:1499 - setPackage(No Configuration,No Configuration)
2023-10-31 16:09:36,705 [INFO] CADModel:165 - CPN selected for project level
2023-10-31 16:09:36,706 [INFO] CADModel:114 - Register for checkConnection events
2023-10-31 16:09:36,722 [INFO] IPUIPlugin:80 - create IPUIPlugin
2023-10-31 16:09:36,722 [INFO] PluginManager:220 - loadIPPluginJar : add adc
2023-10-31 16:09:36,724 [INFO] IPUIPlugin:80 - create IPUIPlugin
2023-10-31 16:09:36,724 [INFO] PluginManager:220 - loadIPPluginJar : add aes
2023-10-31 16:09:36,726 [INFO] IPUIPlugin:80 - create IPUIPlugin
2023-10-31 16:09:36,726 [INFO] PluginManager:220 - loadIPPluginJar : add can
2023-10-31 16:09:36,727 [INFO] IPUIPlugin:80 - create IPUIPlugin
2023-10-31 16:09:36,727 [INFO] PluginManager:220 - loadIPPluginJar : add comp
2023-10-31 16:09:36,729 [INFO] IPUIPlugin:80 - create IPUIPlugin
2023-10-31 16:09:36,729 [INFO] PluginManager:220 - loadIPPluginJar : add cryp
2023-10-31 16:09:36,731 [INFO] IPUIPlugin:80 - create IPUIPlugin
2023-10-31 16:09:36,731 [INFO] PluginManager:220 - loadIPPluginJar : add dfsdm
2023-10-31 16:09:36,736 [INFO] IPUIPlugin:80 - create IPUIPlugin
2023-10-31 16:09:36,736 [INFO] PluginManager:220 - loadIPPluginJar : add dma
2023-10-31 16:09:36,738 [INFO] IPUIPlugin:80 - create IPUIPlugin
2023-10-31 16:09:36,739 [INFO] PluginManager:220 - loadIPPluginJar : add dma3
2023-10-31 16:09:36,739 [INFO] IPUIPlugin:80 - create IPUIPlugin
2023-10-31 16:09:36,740 [INFO] PluginManager:220 - loadIPPluginJar : add fatfs
2023-10-31 16:09:36,743 [INFO] IPUIPlugin:80 - create IPUIPlugin
2023-10-31 16:09:36,743 [INFO] PluginManager:220 - loadIPPluginJar : add fmc
2023-10-31 16:09:36,747 [INFO] IPUIPlugin:80 - create IPUIPlugin
2023-10-31 16:09:36,747 [INFO] PluginManager:220 - loadIPPluginJar : add freertos
2023-10-31 16:09:36,748 [INFO] IPUIPlugin:80 - create IPUIPlugin
2023-10-31 16:09:36,748 [INFO] PluginManager:220 - loadIPPluginJar : add genericplugin
2023-10-31 16:09:36,749 [INFO] IPUIPlugin:80 - create IPUIPlugin
2023-10-31 16:09:36,749 [INFO] PluginManager:220 - loadIPPluginJar : add gfxmmu
2023-10-31 16:09:36,753 [INFO] IPUIPlugin:80 - create IPUIPlugin
2023-10-31 16:09:36,753 [INFO] PluginManager:220 - loadIPPluginJar : add gic
2023-10-31 16:09:36,756 [INFO] IPUIPlugin:80 - create IPUIPlugin
2023-10-31 16:09:36,756 [INFO] PluginManager:220 - loadIPPluginJar : add gpio
2023-10-31 16:09:36,758 [INFO] IPUIPlugin:80 - create IPUIPlugin
2023-10-31 16:09:36,758 [INFO] PluginManager:220 - loadIPPluginJar : add gtzc
2023-10-31 16:09:36,760 [INFO] IPUIPlugin:80 - create IPUIPlugin
2023-10-31 16:09:36,760 [INFO] PluginManager:220 - loadIPPluginJar : add hash
2023-10-31 16:09:36,762 [INFO] IPUIPlugin:80 - create IPUIPlugin
2023-10-31 16:09:36,762 [INFO] PluginManager:220 - loadIPPluginJar : add i2c
2023-10-31 16:09:36,764 [INFO] IPUIPlugin:80 - create IPUIPlugin
2023-10-31 16:09:36,764 [INFO] PluginManager:220 - loadIPPluginJar : add i2s
2023-10-31 16:09:36,766 [INFO] IPUIPlugin:80 - create IPUIPlugin
2023-10-31 16:09:36,766 [INFO] PluginManager:220 - loadIPPluginJar : add i3c
2023-10-31 16:09:36,769 [INFO] IPUIPlugin:80 - create IPUIPlugin
2023-10-31 16:09:36,769 [INFO] PluginManager:220 - loadIPPluginJar : add ipddr
2023-10-31 16:09:36,777 [INFO] IPUIPlugin:80 - create IPUIPlugin
2023-10-31 16:09:36,778 [INFO] PluginManager:220 - loadIPPluginJar : add linkedlist
2023-10-31 16:09:36,780 [INFO] IPUIPlugin:80 - create IPUIPlugin
2023-10-31 16:09:36,781 [INFO] PluginManager:220 - loadIPPluginJar : add lorawan
2023-10-31 16:09:36,783 [INFO] IPUIPlugin:80 - create IPUIPlugin
2023-10-31 16:09:36,783 [INFO] PluginManager:220 - loadIPPluginJar : add ltdc
2023-10-31 16:09:36,788 [INFO] IPUIPlugin:80 - create IPUIPlugin
2023-10-31 16:09:36,788 [INFO] PluginManager:220 - loadIPPluginJar : add mdma
2023-10-31 16:09:36,793 [INFO] IPUIPlugin:80 - create IPUIPlugin
2023-10-31 16:09:36,793 [INFO] PluginManager:220 - loadIPPluginJar : add nvic
2023-10-31 16:09:36,795 [INFO] IPUIPlugin:80 - create IPUIPlugin
2023-10-31 16:09:36,795 [INFO] PluginManager:220 - loadIPPluginJar : add opamp
2023-10-31 16:09:36,797 [INFO] IPUIPlugin:80 - create IPUIPlugin
2023-10-31 16:09:36,798 [INFO] PluginManager:220 - loadIPPluginJar : add openamp
2023-10-31 16:09:36,802 [INFO] IPUIPlugin:80 - create IPUIPlugin
2023-10-31 16:09:36,802 [INFO] PluginManager:220 - loadIPPluginJar : add pdm2pcm
2023-10-31 16:09:36,806 [INFO] IPUIPlugin:80 - create IPUIPlugin
2023-10-31 16:09:36,808 [INFO] PluginManager:220 - loadIPPluginJar : add plateformsettings
2023-10-31 16:09:36,810 [INFO] IPUIPlugin:80 - create IPUIPlugin
2023-10-31 16:09:36,810 [INFO] PluginManager:220 - loadIPPluginJar : add quadspi
2023-10-31 16:09:36,815 [INFO] IPUIPlugin:80 - create IPUIPlugin
2023-10-31 16:09:36,815 [INFO] PluginManager:220 - loadIPPluginJar : add resmgrutility
2023-10-31 16:09:36,817 [INFO] IPUIPlugin:80 - create IPUIPlugin
2023-10-31 16:09:36,817 [INFO] PluginManager:220 - loadIPPluginJar : add sai
2023-10-31 16:09:36,820 [INFO] IPUIPlugin:80 - create IPUIPlugin
2023-10-31 16:09:36,820 [INFO] PluginManager:220 - loadIPPluginJar : add spi
2023-10-31 16:09:36,824 [INFO] IPUIPlugin:80 - create IPUIPlugin
2023-10-31 16:09:36,824 [INFO] PluginManager:220 - loadIPPluginJar : add stm32_wpan
2023-10-31 16:09:36,826 [INFO] IPUIPlugin:80 - create IPUIPlugin
2023-10-31 16:09:36,826 [INFO] PluginManager:220 - loadIPPluginJar : add tim
2023-10-31 16:09:36,828 [INFO] IPUIPlugin:80 - create IPUIPlugin
2023-10-31 16:09:36,828 [INFO] PluginManager:220 - loadIPPluginJar : add touchsensing
2023-10-31 16:09:36,830 [INFO] IPUIPlugin:80 - create IPUIPlugin
2023-10-31 16:09:36,830 [INFO] PluginManager:220 - loadIPPluginJar : add tracer_emb
2023-10-31 16:09:36,832 [INFO] IPUIPlugin:80 - create IPUIPlugin
2023-10-31 16:09:36,832 [INFO] PluginManager:220 - loadIPPluginJar : add ts
2023-10-31 16:09:36,833 [INFO] IPUIPlugin:80 - create IPUIPlugin
2023-10-31 16:09:36,833 [INFO] PluginManager:220 - loadIPPluginJar : add tsc
2023-10-31 16:09:36,835 [INFO] IPUIPlugin:80 - create IPUIPlugin
2023-10-31 16:09:36,835 [INFO] PluginManager:220 - loadIPPluginJar : add ucpd
2023-10-31 16:09:36,837 [INFO] IPUIPlugin:80 - create IPUIPlugin
2023-10-31 16:09:36,837 [INFO] PluginManager:220 - loadIPPluginJar : add usart
2023-10-31 16:09:36,840 [INFO] IPUIPlugin:80 - create IPUIPlugin
2023-10-31 16:09:36,840 [INFO] PluginManager:220 - loadIPPluginJar : add usbx
2023-10-31 16:09:36,971 [INFO] CADModel:165 - CPN selected for project level
2023-10-31 16:09:36,971 [INFO] CADModel:114 - Register for checkConnection events
2023-10-31 16:09:36,972 [FATAL] Updater:308 - Updater called before beeing initialized
2023-10-31 16:09:36,972 [ERROR] CADModel:125 - Updater not yet initialized, retry later 
2023-10-31 16:09:37,165 [INFO] CADModel:165 - CPN selected for project level
2023-10-31 16:09:37,166 [INFO] CADModel:114 - Register for checkConnection events
2023-10-31 16:09:37,166 [FATAL] Updater:308 - Updater called before beeing initialized
2023-10-31 16:09:37,166 [ERROR] CADModel:125 - Updater not yet initialized, retry later 
2023-10-31 16:09:37,169 [FATAL] Updater:308 - Updater called before beeing initialized
2023-10-31 16:09:37,323 [FATAL] Updater:308 - Updater called before beeing initialized
2023-10-31 16:09:37,333 [INFO] DbMcusAds:53 - JSON generation date=Tue Mar 07 16:50:55 CST 2023 (1678179055114)
2023-10-31 16:09:37,333 [FATAL] Updater:308 - Updater called before beeing initialized
2023-10-31 16:09:37,415 [WARN] DetailPanel:346 - Failed to get advertising image, set to default
2023-10-31 16:09:37,493 [FATAL] Updater:308 - Updater called before beeing initialized
2023-10-31 16:09:37,494 [FATAL] Updater:308 - Updater called before beeing initialized
2023-10-31 16:09:37,494 [FATAL] Updater:308 - Updater called before beeing initialized
2023-10-31 16:09:37,495 [WARN] DetailPanel:346 - Failed to get advertising image, set to default
2023-10-31 16:09:37,497 [FATAL] Updater:308 - Updater called before beeing initialized
2023-10-31 16:09:37,574 [ERROR] Updater:1120 - MainUpdater not yet initialized. External WinMGr cannot be set.
2023-10-31 16:09:37,575 [INFO] Updater:1056 - Updater Version found : 6.9.2
2023-10-31 16:09:37,592 [INFO] ApplicationProperties:184 - Using Application install path: D:\software\STM32CubeIDE_1.13.2\STM32CubeIDE\plugins\com.st.stm32cube.common.mx_6.9.2.202309101412
2023-10-31 16:09:37,849 [INFO] MainUpdater:2868 - connection check result : 10
2023-10-31 16:09:37,851 [INFO] MainUpdater:285 - Updater Check For Update Now.
2023-10-31 16:09:37,851 [INFO] MicroXplorer:498 - Change Database Version : DB.6.0.92
2023-10-31 16:09:37,874 [INFO] McuFinderGlobals:63 - Set McuFinder mode to 2 (CubeIDE integrated)
2023-10-31 16:09:38,064 [INFO] CheckServerUpdateThread:120 - End of CheckServer Thread
2023-10-31 16:09:39,582 [WARN] PackLoader:240 - Cannot read IP mode file for STMicroelectronics.X-CUBE-SMBUS.2.1.0
2023-10-31 16:09:39,665 [WARN] PackLoader:240 - Cannot read IP mode file for STMicroelectronics.X-CUBE-AZRTOS-F7.1.1.0
2023-10-31 16:09:39,695 [WARN] PackLoader:240 - Cannot read IP mode file for STMicroelectronics.FP-SNS-MOTENV1.4.3.2
2023-10-31 16:09:39,711 [WARN] PackLoader:240 - Cannot read IP mode file for STMicroelectronics.FP-SNS-FLIGHT1.5.0.2
2023-10-31 16:09:39,738 [WARN] PackLoader:240 - Cannot read IP mode file for STMicroelectronics.X-CUBE-DISPLAY.3.0.0
2023-10-31 16:09:39,777 [WARN] PackLoader:240 - Cannot read IP mode file for STMicroelectronics.X-CUBE-BLE1.7.0.0
2023-10-31 16:09:39,794 [WARN] PackLoader:240 - Cannot read IP mode file for emotas.I-CUBE-CANOPEN.1.3.0
2023-10-31 16:09:39,808 [WARN] PackLoader:240 - Cannot read IP mode file for STMicroelectronics.X-CUBE-TOUCHGFX.4.22.0
2023-10-31 16:09:39,814 [WARN] PackLoader:240 - Cannot read IP mode file for STMicroelectronics.X-CUBE-TOUCHGFX.4.22.1
2023-10-31 16:09:39,822 [WARN] PackLoader:240 - Cannot read IP mode file for STMicroelectronics.FP-SNS-SMARTAG2.1.2.0
2023-10-31 16:09:39,838 [INFO] LogOutputStream:77 - [STDOUT_REDIRECT] 1 : Invalid condition id : UX_CORESTACK_Condition cause : null
2023-10-31 16:09:39,839 [INFO] LogOutputStream:77 - [STDOUT_REDIRECT] 1 : Invalid condition id : UX_CORESTACK_Condition cause : null
2023-10-31 16:09:39,843 [INFO] LogOutputStream:77 - [STDOUT_REDIRECT] 1 : Invalid condition id : UX_CORESTACK_Condition cause : null
2023-10-31 16:09:39,845 [INFO] LogOutputStream:77 - [STDOUT_REDIRECT] 1 : Invalid condition id : UX_CORESTACK_Condition cause : null
2023-10-31 16:09:39,847 [INFO] LogOutputStream:77 - [STDOUT_REDIRECT] 1 : Invalid condition id : UX_CORESTACK_Condition cause : null
2023-10-31 16:09:39,852 [WARN] PackLoader:240 - Cannot read IP mode file for STMicroelectronics.X-CUBE-AZRTOS-WL.2.0.0
2023-10-31 16:09:39,866 [WARN] PackLoader:240 - Cannot read IP mode file for WES.I-CUBE-Cesium.1.3.0
2023-10-31 16:09:39,879 [WARN] PackLoader:240 - Cannot read IP mode file for STMicroelectronics.X-CUBE-BLE2.3.3.0
2023-10-31 16:09:39,896 [WARN] PackLoader:240 - Cannot read IP mode file for STMicroelectronics.X-CUBE-ALGOBUILD.1.3.0
2023-10-31 16:09:39,930 [WARN] PackLoader:240 - Cannot read IP mode file for STMicroelectronics.X-CUBE-AZRTOS-G0.1.1.0
2023-10-31 16:09:39,951 [WARN] PackLoader:240 - Cannot read IP mode file for STMicroelectronics.X-CUBE-NFC4.3.0.0
2023-10-31 16:09:39,965 [WARN] PackLoader:240 - Cannot read IP mode file for STMicroelectronics.FP-ATR-SIGFOX1.3.2.0
2023-10-31 16:09:40,028 [WARN] PackLoader:240 - Cannot read IP mode file for SEGGER.I-CUBE-embOS.1.3.1
2023-10-31 16:09:40,163 [WARN] PackLoader:240 - Cannot read IP mode file for STMicroelectronics.X-CUBE-GNSS1.6.0.0
2023-10-31 16:09:40,191 [WARN] PackLoader:240 - Cannot read IP mode file for STMicroelectronics.X-CUBE-AZRTOS-F4.1.1.0
2023-10-31 16:09:40,204 [WARN] PackLoader:240 - Cannot read IP mode file for wolfSSL.I-CUBE-wolfSSL.5.6.3
2023-10-31 16:09:40,232 [WARN] PackLoader:240 - Cannot read IP mode file for STMicroelectronics.X-CUBE-AZRTOS-L5.2.0.0
2023-10-31 16:09:40,290 [WARN] PackLoader:240 - Cannot read IP mode file for STMicroelectronics.X-CUBE-MEMS1.9.6.0
2023-10-31 16:09:40,578 [WARN] PackLoader:240 - Cannot read IP mode file for STMicroelectronics.X-CUBE-EEPRMA1.4.2.0
2023-10-31 16:09:40,587 [WARN] PackLoader:240 - Cannot read IP mode file for ITTIA_DB.I-CUBE-ITTIADB.8.8.0
2023-10-31 16:09:40,598 [WARN] PackLoader:240 - Cannot read IP mode file for STMicroelectronics.X-CUBE-BLEMGR.2.0.0
2023-10-31 16:09:40,632 [WARN] ConditionMgr:438 - getConditionDescription Invalid condition id : UX DEVICE CLASS RTOS Condition cause : null
2023-10-31 16:09:40,632 [WARN] ConditionMgr:438 - getConditionDescription Invalid condition id : UX DEVICE CLASS RTOS Condition cause : null
2023-10-31 16:09:40,635 [WARN] PackLoader:240 - Cannot read IP mode file for STMicroelectronics.X-CUBE-AZRTOS-H7.3.1.0
2023-10-31 16:09:40,635 [WARN] ConditionMgr:1039 - genDependencies : Invalid condition id : UX DEVICE CLASS RTOS Condition cause : null
2023-10-31 16:09:40,636 [WARN] ConditionMgr:1039 - genDependencies : Invalid condition id : UX DEVICE CLASS RTOS Condition cause : null
2023-10-31 16:09:40,637 [WARN] ConditionMgr:1039 - genDependencies : Invalid condition id : UX DEVICE CLASS RTOS Condition cause : null
2023-10-31 16:09:40,638 [WARN] ConditionMgr:1039 - genDependencies : Invalid condition id : UX DEVICE CLASS RTOS Condition cause : null
2023-10-31 16:09:40,638 [WARN] ConditionMgr:1039 - genDependencies : Invalid condition id : UX DEVICE CLASS RTOS Condition cause : null
2023-10-31 16:09:40,653 [WARN] PackLoader:240 - Cannot read IP mode file for STMicroelectronics.X-CUBE-NFC7.1.0.1
2023-10-31 16:09:40,673 [WARN] PackLoader:240 - Cannot read IP mode file for STMicroelectronics.X-CUBE-NFC6.3.0.0
2023-10-31 16:09:40,686 [WARN] PackLoader:240 - Cannot read IP mode file for STMicroelectronics.X-CUBE-EEPRMA1.4.1.0
2023-10-31 16:09:40,697 [WARN] PackLoader:240 - Cannot read IP mode file for STMicroelectronics.X-CUBE-AI.8.1.0
2023-10-31 16:09:40,726 [WARN] ConditionMgr:438 - getConditionDescription Invalid condition id : LAN8742 Phy interface Condition cause : null
2023-10-31 16:09:40,728 [WARN] PackLoader:240 - Cannot read IP mode file for STMicroelectronics.X-CUBE-AZRTOS-L4.2.0.0
2023-10-31 16:09:40,731 [WARN] ConditionMgr:1039 - genDependencies : Invalid condition id : LAN8742 Phy interface Condition cause : null
2023-10-31 16:09:40,731 [WARN] ConditionMgr:1039 - genDependencies : Invalid condition id : LAN8742 Phy interface Condition cause : null
2023-10-31 16:09:40,732 [WARN] ConditionMgr:1039 - genDependencies : Invalid condition id : LAN8742 Phy interface Condition cause : null
2023-10-31 16:09:40,748 [WARN] PackLoader:240 - Cannot read IP mode file for STMicroelectronics.X-CUBE-SFXS2LP1.4.0.0
2023-10-31 16:09:40,761 [WARN] PackLoader:240 - Cannot read IP mode file for STMicroelectronics.X-CUBE-ISPU.1.1.0
2023-10-31 16:09:40,787 [WARN] ConditionMgr:438 - getConditionDescription Invalid condition id : UX DEVICE CLASS RTOS Condition cause : null
2023-10-31 16:09:40,787 [WARN] ConditionMgr:438 - getConditionDescription Invalid condition id : UX DEVICE CLASS RTOS Condition cause : null
2023-10-31 16:09:40,791 [WARN] PackLoader:240 - Cannot read IP mode file for STMicroelectronics.X-CUBE-AZRTOS-WB.2.0.0
2023-10-31 16:09:40,795 [WARN] ConditionMgr:1039 - genDependencies : Invalid condition id : UX DEVICE CLASS RTOS Condition cause : null
2023-10-31 16:09:40,795 [WARN] ConditionMgr:1039 - genDependencies : Invalid condition id : UX DEVICE CLASS RTOS Condition cause : null
2023-10-31 16:09:40,796 [WARN] ConditionMgr:1039 - genDependencies : Invalid condition id : UX DEVICE CLASS RTOS Condition cause : null
2023-10-31 16:09:40,796 [WARN] ConditionMgr:1039 - genDependencies : Invalid condition id : UX DEVICE CLASS RTOS Condition cause : null
2023-10-31 16:09:40,796 [WARN] ConditionMgr:1039 - genDependencies : Invalid condition id : UX DEVICE CLASS RTOS Condition cause : null
2023-10-31 16:09:40,833 [WARN] PackLoader:240 - Cannot read IP mode file for STMicroelectronics.X-CUBE-SUBG2.5.0.0
2023-10-31 16:09:40,869 [WARN] PackLoader:240 - Cannot read IP mode file for STMicroelectronics.X-CUBE-TOF1.3.3.1
2023-10-31 16:09:40,910 [WARN] PackLoader:240 - Cannot read IP mode file for STMicroelectronics.X-CUBE-AZRTOS-G4.2.0.0
2023-10-31 16:09:40,946 [WARN] PackLoader:240 - Cannot read IP mode file for Infineon.AIROC-Wi-Fi-Bluetooth-STM32.1.5.1
2023-10-31 16:09:41,022 [WARN] PackLoader:240 - Cannot read IP mode file for STMicroelectronics.X-CUBE-MEMS1.10.0.0
2023-10-31 16:09:41,218 [WARN] PackLoader:240 - Cannot read IP mode file for STMicroelectronics.X-CUBE-FREERTOS.1.1.0
2023-10-31 16:09:41,228 [WARN] PackLoader:240 - Cannot read IP mode file for portGmbH.I-Cube-SoM-uGOAL.1.1.0
2023-10-31 16:09:41,238 [WARN] PackLoader:240 - Cannot read IP mode file for STMicroelectronics.X-CUBE-ALS.1.0.1
2023-10-31 16:09:41,256 [WARN] PackLoader:240 - Cannot read IP mode file for STMicroelectronics.FP-ATR-ASTRA1.2.0.0
2023-10-31 16:09:41,259 [INFO] ThirdParty:978 - Integrity check success = true
2023-10-31 16:09:41,259 [INFO] IntegrityCheckThread:100 - exiting critical section [integrity check]
2023-10-31 16:09:41,260 [INFO] IntegrityCheckThread:103 - End integrity checks thread
2023-10-31 16:09:59,309 [ERROR] LogOutputStream:75 - [STDERR_REDIRECT] SLF4J: Failed to load class "org.slf4j.impl.StaticLoggerBinder".
2023-10-31 16:09:59,310 [ERROR] LogOutputStream:75 - [STDERR_REDIRECT] SLF4J: Defaulting to no-operation (NOP) logger implementation
2023-10-31 16:09:59,311 [ERROR] LogOutputStream:75 - [STDERR_REDIRECT] SLF4J: See http://www.slf4j.org/codes.html#StaticLoggerBinder for further details.
2023-10-31 16:10:14,846 [INFO] McuFinderGlobals:63 - Set McuFinder mode to 2 (CubeIDE integrated)
2023-10-31 16:10:14,851 [INFO] MainUpdater:2868 - connection check result : 10
2023-10-31 16:10:14,855 [INFO] McuFinderGlobals:76 - Set McuFinderConnectedMode to true
2023-10-31 16:10:15,163 [INFO] ServerAccessManage:473 - Download File mcusAds.json._tmp_
2023-10-31 16:10:15,274 [INFO] LoadUrlFilesThread:156 - End of LoadUrlFiles Thread
2023-10-31 16:10:15,469 [INFO] ServerAccessManage:473 - Download File cube-finder-db.zip
2023-10-31 16:10:17,210 [INFO] FileExtend:240 - Unzip File : cube-finder-db.zip
2023-10-31 16:10:17,210 [INFO] FileExtend:255 - Standard Zip Deflate
2023-10-31 16:10:17,850 [INFO] LoadUrlFilesThread:156 - End of LoadUrlFiles Thread
2023-10-31 16:10:19,344 [INFO] ServerAccessManage:473 - Download File crdb.zip
2023-10-31 16:10:21,464 [INFO] FileExtend:240 - Unzip File : crdb.zip
2023-10-31 16:10:21,464 [INFO] FileExtend:255 - Standard Zip Deflate
2023-10-31 16:10:21,591 [INFO] LoadUrlFilesThread:156 - End of LoadUrlFiles Thread
2023-10-31 16:10:21,724 [INFO] ServerAccessManage:473 - Download File tutoVideoDB.zip
2023-10-31 16:10:21,735 [INFO] FileExtend:240 - Unzip File : tutoVideoDB.zip
2023-10-31 16:10:21,736 [INFO] FileExtend:255 - Standard Zip Deflate
2023-10-31 16:10:21,874 [INFO] LoadUrlFilesThread:156 - End of LoadUrlFiles Thread
2023-10-31 16:10:21,894 [WARN] DbFile:41 - Overriding database path with different value: C:\Users\lenovo\.stmcufinder\plugins\mcufinder/ => C:\Users\lenovo\.stmcufinder\plugins\mcufinder
2023-10-31 16:10:22,026 [INFO] ServerAccessManage:473 - Download File api_config.json
2023-10-31 16:10:22,134 [INFO] LoadUrlFilesThread:156 - End of LoadUrlFiles Thread
2023-10-31 16:10:22,136 [INFO] DbMcusAds:53 - JSON generation date=Tue Mar 07 16:50:55 CST 2023 (1678179055114)
2023-10-31 16:10:22,167 [INFO] LoadUrlFilesThread:185 - End of LoadServerUrlFiles without Thread
2023-10-31 16:10:22,168 [INFO] TargetSelectorAdapter:259 - Refresh data is successful
2023-10-31 16:10:22,330 [INFO] ApiDb:581 - Connected to CubeFinder SQLite database (C:\Users\lenovo\.stmcufinder\plugins\mcufinder\mcu\cube-finder-db.db)
2023-10-31 16:10:22,377 [INFO] ApiDb:668 - CubeFinder database Data Model version=2.1
2023-10-31 16:10:22,377 [INFO] ApiDb:669 - CubeFinder database Configuration version=3.0.37
2023-10-31 16:10:22,377 [INFO] ApiDb:670 - CubeFinder database generation date=2023-10-13 (1697197505)
2023-10-31 16:10:22,377 [INFO] ApiDb:671 - CubeFinder database FW Pack versions=[FP-ATR-ASTRA1_V2.0.0, FP-SNS-FLIGHT1_V5.0.1, FP-SNS-FLIGHT1_V5.0.2, FP-SNS-MOTENV1_V4.3.1, FP-SNS-MOTENV1_V4.3.2, FP-SNS-SMARTAG2_V1.2.0, I-CUBE-ITTIADB_V8.6.3-1, STM32Cube_FW_C0_V1.1.0, STM32Cube_FW_F4_V1.27.1, STM32Cube_FW_F7_V1.17.0, STM32Cube_FW_G0_V1.6.1, STM32Cube_FW_G4_V1.5.1, STM32Cube_FW_H5_V0.5.1, STM32Cube_FW_H5_V1.1.1, STM32Cube_FW_H7_V1.11.0, STM32Cube_FW_L0_V1.12.2, STM32Cube_FW_L5_V1.5.0, STM32Cube_FW_U5_V1.3.0, STM32Cube_FW_U5_V1.3.0RC4, STM32Cube_FW_WBA_V1.0.0RC1, STM32Cube_FW_WBA_V1.1.0RC1, STM32Cube_FW_WBA_V1.1.1, STM32Cube_FW_WB_V1.15.0RC1, STM32Cube_FW_WB_V1.16.0, STM32Cube_FW_WB_V1.16.0RC2, STM32Cube_FW_WB_V1.17.3, STM32Cube_FW_WL_V1.3.0, X-CUBE-ALGOBUILD_V1.3.0, X-CUBE-ALS_V1.0.1, X-CUBE-AZRTOS-F4_V1.1.0, X-CUBE-AZRTOS-F7_V1.1.0, X-CUBE-AZRTOS-G0_V1.1.0, X-CUBE-AZRTOS-G4_V2.0.0, X-CUBE-AZRTOS-H7_V3.1.0, X-CUBE-AZRTOS-L4_V1.0.0, X-CUBE-AZRTOS-L4_V2.0.0, X-CUBE-AZRTOS-L5_V1.1.0, X-CUBE-AZRTOS-WB_V2.0.0, X-CUBE-AZRTOS-WL_V2.0.0, X-CUBE-BLE1_V7.0.0, X-CUBE-BLE2_V3.3.0, X-CUBE-BLEMGR_V2.0.0, X-CUBE-EEPRMA1_V4.1.0, X-CUBE-FREERTOS_V1.1.0, X-CUBE-GNSS1_V6.0.0, X-CUBE-MEMS1_V10.0.0, X-CUBE-MEMS1_V9.1.0, X-CUBE-MEMS1_V9.4.0, X-CUBE-MEMS1_V9.6.0, X-CUBE-NFC4_V3.0.0, X-CUBE-NFC7_V1.0.1, X-CUBE-SFXS2LP1_V4.0.0, X-CUBE-SUBG2_V5.0.0, X-CUBE-TOF1_V3.3.1]
2023-10-31 16:10:23,841 [INFO] ApiDb:240 - Found 323 in-development CPN: [B-G473E-ZEST1S, B-WB1M-WPAN1, B-WL5M-SUBG1, NUCLEO-C031C6, NUCLEO-H503RB, NUCLEO-H563ZI, NUCLEO-U545RE-Q, NUCLEO-U5A5ZJ-Q, NUCLEO-WBA52CG, STEVAL-PROTEUS1, STEVAL-SMARTAG2, STEVAL-STWINBX1, STM320518-EVAL, STM32C0116-DK, STM32C011D6Y3TR, STM32C011D6Y6TR, STM32C011F4P3, STM32C011F4P6, STM32C011F4U3, STM32C011F4U6TR, STM32C011F6P3, STM32C011F6P6, STM32C011F6U3, STM32C011F6U6TR, STM32C011J4M3, STM32C011J4M6, STM32C011J6M3, STM32C011J6M6, STM32C0316-DK, STM32C031C4T3, STM32C031C4T6, STM32C031C4U3, STM32C031C4U6, STM32C031C6T3, STM32C031C6T6, STM32C031C6U3, STM32C031C6U6, STM32C031F4P3, STM32C031F4P6, STM32C031F6P3, STM32C031F6P6, STM32C031G4U3, STM32C031G4U6, STM32C031G6U3, STM32C031G6U6, STM32C031K4T3, STM32C031K4T6, STM32C031K4U3, STM32C031K4U6, STM32C031K6T3, STM32C031K6T6, STM32C031K6U3, STM32C031K6U6, STM32G071K8TXN, STM32G071K8UXN, STM32G081GBU6N, STM32G081KBT6N, STM32G081KBUXN, STM32G0B1CCT6N, STM32G0B1KCT6, STM32G0B1NEY6TR, STM32G0B1RCT6N, STM32G0C1CCT6, STM32G0C1CCT6N, STM32G0C1CCU6N, STM32G0C1CET6N, STM32G0C1CEU6N, STM32G0C1KCT6, STM32G0C1NEY6TR, STM32G0C1RCI6N, STM32G0C1RCT6N, STM32G0C1REI6N, STM32G0C1RET6N, STM32G0C1VCI6, STM32G0C1VEI6, STM32G471CCT6, STM32G471CCU6, STM32G471CET3, STM32G471CET6, STM32G471CEU3, STM32G471CEU6, STM32G471MCT6, STM32G471MET3, STM32G471MET6, STM32G471MEY6TR, STM32G471QCT6, STM32G471QET3, STM32G471RCT6, STM32G471RET3, STM32G471RET6, STM32G471VCH6, STM32G471VCI6, STM32G471VCT6, STM32G471VEH3, STM32G471VEH6, STM32G471VEI3, STM32G471VEI6, STM32G471VET3, STM32G471VET6, STM32G474CCT6, STM32H503CBT6, STM32H503CBU6, STM32H503EBY6TR, STM32H503KBU6, STM32H503RBT6, STM32H562AGI6, STM32H562AII6, STM32H562IGK6, STM32H562IGT6, STM32H562IIK6, STM32H562IIT6, STM32H562RGT6, STM32H562RGV6, STM32H562RIT6, STM32H562RIV6, STM32H562VGT6, STM32H562VIT6, STM32H562ZGT6, STM32H562ZIT6, STM32H563AGI6, STM32H563AII3Q, STM32H563AII6, STM32H563IGK6, STM32H563IGT6, STM32H563IIK3Q, STM32H563IIK6, STM32H563IIT3Q, STM32H563IIT6, STM32H563MIY3QTR, STM32H563RGT6, STM32H563RGV6, STM32H563RIT6, STM32H563RIV6, STM32H563VGT6, STM32H563VIT3Q, STM32H563VIT6, STM32H563ZGT6, STM32H563ZIT3Q, STM32H563ZIT6, STM32H573AII3Q, STM32H573AII6, STM32H573I-DK, STM32H573IIK3Q, STM32H573IIK6, STM32H573IIT3Q, STM32H573IIT6, STM32H573MIY3QTR, STM32H573RIT6, STM32H573RIV6, STM32H573VIT3Q, STM32H573VIT6, STM32H573ZIT3Q, STM32H573ZIT6, STM32L4R5QGI6STR, STM32MP131AAE3, STM32MP131AAF3, STM32MP131AAG3, STM32MP131CAE3, STM32MP131CAF3, STM32MP131CAG3, STM32MP131DAE7, STM32MP131DAF7, STM32MP131DAG7, STM32MP131FAE7, STM32MP131FAF7, STM32MP131FAG7, STM32MP133AAE3, STM32MP133AAF3, STM32MP133AAG3, STM32MP133CAE3, STM32MP133CAF3, STM32MP133CAG3, STM32MP133DAE7, STM32MP133DAF7, STM32MP133DAG7, STM32MP133FAE7, STM32MP133FAF7, STM32MP133FAG7, STM32MP135AAE3, STM32MP135AAF3, STM32MP135AAG3, STM32MP135CAE3, STM32MP135CAF3, STM32MP135CAG3, STM32MP135DAE7, STM32MP135DAF7, STM32MP135DAG7, STM32MP135F-DK, STM32MP135FAE7, STM32MP135FAF7, STM32MP135FAF7T, STM32MP135FAF7U, STM32MP135FAG7, STM32U535CBT6, STM32U535CBT6Q, STM32U535CBU6, STM32U535CBU6Q, STM32U535CCT6, STM32U535CCT6Q, STM32U535CCU6, STM32U535CCU6Q, STM32U535CET6, STM32U535CET6Q, STM32U535CEU6, STM32U535CEU6Q, STM32U535JEY6QTR, STM32U535NCY6QTR, STM32U535NEY6QTR, STM32U535RBI6, STM32U535RBI6Q, STM32U535RBT6, STM32U535RBT6Q, STM32U535RCI6, STM32U535RCI6Q, STM32U535RCT6, STM32U535RCT6Q, STM32U535REI6, STM32U535REI6Q, STM32U535RET6, STM32U535RET6Q, STM32U535VCI6, STM32U535VCI6Q, STM32U535VCT6, STM32U535VCT6Q, STM32U535VEI6, STM32U535VEI6Q, STM32U535VET6, STM32U535VET6Q, STM32U545CET6, STM32U545CET6Q, STM32U545CEU6, STM32U545CEU6Q, STM32U545JEY6QTR, STM32U545NEY6QTR, STM32U545REI6, STM32U545REI6Q, STM32U545RET6, STM32U545RET6Q, STM32U545VEI6, STM32U545VEI6Q, STM32U545VET6, STM32U545VET6Q, STM32U595AIH6, STM32U595AIH6Q, STM32U595AJH6, STM32U595AJH6Q, STM32U595QII6, STM32U595QII6Q, STM32U595QJI6, STM32U595QJI6Q, STM32U595RIT6, STM32U595RIT6Q, STM32U595RJT6, STM32U595RJT6Q, STM32U595VIT6, STM32U595VIT6Q, STM32U595VJT6, STM32U595VJT6Q, STM32U595ZIT6, STM32U595ZIT6Q, STM32U595ZIY6QTR, STM32U595ZJT6, STM32U595ZJT6Q, STM32U595ZJY6QTR, STM32U599BJY6QTR, STM32U599NIH6Q, STM32U599NJH6Q, STM32U599VIT6Q, STM32U599VJT6, STM32U599VJT6Q, STM32U599ZIT6Q, STM32U599ZIY6QTR, STM32U599ZJT6Q, STM32U599ZJY6QTR, STM32U5A5AJH6, STM32U5A5AJH6Q, STM32U5A5QJI6, STM32U5A5QJI6Q, STM32U5A5RJT6, STM32U5A5RJT6Q, STM32U5A5VJT6, STM32U5A5VJT6Q, STM32U5A5ZJT6, STM32U5A5ZJT6Q, STM32U5A5ZJY6QTR, STM32U5A9BJY6QTR, STM32U5A9J-DK, STM32U5A9NJH6Q, STM32U5A9VJT6Q, STM32U5A9ZJT6Q, STM32U5A9ZJY6QTR, STM32U5F7VIT6, STM32U5F7VIT6Q, STM32U5F7VJT6, STM32U5F7VJT6Q, STM32U5F9BJY6QTR, STM32U5F9NJH6Q, STM32U5F9VIT6Q, STM32U5F9VJT6Q, STM32U5F9ZIJ6QTR, STM32U5F9ZIT6Q, STM32U5F9ZJJ6QTR, STM32U5F9ZJT6Q, STM32U5G7VJT6, STM32U5G7VJT6Q, STM32U5G9BJY6QTR, STM32U5G9J-DK1, STM32U5G9J-DK2, STM32U5G9NJH6Q, STM32U5G9VJT6Q, STM32U5G9ZJJ6QTR, STM32U5G9ZJT6Q, STM32WB1MMCH6, STM32WBA52CEU6, STM32WBA52CEU6T, STM32WBA52CGU6, STM32WBA52CGU6T, STM32WBA52KEU6, STM32WBA52KEU6T, STM32WBA52KGU6, STM32WBA52KGU6T, STM32WL5MOCH6, STM32WL5MOCH6TR]
2023-10-31 16:10:23,846 [INFO] DbMcus:217 - Found 3848 MCUs, 3848 are supported
2023-10-31 16:10:23,847 [INFO] ApiDb:423 - Load user favorites file C:\Users\lenovo/.stm32cubeide/favorites.mcus.txt: 0 item(s)
2023-10-31 16:10:23,847 [INFO] ApiDb:427 - User favorites MCUs=[]
2023-10-31 16:10:23,847 [INFO] DbMcus:223 - Set 0 / 0 favorites MCUs
2023-10-31 16:10:24,046 [INFO] ApiDb:668 - CubeFinder database Data Model version=2.1
2023-10-31 16:10:24,046 [INFO] ApiDb:669 - CubeFinder database Configuration version=3.0.37
2023-10-31 16:10:24,046 [INFO] ApiDb:670 - CubeFinder database generation date=2023-10-13 (1697197505)
2023-10-31 16:10:24,046 [INFO] ApiDb:671 - CubeFinder database FW Pack versions=[FP-ATR-ASTRA1_V2.0.0, FP-SNS-FLIGHT1_V5.0.1, FP-SNS-FLIGHT1_V5.0.2, FP-SNS-MOTENV1_V4.3.1, FP-SNS-MOTENV1_V4.3.2, FP-SNS-SMARTAG2_V1.2.0, I-CUBE-ITTIADB_V8.6.3-1, STM32Cube_FW_C0_V1.1.0, STM32Cube_FW_F4_V1.27.1, STM32Cube_FW_F7_V1.17.0, STM32Cube_FW_G0_V1.6.1, STM32Cube_FW_G4_V1.5.1, STM32Cube_FW_H5_V0.5.1, STM32Cube_FW_H5_V1.1.1, STM32Cube_FW_H7_V1.11.0, STM32Cube_FW_L0_V1.12.2, STM32Cube_FW_L5_V1.5.0, STM32Cube_FW_U5_V1.3.0, STM32Cube_FW_U5_V1.3.0RC4, STM32Cube_FW_WBA_V1.0.0RC1, STM32Cube_FW_WBA_V1.1.0RC1, STM32Cube_FW_WBA_V1.1.1, STM32Cube_FW_WB_V1.15.0RC1, STM32Cube_FW_WB_V1.16.0, STM32Cube_FW_WB_V1.16.0RC2, STM32Cube_FW_WB_V1.17.3, STM32Cube_FW_WL_V1.3.0, X-CUBE-ALGOBUILD_V1.3.0, X-CUBE-ALS_V1.0.1, X-CUBE-AZRTOS-F4_V1.1.0, X-CUBE-AZRTOS-F7_V1.1.0, X-CUBE-AZRTOS-G0_V1.1.0, X-CUBE-AZRTOS-G4_V2.0.0, X-CUBE-AZRTOS-H7_V3.1.0, X-CUBE-AZRTOS-L4_V1.0.0, X-CUBE-AZRTOS-L4_V2.0.0, X-CUBE-AZRTOS-L5_V1.1.0, X-CUBE-AZRTOS-WB_V2.0.0, X-CUBE-AZRTOS-WL_V2.0.0, X-CUBE-BLE1_V7.0.0, X-CUBE-BLE2_V3.3.0, X-CUBE-BLEMGR_V2.0.0, X-CUBE-EEPRMA1_V4.1.0, X-CUBE-FREERTOS_V1.1.0, X-CUBE-GNSS1_V6.0.0, X-CUBE-MEMS1_V10.0.0, X-CUBE-MEMS1_V9.1.0, X-CUBE-MEMS1_V9.4.0, X-CUBE-MEMS1_V9.6.0, X-CUBE-NFC4_V3.0.0, X-CUBE-NFC7_V1.0.1, X-CUBE-SFXS2LP1_V4.0.0, X-CUBE-SUBG2_V5.0.0, X-CUBE-TOF1_V3.3.1]
2023-10-31 16:10:24,092 [INFO] DbBoardsSqlite:226 - include board P-NUCLEO-WB55-NUCLEO as a kit item of type 'Nucleo-64'
2023-10-31 16:10:24,093 [INFO] DbBoardsSqlite:226 - include board P-NUCLEO-WB55-USBDONGLE as a kit item of type 'Nucleo USB Dongle'
2023-10-31 16:10:24,093 [INFO] DbBoardsSqlite:226 - include board STEVAL-IDP005V1 as a kit item of type 'Evaluation Board'
2023-10-31 16:10:24,093 [INFO] DbBoardsSqlite:226 - include board STEVAL-IDP005V2 as a kit item of type 'Evaluation Board'
2023-10-31 16:10:24,133 [INFO] ApiDb:240 - Found 323 in-development CPN: [B-G473E-ZEST1S, B-WB1M-WPAN1, B-WL5M-SUBG1, NUCLEO-C031C6, NUCLEO-H503RB, NUCLEO-H563ZI, NUCLEO-U545RE-Q, NUCLEO-U5A5ZJ-Q, NUCLEO-WBA52CG, STEVAL-PROTEUS1, STEVAL-SMARTAG2, STEVAL-STWINBX1, STM320518-EVAL, STM32C0116-DK, STM32C011D6Y3TR, STM32C011D6Y6TR, STM32C011F4P3, STM32C011F4P6, STM32C011F4U3, STM32C011F4U6TR, STM32C011F6P3, STM32C011F6P6, STM32C011F6U3, STM32C011F6U6TR, STM32C011J4M3, STM32C011J4M6, STM32C011J6M3, STM32C011J6M6, STM32C0316-DK, STM32C031C4T3, STM32C031C4T6, STM32C031C4U3, STM32C031C4U6, STM32C031C6T3, STM32C031C6T6, STM32C031C6U3, STM32C031C6U6, STM32C031F4P3, STM32C031F4P6, STM32C031F6P3, STM32C031F6P6, STM32C031G4U3, STM32C031G4U6, STM32C031G6U3, STM32C031G6U6, STM32C031K4T3, STM32C031K4T6, STM32C031K4U3, STM32C031K4U6, STM32C031K6T3, STM32C031K6T6, STM32C031K6U3, STM32C031K6U6, STM32G071K8TXN, STM32G071K8UXN, STM32G081GBU6N, STM32G081KBT6N, STM32G081KBUXN, STM32G0B1CCT6N, STM32G0B1KCT6, STM32G0B1NEY6TR, STM32G0B1RCT6N, STM32G0C1CCT6, STM32G0C1CCT6N, STM32G0C1CCU6N, STM32G0C1CET6N, STM32G0C1CEU6N, STM32G0C1KCT6, STM32G0C1NEY6TR, STM32G0C1RCI6N, STM32G0C1RCT6N, STM32G0C1REI6N, STM32G0C1RET6N, STM32G0C1VCI6, STM32G0C1VEI6, STM32G471CCT6, STM32G471CCU6, STM32G471CET3, STM32G471CET6, STM32G471CEU3, STM32G471CEU6, STM32G471MCT6, STM32G471MET3, STM32G471MET6, STM32G471MEY6TR, STM32G471QCT6, STM32G471QET3, STM32G471RCT6, STM32G471RET3, STM32G471RET6, STM32G471VCH6, STM32G471VCI6, STM32G471VCT6, STM32G471VEH3, STM32G471VEH6, STM32G471VEI3, STM32G471VEI6, STM32G471VET3, STM32G471VET6, STM32G474CCT6, STM32H503CBT6, STM32H503CBU6, STM32H503EBY6TR, STM32H503KBU6, STM32H503RBT6, STM32H562AGI6, STM32H562AII6, STM32H562IGK6, STM32H562IGT6, STM32H562IIK6, STM32H562IIT6, STM32H562RGT6, STM32H562RGV6, STM32H562RIT6, STM32H562RIV6, STM32H562VGT6, STM32H562VIT6, STM32H562ZGT6, STM32H562ZIT6, STM32H563AGI6, STM32H563AII3Q, STM32H563AII6, STM32H563IGK6, STM32H563IGT6, STM32H563IIK3Q, STM32H563IIK6, STM32H563IIT3Q, STM32H563IIT6, STM32H563MIY3QTR, STM32H563RGT6, STM32H563RGV6, STM32H563RIT6, STM32H563RIV6, STM32H563VGT6, STM32H563VIT3Q, STM32H563VIT6, STM32H563ZGT6, STM32H563ZIT3Q, STM32H563ZIT6, STM32H573AII3Q, STM32H573AII6, STM32H573I-DK, STM32H573IIK3Q, STM32H573IIK6, STM32H573IIT3Q, STM32H573IIT6, STM32H573MIY3QTR, STM32H573RIT6, STM32H573RIV6, STM32H573VIT3Q, STM32H573VIT6, STM32H573ZIT3Q, STM32H573ZIT6, STM32L4R5QGI6STR, STM32MP131AAE3, STM32MP131AAF3, STM32MP131AAG3, STM32MP131CAE3, STM32MP131CAF3, STM32MP131CAG3, STM32MP131DAE7, STM32MP131DAF7, STM32MP131DAG7, STM32MP131FAE7, STM32MP131FAF7, STM32MP131FAG7, STM32MP133AAE3, STM32MP133AAF3, STM32MP133AAG3, STM32MP133CAE3, STM32MP133CAF3, STM32MP133CAG3, STM32MP133DAE7, STM32MP133DAF7, STM32MP133DAG7, STM32MP133FAE7, STM32MP133FAF7, STM32MP133FAG7, STM32MP135AAE3, STM32MP135AAF3, STM32MP135AAG3, STM32MP135CAE3, STM32MP135CAF3, STM32MP135CAG3, STM32MP135DAE7, STM32MP135DAF7, STM32MP135DAG7, STM32MP135F-DK, STM32MP135FAE7, STM32MP135FAF7, STM32MP135FAF7T, STM32MP135FAF7U, STM32MP135FAG7, STM32U535CBT6, STM32U535CBT6Q, STM32U535CBU6, STM32U535CBU6Q, STM32U535CCT6, STM32U535CCT6Q, STM32U535CCU6, STM32U535CCU6Q, STM32U535CET6, STM32U535CET6Q, STM32U535CEU6, STM32U535CEU6Q, STM32U535JEY6QTR, STM32U535NCY6QTR, STM32U535NEY6QTR, STM32U535RBI6, STM32U535RBI6Q, STM32U535RBT6, STM32U535RBT6Q, STM32U535RCI6, STM32U535RCI6Q, STM32U535RCT6, STM32U535RCT6Q, STM32U535REI6, STM32U535REI6Q, STM32U535RET6, STM32U535RET6Q, STM32U535VCI6, STM32U535VCI6Q, STM32U535VCT6, STM32U535VCT6Q, STM32U535VEI6, STM32U535VEI6Q, STM32U535VET6, STM32U535VET6Q, STM32U545CET6, STM32U545CET6Q, STM32U545CEU6, STM32U545CEU6Q, STM32U545JEY6QTR, STM32U545NEY6QTR, STM32U545REI6, STM32U545REI6Q, STM32U545RET6, STM32U545RET6Q, STM32U545VEI6, STM32U545VEI6Q, STM32U545VET6, STM32U545VET6Q, STM32U595AIH6, STM32U595AIH6Q, STM32U595AJH6, STM32U595AJH6Q, STM32U595QII6, STM32U595QII6Q, STM32U595QJI6, STM32U595QJI6Q, STM32U595RIT6, STM32U595RIT6Q, STM32U595RJT6, STM32U595RJT6Q, STM32U595VIT6, STM32U595VIT6Q, STM32U595VJT6, STM32U595VJT6Q, STM32U595ZIT6, STM32U595ZIT6Q, STM32U595ZIY6QTR, STM32U595ZJT6, STM32U595ZJT6Q, STM32U595ZJY6QTR, STM32U599BJY6QTR, STM32U599NIH6Q, STM32U599NJH6Q, STM32U599VIT6Q, STM32U599VJT6, STM32U599VJT6Q, STM32U599ZIT6Q, STM32U599ZIY6QTR, STM32U599ZJT6Q, STM32U599ZJY6QTR, STM32U5A5AJH6, STM32U5A5AJH6Q, STM32U5A5QJI6, STM32U5A5QJI6Q, STM32U5A5RJT6, STM32U5A5RJT6Q, STM32U5A5VJT6, STM32U5A5VJT6Q, STM32U5A5ZJT6, STM32U5A5ZJT6Q, STM32U5A5ZJY6QTR, STM32U5A9BJY6QTR, STM32U5A9J-DK, STM32U5A9NJH6Q, STM32U5A9VJT6Q, STM32U5A9ZJT6Q, STM32U5A9ZJY6QTR, STM32U5F7VIT6, STM32U5F7VIT6Q, STM32U5F7VJT6, STM32U5F7VJT6Q, STM32U5F9BJY6QTR, STM32U5F9NJH6Q, STM32U5F9VIT6Q, STM32U5F9VJT6Q, STM32U5F9ZIJ6QTR, STM32U5F9ZIT6Q, STM32U5F9ZJJ6QTR, STM32U5F9ZJT6Q, STM32U5G7VJT6, STM32U5G7VJT6Q, STM32U5G9BJY6QTR, STM32U5G9J-DK1, STM32U5G9J-DK2, STM32U5G9NJH6Q, STM32U5G9VJT6Q, STM32U5G9ZJJ6QTR, STM32U5G9ZJT6Q, STM32WB1MMCH6, STM32WBA52CEU6, STM32WBA52CEU6T, STM32WBA52CGU6, STM32WBA52CGU6T, STM32WBA52KEU6, STM32WBA52KEU6T, STM32WBA52KGU6, STM32WBA52KGU6T, STM32WL5MOCH6, STM32WL5MOCH6TR]
2023-10-31 16:10:24,234 [INFO] BoardInfo:880 - No configuration file found for board P-NUCLEO-WB55
2023-10-31 16:10:24,234 [INFO] DbBoards:157 - Kit is not supported: P-NUCLEO-WB55
2023-10-31 16:10:24,237 [INFO] BoardInfo:880 - No configuration file found for board STEVAL-BFA001V1B
2023-10-31 16:10:24,237 [INFO] DbBoards:157 - Kit is not supported: STEVAL-BFA001V1B
2023-10-31 16:10:24,238 [INFO] BoardInfo:880 - No configuration file found for board STEVAL-BFA001V2B
2023-10-31 16:10:24,238 [INFO] DbBoards:157 - Kit is not supported: STEVAL-BFA001V2B
2023-10-31 16:10:24,328 [INFO] DbBoards:161 - Found 190 boards, 187 are supported
2023-10-31 16:10:24,330 [INFO] ApiDb:414 - User favorites file not found: C:\Users\lenovo/.stm32cubeide/favorites.boards.txt
2023-10-31 16:10:24,330 [INFO] DbBoards:190 - Set 0 / 0 favorites Boards
2023-10-31 16:10:24,342 [INFO] ApiDb:668 - CubeFinder database Data Model version=2.1
2023-10-31 16:10:24,342 [INFO] ApiDb:669 - CubeFinder database Configuration version=3.0.37
2023-10-31 16:10:24,342 [INFO] ApiDb:670 - CubeFinder database generation date=2023-10-13 (1697197505)
2023-10-31 16:10:24,342 [INFO] ApiDb:671 - CubeFinder database FW Pack versions=[FP-ATR-ASTRA1_V2.0.0, FP-SNS-FLIGHT1_V5.0.1, FP-SNS-FLIGHT1_V5.0.2, FP-SNS-MOTENV1_V4.3.1, FP-SNS-MOTENV1_V4.3.2, FP-SNS-SMARTAG2_V1.2.0, I-CUBE-ITTIADB_V8.6.3-1, STM32Cube_FW_C0_V1.1.0, STM32Cube_FW_F4_V1.27.1, STM32Cube_FW_F7_V1.17.0, STM32Cube_FW_G0_V1.6.1, STM32Cube_FW_G4_V1.5.1, STM32Cube_FW_H5_V0.5.1, STM32Cube_FW_H5_V1.1.1, STM32Cube_FW_H7_V1.11.0, STM32Cube_FW_L0_V1.12.2, STM32Cube_FW_L5_V1.5.0, STM32Cube_FW_U5_V1.3.0, STM32Cube_FW_U5_V1.3.0RC4, STM32Cube_FW_WBA_V1.0.0RC1, STM32Cube_FW_WBA_V1.1.0RC1, STM32Cube_FW_WBA_V1.1.1, STM32Cube_FW_WB_V1.15.0RC1, STM32Cube_FW_WB_V1.16.0, STM32Cube_FW_WB_V1.16.0RC2, STM32Cube_FW_WB_V1.17.3, STM32Cube_FW_WL_V1.3.0, X-CUBE-ALGOBUILD_V1.3.0, X-CUBE-ALS_V1.0.1, X-CUBE-AZRTOS-F4_V1.1.0, X-CUBE-AZRTOS-F7_V1.1.0, X-CUBE-AZRTOS-G0_V1.1.0, X-CUBE-AZRTOS-G4_V2.0.0, X-CUBE-AZRTOS-H7_V3.1.0, X-CUBE-AZRTOS-L4_V1.0.0, X-CUBE-AZRTOS-L4_V2.0.0, X-CUBE-AZRTOS-L5_V1.1.0, X-CUBE-AZRTOS-WB_V2.0.0, X-CUBE-AZRTOS-WL_V2.0.0, X-CUBE-BLE1_V7.0.0, X-CUBE-BLE2_V3.3.0, X-CUBE-BLEMGR_V2.0.0, X-CUBE-EEPRMA1_V4.1.0, X-CUBE-FREERTOS_V1.1.0, X-CUBE-GNSS1_V6.0.0, X-CUBE-MEMS1_V10.0.0, X-CUBE-MEMS1_V9.1.0, X-CUBE-MEMS1_V9.4.0, X-CUBE-MEMS1_V9.6.0, X-CUBE-NFC4_V3.0.0, X-CUBE-NFC7_V1.0.1, X-CUBE-SFXS2LP1_V4.0.0, X-CUBE-SUBG2_V5.0.0, X-CUBE-TOF1_V3.3.1]
2023-10-31 16:10:25,223 [ERROR] DbExamplesSqlite:437 - Missing JSON key: board_cpn
2023-10-31 16:10:25,224 [ERROR] DbExamplesSqlite:437 - Missing JSON key: board_cpn
2023-10-31 16:10:25,224 [ERROR] DbExamplesSqlite:437 - Missing JSON key: board_cpn
2023-10-31 16:10:25,224 [ERROR] DbExamplesSqlite:437 - Missing JSON key: board_cpn
2023-10-31 16:10:25,231 [INFO] DbExamplesSqlite:395 - Ignored 27 examples not supported by CubeIDE
2023-10-31 16:10:25,231 [INFO] DbExamplesSqlite:396 - Found 7221 examples active
2023-10-31 16:10:25,231 [INFO] DbExamplesSqlite:397 - Found 777 examples obsolete
2023-10-31 16:10:25,231 [INFO] DbExamplesSqlite:398 - Found 0 examples under development
2023-10-31 16:10:25,231 [INFO] DbExamplesSqlite:399 - Found 74 examples not building
2023-10-31 16:10:25,233 [INFO] DbExamples:125 - Found 7268 examples
2023-10-31 16:10:25,240 [INFO] DbExamples:222 - Found 93 boards with related examples
2023-10-31 16:10:25,240 [INFO] DbExamples:235 - Found 79 MCUs with related examples
2023-10-31 16:10:25,249 [INFO] ApiDb:414 - User favorites file not found: C:\Users\lenovo/.stm32cubeide/favorites.examples.txt
2023-10-31 16:10:25,249 [INFO] DbExamples:250 - Set 0 / 0 favorites Examples
2023-10-31 16:10:25,575 [INFO] McuFinderGlobals:76 - Set McuFinderConnectedMode to true
2023-10-31 16:10:25,582 [INFO] MultiScanPanel:200 - Auto-refresh data requested => check proxy status ongoing
2023-10-31 16:10:25,586 [INFO] FinderPluginLoader:95 - Searching for filters in installed packs
2023-10-31 16:10:26,535 [INFO] LoadUrlFilesThread:185 - End of LoadServerUrlFiles without Thread
2023-10-31 16:10:26,543 [INFO] DetailPanel:341 - Set advertising image to C:/Users/lenovo/STM32Cube/Repository/\en.prom-stm32h5-mcu-finder.jpg
2023-10-31 16:10:39,811 [INFO] McuResultTable:1395 - Mark MCU STM32F103RCT6 as favorite
2023-10-31 16:10:50,395 [INFO] MainUpdater:2868 - connection check result : 10
2023-10-31 16:10:50,396 [INFO] MainUpdater:2868 - connection check result : 10
2023-10-31 16:10:50,421 [INFO] MicroXplorer:468 - Change Database Path : 
2023-10-31 16:10:50,421 [INFO] MicroXplorer:498 - Change Database Version : DB.6.0.92
2023-10-31 16:10:50,438 [WARN] ThirdParty:871 - waiting for thirdparty lock release [close project]
2023-10-31 16:10:50,438 [INFO] ThirdParty:873 - entering critical section [close project]
2023-10-31 16:10:50,441 [INFO] ThirdParty:883 - exiting critical section [close project]
2023-10-31 16:10:50,444 [INFO] PinOutPanel:1499 - setPackage(No Configuration,No Configuration)
2023-10-31 16:10:50,486 [INFO] UtilMem:75 - Begin LoadConfig() Used Memory: 613558704 Bytes (866123776)
2023-10-31 16:10:50,489 [INFO] MicroXplorer:468 - Change Database Path : 
2023-10-31 16:10:50,489 [INFO] MicroXplorer:498 - Change Database Version : DB.6.0.92
2023-10-31 16:10:50,489 [INFO] OpenFileManager:308 - Change cursor
2023-10-31 16:10:50,586 [INFO] Mcu:1946 - Initializing MCU STM32F103RCTx STM32F103RCTx STM32F103RCT6
2023-10-31 16:10:51,525 [INFO] Context:659 - Trying to add GPIOservice into a context  which must be forbidden
2023-10-31 16:10:51,778 [INFO] ImportTextPane:194 - (OptionalMessage_ERROR) Unable to find key (Mcu.ThirdPartyNb) in loaded IOC file
2023-10-31 16:10:51,779 [INFO] ImportTextPane:194 - (OptionalMessage_ERROR) Unable to find key (Mcu.PinsNb) in loaded IOC file
2023-10-31 16:10:51,779 [INFO] ImportTextPane:194 - (OptionalMessage_ERROR) Unable to find key (Mcu.IPNb) in loaded IOC file
2023-10-31 16:10:51,998 [INFO] RtosManager:555 - Registered RTOS mode: class=CMSIS, group=RTOS, mode=CMSIS_V1, owner=FREERTOS
2023-10-31 16:10:51,999 [INFO] RtosManager:555 - Registered RTOS mode: class=CMSIS, group=RTOS2, mode=CMSIS_V2, owner=FREERTOS
2023-10-31 16:10:51,999 [INFO] RtosManager:555 - Registered RTOS mode: class=RTOS, group=Core, mode=CMSIS_V1, owner=FREERTOS
2023-10-31 16:10:51,999 [INFO] RtosManager:555 - Registered RTOS mode: class=RTOS, group=Core, mode=CMSIS_V2, owner=FREERTOS
2023-10-31 16:10:51,999 [WARN] ModelIntegratedComponent:184 - Missing modes for component STMicroelectronics:FreeRTOS:0.0.1:STMicroelectronics:RTOS:FreeRTOS:Core:::10.2.0:
2023-10-31 16:10:52,010 [WARN] ModelIntegratedComponent:63 - No mode defined for component null
2023-10-31 16:10:52,010 [WARN] ModelIntegratedComponent:63 - No mode defined for component null
2023-10-31 16:10:52,010 [WARN] ModelIntegratedComponent:63 - No mode defined for component null
2023-10-31 16:10:52,010 [WARN] ModelIntegratedComponent:63 - No mode defined for component null
2023-10-31 16:10:52,010 [WARN] ModelIntegratedComponent:63 - No mode defined for component null
2023-10-31 16:10:52,010 [WARN] ModelIntegratedComponent:63 - No mode defined for component null
2023-10-31 16:10:52,010 [WARN] ModelIntegratedComponent:63 - No mode defined for component null
2023-10-31 16:10:52,010 [WARN] ModelIntegratedComponent:63 - No mode defined for component null
2023-10-31 16:10:52,010 [WARN] ModelIntegratedComponent:63 - No mode defined for component null
2023-10-31 16:10:52,010 [WARN] ModelIntegratedComponent:63 - No mode defined for component null
2023-10-31 16:10:52,010 [WARN] ModelIntegratedComponent:63 - No mode defined for component null
2023-10-31 16:10:52,010 [WARN] ModelIntegratedComponent:63 - No mode defined for component null
2023-10-31 16:10:52,010 [WARN] ModelIntegratedComponent:63 - No mode defined for component null
2023-10-31 16:10:52,010 [WARN] ModelIntegratedComponent:63 - No mode defined for component null
2023-10-31 16:10:52,010 [WARN] ModelIntegratedComponent:63 - No mode defined for component null
2023-10-31 16:10:52,010 [WARN] ModelIntegratedComponent:63 - No mode defined for component null
2023-10-31 16:10:52,010 [WARN] ModelIntegratedComponent:63 - No mode defined for component null
2023-10-31 16:10:52,010 [WARN] ModelIntegratedComponent:63 - No mode defined for component null
2023-10-31 16:10:52,010 [WARN] ModelIntegratedComponent:63 - No mode defined for component null
2023-10-31 16:10:52,010 [WARN] ModelIntegratedComponent:63 - No mode defined for component null
2023-10-31 16:10:52,010 [WARN] ModelIntegratedComponent:63 - No mode defined for component null
2023-10-31 16:10:52,010 [WARN] ModelIntegratedComponent:63 - No mode defined for component null
2023-10-31 16:10:52,010 [WARN] ModelIntegratedComponent:63 - No mode defined for component null
2023-10-31 16:10:52,010 [WARN] ModelIntegratedComponent:63 - No mode defined for component null
2023-10-31 16:10:52,010 [WARN] ModelIntegratedComponent:63 - No mode defined for component null
2023-10-31 16:10:52,011 [WARN] ModelIntegratedComponent:63 - No mode defined for component null
2023-10-31 16:10:52,011 [WARN] ModelIntegratedComponent:63 - No mode defined for component null
2023-10-31 16:10:52,011 [WARN] ModelIntegratedComponent:63 - No mode defined for component null
2023-10-31 16:10:52,011 [WARN] ModelIntegratedComponent:63 - No mode defined for component null
2023-10-31 16:10:52,011 [WARN] ModelIntegratedComponent:63 - No mode defined for component null
2023-10-31 16:10:52,011 [WARN] ModelIntegratedComponent:63 - No mode defined for component null
2023-10-31 16:10:52,011 [WARN] ModelIntegratedComponent:63 - No mode defined for component null
2023-10-31 16:10:52,012 [WARN] ModelIntegratedComponent:63 - No mode defined for component null
2023-10-31 16:10:52,074 [INFO] ThirdPartyModel:298 - Start build external matchings
2023-10-31 16:10:52,559 [INFO] ThirdPartyModel:316 - End build external matchings
2023-10-31 16:10:52,726 [INFO] UtilMem:75 - End LoadConfig() Used Memory: 851848008 Bytes (956301312)
2023-10-31 16:10:52,739 [WARN] ThirdParty:833 - waiting for thirdparty lock release [change project]
2023-10-31 16:10:52,739 [INFO] ThirdParty:835 - entering critical section [change project]
2023-10-31 16:10:52,739 [INFO] ThirdParty:1030 - CMSIS Pack Vendor :STMicroelectronics X-CUBE-ISPU 1.1.0
2023-10-31 16:10:52,739 [INFO] ThirdParty:1030 - CMSIS Pack Vendor :STMicroelectronics USBPD 4.1
2023-10-31 16:10:52,739 [INFO] ThirdParty:1030 - CMSIS Pack Vendor :STMicroelectronics X-CUBE-GNSS1 6.0.0
2023-10-31 16:10:52,739 [INFO] ThirdParty:1030 - CMSIS Pack Vendor :STMicroelectronics USB_HOST 2.0.0
2023-10-31 16:10:52,739 [INFO] ThirdParty:1030 - CMSIS Pack Vendor :STMicroelectronics X-CUBE-AZRTOS-F4 1.1.0
2023-10-31 16:10:52,739 [INFO] ThirdParty:1030 - CMSIS Pack Vendor :STMicroelectronics LIBJPEG 8.0.0
2023-10-31 16:10:52,739 [INFO] ThirdParty:1030 - CMSIS Pack Vendor :wolfSSL I-CUBE-wolfSSL 5.6.3
2023-10-31 16:10:52,739 [INFO] ThirdParty:1030 - CMSIS Pack Vendor :STMicroelectronics X-CUBE-SMBUS 2.1.0
2023-10-31 16:10:52,739 [INFO] ThirdParty:1030 - CMSIS Pack Vendor :STMicroelectronics USB_DEVICE 3.0.0
2023-10-31 16:10:52,739 [INFO] ThirdParty:1030 - CMSIS Pack Vendor :STMicroelectronics X-CUBE-AZRTOS-WB 2.0.0
2023-10-31 16:10:52,739 [INFO] ThirdParty:1030 - CMSIS Pack Vendor :STMicroelectronics X-CUBE-AZRTOS-F7 1.1.0
2023-10-31 16:10:52,739 [INFO] ThirdParty:1030 - CMSIS Pack Vendor :STMicroelectronics X-CUBE-AZRTOS-L5 2.0.0
2023-10-31 16:10:52,741 [INFO] ThirdParty:1030 - CMSIS Pack Vendor :STMicroelectronics USB_DEVICE 2.0.0
2023-10-31 16:10:52,741 [INFO] ThirdParty:1030 - CMSIS Pack Vendor :STMicroelectronics X-CUBE-MEMS1 9.6.0
2023-10-31 16:10:52,741 [INFO] ThirdParty:1030 - CMSIS Pack Vendor :STMicroelectronics X-CUBE-EEPRMA1 4.2.0
2023-10-31 16:10:52,741 [INFO] ThirdParty:1030 - CMSIS Pack Vendor :ITTIA_DB I-CUBE-ITTIADB 8.8.0
2023-10-31 16:10:52,741 [INFO] ThirdParty:1030 - CMSIS Pack Vendor :STMicroelectronics FP-SNS-MOTENV1 4.3.2
2023-10-31 16:10:52,741 [INFO] ThirdParty:1030 - CMSIS Pack Vendor :STMicroelectronics X-CUBE-ALGOBUILD 1.3.0
2023-10-31 16:10:52,741 [INFO] ThirdParty:1030 - CMSIS Pack Vendor :STMicroelectronics FreeRTOS 0.0.1
2023-10-31 16:10:52,741 [INFO] ThirdParty:1030 - CMSIS Pack Vendor :STMicroelectronics X-CUBE-AZRTOS-G0 1.1.0
2023-10-31 16:10:52,741 [INFO] ThirdParty:1030 - CMSIS Pack Vendor :STMicroelectronics X-CUBE-BLEMGR 2.0.0
2023-10-31 16:10:52,741 [INFO] ThirdParty:1030 - CMSIS Pack Vendor :STMicroelectronics X-CUBE-NFC4 3.0.0
2023-10-31 16:10:52,741 [INFO] ThirdParty:1030 - CMSIS Pack Vendor :STMicroelectronics X-CUBE-SUBG2 5.0.0
2023-10-31 16:10:52,741 [INFO] ThirdParty:1030 - CMSIS Pack Vendor :STMicroelectronics STM32_WPAN 1.0.0
2023-10-31 16:10:52,741 [INFO] ThirdParty:1030 - CMSIS Pack Vendor :STMicroelectronics lwIP 2.0.3
2023-10-31 16:10:52,741 [INFO] ThirdParty:1030 - CMSIS Pack Vendor :STMicroelectronics FP-SNS-FLIGHT1 5.0.2
2023-10-31 16:10:52,741 [INFO] ThirdParty:1030 - CMSIS Pack Vendor :STMicroelectronics USB_HOST 1.0.0
2023-10-31 16:10:52,741 [INFO] ThirdParty:1030 - CMSIS Pack Vendor :STMicroelectronics X-CUBE-TOF1 3.3.1
2023-10-31 16:10:52,741 [INFO] ThirdParty:1030 - CMSIS Pack Vendor :STMicroelectronics X-CUBE-AZRTOS-G4 2.0.0
2023-10-31 16:10:52,741 [INFO] ThirdParty:1030 - CMSIS Pack Vendor :STMicroelectronics PDM2PCM 3.1.0
2023-10-31 16:10:52,741 [INFO] ThirdParty:1030 - CMSIS Pack Vendor :STMicroelectronics X-CUBE-AZRTOS-H7 3.1.0
2023-10-31 16:10:52,741 [INFO] ThirdParty:1030 - CMSIS Pack Vendor :Infineon AIROC-Wi-Fi-Bluetooth-STM32 1.5.1
2023-10-31 16:10:52,741 [INFO] ThirdParty:1030 - CMSIS Pack Vendor :STMicroelectronics PDM2PCM 3.3.0
2023-10-31 16:10:52,741 [INFO] ThirdParty:1030 - CMSIS Pack Vendor :STMicroelectronics X-CUBE-DISPLAY 3.0.0
2023-10-31 16:10:52,741 [INFO] ThirdParty:1030 - CMSIS Pack Vendor :STMicroelectronics X-CUBE-BLE1 7.0.0
2023-10-31 16:10:52,741 [INFO] ThirdParty:1030 - CMSIS Pack Vendor :STMicroelectronics FP-ATR-SIGFOX1 3.2.0
2023-10-31 16:10:52,741 [INFO] ThirdParty:1030 - CMSIS Pack Vendor :STMicroelectronics HAL Drivers 0.0.0
2023-10-31 16:10:52,741 [INFO] ThirdParty:1030 - CMSIS Pack Vendor :STMicroelectronics MBEDTLS 2.16.2
2023-10-31 16:10:52,741 [INFO] ThirdParty:1030 - CMSIS Pack Vendor :emotas I-CUBE-CANOPEN 1.3.0
2023-10-31 16:10:52,741 [INFO] ThirdParty:1030 - CMSIS Pack Vendor :STMicroelectronics X-CUBE-MEMS1 10.0.0
2023-10-31 16:10:52,741 [INFO] ThirdParty:1030 - CMSIS Pack Vendor :STMicroelectronics X-CUBE-FREERTOS 1.1.0
2023-10-31 16:10:52,741 [INFO] ThirdParty:1030 - CMSIS Pack Vendor :STMicroelectronics X-CUBE-TOUCHGFX 4.22.0
2023-10-31 16:10:52,741 [INFO] ThirdParty:1030 - CMSIS Pack Vendor :STMicroelectronics X-CUBE-NFC7 1.0.1
2023-10-31 16:10:52,742 [INFO] ThirdParty:1030 - CMSIS Pack Vendor :STMicroelectronics MBEDTLS 2.14.1
2023-10-31 16:10:52,742 [INFO] ThirdParty:1030 - CMSIS Pack Vendor :STMicroelectronics X-CUBE-TOUCHGFX 4.22.1
2023-10-31 16:10:52,742 [INFO] ThirdParty:1030 - CMSIS Pack Vendor :STMicroelectronics X-CUBE-NFC6 3.0.0
2023-10-31 16:10:52,742 [INFO] ThirdParty:1030 - CMSIS Pack Vendor :STMicroelectronics X-CUBE-EEPRMA1 4.1.0
2023-10-31 16:10:52,742 [INFO] ThirdParty:1030 - CMSIS Pack Vendor :portGmbH I-Cube-SoM-uGOAL 1.1.0
2023-10-31 16:10:52,742 [INFO] ThirdParty:1030 - CMSIS Pack Vendor :STMicroelectronics X-CUBE-ALS 1.0.1
2023-10-31 16:10:52,742 [INFO] ThirdParty:1030 - CMSIS Pack Vendor :STMicroelectronics ThreadX 1.0.0
2023-10-31 16:10:52,742 [INFO] ThirdParty:1030 - CMSIS Pack Vendor :STMicroelectronics FP-SNS-SMARTAG2 1.2.0
2023-10-31 16:10:52,742 [INFO] ThirdParty:1030 - CMSIS Pack Vendor :STMicroelectronics X-CUBE-AZRTOS-WL 2.0.0
2023-10-31 16:10:52,742 [INFO] ThirdParty:1030 - CMSIS Pack Vendor :SEGGER I-CUBE-embOS 1.3.1
2023-10-31 16:10:52,742 [INFO] ThirdParty:1030 - CMSIS Pack Vendor :STMicroelectronics USB_DEVICE 1.0.0
2023-10-31 16:10:52,742 [INFO] ThirdParty:1030 - CMSIS Pack Vendor :STMicroelectronics X-CUBE-AI 8.1.0
2023-10-31 16:10:52,742 [INFO] ThirdParty:1030 - CMSIS Pack Vendor :STMicroelectronics X-CUBE-AZRTOS-L4 2.0.0
2023-10-31 16:10:52,742 [INFO] ThirdParty:1030 - CMSIS Pack Vendor :STMicroelectronics ThreadX 0.0.2
2023-10-31 16:10:52,742 [INFO] ThirdParty:1030 - CMSIS Pack Vendor :WES I-CUBE-Cesium 1.3.0
2023-10-31 16:10:52,742 [INFO] ThirdParty:1030 - CMSIS Pack Vendor :STMicroelectronics FP-ATR-ASTRA1 2.0.0
2023-10-31 16:10:52,742 [INFO] ThirdParty:1030 - CMSIS Pack Vendor :STMicroelectronics lwIP 2.1.2
2023-10-31 16:10:52,742 [INFO] ThirdParty:1030 - CMSIS Pack Vendor :STMicroelectronics X-CUBE-SFXS2LP1 4.0.0
2023-10-31 16:10:52,742 [INFO] ThirdParty:1030 - CMSIS Pack Vendor :STMicroelectronics X-CUBE-BLE2 3.3.0
2023-10-31 16:10:52,742 [INFO] ThirdParty:1030 - CMSIS Pack Vendor :STMicroelectronics PDM2PCM 3.2.0
2023-10-31 16:10:52,742 [INFO] ThirdParty:841 - exiting critical section [change project]
2023-10-31 16:10:52,992 [INFO] PinOutPanel:1499 - setPackage(No Configuration,No Configuration)
2023-10-31 16:10:52,994 [INFO] PinOutPanel:1499 - setPackage(STM32F103RCTx,LQFP64)
2023-10-31 16:10:53,364 [INFO] UtilMem:75 - Before build in PCC Used Memory: 630728664 Bytes (956301312)
2023-10-31 16:10:54,181 [INFO] UtilMem:75 - After build in PCC Used Memory: 729294808 Bytes (956301312)
2023-10-31 16:10:54,215 [INFO] IPUIPlugin:80 - create IPUIPlugin
2023-10-31 16:10:54,215 [INFO] IPUIPlugin:80 - create IPUIPlugin
2023-10-31 16:10:54,215 [INFO] IPUIPlugin:80 - create IPUIPlugin
2023-10-31 16:10:54,215 [INFO] IPUIPlugin:80 - create IPUIPlugin
2023-10-31 16:10:54,216 [INFO] IPUIPlugin:80 - create IPUIPlugin
2023-10-31 16:10:54,216 [INFO] IPUIPlugin:80 - create IPUIPlugin
2023-10-31 16:10:54,216 [INFO] IPUIPlugin:80 - create IPUIPlugin
2023-10-31 16:10:54,216 [INFO] IPUIPlugin:80 - create IPUIPlugin
2023-10-31 16:10:54,216 [INFO] IPUIPlugin:80 - create IPUIPlugin
2023-10-31 16:10:54,216 [INFO] IPUIPlugin:80 - create IPUIPlugin
2023-10-31 16:10:54,216 [INFO] IPUIPlugin:80 - create IPUIPlugin
2023-10-31 16:10:54,216 [INFO] IPUIPlugin:80 - create IPUIPlugin
2023-10-31 16:10:54,217 [INFO] IPUIPlugin:80 - create IPUIPlugin
2023-10-31 16:10:54,217 [INFO] IPUIPlugin:80 - create IPUIPlugin
2023-10-31 16:10:54,217 [INFO] IPUIPlugin:80 - create IPUIPlugin
2023-10-31 16:10:54,217 [INFO] IPUIPlugin:80 - create IPUIPlugin
2023-10-31 16:10:54,217 [INFO] IPUIPlugin:80 - create IPUIPlugin
2023-10-31 16:10:54,217 [INFO] IPUIPlugin:80 - create IPUIPlugin
2023-10-31 16:10:54,217 [INFO] IPUIPlugin:80 - create IPUIPlugin
2023-10-31 16:10:54,218 [INFO] IPUIPlugin:80 - create IPUIPlugin
2023-10-31 16:10:54,218 [INFO] IPUIPlugin:80 - create IPUIPlugin
2023-10-31 16:10:54,219 [INFO] IPUIPlugin:80 - create IPUIPlugin
2023-10-31 16:10:54,219 [INFO] IPUIPlugin:80 - create IPUIPlugin
2023-10-31 16:10:54,219 [INFO] IPUIPlugin:80 - create IPUIPlugin
2023-10-31 16:10:54,220 [INFO] IPUIPlugin:80 - create IPUIPlugin
2023-10-31 16:10:54,220 [INFO] IPUIPlugin:80 - create IPUIPlugin
2023-10-31 16:10:54,220 [INFO] IPUIPlugin:80 - create IPUIPlugin
2023-10-31 16:10:54,220 [INFO] IPUIPlugin:80 - create IPUIPlugin
2023-10-31 16:10:54,221 [INFO] IPUIPlugin:80 - create IPUIPlugin
2023-10-31 16:10:54,221 [INFO] IPUIPlugin:80 - create IPUIPlugin
2023-10-31 16:10:54,221 [INFO] IPUIPlugin:80 - create IPUIPlugin
2023-10-31 16:10:54,221 [INFO] IPUIPlugin:80 - create IPUIPlugin
2023-10-31 16:10:54,222 [INFO] IPUIPlugin:80 - create IPUIPlugin
2023-10-31 16:10:54,222 [INFO] IPUIPlugin:80 - create IPUIPlugin
2023-10-31 16:10:54,222 [INFO] IPUIPlugin:80 - create IPUIPlugin
2023-10-31 16:10:54,222 [INFO] IPUIPlugin:80 - create IPUIPlugin
2023-10-31 16:10:54,223 [INFO] IPUIPlugin:80 - create IPUIPlugin
2023-10-31 16:10:54,223 [INFO] IPUIPlugin:80 - create IPUIPlugin
2023-10-31 16:10:54,223 [INFO] IPUIPlugin:80 - create IPUIPlugin
2023-10-31 16:10:54,569 [INFO] CADModel:165 - CPN selected for project levelSTM32F103RCT6
2023-10-31 16:10:54,569 [INFO] CADModel:114 - Register for checkConnection events
2023-10-31 16:10:54,652 [INFO] OpenFileManager:328 - Restore cursor
2023-10-31 16:10:55,157 [INFO] UtilMem:75 - End SaveConfig() Used Memory: 729745888 Bytes (956301312)
2023-10-31 16:10:55,247 [INFO] UtilMem:75 - End SaveConfig() Used Memory: 747138272 Bytes (956301312)
2023-10-31 16:10:55,686 [INFO] BlockDiagram:2759 - set Specific Code input for plugin: NVIC
2023-10-31 16:10:55,686 [INFO] BlockDiagram:2759 - set Specific Code input for plugin: RCC
2023-10-31 16:10:55,689 [INFO] CodeGenerator:799 - code generatio: config db path: D:\software\STM32CubeIDE_1.13.2\STM32CubeIDE\plugins\com.st.stm32cube.common.mx_6.9.2.202309101412\\db\
2023-10-31 16:10:55,851 [INFO] CodeEngine:255 - oldGeneratedFile, D:\project\CS301\Lab7\MXTmpFiles\license.tmp_save
2023-10-31 16:10:56,209 [INFO] CodeEngine:279 - Generated code: D:\project\CS301\Lab7\MXTmpFiles\license.tmp
2023-10-31 16:10:56,226 [INFO] CodeEngine:255 - oldGeneratedFile, D:\project\CS301\Lab7\Core\Src\stm32f1xx_it.c_save
2023-10-31 16:10:56,502 [INFO] CodeEngine:279 - Generated code: D:\project\CS301\Lab7\Core\Src\stm32f1xx_it.c
2023-10-31 16:10:56,507 [INFO] CodeEngine:255 - oldGeneratedFile, D:\project\CS301\Lab7\Core\Inc\stm32f1xx_it.h_save
2023-10-31 16:10:56,586 [INFO] CodeEngine:279 - Generated code: D:\project\CS301\Lab7\Core\Inc\stm32f1xx_it.h
2023-10-31 16:10:56,779 [INFO] CodeEngine:255 - oldGeneratedFile, D:\project\CS301\Lab7\Core\Src\stm32f1xx_hal_msp.c_save
2023-10-31 16:10:56,902 [INFO] CodeEngine:279 - Generated code: D:\project\CS301\Lab7\Core\Src\stm32f1xx_hal_msp.c
2023-10-31 16:10:56,905 [INFO] CodeEngine:255 - oldGeneratedFile, D:\project\CS301\Lab7\MXTmpFiles\system.tmp_save
2023-10-31 16:10:56,960 [INFO] CodeEngine:279 - Generated code: D:\project\CS301\Lab7\MXTmpFiles\system.tmp
2023-10-31 16:10:56,966 [INFO] CodeEngine:311 - oldGeneratedFile, D:\project\CS301\Lab7\Core\Inc\stm32f1xx_hal_conf.h_save
2023-10-31 16:10:57,013 [INFO] CodeEngine:335 - Generated code: D:\project\CS301\Lab7\Core\Inc\stm32f1xx_hal_conf.h
2023-10-31 16:10:57,043 [INFO] CodeEngine:255 - oldGeneratedFile, D:\project\CS301\Lab7\Core\Inc\main.h_save
2023-10-31 16:10:57,107 [INFO] CodeEngine:279 - Generated code: D:\project\CS301\Lab7\Core\Inc\main.h
2023-10-31 16:10:57,110 [INFO] CodeEngine:255 - oldGeneratedFile, D:\project\CS301\Lab7\Core\Src\main.c_save
2023-10-31 16:10:57,254 [INFO] CodeEngine:279 - Generated code: D:\project\CS301\Lab7\Core\Src\main.c
2023-10-31 16:10:57,648 [INFO] ProjectBuilder:3064 - Time for Copy HAL[1] : 121mS.
2023-10-31 16:10:57,654 [INFO] ProjectBuilder:4404 - Project Generator version: 4.1.0
2023-10-31 16:10:57,991 [INFO] ConfigFileManager:1457 - The Die is : DIE414
2023-10-31 16:10:58,013 [INFO] ApiDbMcu:507 - Load IP Config File for FATFS
2023-10-31 16:10:58,050 [INFO] ApiDbMcu:507 - Load IP Config File for FREERTOS
2023-10-31 16:10:58,056 [INFO] ApiDbMcu:507 - Load IP Config File for USB_DEVICE
2023-10-31 16:10:58,637 [INFO] LogOutputStream:77 - [STDOUT_REDIRECT] 
2023-10-31 16:11:01,570 [INFO] ProjectBuilder:4626 - Time for Generating toolchain IDE Files: 3916mS.
2023-10-31 16:11:01,571 [INFO] ProjectBuilder:2935 - Time for Copy CMSIS : 0mS.
2023-10-31 16:11:01,573 [INFO] ProjectBuilder:2935 - Time for Copy CMSIS : 0mS.
2023-10-31 16:11:02,677 [INFO] McuFinderGlobals:76 - Set McuFinderConnectedMode to true
2023-10-31 16:11:02,681 [INFO] ApiDb:448 - Save user favorites file C:\Users\lenovo/.stm32cubeide/favorites.mcus.txt: 1 item(s)
2023-10-31 16:11:02,681 [INFO] ApiDb:452 - User favorites MCUs=[STM32F103RCT6]
2023-10-31 16:23:09,895 [INFO] DmaTabbedPanel:205 - Cannot restore the selected Tab for DMA
2023-10-31 16:23:38,172 [INFO] Gpio:273 - dependency for GPIO [RCC, SYS]
2023-10-31 16:23:41,373 [INFO] Gpio:273 - dependency for GPIO [RCC, SYS]
2023-10-31 16:23:42,239 [INFO] DmaTabbedPanel:205 - Cannot restore the selected Tab for DMA
2023-10-31 16:23:44,750 [INFO] Gpio:273 - dependency for GPIO [RCC, SYS]
2023-10-31 16:23:54,273 [INFO] DmaTabbedPanel:205 - Cannot restore the selected Tab for DMA
2023-10-31 16:23:55,063 [INFO] Gpio:273 - dependency for GPIO [RCC, SYS]
2023-10-31 16:23:56,751 [INFO] Gpio:273 - dependency for GPIO [RCC, SYS]
2023-10-31 16:23:58,349 [INFO] DmaTabbedPanel:205 - Cannot restore the selected Tab for DMA
2023-10-31 16:26:26,374 [INFO] Gpio:273 - dependency for GPIO [RCC, SYS]
2023-10-31 16:26:49,034 [INFO] UtilMem:75 - End SaveConfig() Used Memory: 246639720 Bytes (796917760)
2023-10-31 16:26:49,134 [INFO] UtilMem:75 - End SaveConfig() Used Memory: 263866488 Bytes (796917760)
2023-10-31 16:26:49,843 [INFO] UtilMem:75 - End SaveConfig() Used Memory: 305359976 Bytes (796917760)
2023-10-31 16:26:50,106 [INFO] BlockDiagram:2759 - set Specific Code input for plugin: NVIC
2023-10-31 16:26:50,106 [INFO] BlockDiagram:2759 - set Specific Code input for plugin: SYS
2023-10-31 16:26:50,107 [INFO] BlockDiagram:2759 - set Specific Code input for plugin: GPIO
2023-10-31 16:26:50,107 [INFO] BlockDiagram:2759 - set Specific Code input for plugin: RCC
2023-10-31 16:26:50,108 [INFO] CodeGenerator:799 - code generatio: config db path: D:\software\STM32CubeIDE_1.13.2\STM32CubeIDE\plugins\com.st.stm32cube.common.mx_6.9.2.202309101412\\db\
2023-10-31 16:26:50,216 [INFO] CodeEngine:255 - oldGeneratedFile, D:\project\CS301\Lab7\MXTmpFiles\license.tmp_save
2023-10-31 16:26:50,358 [INFO] CodeEngine:279 - Generated code: D:\project\CS301\Lab7\MXTmpFiles\license.tmp
2023-10-31 16:26:50,396 [INFO] CodeEngine:255 - oldGeneratedFile, D:\project\CS301\Lab7\Core\Src\gpio.c_save
2023-10-31 16:26:50,488 [INFO] CodeEngine:279 - Generated code: D:\project\CS301\Lab7\Core\Src\gpio.c
2023-10-31 16:26:50,493 [INFO] CodeEngine:255 - oldGeneratedFile, D:\project\CS301\Lab7\Core\Inc\gpio.h_save
2023-10-31 16:26:50,546 [INFO] CodeEngine:279 - Generated code: D:\project\CS301\Lab7\Core\Inc\gpio.h
2023-10-31 16:26:50,563 [INFO] CodeEngine:255 - oldGeneratedFile, D:\project\CS301\Lab7\Core\Src\stm32f1xx_it.c_save
2023-10-31 16:26:50,748 [INFO] CodeEngine:279 - Generated code: D:\project\CS301\Lab7\Core\Src\stm32f1xx_it.c
2023-10-31 16:26:50,753 [INFO] CodeEngine:255 - oldGeneratedFile, D:\project\CS301\Lab7\Core\Inc\stm32f1xx_it.h_save
2023-10-31 16:26:50,816 [INFO] CodeEngine:279 - Generated code: D:\project\CS301\Lab7\Core\Inc\stm32f1xx_it.h
2023-10-31 16:26:50,832 [INFO] CodeEngine:255 - oldGeneratedFile, D:\project\CS301\Lab7\Core\Src\stm32f1xx_hal_msp.c_save
2023-10-31 16:26:50,897 [INFO] CodeEngine:279 - Generated code: D:\project\CS301\Lab7\Core\Src\stm32f1xx_hal_msp.c
2023-10-31 16:26:50,900 [INFO] CodeEngine:255 - oldGeneratedFile, D:\project\CS301\Lab7\MXTmpFiles\system.tmp_save
2023-10-31 16:26:50,938 [INFO] CodeEngine:279 - Generated code: D:\project\CS301\Lab7\MXTmpFiles\system.tmp
2023-10-31 16:26:50,944 [INFO] CodeEngine:311 - oldGeneratedFile, D:\project\CS301\Lab7\Core\Inc\stm32f1xx_hal_conf.h_save
2023-10-31 16:26:50,989 [INFO] CodeEngine:335 - Generated code: D:\project\CS301\Lab7\Core\Inc\stm32f1xx_hal_conf.h
2023-10-31 16:26:51,007 [INFO] CodeEngine:255 - oldGeneratedFile, D:\project\CS301\Lab7\Core\Inc\main.h_save
2023-10-31 16:26:51,067 [INFO] CodeEngine:279 - Generated code: D:\project\CS301\Lab7\Core\Inc\main.h
2023-10-31 16:26:51,073 [INFO] CodeEngine:255 - oldGeneratedFile, D:\project\CS301\Lab7\Core\Src\main.c_save
2023-10-31 16:26:51,202 [INFO] CodeEngine:279 - Generated code: D:\project\CS301\Lab7\Core\Src\main.c
2023-10-31 16:26:51,607 [INFO] ProjectBuilder:3064 - Time for Copy HAL[1] : 120mS.
2023-10-31 16:26:51,610 [INFO] ProjectBuilder:4404 - Project Generator version: 4.1.0
2023-10-31 16:26:51,714 [INFO] ConfigFileManager:1457 - The Die is : DIE414
2023-10-31 16:26:52,742 [INFO] ProjectBuilder:4626 - Time for Generating toolchain IDE Files: 1132mS.
2023-10-31 16:26:52,743 [INFO] ProjectBuilder:2935 - Time for Copy CMSIS : 0mS.
2023-10-31 16:26:52,744 [INFO] ProjectBuilder:2935 - Time for Copy CMSIS : 0mS.
2023-10-31 16:26:54,826 [ERROR] ConfigurationRetriever:142 - IOException on connection: Read timed out
2023-10-31 16:33:31,281 [ERROR] LogOutputStream:75 - [STDERR_REDIRECT] Exception in thread "AWT-EventQueue-0" java.awt.IllegalComponentStateException: component must be showing on the screen to determine its location
2023-10-31 16:33:31,283 [ERROR] LogOutputStream:75 - [STDERR_REDIRECT] 	at java.desktop/java.awt.Component.getLocationOnScreen_NoTreeLock(Component.java:2113)
2023-10-31 16:33:31,284 [ERROR] LogOutputStream:75 - [STDERR_REDIRECT] 	at java.desktop/java.awt.Component.getLocationOnScreen(Component.java:2087)
2023-10-31 16:33:31,284 [ERROR] LogOutputStream:75 - [STDERR_REDIRECT] 	at java.desktop/javax.swing.JPopupMenu.show(JPopupMenu.java:963)
2023-10-31 16:33:31,286 [ERROR] LogOutputStream:75 - [STDERR_REDIRECT] 	at java.desktop/javax.swing.plaf.basic.BasicComboPopup.show(BasicComboPopup.java:235)
2023-10-31 16:33:31,287 [ERROR] LogOutputStream:75 - [STDERR_REDIRECT] 	at java.desktop/javax.swing.plaf.basic.BasicComboPopup.togglePopup(BasicComboPopup.java:1257)
2023-10-31 16:33:31,288 [ERROR] LogOutputStream:75 - [STDERR_REDIRECT] 	at java.desktop/javax.swing.plaf.basic.BasicComboPopup$Handler.mousePressed(BasicComboPopup.java:936)
2023-10-31 16:33:31,289 [ERROR] LogOutputStream:75 - [STDERR_REDIRECT] 	at java.desktop/java.awt.Component.processMouseEvent(Component.java:6623)
2023-10-31 16:33:31,290 [ERROR] LogOutputStream:75 - [STDERR_REDIRECT] 	at java.desktop/javax.swing.JComponent.processMouseEvent(JComponent.java:3389)
2023-10-31 16:33:31,291 [ERROR] LogOutputStream:75 - [STDERR_REDIRECT] 	at java.desktop/java.awt.Component.processEvent(Component.java:6391)
2023-10-31 16:33:31,292 [ERROR] LogOutputStream:75 - [STDERR_REDIRECT] 	at java.desktop/java.awt.Container.processEvent(Container.java:2266)
2023-10-31 16:33:31,295 [ERROR] LogOutputStream:75 - [STDERR_REDIRECT] 	at java.desktop/java.awt.Component.dispatchEventImpl(Component.java:5001)
2023-10-31 16:33:31,298 [ERROR] LogOutputStream:75 - [STDERR_REDIRECT] 	at java.desktop/java.awt.Container.dispatchEventImpl(Container.java:2324)
2023-10-31 16:33:31,298 [ERROR] LogOutputStream:75 - [STDERR_REDIRECT] 	at java.desktop/java.awt.Component.dispatchEvent(Component.java:4833)
2023-10-31 16:33:31,302 [ERROR] LogOutputStream:75 - [STDERR_REDIRECT] 	at java.desktop/javax.swing.plaf.basic.BasicTableUI$Handler.repostEvent(BasicTableUI.java:987)
2023-10-31 16:33:31,305 [ERROR] LogOutputStream:75 - [STDERR_REDIRECT] 	at java.desktop/javax.swing.plaf.basic.BasicTableUI$Handler.adjustSelection(BasicTableUI.java:1149)
2023-10-31 16:33:31,306 [ERROR] LogOutputStream:75 - [STDERR_REDIRECT] 	at java.desktop/javax.swing.plaf.basic.BasicTableUI$Handler.mousePressed(BasicTableUI.java:1077)
2023-10-31 16:33:31,307 [ERROR] LogOutputStream:75 - [STDERR_REDIRECT] 	at java.desktop/java.awt.AWTEventMulticaster.mousePressed(AWTEventMulticaster.java:288)
2023-10-31 16:33:31,309 [ERROR] LogOutputStream:75 - [STDERR_REDIRECT] 	at java.desktop/java.awt.AWTEventMulticaster.mousePressed(AWTEventMulticaster.java:287)
2023-10-31 16:33:31,310 [ERROR] LogOutputStream:75 - [STDERR_REDIRECT] 	at java.desktop/java.awt.AWTEventMulticaster.mousePressed(AWTEventMulticaster.java:287)
2023-10-31 16:33:31,312 [ERROR] LogOutputStream:75 - [STDERR_REDIRECT] 	at java.desktop/java.awt.AWTEventMulticaster.mousePressed(AWTEventMulticaster.java:287)
2023-10-31 16:33:31,313 [ERROR] LogOutputStream:75 - [STDERR_REDIRECT] 	at java.desktop/java.awt.Component.processMouseEvent(Component.java:6623)
2023-10-31 16:33:31,315 [ERROR] LogOutputStream:75 - [STDERR_REDIRECT] 	at java.desktop/javax.swing.JComponent.processMouseEvent(JComponent.java:3389)
2023-10-31 16:33:31,316 [ERROR] LogOutputStream:75 - [STDERR_REDIRECT] 	at java.desktop/java.awt.Component.processEvent(Component.java:6391)
2023-10-31 16:33:31,317 [ERROR] LogOutputStream:75 - [STDERR_REDIRECT] 	at java.desktop/java.awt.Container.processEvent(Container.java:2266)
2023-10-31 16:33:31,318 [ERROR] LogOutputStream:75 - [STDERR_REDIRECT] 	at java.desktop/java.awt.Component.dispatchEventImpl(Component.java:5001)
2023-10-31 16:33:31,319 [ERROR] LogOutputStream:75 - [STDERR_REDIRECT] 	at java.desktop/java.awt.Container.dispatchEventImpl(Container.java:2324)
2023-10-31 16:33:31,320 [ERROR] LogOutputStream:75 - [STDERR_REDIRECT] 	at java.desktop/java.awt.Component.dispatchEvent(Component.java:4833)
2023-10-31 16:33:31,321 [ERROR] LogOutputStream:75 - [STDERR_REDIRECT] 	at java.desktop/java.awt.LightweightDispatcher.retargetMouseEvent(Container.java:4948)
2023-10-31 16:33:31,321 [ERROR] LogOutputStream:75 - [STDERR_REDIRECT] 	at java.desktop/java.awt.LightweightDispatcher.processMouseEvent(Container.java:4572)
2023-10-31 16:33:31,323 [ERROR] LogOutputStream:75 - [STDERR_REDIRECT] 	at java.desktop/java.awt.LightweightDispatcher.dispatchEvent(Container.java:4516)
2023-10-31 16:33:31,325 [ERROR] LogOutputStream:75 - [STDERR_REDIRECT] 	at java.desktop/java.awt.Container.dispatchEventImpl(Container.java:2310)
2023-10-31 16:33:31,328 [ERROR] LogOutputStream:75 - [STDERR_REDIRECT] 	at java.desktop/java.awt.Component.dispatchEvent(Component.java:4833)
2023-10-31 16:33:31,331 [ERROR] LogOutputStream:75 - [STDERR_REDIRECT] 	at java.desktop/java.awt.EventQueue.dispatchEventImpl(EventQueue.java:773)
2023-10-31 16:33:31,333 [ERROR] LogOutputStream:75 - [STDERR_REDIRECT] 	at java.desktop/java.awt.EventQueue$4.run(EventQueue.java:722)
2023-10-31 16:33:31,335 [ERROR] LogOutputStream:75 - [STDERR_REDIRECT] 	at java.desktop/java.awt.EventQueue$4.run(EventQueue.java:716)
2023-10-31 16:33:31,337 [ERROR] LogOutputStream:75 - [STDERR_REDIRECT] 	at java.base/java.security.AccessController.doPrivileged(AccessController.java:399)
2023-10-31 16:33:31,339 [ERROR] LogOutputStream:75 - [STDERR_REDIRECT] 	at java.base/java.security.ProtectionDomain$JavaSecurityAccessImpl.doIntersectionPrivilege(ProtectionDomain.java:86)
2023-10-31 16:33:31,341 [ERROR] LogOutputStream:75 - [STDERR_REDIRECT] 	at java.base/java.security.ProtectionDomain$JavaSecurityAccessImpl.doIntersectionPrivilege(ProtectionDomain.java:97)
2023-10-31 16:33:31,344 [ERROR] LogOutputStream:75 - [STDERR_REDIRECT] 	at java.desktop/java.awt.EventQueue$5.run(EventQueue.java:746)
2023-10-31 16:33:31,346 [ERROR] LogOutputStream:75 - [STDERR_REDIRECT] 	at java.desktop/java.awt.EventQueue$5.run(EventQueue.java:744)
2023-10-31 16:33:31,347 [ERROR] LogOutputStream:75 - [STDERR_REDIRECT] 	at java.base/java.security.AccessController.doPrivileged(AccessController.java:399)
2023-10-31 16:33:31,348 [ERROR] LogOutputStream:75 - [STDERR_REDIRECT] 	at java.base/java.security.ProtectionDomain$JavaSecurityAccessImpl.doIntersectionPrivilege(ProtectionDomain.java:86)
2023-10-31 16:33:31,351 [ERROR] LogOutputStream:75 - [STDERR_REDIRECT] 	at java.desktop/java.awt.EventQueue.dispatchEvent(EventQueue.java:743)
2023-10-31 16:33:31,353 [ERROR] LogOutputStream:75 - [STDERR_REDIRECT] 	at java.desktop/java.awt.EventDispatchThread.pumpOneEventForFilters(EventDispatchThread.java:203)
2023-10-31 16:33:31,356 [ERROR] LogOutputStream:75 - [STDERR_REDIRECT] 	at java.desktop/java.awt.EventDispatchThread.pumpEventsForFilter(EventDispatchThread.java:124)
2023-10-31 16:33:31,357 [ERROR] LogOutputStream:75 - [STDERR_REDIRECT] 	at java.desktop/java.awt.EventDispatchThread.pumpEventsForHierarchy(EventDispatchThread.java:113)
2023-10-31 16:33:31,359 [ERROR] LogOutputStream:75 - [STDERR_REDIRECT] 	at java.desktop/java.awt.EventDispatchThread.pumpEvents(EventDispatchThread.java:109)
2023-10-31 16:33:31,362 [ERROR] LogOutputStream:75 - [STDERR_REDIRECT] 	at java.desktop/java.awt.EventDispatchThread.pumpEvents(EventDispatchThread.java:101)
2023-10-31 16:33:31,364 [ERROR] LogOutputStream:75 - [STDERR_REDIRECT] 	at java.desktop/java.awt.EventDispatchThread.run(EventDispatchThread.java:90)
2023-10-31 16:35:29,799 [INFO] NvicIntPanel:101 - NVIC parent = com.st.microxplorer.plugins.ip.nvic.MultiNvicIntPanel[,0,0,0x0,invalid,layout=javax.swing.BoxLayout,alignmentX=0.0,alignmentY=0.0,border=,flags=9,maximumSize=,minimumSize=,preferredSize=]
2023-10-31 16:35:52,436 [INFO] UtilMem:75 - End SaveConfig() Used Memory: 379988032 Bytes (964689920)
2023-10-31 16:35:52,612 [INFO] UtilMem:75 - End SaveConfig() Used Memory: 398862400 Bytes (964689920)
2023-10-31 16:35:53,184 [INFO] UtilMem:75 - End SaveConfig() Used Memory: 286565152 Bytes (922746880)
2023-10-31 16:35:53,409 [INFO] BlockDiagram:2759 - set Specific Code input for plugin: NVIC
2023-10-31 16:35:53,409 [INFO] BlockDiagram:2759 - set Specific Code input for plugin: TIM1_8F1
2023-10-31 16:35:53,409 [INFO] BlockDiagram:2759 - set Specific Code input for plugin: SYS
2023-10-31 16:35:53,410 [INFO] BlockDiagram:2759 - set Specific Code input for plugin: GPIO
2023-10-31 16:35:53,410 [INFO] BlockDiagram:2759 - set Specific Code input for plugin: RCC
2023-10-31 16:35:53,411 [INFO] CodeGenerator:799 - code generatio: config db path: D:\software\STM32CubeIDE_1.13.2\STM32CubeIDE\plugins\com.st.stm32cube.common.mx_6.9.2.202309101412\\db\
2023-10-31 16:35:53,493 [INFO] CodeEngine:255 - oldGeneratedFile, D:\project\CS301\Lab7\MXTmpFiles\license.tmp_save
2023-10-31 16:35:53,532 [INFO] CodeEngine:279 - Generated code: D:\project\CS301\Lab7\MXTmpFiles\license.tmp
2023-10-31 16:35:53,542 [INFO] CodeEngine:255 - oldGeneratedFile, D:\project\CS301\Lab7\Core\Src\gpio.c_save
2023-10-31 16:35:53,595 [INFO] CodeEngine:279 - Generated code: D:\project\CS301\Lab7\Core\Src\gpio.c
2023-10-31 16:35:53,600 [INFO] CodeEngine:255 - oldGeneratedFile, D:\project\CS301\Lab7\Core\Inc\gpio.h_save
2023-10-31 16:35:53,646 [INFO] CodeEngine:279 - Generated code: D:\project\CS301\Lab7\Core\Inc\gpio.h
2023-10-31 16:35:53,691 [INFO] CodeEngine:255 - oldGeneratedFile, D:\project\CS301\Lab7\Core\Src\tim.c_save
2023-10-31 16:35:53,754 [INFO] CodeEngine:279 - Generated code: D:\project\CS301\Lab7\Core\Src\tim.c
2023-10-31 16:35:53,758 [INFO] CodeEngine:255 - oldGeneratedFile, D:\project\CS301\Lab7\Core\Inc\tim.h_save
2023-10-31 16:35:53,818 [INFO] CodeEngine:279 - Generated code: D:\project\CS301\Lab7\Core\Inc\tim.h
2023-10-31 16:35:53,840 [INFO] CodeEngine:255 - oldGeneratedFile, D:\project\CS301\Lab7\Core\Src\stm32f1xx_it.c_save
2023-10-31 16:35:53,917 [INFO] CodeEngine:279 - Generated code: D:\project\CS301\Lab7\Core\Src\stm32f1xx_it.c
2023-10-31 16:35:53,923 [INFO] CodeEngine:255 - oldGeneratedFile, D:\project\CS301\Lab7\Core\Inc\stm32f1xx_it.h_save
2023-10-31 16:35:53,973 [INFO] CodeEngine:279 - Generated code: D:\project\CS301\Lab7\Core\Inc\stm32f1xx_it.h
2023-10-31 16:35:53,980 [INFO] CodeEngine:255 - oldGeneratedFile, D:\project\CS301\Lab7\Core\Src\stm32f1xx_hal_msp.c_save
2023-10-31 16:35:54,035 [INFO] CodeEngine:279 - Generated code: D:\project\CS301\Lab7\Core\Src\stm32f1xx_hal_msp.c
2023-10-31 16:35:54,038 [INFO] CodeEngine:255 - oldGeneratedFile, D:\project\CS301\Lab7\MXTmpFiles\system.tmp_save
2023-10-31 16:35:54,076 [INFO] CodeEngine:279 - Generated code: D:\project\CS301\Lab7\MXTmpFiles\system.tmp
2023-10-31 16:35:54,082 [INFO] CodeEngine:311 - oldGeneratedFile, D:\project\CS301\Lab7\Core\Inc\stm32f1xx_hal_conf.h_save
2023-10-31 16:35:54,128 [INFO] CodeEngine:335 - Generated code: D:\project\CS301\Lab7\Core\Inc\stm32f1xx_hal_conf.h
2023-10-31 16:35:54,144 [INFO] CodeEngine:255 - oldGeneratedFile, D:\project\CS301\Lab7\Core\Inc\main.h_save
2023-10-31 16:35:54,192 [INFO] CodeEngine:279 - Generated code: D:\project\CS301\Lab7\Core\Inc\main.h
2023-10-31 16:35:54,196 [INFO] CodeEngine:255 - oldGeneratedFile, D:\project\CS301\Lab7\Core\Src\main.c_save
2023-10-31 16:35:54,252 [INFO] CodeEngine:279 - Generated code: D:\project\CS301\Lab7\Core\Src\main.c
2023-10-31 16:35:54,760 [INFO] ProjectBuilder:3064 - Time for Copy HAL[1] : 164mS.
2023-10-31 16:35:54,763 [INFO] ProjectBuilder:4404 - Project Generator version: 4.1.0
2023-10-31 16:35:54,889 [INFO] ConfigFileManager:1457 - The Die is : DIE414
2023-10-31 16:35:55,762 [INFO] ProjectBuilder:4626 - Time for Generating toolchain IDE Files: 999mS.
2023-10-31 16:35:55,764 [INFO] ProjectBuilder:2935 - Time for Copy CMSIS : 0mS.
2023-10-31 16:35:55,766 [INFO] ProjectBuilder:2935 - Time for Copy CMSIS : 0mS.
