2023-10-28 14:49:44,454 [INFO] Activator:176 - 


2023-10-28 14:49:44,458 [INFO] Activator:177 - !SESSION log4j initialized
2023-10-28 14:49:49,642 [INFO] LogOutputStream:77 - [STDOUT_REDIRECT] 
2023-10-28 14:49:50,932 [INFO] ApplicationProperties:184 - Using Application install path: D:\software\STM32CubeIDE_1.13.2\STM32CubeIDE\plugins\com.st.stm32cube.common.mx_6.9.2.202309101412
2023-10-28 14:49:50,944 [INFO] DbMcusXml:78 - Set database path to: D:\software\STM32CubeIDE_1.13.2\STM32CubeIDE\plugins\com.st.stm32cube.common.mx_6.9.2.202309101412\\db\/mcu/
2023-10-28 14:49:50,944 [INFO] ApiDb:274 - Set plugin database path to: D:\software\STM32CubeIDE_1.13.2\STM32CubeIDE\plugins\com.st.stm32cube.common.mx_6.9.2.202309101412\\db\/plugins/boardmanager/
2023-10-28 14:49:50,945 [WARN] ApiDb:259 - Overriding images path with different value:  => D:\software\STM32CubeIDE_1.13.2\STM32CubeIDE\plugins\com.st.stm32cube.common.mx_6.9.2.202309101412\\db\/plugins/mcufinder/images/
2023-10-28 14:49:50,954 [INFO] ApiDb:250 - Set database path to: C:\Users\lenovo\.stmcufinder\plugins\mcufinder//mcu/
2023-10-28 14:49:50,955 [INFO] DbMcusAds:125 - Set database path to: C:\Users\lenovo\.stmcufinder\plugins\mcufinder//mcu/
2023-10-28 14:49:50,956 [INFO] CrossReferenceDbSqlite:203 - Set database path to: C:\Users\lenovo\.stmcufinder\plugins\mcufinder//mcu/cs/
2023-10-28 14:49:51,024 [INFO] RulesReader:64 - Compatibility file has been processed (293 Rules)
2023-10-28 14:49:51,086 [INFO] DbMcusXml:78 - Set database path to: D:\software\STM32CubeIDE_1.13.2\STM32CubeIDE\plugins\com.st.stm32cube.common.mx_6.9.2.202309101412\\db\/mcu/
2023-10-28 14:49:51,086 [INFO] ApiDb:274 - Set plugin database path to: D:\software\STM32CubeIDE_1.13.2\STM32CubeIDE\plugins\com.st.stm32cube.common.mx_6.9.2.202309101412\\db\/plugins/boardmanager/
2023-10-28 14:49:51,086 [INFO] ApiDb:261 - Set plugin images path to: D:\software\STM32CubeIDE_1.13.2\STM32CubeIDE\plugins\com.st.stm32cube.common.mx_6.9.2.202309101412\\db\/plugins/mcufinder/images/
2023-10-28 14:49:51,087 [WARN] DbFile:41 - Overriding database path with different value: C:\Users\lenovo\.stmcufinder\plugins\mcufinder/ => C:\Users\lenovo\.stmcufinder\plugins\mcufinder
2023-10-28 14:49:51,087 [INFO] ApiDb:250 - Set database path to: C:\Users\lenovo\.stmcufinder\plugins\mcufinder//mcu/
2023-10-28 14:49:51,087 [WARN] DbFile:41 - Overriding database path with different value: C:\Users\lenovo\.stmcufinder\plugins\mcufinder/ => C:\Users\lenovo\.stmcufinder\plugins\mcufinder
2023-10-28 14:49:51,087 [INFO] DbMcusAds:125 - Set database path to: C:\Users\lenovo\.stmcufinder\plugins\mcufinder//mcu/
2023-10-28 14:49:51,087 [WARN] DbFile:41 - Overriding database path with different value: C:\Users\lenovo\.stmcufinder\plugins\mcufinder/ => C:\Users\lenovo\.stmcufinder\plugins\mcufinder
2023-10-28 14:49:51,087 [WARN] DbFile:41 - Overriding database path with different value: C:\Users\lenovo\.stmcufinder\plugins\mcufinder/ => C:\Users\lenovo\.stmcufinder\plugins\mcufinder
2023-10-28 14:49:51,087 [INFO] CrossReferenceDbSqlite:203 - Set database path to: C:\Users\lenovo\.stmcufinder\plugins\mcufinder//mcu/cs/
2023-10-28 14:49:51,152 [INFO] MainPanel:262 - HeapMemory: 268435456
2023-10-28 14:49:51,219 [INFO] DbMcusXml:78 - Set database path to: D:\software\STM32CubeIDE_1.13.2\STM32CubeIDE\plugins\com.st.stm32cube.common.mx_6.9.2.202309101412\\db\/mcu/
2023-10-28 14:49:51,219 [INFO] ApiDb:274 - Set plugin database path to: D:\software\STM32CubeIDE_1.13.2\STM32CubeIDE\plugins\com.st.stm32cube.common.mx_6.9.2.202309101412\\db\/plugins/boardmanager/
2023-10-28 14:49:51,219 [INFO] ApiDb:261 - Set plugin images path to: D:\software\STM32CubeIDE_1.13.2\STM32CubeIDE\plugins\com.st.stm32cube.common.mx_6.9.2.202309101412\\db\/plugins/mcufinder/images/
2023-10-28 14:49:51,219 [WARN] DbFile:41 - Overriding database path with different value: C:\Users\lenovo\.stmcufinder\plugins\mcufinder/ => C:\Users\lenovo\.stmcufinder\plugins\mcufinder
2023-10-28 14:49:51,219 [INFO] ApiDb:250 - Set database path to: C:\Users\lenovo\.stmcufinder\plugins\mcufinder//mcu/
2023-10-28 14:49:51,219 [WARN] DbFile:41 - Overriding database path with different value: C:\Users\lenovo\.stmcufinder\plugins\mcufinder/ => C:\Users\lenovo\.stmcufinder\plugins\mcufinder
2023-10-28 14:49:51,219 [INFO] DbMcusAds:125 - Set database path to: C:\Users\lenovo\.stmcufinder\plugins\mcufinder//mcu/
2023-10-28 14:49:51,219 [WARN] DbFile:41 - Overriding database path with different value: C:\Users\lenovo\.stmcufinder\plugins\mcufinder/ => C:\Users\lenovo\.stmcufinder\plugins\mcufinder
2023-10-28 14:49:51,219 [WARN] DbFile:41 - Overriding database path with different value: C:\Users\lenovo\.stmcufinder\plugins\mcufinder/ => C:\Users\lenovo\.stmcufinder\plugins\mcufinder
2023-10-28 14:49:51,219 [INFO] CrossReferenceDbSqlite:203 - Set database path to: C:\Users\lenovo\.stmcufinder\plugins\mcufinder//mcu/cs/
2023-10-28 14:49:51,234 [INFO] ApplicationProperties:184 - Using Application install path: D:\software\STM32CubeIDE_1.13.2\STM32CubeIDE\plugins\com.st.stm32cube.common.mx_6.9.2.202309101412
2023-10-28 14:49:51,234 [INFO] PluginManage:196 - Search for loadable plugins [exclusion list=, ]
2023-10-28 14:49:51,236 [INFO] PluginManage:310 - Check plugin analytics
2023-10-28 14:49:51,361 [INFO] AnalyticsPlugin:253 - Accepted Software Licenses: STM32CubeMX.6.9.2
2023-10-28 14:49:51,361 [INFO] AnalyticsPlugin:255 - Accepted CMSIS Pack Licenses: 
2023-10-28 14:49:51,361 [INFO] AnalyticsPlugin:257 - Accepted Firmware Licenses: 
2023-10-28 14:49:51,364 [INFO] PluginManage:359 - Loaded plugin analytics (category:tool,tabindex:-1)
2023-10-28 14:49:51,364 [INFO] PluginManage:310 - Check plugin cadmodel
2023-10-28 14:49:51,369 [INFO] CADModel:105 - Init CAD model plugin
2023-10-28 14:49:51,369 [INFO] PluginManage:359 - Loaded plugin cadmodel (category:power,tabindex:5)
2023-10-28 14:49:51,369 [INFO] PluginManage:310 - Check plugin clock
2023-10-28 14:49:51,377 [INFO] PluginManage:359 - Loaded plugin clock (category:base,tabindex:2)
2023-10-28 14:49:51,377 [INFO] PluginManage:310 - Check plugin ddr
2023-10-28 14:49:51,379 [INFO] PluginManage:359 - Loaded plugin ddr (category:tool,tabindex:6)
2023-10-28 14:49:51,379 [INFO] PluginManage:310 - Check plugin filemanager
2023-10-28 14:49:51,474 [INFO] PluginManage:359 - Loaded plugin filemanager (category:base,tabindex:10)
2023-10-28 14:49:51,474 [INFO] PluginManage:310 - Check plugin ipmanager
2023-10-28 14:49:51,480 [INFO] PluginManage:359 - Loaded plugin ipmanager (category:base,tabindex:5)
2023-10-28 14:49:51,481 [INFO] PluginManage:310 - Check plugin lpbam
2023-10-28 14:49:51,487 [INFO] PluginManage:359 - Loaded plugin lpbam (category:base,tabindex:0)
2023-10-28 14:49:51,487 [INFO] PluginManage:310 - Check plugin memorymap
2023-10-28 14:49:51,499 [INFO] PluginManage:359 - Loaded plugin memorymap (category:base,tabindex:4)
2023-10-28 14:49:51,499 [INFO] PluginManage:310 - Check plugin pinoutandconfiguration
2023-10-28 14:49:51,505 [INFO] PluginManage:359 - Loaded plugin pinoutandconfiguration (category:base,tabindex:1)
2023-10-28 14:49:51,506 [INFO] PluginManage:310 - Check plugin pinoutconfig
2023-10-28 14:49:51,567 [WARN] SupportedApi:132 - Cannot load RTOS API schema: s4s-elt-must-match.1: The content of 'definitions' must match (annotation?, (simpleType | complexType)?, (unique | key | keyref)*)). A problem was found starting at: attribute.
2023-10-28 14:49:51,661 [INFO] PluginManage:359 - Loaded plugin pinoutconfig (category:base,tabindex:0)
2023-10-28 14:49:51,661 [INFO] PluginManage:310 - Check plugin power
2023-10-28 14:49:51,669 [INFO] PluginManage:359 - Loaded plugin power (category:power,tabindex:4)
2023-10-28 14:49:51,669 [INFO] PluginManage:310 - Check plugin projectmanager
2023-10-28 14:49:51,681 [INFO] PluginManage:359 - Loaded plugin projectmanager (category:projectmanager,tabindex:3)
2023-10-28 14:49:51,681 [INFO] PluginManage:310 - Check plugin thirdparty
2023-10-28 14:49:51,778 [WARN] IntegrityCheckThread:84 - waiting for thirdparty lock release [integrity check]
2023-10-28 14:49:51,779 [INFO] IntegrityCheckThread:86 - entering critical section [integrity check]
2023-10-28 14:49:51,779 [INFO] PluginManage:359 - Loaded plugin thirdparty (category:base,tabindex:-1)
2023-10-28 14:49:51,779 [INFO] PluginManage:310 - Check plugin tools
2023-10-28 14:49:51,779 [INFO] ThirdPartyUpdaterWithRetryManager:70 - Updater plugin not ready yet. [1/15]
2023-10-28 14:49:51,782 [INFO] PluginManage:359 - Loaded plugin tools (category:base,tabindex:7)
2023-10-28 14:49:51,782 [INFO] PluginManage:310 - Check plugin tutovideos
2023-10-28 14:49:51,915 [INFO] PluginManage:359 - Loaded plugin tutovideos (category:base,tabindex:-1)
2023-10-28 14:49:51,916 [INFO] PluginManage:310 - Check plugin updater
2023-10-28 14:49:51,931 [INFO] PluginManage:359 - Loaded plugin updater (category:base,tabindex:12)
2023-10-28 14:49:51,931 [INFO] PluginManage:310 - Check plugin userauth
2023-10-28 14:49:51,938 [INFO] UserAuth:113 - Init User Auth plugin
2023-10-28 14:49:51,938 [INFO] PluginManage:359 - Loaded plugin userauth (category:base,tabindex:14)
2023-10-28 14:49:51,939 [INFO] PluginManage:283 - PluginManage : Loaded plugins [17]
2023-10-28 14:49:52,214 [INFO] PinOutPanel:1499 - setPackage(No Configuration,No Configuration)
2023-10-28 14:49:52,288 [INFO] CADModel:165 - CPN selected for project level
2023-10-28 14:49:52,288 [INFO] CADModel:114 - Register for checkConnection events
2023-10-28 14:49:52,299 [INFO] IPUIPlugin:80 - create IPUIPlugin
2023-10-28 14:49:52,299 [INFO] PluginManager:220 - loadIPPluginJar : add adc
2023-10-28 14:49:52,302 [INFO] IPUIPlugin:80 - create IPUIPlugin
2023-10-28 14:49:52,302 [INFO] PluginManager:220 - loadIPPluginJar : add aes
2023-10-28 14:49:52,303 [INFO] IPUIPlugin:80 - create IPUIPlugin
2023-10-28 14:49:52,304 [INFO] PluginManager:220 - loadIPPluginJar : add can
2023-10-28 14:49:52,304 [INFO] IPUIPlugin:80 - create IPUIPlugin
2023-10-28 14:49:52,305 [INFO] PluginManager:220 - loadIPPluginJar : add comp
2023-10-28 14:49:52,306 [INFO] IPUIPlugin:80 - create IPUIPlugin
2023-10-28 14:49:52,306 [INFO] PluginManager:220 - loadIPPluginJar : add cryp
2023-10-28 14:49:52,306 [INFO] IPUIPlugin:80 - create IPUIPlugin
2023-10-28 14:49:52,307 [INFO] PluginManager:220 - loadIPPluginJar : add dfsdm
2023-10-28 14:49:52,309 [INFO] IPUIPlugin:80 - create IPUIPlugin
2023-10-28 14:49:52,309 [INFO] PluginManager:220 - loadIPPluginJar : add dma
2023-10-28 14:49:52,312 [INFO] IPUIPlugin:80 - create IPUIPlugin
2023-10-28 14:49:52,312 [INFO] PluginManager:220 - loadIPPluginJar : add dma3
2023-10-28 14:49:52,313 [INFO] IPUIPlugin:80 - create IPUIPlugin
2023-10-28 14:49:52,313 [INFO] PluginManager:220 - loadIPPluginJar : add fatfs
2023-10-28 14:49:52,315 [INFO] IPUIPlugin:80 - create IPUIPlugin
2023-10-28 14:49:52,315 [INFO] PluginManager:220 - loadIPPluginJar : add fmc
2023-10-28 14:49:52,319 [INFO] IPUIPlugin:80 - create IPUIPlugin
2023-10-28 14:49:52,320 [INFO] PluginManager:220 - loadIPPluginJar : add freertos
2023-10-28 14:49:52,321 [INFO] IPUIPlugin:80 - create IPUIPlugin
2023-10-28 14:49:52,321 [INFO] PluginManager:220 - loadIPPluginJar : add genericplugin
2023-10-28 14:49:52,321 [INFO] IPUIPlugin:80 - create IPUIPlugin
2023-10-28 14:49:52,322 [INFO] PluginManager:220 - loadIPPluginJar : add gfxmmu
2023-10-28 14:49:52,324 [INFO] IPUIPlugin:80 - create IPUIPlugin
2023-10-28 14:49:52,324 [INFO] PluginManager:220 - loadIPPluginJar : add gic
2023-10-28 14:49:52,327 [INFO] IPUIPlugin:80 - create IPUIPlugin
2023-10-28 14:49:52,327 [INFO] PluginManager:220 - loadIPPluginJar : add gpio
2023-10-28 14:49:52,328 [INFO] IPUIPlugin:80 - create IPUIPlugin
2023-10-28 14:49:52,328 [INFO] PluginManager:220 - loadIPPluginJar : add gtzc
2023-10-28 14:49:52,329 [INFO] IPUIPlugin:80 - create IPUIPlugin
2023-10-28 14:49:52,329 [INFO] PluginManager:220 - loadIPPluginJar : add hash
2023-10-28 14:49:52,332 [INFO] IPUIPlugin:80 - create IPUIPlugin
2023-10-28 14:49:52,332 [INFO] PluginManager:220 - loadIPPluginJar : add i2c
2023-10-28 14:49:52,333 [INFO] IPUIPlugin:80 - create IPUIPlugin
2023-10-28 14:49:52,333 [INFO] PluginManager:220 - loadIPPluginJar : add i2s
2023-10-28 14:49:52,335 [INFO] IPUIPlugin:80 - create IPUIPlugin
2023-10-28 14:49:52,335 [INFO] PluginManager:220 - loadIPPluginJar : add i3c
2023-10-28 14:49:52,337 [INFO] IPUIPlugin:80 - create IPUIPlugin
2023-10-28 14:49:52,337 [INFO] PluginManager:220 - loadIPPluginJar : add ipddr
2023-10-28 14:49:52,341 [INFO] IPUIPlugin:80 - create IPUIPlugin
2023-10-28 14:49:52,341 [INFO] PluginManager:220 - loadIPPluginJar : add linkedlist
2023-10-28 14:49:52,343 [INFO] IPUIPlugin:80 - create IPUIPlugin
2023-10-28 14:49:52,343 [INFO] PluginManager:220 - loadIPPluginJar : add lorawan
2023-10-28 14:49:52,344 [INFO] IPUIPlugin:80 - create IPUIPlugin
2023-10-28 14:49:52,345 [INFO] PluginManager:220 - loadIPPluginJar : add ltdc
2023-10-28 14:49:52,348 [INFO] IPUIPlugin:80 - create IPUIPlugin
2023-10-28 14:49:52,349 [INFO] PluginManager:220 - loadIPPluginJar : add mdma
2023-10-28 14:49:52,351 [INFO] IPUIPlugin:80 - create IPUIPlugin
2023-10-28 14:49:52,351 [INFO] PluginManager:220 - loadIPPluginJar : add nvic
2023-10-28 14:49:52,352 [INFO] IPUIPlugin:80 - create IPUIPlugin
2023-10-28 14:49:52,352 [INFO] PluginManager:220 - loadIPPluginJar : add opamp
2023-10-28 14:49:52,354 [INFO] IPUIPlugin:80 - create IPUIPlugin
2023-10-28 14:49:52,354 [INFO] PluginManager:220 - loadIPPluginJar : add openamp
2023-10-28 14:49:52,356 [INFO] IPUIPlugin:80 - create IPUIPlugin
2023-10-28 14:49:52,356 [INFO] PluginManager:220 - loadIPPluginJar : add pdm2pcm
2023-10-28 14:49:52,360 [INFO] IPUIPlugin:80 - create IPUIPlugin
2023-10-28 14:49:52,362 [INFO] PluginManager:220 - loadIPPluginJar : add plateformsettings
2023-10-28 14:49:52,363 [INFO] IPUIPlugin:80 - create IPUIPlugin
2023-10-28 14:49:52,363 [INFO] PluginManager:220 - loadIPPluginJar : add quadspi
2023-10-28 14:49:52,365 [INFO] IPUIPlugin:80 - create IPUIPlugin
2023-10-28 14:49:52,365 [INFO] PluginManager:220 - loadIPPluginJar : add resmgrutility
2023-10-28 14:49:52,367 [INFO] IPUIPlugin:80 - create IPUIPlugin
2023-10-28 14:49:52,367 [INFO] PluginManager:220 - loadIPPluginJar : add sai
2023-10-28 14:49:52,369 [INFO] IPUIPlugin:80 - create IPUIPlugin
2023-10-28 14:49:52,369 [INFO] PluginManager:220 - loadIPPluginJar : add spi
2023-10-28 14:49:52,371 [INFO] IPUIPlugin:80 - create IPUIPlugin
2023-10-28 14:49:52,371 [INFO] PluginManager:220 - loadIPPluginJar : add stm32_wpan
2023-10-28 14:49:52,373 [INFO] IPUIPlugin:80 - create IPUIPlugin
2023-10-28 14:49:52,373 [INFO] PluginManager:220 - loadIPPluginJar : add tim
2023-10-28 14:49:52,374 [INFO] IPUIPlugin:80 - create IPUIPlugin
2023-10-28 14:49:52,374 [INFO] PluginManager:220 - loadIPPluginJar : add touchsensing
2023-10-28 14:49:52,376 [INFO] IPUIPlugin:80 - create IPUIPlugin
2023-10-28 14:49:52,376 [INFO] PluginManager:220 - loadIPPluginJar : add tracer_emb
2023-10-28 14:49:52,377 [INFO] IPUIPlugin:80 - create IPUIPlugin
2023-10-28 14:49:52,377 [INFO] PluginManager:220 - loadIPPluginJar : add ts
2023-10-28 14:49:52,378 [INFO] IPUIPlugin:80 - create IPUIPlugin
2023-10-28 14:49:52,378 [INFO] PluginManager:220 - loadIPPluginJar : add tsc
2023-10-28 14:49:52,379 [INFO] IPUIPlugin:80 - create IPUIPlugin
2023-10-28 14:49:52,379 [INFO] PluginManager:220 - loadIPPluginJar : add ucpd
2023-10-28 14:49:52,381 [INFO] IPUIPlugin:80 - create IPUIPlugin
2023-10-28 14:49:52,381 [INFO] PluginManager:220 - loadIPPluginJar : add usart
2023-10-28 14:49:52,383 [INFO] IPUIPlugin:80 - create IPUIPlugin
2023-10-28 14:49:52,383 [INFO] PluginManager:220 - loadIPPluginJar : add usbx
2023-10-28 14:49:52,489 [INFO] CADModel:165 - CPN selected for project level
2023-10-28 14:49:52,489 [INFO] CADModel:114 - Register for checkConnection events
2023-10-28 14:49:52,489 [FATAL] Updater:308 - Updater called before beeing initialized
2023-10-28 14:49:52,490 [ERROR] CADModel:125 - Updater not yet initialized, retry later 
2023-10-28 14:49:52,599 [INFO] CADModel:165 - CPN selected for project level
2023-10-28 14:49:52,599 [INFO] CADModel:114 - Register for checkConnection events
2023-10-28 14:49:52,601 [FATAL] Updater:308 - Updater called before beeing initialized
2023-10-28 14:49:52,601 [ERROR] CADModel:125 - Updater not yet initialized, retry later 
2023-10-28 14:49:52,603 [FATAL] Updater:308 - Updater called before beeing initialized
2023-10-28 14:49:52,672 [FATAL] Updater:308 - Updater called before beeing initialized
2023-10-28 14:49:52,676 [INFO] DbMcusAds:53 - JSON generation date=Tue Mar 07 16:50:55 CST 2023 (1678179055114)
2023-10-28 14:49:52,676 [FATAL] Updater:308 - Updater called before beeing initialized
2023-10-28 14:49:52,777 [WARN] DetailPanel:346 - Failed to get advertising image, set to default
2023-10-28 14:49:52,842 [FATAL] Updater:308 - Updater called before beeing initialized
2023-10-28 14:49:52,844 [FATAL] Updater:308 - Updater called before beeing initialized
2023-10-28 14:49:52,844 [FATAL] Updater:308 - Updater called before beeing initialized
2023-10-28 14:49:52,844 [WARN] DetailPanel:346 - Failed to get advertising image, set to default
2023-10-28 14:49:52,845 [FATAL] Updater:308 - Updater called before beeing initialized
2023-10-28 14:49:52,875 [ERROR] Updater:1120 - MainUpdater not yet initialized. External WinMGr cannot be set.
2023-10-28 14:49:52,876 [INFO] Updater:1056 - Updater Version found : 6.9.2
2023-10-28 14:49:52,888 [INFO] ApplicationProperties:184 - Using Application install path: D:\software\STM32CubeIDE_1.13.2\STM32CubeIDE\plugins\com.st.stm32cube.common.mx_6.9.2.202309101412
2023-10-28 14:49:53,037 [INFO] MainUpdater:2868 - connection check result : 10
2023-10-28 14:49:53,037 [INFO] MainUpdater:285 - Updater Check For Update Now.
2023-10-28 14:49:53,038 [INFO] MicroXplorer:498 - Change Database Version : DB.6.0.92
2023-10-28 14:49:53,044 [INFO] McuFinderGlobals:63 - Set McuFinder mode to 2 (CubeIDE integrated)
2023-10-28 14:49:53,191 [INFO] CheckServerUpdateThread:120 - End of CheckServer Thread
2023-10-28 14:49:54,934 [WARN] PackLoader:240 - Cannot read IP mode file for STMicroelectronics.X-CUBE-SMBUS.2.1.0
2023-10-28 14:49:54,956 [WARN] PackLoader:240 - Cannot read IP mode file for STMicroelectronics.X-CUBE-AZRTOS-F7.1.1.0
2023-10-28 14:49:54,961 [WARN] PackLoader:240 - Cannot read IP mode file for STMicroelectronics.FP-SNS-MOTENV1.4.3.2
2023-10-28 14:49:54,966 [WARN] PackLoader:240 - Cannot read IP mode file for STMicroelectronics.FP-SNS-FLIGHT1.5.0.2
2023-10-28 14:49:54,972 [WARN] PackLoader:240 - Cannot read IP mode file for STMicroelectronics.X-CUBE-DISPLAY.3.0.0
2023-10-28 14:49:54,982 [WARN] PackLoader:240 - Cannot read IP mode file for STMicroelectronics.X-CUBE-BLE1.7.0.0
2023-10-28 14:49:54,986 [WARN] PackLoader:240 - Cannot read IP mode file for emotas.I-CUBE-CANOPEN.1.3.0
2023-10-28 14:49:54,990 [WARN] PackLoader:240 - Cannot read IP mode file for STMicroelectronics.X-CUBE-TOUCHGFX.4.22.0
2023-10-28 14:49:54,993 [WARN] PackLoader:240 - Cannot read IP mode file for STMicroelectronics.X-CUBE-TOUCHGFX.4.22.1
2023-10-28 14:49:54,996 [WARN] PackLoader:240 - Cannot read IP mode file for STMicroelectronics.FP-SNS-SMARTAG2.1.2.0
2023-10-28 14:49:55,004 [INFO] LogOutputStream:77 - [STDOUT_REDIRECT] 1 : Invalid condition id : UX_CORESTACK_Condition cause : null
2023-10-28 14:49:55,004 [INFO] LogOutputStream:77 - [STDOUT_REDIRECT] 1 : Invalid condition id : UX_CORESTACK_Condition cause : null
2023-10-28 14:49:55,006 [INFO] LogOutputStream:77 - [STDOUT_REDIRECT] 1 : Invalid condition id : UX_CORESTACK_Condition cause : null
2023-10-28 14:49:55,007 [INFO] LogOutputStream:77 - [STDOUT_REDIRECT] 1 : Invalid condition id : UX_CORESTACK_Condition cause : null
2023-10-28 14:49:55,009 [INFO] LogOutputStream:77 - [STDOUT_REDIRECT] 1 : Invalid condition id : UX_CORESTACK_Condition cause : null
2023-10-28 14:49:55,011 [WARN] PackLoader:240 - Cannot read IP mode file for STMicroelectronics.X-CUBE-AZRTOS-WL.2.0.0
2023-10-28 14:49:55,019 [WARN] PackLoader:240 - Cannot read IP mode file for WES.I-CUBE-Cesium.1.3.0
2023-10-28 14:49:55,022 [WARN] PackLoader:240 - Cannot read IP mode file for STMicroelectronics.X-CUBE-BLE2.3.3.0
2023-10-28 14:49:55,026 [WARN] PackLoader:240 - Cannot read IP mode file for STMicroelectronics.X-CUBE-ALGOBUILD.1.3.0
2023-10-28 14:49:55,039 [WARN] PackLoader:240 - Cannot read IP mode file for STMicroelectronics.X-CUBE-AZRTOS-G0.1.1.0
2023-10-28 14:49:55,044 [WARN] PackLoader:240 - Cannot read IP mode file for STMicroelectronics.X-CUBE-NFC4.3.0.0
2023-10-28 14:49:55,048 [WARN] PackLoader:240 - Cannot read IP mode file for STMicroelectronics.FP-ATR-SIGFOX1.3.2.0
2023-10-28 14:49:55,066 [WARN] PackLoader:240 - Cannot read IP mode file for SEGGER.I-CUBE-embOS.1.3.1
2023-10-28 14:49:55,085 [WARN] PackLoader:240 - Cannot read IP mode file for STMicroelectronics.X-CUBE-GNSS1.6.0.0
2023-10-28 14:49:55,097 [WARN] PackLoader:240 - Cannot read IP mode file for STMicroelectronics.X-CUBE-AZRTOS-F4.1.1.0
2023-10-28 14:49:55,102 [WARN] PackLoader:240 - Cannot read IP mode file for wolfSSL.I-CUBE-wolfSSL.5.6.3
2023-10-28 14:49:55,111 [WARN] PackLoader:240 - Cannot read IP mode file for STMicroelectronics.X-CUBE-AZRTOS-L5.2.0.0
2023-10-28 14:49:55,127 [WARN] PackLoader:240 - Cannot read IP mode file for STMicroelectronics.X-CUBE-MEMS1.9.6.0
2023-10-28 14:49:55,230 [WARN] PackLoader:240 - Cannot read IP mode file for ITTIA_DB.I-CUBE-ITTIADB.8.8.0
2023-10-28 14:49:55,262 [WARN] PackLoader:240 - Cannot read IP mode file for STMicroelectronics.X-CUBE-BLEMGR.2.0.0
2023-10-28 14:49:55,279 [WARN] ConditionMgr:438 - getConditionDescription Invalid condition id : UX DEVICE CLASS RTOS Condition cause : null
2023-10-28 14:49:55,280 [WARN] ConditionMgr:438 - getConditionDescription Invalid condition id : UX DEVICE CLASS RTOS Condition cause : null
2023-10-28 14:49:55,281 [WARN] PackLoader:240 - Cannot read IP mode file for STMicroelectronics.X-CUBE-AZRTOS-H7.3.1.0
2023-10-28 14:49:55,282 [WARN] ConditionMgr:1039 - genDependencies : Invalid condition id : UX DEVICE CLASS RTOS Condition cause : null
2023-10-28 14:49:55,283 [WARN] ConditionMgr:1039 - genDependencies : Invalid condition id : UX DEVICE CLASS RTOS Condition cause : null
2023-10-28 14:49:55,283 [WARN] ConditionMgr:1039 - genDependencies : Invalid condition id : UX DEVICE CLASS RTOS Condition cause : null
2023-10-28 14:49:55,283 [WARN] ConditionMgr:1039 - genDependencies : Invalid condition id : UX DEVICE CLASS RTOS Condition cause : null
2023-10-28 14:49:55,283 [WARN] ConditionMgr:1039 - genDependencies : Invalid condition id : UX DEVICE CLASS RTOS Condition cause : null
2023-10-28 14:49:55,288 [WARN] PackLoader:240 - Cannot read IP mode file for STMicroelectronics.X-CUBE-NFC7.1.0.1
2023-10-28 14:49:55,295 [WARN] PackLoader:240 - Cannot read IP mode file for STMicroelectronics.X-CUBE-NFC6.3.0.0
2023-10-28 14:49:55,301 [WARN] PackLoader:240 - Cannot read IP mode file for STMicroelectronics.X-CUBE-EEPRMA1.4.1.0
2023-10-28 14:49:55,306 [WARN] PackLoader:240 - Cannot read IP mode file for STMicroelectronics.X-CUBE-AI.8.1.0
2023-10-28 14:49:55,317 [WARN] ConditionMgr:438 - getConditionDescription Invalid condition id : LAN8742 Phy interface Condition cause : null
2023-10-28 14:49:55,317 [WARN] PackLoader:240 - Cannot read IP mode file for STMicroelectronics.X-CUBE-AZRTOS-L4.2.0.0
2023-10-28 14:49:55,318 [WARN] ConditionMgr:1039 - genDependencies : Invalid condition id : LAN8742 Phy interface Condition cause : null
2023-10-28 14:49:55,318 [WARN] ConditionMgr:1039 - genDependencies : Invalid condition id : LAN8742 Phy interface Condition cause : null
2023-10-28 14:49:55,319 [WARN] ConditionMgr:1039 - genDependencies : Invalid condition id : LAN8742 Phy interface Condition cause : null
2023-10-28 14:49:55,325 [WARN] PackLoader:240 - Cannot read IP mode file for STMicroelectronics.X-CUBE-SFXS2LP1.4.0.0
2023-10-28 14:49:55,329 [WARN] PackLoader:240 - Cannot read IP mode file for STMicroelectronics.X-CUBE-ISPU.1.1.0
2023-10-28 14:49:55,338 [WARN] ConditionMgr:438 - getConditionDescription Invalid condition id : UX DEVICE CLASS RTOS Condition cause : null
2023-10-28 14:49:55,338 [WARN] ConditionMgr:438 - getConditionDescription Invalid condition id : UX DEVICE CLASS RTOS Condition cause : null
2023-10-28 14:49:55,339 [WARN] PackLoader:240 - Cannot read IP mode file for STMicroelectronics.X-CUBE-AZRTOS-WB.2.0.0
2023-10-28 14:49:55,339 [WARN] ConditionMgr:1039 - genDependencies : Invalid condition id : UX DEVICE CLASS RTOS Condition cause : null
2023-10-28 14:49:55,340 [WARN] ConditionMgr:1039 - genDependencies : Invalid condition id : UX DEVICE CLASS RTOS Condition cause : null
2023-10-28 14:49:55,340 [WARN] ConditionMgr:1039 - genDependencies : Invalid condition id : UX DEVICE CLASS RTOS Condition cause : null
2023-10-28 14:49:55,340 [WARN] ConditionMgr:1039 - genDependencies : Invalid condition id : UX DEVICE CLASS RTOS Condition cause : null
2023-10-28 14:49:55,340 [WARN] ConditionMgr:1039 - genDependencies : Invalid condition id : UX DEVICE CLASS RTOS Condition cause : null
2023-10-28 14:49:55,346 [WARN] PackLoader:240 - Cannot read IP mode file for STMicroelectronics.X-CUBE-SUBG2.5.0.0
2023-10-28 14:49:55,358 [WARN] PackLoader:240 - Cannot read IP mode file for STMicroelectronics.X-CUBE-TOF1.3.3.1
2023-10-28 14:49:55,375 [WARN] PackLoader:240 - Cannot read IP mode file for STMicroelectronics.X-CUBE-AZRTOS-G4.2.0.0
2023-10-28 14:49:55,385 [WARN] PackLoader:240 - Cannot read IP mode file for Infineon.AIROC-Wi-Fi-Bluetooth-STM32.1.5.1
2023-10-28 14:49:55,393 [WARN] PackLoader:240 - Cannot read IP mode file for STMicroelectronics.X-CUBE-FREERTOS.1.1.0
2023-10-28 14:49:55,398 [WARN] PackLoader:240 - Cannot read IP mode file for portGmbH.I-Cube-SoM-uGOAL.1.1.0
2023-10-28 14:49:55,402 [WARN] PackLoader:240 - Cannot read IP mode file for STMicroelectronics.X-CUBE-ALS.1.0.1
2023-10-28 14:49:55,406 [WARN] PackLoader:240 - Cannot read IP mode file for STMicroelectronics.FP-ATR-ASTRA1.2.0.0
2023-10-28 14:49:55,407 [INFO] ThirdParty:978 - Integrity check success = true
2023-10-28 14:49:55,407 [INFO] IntegrityCheckThread:100 - exiting critical section [integrity check]
2023-10-28 14:49:55,407 [INFO] IntegrityCheckThread:103 - End integrity checks thread
2023-10-28 14:50:14,468 [ERROR] LogOutputStream:75 - [STDERR_REDIRECT] SLF4J: Failed to load class "org.slf4j.impl.StaticLoggerBinder".
2023-10-28 14:50:14,468 [ERROR] LogOutputStream:75 - [STDERR_REDIRECT] SLF4J: Defaulting to no-operation (NOP) logger implementation
2023-10-28 14:50:14,471 [ERROR] LogOutputStream:75 - [STDERR_REDIRECT] SLF4J: See http://www.slf4j.org/codes.html#StaticLoggerBinder for further details.
